INFO - 2024-09-17 14:06:47 --> Session: Class initialized using 'CodeIgniter\Session\Handlers\FileHandler' driver.
ERROR - 2024-09-17 14:07:01 --> mysqli_sql_exception: Cannot add or update a child row: a foreign key constraint fails (`auditoria_capas`.`users`, CONSTRAINT `FK_users_area` FOREIGN KEY (`fk_area`) REFERENCES `area` (`id_area`)) in C:\laragon\www\framework_ssii\system\Database\MySQLi\Connection.php:312
Stack trace:
#0 C:\laragon\www\framework_ssii\system\Database\MySQLi\Connection.php(312): mysqli->query('INSERT INTO `us...', 0)
#1 C:\laragon\www\framework_ssii\system\Database\BaseConnection.php(734): CodeIgniter\Database\MySQLi\Connection->execute('INSERT INTO `us...')
#2 C:\laragon\www\framework_ssii\system\Database\BaseConnection.php(648): CodeIgniter\Database\BaseConnection->simpleQuery('INSERT INTO `us...')
#3 C:\laragon\www\framework_ssii\system\Database\BaseBuilder.php(2340): CodeIgniter\Database\BaseConnection->query('INSERT INTO `us...', Array, false)
#4 C:\laragon\www\framework_ssii\system\Model.php(394): CodeIgniter\Database\BaseBuilder->insert()
#5 C:\laragon\www\framework_ssii\system\BaseModel.php(840): CodeIgniter\Model->doInsert(Array)
#6 C:\laragon\www\framework_ssii\system\Model.php(802): CodeIgniter\BaseModel->insert(Array, true)
#7 C:\laragon\www\framework_ssii\app\Models\AdminModel.php(27): CodeIgniter\Model->insert(Array)
#8 C:\laragon\www\framework_ssii\app\Controllers\AdminController.php(50): App\Models\AdminModel->insertUser(Array)
#9 C:\laragon\www\framework_ssii\system\CodeIgniter.php(933): App\Controllers\AdminController->insertData()
#10 C:\laragon\www\framework_ssii\system\CodeIgniter.php(509): CodeIgniter\CodeIgniter->runController(Object(App\Controllers\AdminController))
#11 C:\laragon\www\framework_ssii\system\CodeIgniter.php(355): CodeIgniter\CodeIgniter->handleRequest(NULL, Object(Config\Cache), false)
#12 C:\laragon\www\framework_ssii\system\Boot.php(325): CodeIgniter\CodeIgniter->run()
#13 C:\laragon\www\framework_ssii\system\Boot.php(67): CodeIgniter\Boot::runCodeIgniter(Object(CodeIgniter\CodeIgniter))
#14 C:\laragon\www\framework_ssii\index.php(56): CodeIgniter\Boot::bootWeb(Object(Config\Paths))
#15 {main}
CRITICAL - 2024-09-17 14:07:01 --> CodeIgniter\Database\Exceptions\DatabaseException: Cannot add or update a child row: a foreign key constraint fails (`auditoria_capas`.`users`, CONSTRAINT `FK_users_area` FOREIGN KEY (`fk_area`) REFERENCES `area` (`id_area`))
[Method: POST, Route: admin/insertData]
in SYSTEMPATH\Database\BaseConnection.php on line 688.
 1 SYSTEMPATH\Database\BaseBuilder.php(2340): CodeIgniter\Database\BaseConnection->query('INSERT INTO `users` (`email`, `name`, `firstName`, `lastName`, `password`, `fk_area`, `created_at`, `updated_at`) VALUES (:email:, :name:, :firstName:, :lastName:, :password:, :fk_area:, :created_at:, :updated_at:)', [...], false)
 2 SYSTEMPATH\Model.php(394): CodeIgniter\Database\BaseBuilder->insert()
 3 SYSTEMPATH\BaseModel.php(840): CodeIgniter\Model->doInsert([...])
 4 SYSTEMPATH\Model.php(802): CodeIgniter\BaseModel->insert([...], true)
 5 APPPATH\Models\AdminModel.php(27): CodeIgniter\Model->insert([...])
 6 APPPATH\Controllers\AdminController.php(50): App\Models\AdminModel->insertUser([...])
 7 SYSTEMPATH\CodeIgniter.php(933): App\Controllers\AdminController->insertData()
 8 SYSTEMPATH\CodeIgniter.php(509): CodeIgniter\CodeIgniter->runController(Object(App\Controllers\AdminController))
 9 SYSTEMPATH\CodeIgniter.php(355): CodeIgniter\CodeIgniter->handleRequest(null, Object(Config\Cache), false)
10 SYSTEMPATH\Boot.php(325): CodeIgniter\CodeIgniter->run()
11 SYSTEMPATH\Boot.php(67): CodeIgniter\Boot::runCodeIgniter(Object(CodeIgniter\CodeIgniter))
12 FCPATH\index.php(56): CodeIgniter\Boot::bootWeb(Object(Config\Paths))
CRITICAL - 2024-09-17 14:07:01 --> [Caused by] CodeIgniter\Database\Exceptions\DatabaseException: Cannot add or update a child row: a foreign key constraint fails (`auditoria_capas`.`users`, CONSTRAINT `FK_users_area` FOREIGN KEY (`fk_area`) REFERENCES `area` (`id_area`))
in SYSTEMPATH\Database\MySQLi\Connection.php on line 317.
 1 SYSTEMPATH\Database\BaseConnection.php(734): CodeIgniter\Database\MySQLi\Connection->execute('INSERT INTO `users` (`email`, `name`, `firstName`, `lastName`, `password`, `fk_area`, `created_at`, `updated_at`) VALUES (\'\', \'\', \'\', \'\', \'$2y$10$EzQMaKB4teRtfCx.0QOrFOqr7VJFZI4aLiA9l5vDBeKuIC5DLksOa\', \'Open this select menu\', \'2024-09-17 14:07:01\', \'2024-09-17 14:07:01\')')
 2 SYSTEMPATH\Database\BaseConnection.php(648): CodeIgniter\Database\BaseConnection->simpleQuery('INSERT INTO `users` (`email`, `name`, `firstName`, `lastName`, `password`, `fk_area`, `created_at`, `updated_at`) VALUES (\'\', \'\', \'\', \'\', \'$2y$10$EzQMaKB4teRtfCx.0QOrFOqr7VJFZI4aLiA9l5vDBeKuIC5DLksOa\', \'Open this select menu\', \'2024-09-17 14:07:01\', \'2024-09-17 14:07:01\')')
 3 SYSTEMPATH\Database\BaseBuilder.php(2340): CodeIgniter\Database\BaseConnection->query('INSERT INTO `users` (`email`, `name`, `firstName`, `lastName`, `password`, `fk_area`, `created_at`, `updated_at`) VALUES (:email:, :name:, :firstName:, :lastName:, :password:, :fk_area:, :created_at:, :updated_at:)', [...], false)
 4 SYSTEMPATH\Model.php(394): CodeIgniter\Database\BaseBuilder->insert()
 5 SYSTEMPATH\BaseModel.php(840): CodeIgniter\Model->doInsert([...])
 6 SYSTEMPATH\Model.php(802): CodeIgniter\BaseModel->insert([...], true)
 7 APPPATH\Models\AdminModel.php(27): CodeIgniter\Model->insert([...])
 8 APPPATH\Controllers\AdminController.php(50): App\Models\AdminModel->insertUser([...])
 9 SYSTEMPATH\CodeIgniter.php(933): App\Controllers\AdminController->insertData()
10 SYSTEMPATH\CodeIgniter.php(509): CodeIgniter\CodeIgniter->runController(Object(App\Controllers\AdminController))
11 SYSTEMPATH\CodeIgniter.php(355): CodeIgniter\CodeIgniter->handleRequest(null, Object(Config\Cache), false)
12 SYSTEMPATH\Boot.php(325): CodeIgniter\CodeIgniter->run()
13 SYSTEMPATH\Boot.php(67): CodeIgniter\Boot::runCodeIgniter(Object(CodeIgniter\CodeIgniter))
14 FCPATH\index.php(56): CodeIgniter\Boot::bootWeb(Object(Config\Paths))
CRITICAL - 2024-09-17 14:07:01 --> [Caused by] mysqli_sql_exception: Cannot add or update a child row: a foreign key constraint fails (`auditoria_capas`.`users`, CONSTRAINT `FK_users_area` FOREIGN KEY (`fk_area`) REFERENCES `area` (`id_area`))
in SYSTEMPATH\Database\MySQLi\Connection.php on line 312.
 1 SYSTEMPATH\Database\MySQLi\Connection.php(312): mysqli->query('INSERT INTO `users` (`email`, `name`, `firstName`, `lastName`, `password`, `fk_area`, `created_at`, `updated_at`) VALUES (\'\', \'\', \'\', \'\', \'$2y$10$EzQMaKB4teRtfCx.0QOrFOqr7VJFZI4aLiA9l5vDBeKuIC5DLksOa\', \'Open this select menu\', \'2024-09-17 14:07:01\', \'2024-09-17 14:07:01\')', 0)
 2 SYSTEMPATH\Database\BaseConnection.php(734): CodeIgniter\Database\MySQLi\Connection->execute('INSERT INTO `users` (`email`, `name`, `firstName`, `lastName`, `password`, `fk_area`, `created_at`, `updated_at`) VALUES (\'\', \'\', \'\', \'\', \'$2y$10$EzQMaKB4teRtfCx.0QOrFOqr7VJFZI4aLiA9l5vDBeKuIC5DLksOa\', \'Open this select menu\', \'2024-09-17 14:07:01\', \'2024-09-17 14:07:01\')')
 3 SYSTEMPATH\Database\BaseConnection.php(648): CodeIgniter\Database\BaseConnection->simpleQuery('INSERT INTO `users` (`email`, `name`, `firstName`, `lastName`, `password`, `fk_area`, `created_at`, `updated_at`) VALUES (\'\', \'\', \'\', \'\', \'$2y$10$EzQMaKB4teRtfCx.0QOrFOqr7VJFZI4aLiA9l5vDBeKuIC5DLksOa\', \'Open this select menu\', \'2024-09-17 14:07:01\', \'2024-09-17 14:07:01\')')
 4 SYSTEMPATH\Database\BaseBuilder.php(2340): CodeIgniter\Database\BaseConnection->query('INSERT INTO `users` (`email`, `name`, `firstName`, `lastName`, `password`, `fk_area`, `created_at`, `updated_at`) VALUES (:email:, :name:, :firstName:, :lastName:, :password:, :fk_area:, :created_at:, :updated_at:)', [...], false)
 5 SYSTEMPATH\Model.php(394): CodeIgniter\Database\BaseBuilder->insert()
 6 SYSTEMPATH\BaseModel.php(840): CodeIgniter\Model->doInsert([...])
 7 SYSTEMPATH\Model.php(802): CodeIgniter\BaseModel->insert([...], true)
 8 APPPATH\Models\AdminModel.php(27): CodeIgniter\Model->insert([...])
 9 APPPATH\Controllers\AdminController.php(50): App\Models\AdminModel->insertUser([...])
10 SYSTEMPATH\CodeIgniter.php(933): App\Controllers\AdminController->insertData()
11 SYSTEMPATH\CodeIgniter.php(509): CodeIgniter\CodeIgniter->runController(Object(App\Controllers\AdminController))
12 SYSTEMPATH\CodeIgniter.php(355): CodeIgniter\CodeIgniter->handleRequest(null, Object(Config\Cache), false)
13 SYSTEMPATH\Boot.php(325): CodeIgniter\CodeIgniter->run()
14 SYSTEMPATH\Boot.php(67): CodeIgniter\Boot::runCodeIgniter(Object(CodeIgniter\CodeIgniter))
15 FCPATH\index.php(56): CodeIgniter\Boot::bootWeb(Object(Config\Paths))
INFO - 2024-09-17 14:20:05 --> Session: Class initialized using 'CodeIgniter\Session\Handlers\FileHandler' driver.
INFO - 2024-09-17 15:13:18 --> Session: Class initialized using 'CodeIgniter\Session\Handlers\FileHandler' driver.
INFO - 2024-09-17 15:13:32 --> Session: Class initialized using 'CodeIgniter\Session\Handlers\FileHandler' driver.
ERROR - 2024-09-17 15:36:15 --> mysqli_sql_exception: Cannot add or update a child row: a foreign key constraint fails (`auditoria_capas`.`users`, CONSTRAINT `FK_users_area` FOREIGN KEY (`fk_area`) REFERENCES `area` (`id_area`)) in C:\laragon\www\framework_ssii\system\Database\MySQLi\Connection.php:312
Stack trace:
#0 C:\laragon\www\framework_ssii\system\Database\MySQLi\Connection.php(312): mysqli->query('INSERT INTO `us...', 0)
#1 C:\laragon\www\framework_ssii\system\Database\BaseConnection.php(734): CodeIgniter\Database\MySQLi\Connection->execute('INSERT INTO `us...')
#2 C:\laragon\www\framework_ssii\system\Database\BaseConnection.php(648): CodeIgniter\Database\BaseConnection->simpleQuery('INSERT INTO `us...')
#3 C:\laragon\www\framework_ssii\system\Database\BaseBuilder.php(2340): CodeIgniter\Database\BaseConnection->query('INSERT INTO `us...', Array, false)
#4 C:\laragon\www\framework_ssii\system\Model.php(394): CodeIgniter\Database\BaseBuilder->insert()
#5 C:\laragon\www\framework_ssii\system\BaseModel.php(840): CodeIgniter\Model->doInsert(Array)
#6 C:\laragon\www\framework_ssii\system\Model.php(802): CodeIgniter\BaseModel->insert(Array, true)
#7 C:\laragon\www\framework_ssii\app\Models\AdminModel.php(27): CodeIgniter\Model->insert(Array)
#8 C:\laragon\www\framework_ssii\app\Controllers\AdminController.php(50): App\Models\AdminModel->insertUser(Array)
#9 C:\laragon\www\framework_ssii\system\CodeIgniter.php(933): App\Controllers\AdminController->insertData()
#10 C:\laragon\www\framework_ssii\system\CodeIgniter.php(509): CodeIgniter\CodeIgniter->runController(Object(App\Controllers\AdminController))
#11 C:\laragon\www\framework_ssii\system\CodeIgniter.php(355): CodeIgniter\CodeIgniter->handleRequest(NULL, Object(Config\Cache), false)
#12 C:\laragon\www\framework_ssii\system\Boot.php(325): CodeIgniter\CodeIgniter->run()
#13 C:\laragon\www\framework_ssii\system\Boot.php(67): CodeIgniter\Boot::runCodeIgniter(Object(CodeIgniter\CodeIgniter))
#14 C:\laragon\www\framework_ssii\index.php(56): CodeIgniter\Boot::bootWeb(Object(Config\Paths))
#15 {main}
CRITICAL - 2024-09-17 15:36:15 --> CodeIgniter\Database\Exceptions\DatabaseException: Cannot add or update a child row: a foreign key constraint fails (`auditoria_capas`.`users`, CONSTRAINT `FK_users_area` FOREIGN KEY (`fk_area`) REFERENCES `area` (`id_area`))
[Method: POST, Route: admin/insertData]
in SYSTEMPATH\Database\BaseConnection.php on line 688.
 1 SYSTEMPATH\Database\BaseBuilder.php(2340): CodeIgniter\Database\BaseConnection->query('INSERT INTO `users` (`email`, `name`, `firstName`, `lastName`, `password`, `fk_area`, `created_at`, `updated_at`) VALUES (:email:, :name:, :firstName:, :lastName:, :password:, :fk_area:, :created_at:, :updated_at:)', [...], false)
 2 SYSTEMPATH\Model.php(394): CodeIgniter\Database\BaseBuilder->insert()
 3 SYSTEMPATH\BaseModel.php(840): CodeIgniter\Model->doInsert([...])
 4 SYSTEMPATH\Model.php(802): CodeIgniter\BaseModel->insert([...], true)
 5 APPPATH\Models\AdminModel.php(27): CodeIgniter\Model->insert([...])
 6 APPPATH\Controllers\AdminController.php(50): App\Models\AdminModel->insertUser([...])
 7 SYSTEMPATH\CodeIgniter.php(933): App\Controllers\AdminController->insertData()
 8 SYSTEMPATH\CodeIgniter.php(509): CodeIgniter\CodeIgniter->runController(Object(App\Controllers\AdminController))
 9 SYSTEMPATH\CodeIgniter.php(355): CodeIgniter\CodeIgniter->handleRequest(null, Object(Config\Cache), false)
10 SYSTEMPATH\Boot.php(325): CodeIgniter\CodeIgniter->run()
11 SYSTEMPATH\Boot.php(67): CodeIgniter\Boot::runCodeIgniter(Object(CodeIgniter\CodeIgniter))
12 FCPATH\index.php(56): CodeIgniter\Boot::bootWeb(Object(Config\Paths))
CRITICAL - 2024-09-17 15:36:15 --> [Caused by] CodeIgniter\Database\Exceptions\DatabaseException: Cannot add or update a child row: a foreign key constraint fails (`auditoria_capas`.`users`, CONSTRAINT `FK_users_area` FOREIGN KEY (`fk_area`) REFERENCES `area` (`id_area`))
in SYSTEMPATH\Database\MySQLi\Connection.php on line 317.
 1 SYSTEMPATH\Database\BaseConnection.php(734): CodeIgniter\Database\MySQLi\Connection->execute('INSERT INTO `users` (`email`, `name`, `firstName`, `lastName`, `password`, `fk_area`, `created_at`, `updated_at`) VALUES (\'\', \'\', \'\', \'\', \'$2y$10$KgcO6CFlJnQKj5Sqp0g78u2gBDaI7miwu0s.XVlr4w/N7toGteQ2q\', \'Open this select menu\', \'2024-09-17 15:36:15\', \'2024-09-17 15:36:15\')')
 2 SYSTEMPATH\Database\BaseConnection.php(648): CodeIgniter\Database\BaseConnection->simpleQuery('INSERT INTO `users` (`email`, `name`, `firstName`, `lastName`, `password`, `fk_area`, `created_at`, `updated_at`) VALUES (\'\', \'\', \'\', \'\', \'$2y$10$KgcO6CFlJnQKj5Sqp0g78u2gBDaI7miwu0s.XVlr4w/N7toGteQ2q\', \'Open this select menu\', \'2024-09-17 15:36:15\', \'2024-09-17 15:36:15\')')
 3 SYSTEMPATH\Database\BaseBuilder.php(2340): CodeIgniter\Database\BaseConnection->query('INSERT INTO `users` (`email`, `name`, `firstName`, `lastName`, `password`, `fk_area`, `created_at`, `updated_at`) VALUES (:email:, :name:, :firstName:, :lastName:, :password:, :fk_area:, :created_at:, :updated_at:)', [...], false)
 4 SYSTEMPATH\Model.php(394): CodeIgniter\Database\BaseBuilder->insert()
 5 SYSTEMPATH\BaseModel.php(840): CodeIgniter\Model->doInsert([...])
 6 SYSTEMPATH\Model.php(802): CodeIgniter\BaseModel->insert([...], true)
 7 APPPATH\Models\AdminModel.php(27): CodeIgniter\Model->insert([...])
 8 APPPATH\Controllers\AdminController.php(50): App\Models\AdminModel->insertUser([...])
 9 SYSTEMPATH\CodeIgniter.php(933): App\Controllers\AdminController->insertData()
10 SYSTEMPATH\CodeIgniter.php(509): CodeIgniter\CodeIgniter->runController(Object(App\Controllers\AdminController))
11 SYSTEMPATH\CodeIgniter.php(355): CodeIgniter\CodeIgniter->handleRequest(null, Object(Config\Cache), false)
12 SYSTEMPATH\Boot.php(325): CodeIgniter\CodeIgniter->run()
13 SYSTEMPATH\Boot.php(67): CodeIgniter\Boot::runCodeIgniter(Object(CodeIgniter\CodeIgniter))
14 FCPATH\index.php(56): CodeIgniter\Boot::bootWeb(Object(Config\Paths))
CRITICAL - 2024-09-17 15:36:15 --> [Caused by] mysqli_sql_exception: Cannot add or update a child row: a foreign key constraint fails (`auditoria_capas`.`users`, CONSTRAINT `FK_users_area` FOREIGN KEY (`fk_area`) REFERENCES `area` (`id_area`))
in SYSTEMPATH\Database\MySQLi\Connection.php on line 312.
 1 SYSTEMPATH\Database\MySQLi\Connection.php(312): mysqli->query('INSERT INTO `users` (`email`, `name`, `firstName`, `lastName`, `password`, `fk_area`, `created_at`, `updated_at`) VALUES (\'\', \'\', \'\', \'\', \'$2y$10$KgcO6CFlJnQKj5Sqp0g78u2gBDaI7miwu0s.XVlr4w/N7toGteQ2q\', \'Open this select menu\', \'2024-09-17 15:36:15\', \'2024-09-17 15:36:15\')', 0)
 2 SYSTEMPATH\Database\BaseConnection.php(734): CodeIgniter\Database\MySQLi\Connection->execute('INSERT INTO `users` (`email`, `name`, `firstName`, `lastName`, `password`, `fk_area`, `created_at`, `updated_at`) VALUES (\'\', \'\', \'\', \'\', \'$2y$10$KgcO6CFlJnQKj5Sqp0g78u2gBDaI7miwu0s.XVlr4w/N7toGteQ2q\', \'Open this select menu\', \'2024-09-17 15:36:15\', \'2024-09-17 15:36:15\')')
 3 SYSTEMPATH\Database\BaseConnection.php(648): CodeIgniter\Database\BaseConnection->simpleQuery('INSERT INTO `users` (`email`, `name`, `firstName`, `lastName`, `password`, `fk_area`, `created_at`, `updated_at`) VALUES (\'\', \'\', \'\', \'\', \'$2y$10$KgcO6CFlJnQKj5Sqp0g78u2gBDaI7miwu0s.XVlr4w/N7toGteQ2q\', \'Open this select menu\', \'2024-09-17 15:36:15\', \'2024-09-17 15:36:15\')')
 4 SYSTEMPATH\Database\BaseBuilder.php(2340): CodeIgniter\Database\BaseConnection->query('INSERT INTO `users` (`email`, `name`, `firstName`, `lastName`, `password`, `fk_area`, `created_at`, `updated_at`) VALUES (:email:, :name:, :firstName:, :lastName:, :password:, :fk_area:, :created_at:, :updated_at:)', [...], false)
 5 SYSTEMPATH\Model.php(394): CodeIgniter\Database\BaseBuilder->insert()
 6 SYSTEMPATH\BaseModel.php(840): CodeIgniter\Model->doInsert([...])
 7 SYSTEMPATH\Model.php(802): CodeIgniter\BaseModel->insert([...], true)
 8 APPPATH\Models\AdminModel.php(27): CodeIgniter\Model->insert([...])
 9 APPPATH\Controllers\AdminController.php(50): App\Models\AdminModel->insertUser([...])
10 SYSTEMPATH\CodeIgniter.php(933): App\Controllers\AdminController->insertData()
11 SYSTEMPATH\CodeIgniter.php(509): CodeIgniter\CodeIgniter->runController(Object(App\Controllers\AdminController))
12 SYSTEMPATH\CodeIgniter.php(355): CodeIgniter\CodeIgniter->handleRequest(null, Object(Config\Cache), false)
13 SYSTEMPATH\Boot.php(325): CodeIgniter\CodeIgniter->run()
14 SYSTEMPATH\Boot.php(67): CodeIgniter\Boot::runCodeIgniter(Object(CodeIgniter\CodeIgniter))
15 FCPATH\index.php(56): CodeIgniter\Boot::bootWeb(Object(Config\Paths))
INFO - 2024-09-17 18:25:24 --> Session: Class initialized using 'CodeIgniter\Session\Handlers\FileHandler' driver.
