INFO - 2024-10-24 17:06:22 --> Session: Class initialized using 'CodeIgniter\Session\Handlers\FileHandler' driver.
INFO - 2024-10-24 17:06:27 --> Session: Class initialized using 'CodeIgniter\Session\Handlers\FileHandler' driver.
INFO - 2024-10-24 17:06:33 --> Session: Class initialized using 'CodeIgniter\Session\Handlers\FileHandler' driver.
INFO - 2024-10-24 17:06:39 --> Session: Class initialized using 'CodeIgniter\Session\Handlers\FileHandler' driver.
INFO - 2024-10-24 17:06:47 --> Session: Class initialized using 'CodeIgniter\Session\Handlers\FileHandler' driver.
INFO - 2024-10-24 17:18:58 --> Session: Class initialized using 'CodeIgniter\Session\Handlers\FileHandler' driver.
INFO - 2024-10-24 17:27:26 --> Session: Class initialized using 'CodeIgniter\Session\Handlers\FileHandler' driver.
INFO - 2024-10-24 17:41:56 --> Session: Class initialized using 'CodeIgniter\Session\Handlers\FileHandler' driver.
INFO - 2024-10-24 17:42:38 --> Session: Class initialized using 'CodeIgniter\Session\Handlers\FileHandler' driver.
INFO - 2024-10-24 17:44:18 --> Session: Class initialized using 'CodeIgniter\Session\Handlers\FileHandler' driver.
INFO - 2024-10-24 17:44:22 --> Session: Class initialized using 'CodeIgniter\Session\Handlers\FileHandler' driver.
INFO - 2024-10-24 17:51:42 --> Session: Class initialized using 'CodeIgniter\Session\Handlers\FileHandler' driver.
INFO - 2024-10-24 17:53:15 --> Session: Class initialized using 'CodeIgniter\Session\Handlers\FileHandler' driver.
INFO - 2024-10-24 17:55:05 --> Session: Class initialized using 'CodeIgniter\Session\Handlers\FileHandler' driver.
INFO - 2024-10-24 17:56:19 --> Session: Class initialized using 'CodeIgniter\Session\Handlers\FileHandler' driver.
INFO - 2024-10-24 17:56:38 --> Session: Class initialized using 'CodeIgniter\Session\Handlers\FileHandler' driver.
INFO - 2024-10-24 17:57:02 --> Session: Class initialized using 'CodeIgniter\Session\Handlers\FileHandler' driver.
INFO - 2024-10-24 17:57:14 --> Session: Class initialized using 'CodeIgniter\Session\Handlers\FileHandler' driver.
INFO - 2024-10-24 17:57:34 --> Session: Class initialized using 'CodeIgniter\Session\Handlers\FileHandler' driver.
INFO - 2024-10-24 18:32:42 --> Session: Class initialized using 'CodeIgniter\Session\Handlers\FileHandler' driver.
ERROR - 2024-10-24 18:33:19 --> mysqli_sql_exception: Cannot add or update a child row: a foreign key constraint fails (`auditoria_capas`.`audit`, CONSTRAINT `fk_auditor` FOREIGN KEY (`fk_auditor`) REFERENCES `users` (`id_user`)) in C:\laragon\www\capas.com\system\Database\MySQLi\Connection.php:312
Stack trace:
#0 C:\laragon\www\capas.com\system\Database\MySQLi\Connection.php(312): mysqli->query('INSERT INTO `au...', 0)
#1 C:\laragon\www\capas.com\system\Database\BaseConnection.php(734): CodeIgniter\Database\MySQLi\Connection->execute('INSERT INTO `au...')
#2 C:\laragon\www\capas.com\system\Database\BaseConnection.php(648): CodeIgniter\Database\BaseConnection->simpleQuery('INSERT INTO `au...')
#3 C:\laragon\www\capas.com\system\Database\BaseBuilder.php(2340): CodeIgniter\Database\BaseConnection->query('INSERT INTO `au...', Array, false)
#4 C:\laragon\www\capas.com\system\Model.php(394): CodeIgniter\Database\BaseBuilder->insert()
#5 C:\laragon\www\capas.com\system\BaseModel.php(840): CodeIgniter\Model->doInsert(Array)
#6 C:\laragon\www\capas.com\system\Model.php(802): CodeIgniter\BaseModel->insert(Array, true)
#7 C:\laragon\www\capas.com\app\Models\AuditModel.php(34): CodeIgniter\Model->insert(Array)
#8 C:\laragon\www\capas.com\app\Controllers\AccionsController.php(242): App\Models\AuditModel->insertAudit(Array)
#9 C:\laragon\www\capas.com\system\CodeIgniter.php(933): App\Controllers\AccionsController->insertAudit()
#10 C:\laragon\www\capas.com\system\CodeIgniter.php(509): CodeIgniter\CodeIgniter->runController(Object(App\Controllers\AccionsController))
#11 C:\laragon\www\capas.com\system\CodeIgniter.php(355): CodeIgniter\CodeIgniter->handleRequest(NULL, Object(Config\Cache), false)
#12 C:\laragon\www\capas.com\system\Boot.php(325): CodeIgniter\CodeIgniter->run()
#13 C:\laragon\www\capas.com\system\Boot.php(67): CodeIgniter\Boot::runCodeIgniter(Object(CodeIgniter\CodeIgniter))
#14 C:\laragon\www\capas.com\index.php(56): CodeIgniter\Boot::bootWeb(Object(Config\Paths))
#15 {main}
CRITICAL - 2024-10-24 18:33:19 --> CodeIgniter\Database\Exceptions\DatabaseException: Cannot add or update a child row: a foreign key constraint fails (`auditoria_capas`.`audit`, CONSTRAINT `fk_auditor` FOREIGN KEY (`fk_auditor`) REFERENCES `users` (`id_user`))
[Method: POST, Route: accions/insertAudit]
in SYSTEMPATH\Database\BaseConnection.php on line 688.
 1 SYSTEMPATH\Database\BaseBuilder.php(2340): CodeIgniter\Database\BaseConnection->query('INSERT INTO `audit` (`audit_title`, `fk_machinery`, `fk_shift`, `fk_department`, `fk_auditor`, `date`, `create_at`, `update_at`) VALUES (:audit_title:, :fk_machinery:, :fk_shift:, :fk_department:, :fk_auditor:, :date:, :create_at:, :update_at:)', [...], false)
 2 SYSTEMPATH\Model.php(394): CodeIgniter\Database\BaseBuilder->insert()
 3 SYSTEMPATH\BaseModel.php(840): CodeIgniter\Model->doInsert([...])
 4 SYSTEMPATH\Model.php(802): CodeIgniter\BaseModel->insert([...], true)
 5 APPPATH\Models\AuditModel.php(34): CodeIgniter\Model->insert([...])
 6 APPPATH\Controllers\AccionsController.php(242): App\Models\AuditModel->insertAudit([...])
 7 SYSTEMPATH\CodeIgniter.php(933): App\Controllers\AccionsController->insertAudit()
 8 SYSTEMPATH\CodeIgniter.php(509): CodeIgniter\CodeIgniter->runController(Object(App\Controllers\AccionsController))
 9 SYSTEMPATH\CodeIgniter.php(355): CodeIgniter\CodeIgniter->handleRequest(null, Object(Config\Cache), false)
10 SYSTEMPATH\Boot.php(325): CodeIgniter\CodeIgniter->run()
11 SYSTEMPATH\Boot.php(67): CodeIgniter\Boot::runCodeIgniter(Object(CodeIgniter\CodeIgniter))
12 FCPATH\index.php(56): CodeIgniter\Boot::bootWeb(Object(Config\Paths))
CRITICAL - 2024-10-24 18:33:19 --> [Caused by] CodeIgniter\Database\Exceptions\DatabaseException: Cannot add or update a child row: a foreign key constraint fails (`auditoria_capas`.`audit`, CONSTRAINT `fk_auditor` FOREIGN KEY (`fk_auditor`) REFERENCES `users` (`id_user`))
in SYSTEMPATH\Database\MySQLi\Connection.php on line 317.
 1 SYSTEMPATH\Database\BaseConnection.php(734): CodeIgniter\Database\MySQLi\Connection->execute('INSERT INTO `audit` (`audit_title`, `fk_machinery`, `fk_shift`, `fk_department`, `fk_auditor`, `date`, `create_at`, `update_at`) VALUES (\'qqq\', \'Open this select menu\', \'Open this select menu\', \'28\', \'Open this select menu\', NULL, \'2024-10-24 18:33:19\', \'2024-10-24 18:33:19\')')
 2 SYSTEMPATH\Database\BaseConnection.php(648): CodeIgniter\Database\BaseConnection->simpleQuery('INSERT INTO `audit` (`audit_title`, `fk_machinery`, `fk_shift`, `fk_department`, `fk_auditor`, `date`, `create_at`, `update_at`) VALUES (\'qqq\', \'Open this select menu\', \'Open this select menu\', \'28\', \'Open this select menu\', NULL, \'2024-10-24 18:33:19\', \'2024-10-24 18:33:19\')')
 3 SYSTEMPATH\Database\BaseBuilder.php(2340): CodeIgniter\Database\BaseConnection->query('INSERT INTO `audit` (`audit_title`, `fk_machinery`, `fk_shift`, `fk_department`, `fk_auditor`, `date`, `create_at`, `update_at`) VALUES (:audit_title:, :fk_machinery:, :fk_shift:, :fk_department:, :fk_auditor:, :date:, :create_at:, :update_at:)', [...], false)
 4 SYSTEMPATH\Model.php(394): CodeIgniter\Database\BaseBuilder->insert()
 5 SYSTEMPATH\BaseModel.php(840): CodeIgniter\Model->doInsert([...])
 6 SYSTEMPATH\Model.php(802): CodeIgniter\BaseModel->insert([...], true)
 7 APPPATH\Models\AuditModel.php(34): CodeIgniter\Model->insert([...])
 8 APPPATH\Controllers\AccionsController.php(242): App\Models\AuditModel->insertAudit([...])
 9 SYSTEMPATH\CodeIgniter.php(933): App\Controllers\AccionsController->insertAudit()
10 SYSTEMPATH\CodeIgniter.php(509): CodeIgniter\CodeIgniter->runController(Object(App\Controllers\AccionsController))
11 SYSTEMPATH\CodeIgniter.php(355): CodeIgniter\CodeIgniter->handleRequest(null, Object(Config\Cache), false)
12 SYSTEMPATH\Boot.php(325): CodeIgniter\CodeIgniter->run()
13 SYSTEMPATH\Boot.php(67): CodeIgniter\Boot::runCodeIgniter(Object(CodeIgniter\CodeIgniter))
14 FCPATH\index.php(56): CodeIgniter\Boot::bootWeb(Object(Config\Paths))
CRITICAL - 2024-10-24 18:33:19 --> [Caused by] mysqli_sql_exception: Cannot add or update a child row: a foreign key constraint fails (`auditoria_capas`.`audit`, CONSTRAINT `fk_auditor` FOREIGN KEY (`fk_auditor`) REFERENCES `users` (`id_user`))
in SYSTEMPATH\Database\MySQLi\Connection.php on line 312.
 1 SYSTEMPATH\Database\MySQLi\Connection.php(312): mysqli->query('INSERT INTO `audit` (`audit_title`, `fk_machinery`, `fk_shift`, `fk_department`, `fk_auditor`, `date`, `create_at`, `update_at`) VALUES (\'qqq\', \'Open this select menu\', \'Open this select menu\', \'28\', \'Open this select menu\', NULL, \'2024-10-24 18:33:19\', \'2024-10-24 18:33:19\')', 0)
 2 SYSTEMPATH\Database\BaseConnection.php(734): CodeIgniter\Database\MySQLi\Connection->execute('INSERT INTO `audit` (`audit_title`, `fk_machinery`, `fk_shift`, `fk_department`, `fk_auditor`, `date`, `create_at`, `update_at`) VALUES (\'qqq\', \'Open this select menu\', \'Open this select menu\', \'28\', \'Open this select menu\', NULL, \'2024-10-24 18:33:19\', \'2024-10-24 18:33:19\')')
 3 SYSTEMPATH\Database\BaseConnection.php(648): CodeIgniter\Database\BaseConnection->simpleQuery('INSERT INTO `audit` (`audit_title`, `fk_machinery`, `fk_shift`, `fk_department`, `fk_auditor`, `date`, `create_at`, `update_at`) VALUES (\'qqq\', \'Open this select menu\', \'Open this select menu\', \'28\', \'Open this select menu\', NULL, \'2024-10-24 18:33:19\', \'2024-10-24 18:33:19\')')
 4 SYSTEMPATH\Database\BaseBuilder.php(2340): CodeIgniter\Database\BaseConnection->query('INSERT INTO `audit` (`audit_title`, `fk_machinery`, `fk_shift`, `fk_department`, `fk_auditor`, `date`, `create_at`, `update_at`) VALUES (:audit_title:, :fk_machinery:, :fk_shift:, :fk_department:, :fk_auditor:, :date:, :create_at:, :update_at:)', [...], false)
 5 SYSTEMPATH\Model.php(394): CodeIgniter\Database\BaseBuilder->insert()
 6 SYSTEMPATH\BaseModel.php(840): CodeIgniter\Model->doInsert([...])
 7 SYSTEMPATH\Model.php(802): CodeIgniter\BaseModel->insert([...], true)
 8 APPPATH\Models\AuditModel.php(34): CodeIgniter\Model->insert([...])
 9 APPPATH\Controllers\AccionsController.php(242): App\Models\AuditModel->insertAudit([...])
10 SYSTEMPATH\CodeIgniter.php(933): App\Controllers\AccionsController->insertAudit()
11 SYSTEMPATH\CodeIgniter.php(509): CodeIgniter\CodeIgniter->runController(Object(App\Controllers\AccionsController))
12 SYSTEMPATH\CodeIgniter.php(355): CodeIgniter\CodeIgniter->handleRequest(null, Object(Config\Cache), false)
13 SYSTEMPATH\Boot.php(325): CodeIgniter\CodeIgniter->run()
14 SYSTEMPATH\Boot.php(67): CodeIgniter\Boot::runCodeIgniter(Object(CodeIgniter\CodeIgniter))
15 FCPATH\index.php(56): CodeIgniter\Boot::bootWeb(Object(Config\Paths))
INFO - 2024-10-24 18:36:51 --> Session: Class initialized using 'CodeIgniter\Session\Handlers\FileHandler' driver.
INFO - 2024-10-24 18:41:43 --> Session: Class initialized using 'CodeIgniter\Session\Handlers\FileHandler' driver.
INFO - 2024-10-24 18:41:49 --> Session: Class initialized using 'CodeIgniter\Session\Handlers\FileHandler' driver.
INFO - 2024-10-24 18:41:54 --> Session: Class initialized using 'CodeIgniter\Session\Handlers\FileHandler' driver.
INFO - 2024-10-24 18:42:07 --> Session: Class initialized using 'CodeIgniter\Session\Handlers\FileHandler' driver.
INFO - 2024-10-24 18:42:11 --> Session: Class initialized using 'CodeIgniter\Session\Handlers\FileHandler' driver.
INFO - 2024-10-24 18:43:49 --> Session: Class initialized using 'CodeIgniter\Session\Handlers\FileHandler' driver.
INFO - 2024-10-24 18:49:27 --> Session: Class initialized using 'CodeIgniter\Session\Handlers\FileHandler' driver.
INFO - 2024-10-24 18:50:27 --> Session: Class initialized using 'CodeIgniter\Session\Handlers\FileHandler' driver.
INFO - 2024-10-24 18:53:48 --> Session: Class initialized using 'CodeIgniter\Session\Handlers\FileHandler' driver.
CRITICAL - 2024-10-24 18:53:51 --> CodeIgniter\HTTP\Exceptions\BadRequestException: The URI you submitted has disallowed characters: "${areaId}"
[Method: GET, Route: accions/getDepartamentById/$%7BareaId%7D]
in SYSTEMPATH\Router\Router.php on line 737.
 1 SYSTEMPATH\Router\Router.php(204): CodeIgniter\Router\Router->checkDisallowedChars('accions/getDepartamentById/${areaId}')
 2 SYSTEMPATH\CodeIgniter.php(834): CodeIgniter\Router\Router->handle('accions/getDepartamentById/${areaId}')
 3 SYSTEMPATH\CodeIgniter.php(457): CodeIgniter\CodeIgniter->tryToRouteIt(Object(CodeIgniter\Router\RouteCollection))
 4 SYSTEMPATH\CodeIgniter.php(355): CodeIgniter\CodeIgniter->handleRequest(null, Object(Config\Cache), false)
 5 SYSTEMPATH\Boot.php(325): CodeIgniter\CodeIgniter->run()
 6 SYSTEMPATH\Boot.php(67): CodeIgniter\Boot::runCodeIgniter(Object(CodeIgniter\CodeIgniter))
 7 FCPATH\index.php(56): CodeIgniter\Boot::bootWeb(Object(Config\Paths))
INFO - 2024-10-24 18:57:22 --> Session: Class initialized using 'CodeIgniter\Session\Handlers\FileHandler' driver.
INFO - 2024-10-24 18:57:36 --> Session: Class initialized using 'CodeIgniter\Session\Handlers\FileHandler' driver.
ERROR - 2024-10-24 19:45:00 --> mysqli_sql_exception: Cannot add or update a child row: a foreign key constraint fails (`auditoria_capas`.`audit`, CONSTRAINT `fk_auditor` FOREIGN KEY (`fk_auditor`) REFERENCES `users` (`id_user`)) in C:\laragon\www\capas.com\system\Database\MySQLi\Connection.php:312
Stack trace:
#0 C:\laragon\www\capas.com\system\Database\MySQLi\Connection.php(312): mysqli->query('INSERT INTO `au...', 0)
#1 C:\laragon\www\capas.com\system\Database\BaseConnection.php(734): CodeIgniter\Database\MySQLi\Connection->execute('INSERT INTO `au...')
#2 C:\laragon\www\capas.com\system\Database\BaseConnection.php(648): CodeIgniter\Database\BaseConnection->simpleQuery('INSERT INTO `au...')
#3 C:\laragon\www\capas.com\system\Database\BaseBuilder.php(2340): CodeIgniter\Database\BaseConnection->query('INSERT INTO `au...', Array, false)
#4 C:\laragon\www\capas.com\system\Model.php(394): CodeIgniter\Database\BaseBuilder->insert()
#5 C:\laragon\www\capas.com\system\BaseModel.php(840): CodeIgniter\Model->doInsert(Array)
#6 C:\laragon\www\capas.com\system\Model.php(802): CodeIgniter\BaseModel->insert(Array, true)
#7 C:\laragon\www\capas.com\app\Models\AuditModel.php(34): CodeIgniter\Model->insert(Array)
#8 C:\laragon\www\capas.com\app\Controllers\AccionsController.php(242): App\Models\AuditModel->insertAudit(Array)
#9 C:\laragon\www\capas.com\system\CodeIgniter.php(933): App\Controllers\AccionsController->insertAudit()
#10 C:\laragon\www\capas.com\system\CodeIgniter.php(509): CodeIgniter\CodeIgniter->runController(Object(App\Controllers\AccionsController))
#11 C:\laragon\www\capas.com\system\CodeIgniter.php(355): CodeIgniter\CodeIgniter->handleRequest(NULL, Object(Config\Cache), false)
#12 C:\laragon\www\capas.com\system\Boot.php(325): CodeIgniter\CodeIgniter->run()
#13 C:\laragon\www\capas.com\system\Boot.php(67): CodeIgniter\Boot::runCodeIgniter(Object(CodeIgniter\CodeIgniter))
#14 C:\laragon\www\capas.com\index.php(56): CodeIgniter\Boot::bootWeb(Object(Config\Paths))
#15 {main}
CRITICAL - 2024-10-24 19:45:01 --> CodeIgniter\Database\Exceptions\DatabaseException: Cannot add or update a child row: a foreign key constraint fails (`auditoria_capas`.`audit`, CONSTRAINT `fk_auditor` FOREIGN KEY (`fk_auditor`) REFERENCES `users` (`id_user`))
[Method: POST, Route: accions/insertAudit]
in SYSTEMPATH\Database\BaseConnection.php on line 688.
 1 SYSTEMPATH\Database\BaseBuilder.php(2340): CodeIgniter\Database\BaseConnection->query('INSERT INTO `audit` (`audit_title`, `fk_machinery`, `fk_shift`, `fk_department`, `fk_auditor`, `date`, `create_at`, `update_at`) VALUES (:audit_title:, :fk_machinery:, :fk_shift:, :fk_department:, :fk_auditor:, :date:, :create_at:, :update_at:)', [...], false)
 2 SYSTEMPATH\Model.php(394): CodeIgniter\Database\BaseBuilder->insert()
 3 SYSTEMPATH\BaseModel.php(840): CodeIgniter\Model->doInsert([...])
 4 SYSTEMPATH\Model.php(802): CodeIgniter\BaseModel->insert([...], true)
 5 APPPATH\Models\AuditModel.php(34): CodeIgniter\Model->insert([...])
 6 APPPATH\Controllers\AccionsController.php(242): App\Models\AuditModel->insertAudit([...])
 7 SYSTEMPATH\CodeIgniter.php(933): App\Controllers\AccionsController->insertAudit()
 8 SYSTEMPATH\CodeIgniter.php(509): CodeIgniter\CodeIgniter->runController(Object(App\Controllers\AccionsController))
 9 SYSTEMPATH\CodeIgniter.php(355): CodeIgniter\CodeIgniter->handleRequest(null, Object(Config\Cache), false)
10 SYSTEMPATH\Boot.php(325): CodeIgniter\CodeIgniter->run()
11 SYSTEMPATH\Boot.php(67): CodeIgniter\Boot::runCodeIgniter(Object(CodeIgniter\CodeIgniter))
12 FCPATH\index.php(56): CodeIgniter\Boot::bootWeb(Object(Config\Paths))
CRITICAL - 2024-10-24 19:45:01 --> [Caused by] CodeIgniter\Database\Exceptions\DatabaseException: Cannot add or update a child row: a foreign key constraint fails (`auditoria_capas`.`audit`, CONSTRAINT `fk_auditor` FOREIGN KEY (`fk_auditor`) REFERENCES `users` (`id_user`))
in SYSTEMPATH\Database\MySQLi\Connection.php on line 317.
 1 SYSTEMPATH\Database\BaseConnection.php(734): CodeIgniter\Database\MySQLi\Connection->execute('INSERT INTO `audit` (`audit_title`, `fk_machinery`, `fk_shift`, `fk_department`, `fk_auditor`, `date`, `create_at`, `update_at`) VALUES (NULL, \'undefined\', \'Selecciona un turno\', \'15\', \'Selecciona un usuario\', \'2024-10-24\', \'2024-10-24 19:45:00\', \'2024-10-24 19:45:00\')')
 2 SYSTEMPATH\Database\BaseConnection.php(648): CodeIgniter\Database\BaseConnection->simpleQuery('INSERT INTO `audit` (`audit_title`, `fk_machinery`, `fk_shift`, `fk_department`, `fk_auditor`, `date`, `create_at`, `update_at`) VALUES (NULL, \'undefined\', \'Selecciona un turno\', \'15\', \'Selecciona un usuario\', \'2024-10-24\', \'2024-10-24 19:45:00\', \'2024-10-24 19:45:00\')')
 3 SYSTEMPATH\Database\BaseBuilder.php(2340): CodeIgniter\Database\BaseConnection->query('INSERT INTO `audit` (`audit_title`, `fk_machinery`, `fk_shift`, `fk_department`, `fk_auditor`, `date`, `create_at`, `update_at`) VALUES (:audit_title:, :fk_machinery:, :fk_shift:, :fk_department:, :fk_auditor:, :date:, :create_at:, :update_at:)', [...], false)
 4 SYSTEMPATH\Model.php(394): CodeIgniter\Database\BaseBuilder->insert()
 5 SYSTEMPATH\BaseModel.php(840): CodeIgniter\Model->doInsert([...])
 6 SYSTEMPATH\Model.php(802): CodeIgniter\BaseModel->insert([...], true)
 7 APPPATH\Models\AuditModel.php(34): CodeIgniter\Model->insert([...])
 8 APPPATH\Controllers\AccionsController.php(242): App\Models\AuditModel->insertAudit([...])
 9 SYSTEMPATH\CodeIgniter.php(933): App\Controllers\AccionsController->insertAudit()
10 SYSTEMPATH\CodeIgniter.php(509): CodeIgniter\CodeIgniter->runController(Object(App\Controllers\AccionsController))
11 SYSTEMPATH\CodeIgniter.php(355): CodeIgniter\CodeIgniter->handleRequest(null, Object(Config\Cache), false)
12 SYSTEMPATH\Boot.php(325): CodeIgniter\CodeIgniter->run()
13 SYSTEMPATH\Boot.php(67): CodeIgniter\Boot::runCodeIgniter(Object(CodeIgniter\CodeIgniter))
14 FCPATH\index.php(56): CodeIgniter\Boot::bootWeb(Object(Config\Paths))
CRITICAL - 2024-10-24 19:45:01 --> [Caused by] mysqli_sql_exception: Cannot add or update a child row: a foreign key constraint fails (`auditoria_capas`.`audit`, CONSTRAINT `fk_auditor` FOREIGN KEY (`fk_auditor`) REFERENCES `users` (`id_user`))
in SYSTEMPATH\Database\MySQLi\Connection.php on line 312.
 1 SYSTEMPATH\Database\MySQLi\Connection.php(312): mysqli->query('INSERT INTO `audit` (`audit_title`, `fk_machinery`, `fk_shift`, `fk_department`, `fk_auditor`, `date`, `create_at`, `update_at`) VALUES (NULL, \'undefined\', \'Selecciona un turno\', \'15\', \'Selecciona un usuario\', \'2024-10-24\', \'2024-10-24 19:45:00\', \'2024-10-24 19:45:00\')', 0)
 2 SYSTEMPATH\Database\BaseConnection.php(734): CodeIgniter\Database\MySQLi\Connection->execute('INSERT INTO `audit` (`audit_title`, `fk_machinery`, `fk_shift`, `fk_department`, `fk_auditor`, `date`, `create_at`, `update_at`) VALUES (NULL, \'undefined\', \'Selecciona un turno\', \'15\', \'Selecciona un usuario\', \'2024-10-24\', \'2024-10-24 19:45:00\', \'2024-10-24 19:45:00\')')
 3 SYSTEMPATH\Database\BaseConnection.php(648): CodeIgniter\Database\BaseConnection->simpleQuery('INSERT INTO `audit` (`audit_title`, `fk_machinery`, `fk_shift`, `fk_department`, `fk_auditor`, `date`, `create_at`, `update_at`) VALUES (NULL, \'undefined\', \'Selecciona un turno\', \'15\', \'Selecciona un usuario\', \'2024-10-24\', \'2024-10-24 19:45:00\', \'2024-10-24 19:45:00\')')
 4 SYSTEMPATH\Database\BaseBuilder.php(2340): CodeIgniter\Database\BaseConnection->query('INSERT INTO `audit` (`audit_title`, `fk_machinery`, `fk_shift`, `fk_department`, `fk_auditor`, `date`, `create_at`, `update_at`) VALUES (:audit_title:, :fk_machinery:, :fk_shift:, :fk_department:, :fk_auditor:, :date:, :create_at:, :update_at:)', [...], false)
 5 SYSTEMPATH\Model.php(394): CodeIgniter\Database\BaseBuilder->insert()
 6 SYSTEMPATH\BaseModel.php(840): CodeIgniter\Model->doInsert([...])
 7 SYSTEMPATH\Model.php(802): CodeIgniter\BaseModel->insert([...], true)
 8 APPPATH\Models\AuditModel.php(34): CodeIgniter\Model->insert([...])
 9 APPPATH\Controllers\AccionsController.php(242): App\Models\AuditModel->insertAudit([...])
10 SYSTEMPATH\CodeIgniter.php(933): App\Controllers\AccionsController->insertAudit()
11 SYSTEMPATH\CodeIgniter.php(509): CodeIgniter\CodeIgniter->runController(Object(App\Controllers\AccionsController))
12 SYSTEMPATH\CodeIgniter.php(355): CodeIgniter\CodeIgniter->handleRequest(null, Object(Config\Cache), false)
13 SYSTEMPATH\Boot.php(325): CodeIgniter\CodeIgniter->run()
14 SYSTEMPATH\Boot.php(67): CodeIgniter\Boot::runCodeIgniter(Object(CodeIgniter\CodeIgniter))
15 FCPATH\index.php(56): CodeIgniter\Boot::bootWeb(Object(Config\Paths))
ERROR - 2024-10-24 21:32:57 --> mysqli_sql_exception: Cannot add or update a child row: a foreign key constraint fails (`auditoria_capas`.`audit`, CONSTRAINT `fk_auditor` FOREIGN KEY (`fk_auditor`) REFERENCES `users` (`id_user`)) in C:\laragon\www\capas.com\system\Database\MySQLi\Connection.php:312
Stack trace:
#0 C:\laragon\www\capas.com\system\Database\MySQLi\Connection.php(312): mysqli->query('INSERT INTO `au...', 0)
#1 C:\laragon\www\capas.com\system\Database\BaseConnection.php(734): CodeIgniter\Database\MySQLi\Connection->execute('INSERT INTO `au...')
#2 C:\laragon\www\capas.com\system\Database\BaseConnection.php(648): CodeIgniter\Database\BaseConnection->simpleQuery('INSERT INTO `au...')
#3 C:\laragon\www\capas.com\system\Database\BaseBuilder.php(2340): CodeIgniter\Database\BaseConnection->query('INSERT INTO `au...', Array, false)
#4 C:\laragon\www\capas.com\system\Model.php(394): CodeIgniter\Database\BaseBuilder->insert()
#5 C:\laragon\www\capas.com\system\BaseModel.php(840): CodeIgniter\Model->doInsert(Array)
#6 C:\laragon\www\capas.com\system\Model.php(802): CodeIgniter\BaseModel->insert(Array, true)
#7 C:\laragon\www\capas.com\app\Models\AuditModel.php(34): CodeIgniter\Model->insert(Array)
#8 C:\laragon\www\capas.com\app\Controllers\AccionsController.php(242): App\Models\AuditModel->insertAudit(Array)
#9 C:\laragon\www\capas.com\system\CodeIgniter.php(933): App\Controllers\AccionsController->insertAudit()
#10 C:\laragon\www\capas.com\system\CodeIgniter.php(509): CodeIgniter\CodeIgniter->runController(Object(App\Controllers\AccionsController))
#11 C:\laragon\www\capas.com\system\CodeIgniter.php(355): CodeIgniter\CodeIgniter->handleRequest(NULL, Object(Config\Cache), false)
#12 C:\laragon\www\capas.com\system\Boot.php(325): CodeIgniter\CodeIgniter->run()
#13 C:\laragon\www\capas.com\system\Boot.php(67): CodeIgniter\Boot::runCodeIgniter(Object(CodeIgniter\CodeIgniter))
#14 C:\laragon\www\capas.com\index.php(56): CodeIgniter\Boot::bootWeb(Object(Config\Paths))
#15 {main}
CRITICAL - 2024-10-24 21:32:57 --> CodeIgniter\Database\Exceptions\DatabaseException: Cannot add or update a child row: a foreign key constraint fails (`auditoria_capas`.`audit`, CONSTRAINT `fk_auditor` FOREIGN KEY (`fk_auditor`) REFERENCES `users` (`id_user`))
[Method: POST, Route: accions/insertAudit]
in SYSTEMPATH\Database\BaseConnection.php on line 688.
 1 SYSTEMPATH\Database\BaseBuilder.php(2340): CodeIgniter\Database\BaseConnection->query('INSERT INTO `audit` (`audit_title`, `fk_machinery`, `fk_shift`, `fk_department`, `fk_auditor`, `date`, `create_at`, `update_at`) VALUES (:audit_title:, :fk_machinery:, :fk_shift:, :fk_department:, :fk_auditor:, :date:, :create_at:, :update_at:)', [...], false)
 2 SYSTEMPATH\Model.php(394): CodeIgniter\Database\BaseBuilder->insert()
 3 SYSTEMPATH\BaseModel.php(840): CodeIgniter\Model->doInsert([...])
 4 SYSTEMPATH\Model.php(802): CodeIgniter\BaseModel->insert([...], true)
 5 APPPATH\Models\AuditModel.php(34): CodeIgniter\Model->insert([...])
 6 APPPATH\Controllers\AccionsController.php(242): App\Models\AuditModel->insertAudit([...])
 7 SYSTEMPATH\CodeIgniter.php(933): App\Controllers\AccionsController->insertAudit()
 8 SYSTEMPATH\CodeIgniter.php(509): CodeIgniter\CodeIgniter->runController(Object(App\Controllers\AccionsController))
 9 SYSTEMPATH\CodeIgniter.php(355): CodeIgniter\CodeIgniter->handleRequest(null, Object(Config\Cache), false)
10 SYSTEMPATH\Boot.php(325): CodeIgniter\CodeIgniter->run()
11 SYSTEMPATH\Boot.php(67): CodeIgniter\Boot::runCodeIgniter(Object(CodeIgniter\CodeIgniter))
12 FCPATH\index.php(56): CodeIgniter\Boot::bootWeb(Object(Config\Paths))
CRITICAL - 2024-10-24 21:32:57 --> [Caused by] CodeIgniter\Database\Exceptions\DatabaseException: Cannot add or update a child row: a foreign key constraint fails (`auditoria_capas`.`audit`, CONSTRAINT `fk_auditor` FOREIGN KEY (`fk_auditor`) REFERENCES `users` (`id_user`))
in SYSTEMPATH\Database\MySQLi\Connection.php on line 317.
 1 SYSTEMPATH\Database\BaseConnection.php(734): CodeIgniter\Database\MySQLi\Connection->execute('INSERT INTO `audit` (`audit_title`, `fk_machinery`, `fk_shift`, `fk_department`, `fk_auditor`, `date`, `create_at`, `update_at`) VALUES (\'qwe\', \'undefined\', \'undefined\', \'29\', \'undefined\', \'2024-10-24\', \'2024-10-24 21:32:57\', \'2024-10-24 21:32:57\')')
 2 SYSTEMPATH\Database\BaseConnection.php(648): CodeIgniter\Database\BaseConnection->simpleQuery('INSERT INTO `audit` (`audit_title`, `fk_machinery`, `fk_shift`, `fk_department`, `fk_auditor`, `date`, `create_at`, `update_at`) VALUES (\'qwe\', \'undefined\', \'undefined\', \'29\', \'undefined\', \'2024-10-24\', \'2024-10-24 21:32:57\', \'2024-10-24 21:32:57\')')
 3 SYSTEMPATH\Database\BaseBuilder.php(2340): CodeIgniter\Database\BaseConnection->query('INSERT INTO `audit` (`audit_title`, `fk_machinery`, `fk_shift`, `fk_department`, `fk_auditor`, `date`, `create_at`, `update_at`) VALUES (:audit_title:, :fk_machinery:, :fk_shift:, :fk_department:, :fk_auditor:, :date:, :create_at:, :update_at:)', [...], false)
 4 SYSTEMPATH\Model.php(394): CodeIgniter\Database\BaseBuilder->insert()
 5 SYSTEMPATH\BaseModel.php(840): CodeIgniter\Model->doInsert([...])
 6 SYSTEMPATH\Model.php(802): CodeIgniter\BaseModel->insert([...], true)
 7 APPPATH\Models\AuditModel.php(34): CodeIgniter\Model->insert([...])
 8 APPPATH\Controllers\AccionsController.php(242): App\Models\AuditModel->insertAudit([...])
 9 SYSTEMPATH\CodeIgniter.php(933): App\Controllers\AccionsController->insertAudit()
10 SYSTEMPATH\CodeIgniter.php(509): CodeIgniter\CodeIgniter->runController(Object(App\Controllers\AccionsController))
11 SYSTEMPATH\CodeIgniter.php(355): CodeIgniter\CodeIgniter->handleRequest(null, Object(Config\Cache), false)
12 SYSTEMPATH\Boot.php(325): CodeIgniter\CodeIgniter->run()
13 SYSTEMPATH\Boot.php(67): CodeIgniter\Boot::runCodeIgniter(Object(CodeIgniter\CodeIgniter))
14 FCPATH\index.php(56): CodeIgniter\Boot::bootWeb(Object(Config\Paths))
CRITICAL - 2024-10-24 21:32:57 --> [Caused by] mysqli_sql_exception: Cannot add or update a child row: a foreign key constraint fails (`auditoria_capas`.`audit`, CONSTRAINT `fk_auditor` FOREIGN KEY (`fk_auditor`) REFERENCES `users` (`id_user`))
in SYSTEMPATH\Database\MySQLi\Connection.php on line 312.
 1 SYSTEMPATH\Database\MySQLi\Connection.php(312): mysqli->query('INSERT INTO `audit` (`audit_title`, `fk_machinery`, `fk_shift`, `fk_department`, `fk_auditor`, `date`, `create_at`, `update_at`) VALUES (\'qwe\', \'undefined\', \'undefined\', \'29\', \'undefined\', \'2024-10-24\', \'2024-10-24 21:32:57\', \'2024-10-24 21:32:57\')', 0)
 2 SYSTEMPATH\Database\BaseConnection.php(734): CodeIgniter\Database\MySQLi\Connection->execute('INSERT INTO `audit` (`audit_title`, `fk_machinery`, `fk_shift`, `fk_department`, `fk_auditor`, `date`, `create_at`, `update_at`) VALUES (\'qwe\', \'undefined\', \'undefined\', \'29\', \'undefined\', \'2024-10-24\', \'2024-10-24 21:32:57\', \'2024-10-24 21:32:57\')')
 3 SYSTEMPATH\Database\BaseConnection.php(648): CodeIgniter\Database\BaseConnection->simpleQuery('INSERT INTO `audit` (`audit_title`, `fk_machinery`, `fk_shift`, `fk_department`, `fk_auditor`, `date`, `create_at`, `update_at`) VALUES (\'qwe\', \'undefined\', \'undefined\', \'29\', \'undefined\', \'2024-10-24\', \'2024-10-24 21:32:57\', \'2024-10-24 21:32:57\')')
 4 SYSTEMPATH\Database\BaseBuilder.php(2340): CodeIgniter\Database\BaseConnection->query('INSERT INTO `audit` (`audit_title`, `fk_machinery`, `fk_shift`, `fk_department`, `fk_auditor`, `date`, `create_at`, `update_at`) VALUES (:audit_title:, :fk_machinery:, :fk_shift:, :fk_department:, :fk_auditor:, :date:, :create_at:, :update_at:)', [...], false)
 5 SYSTEMPATH\Model.php(394): CodeIgniter\Database\BaseBuilder->insert()
 6 SYSTEMPATH\BaseModel.php(840): CodeIgniter\Model->doInsert([...])
 7 SYSTEMPATH\Model.php(802): CodeIgniter\BaseModel->insert([...], true)
 8 APPPATH\Models\AuditModel.php(34): CodeIgniter\Model->insert([...])
 9 APPPATH\Controllers\AccionsController.php(242): App\Models\AuditModel->insertAudit([...])
10 SYSTEMPATH\CodeIgniter.php(933): App\Controllers\AccionsController->insertAudit()
11 SYSTEMPATH\CodeIgniter.php(509): CodeIgniter\CodeIgniter->runController(Object(App\Controllers\AccionsController))
12 SYSTEMPATH\CodeIgniter.php(355): CodeIgniter\CodeIgniter->handleRequest(null, Object(Config\Cache), false)
13 SYSTEMPATH\Boot.php(325): CodeIgniter\CodeIgniter->run()
14 SYSTEMPATH\Boot.php(67): CodeIgniter\Boot::runCodeIgniter(Object(CodeIgniter\CodeIgniter))
15 FCPATH\index.php(56): CodeIgniter\Boot::bootWeb(Object(Config\Paths))
ERROR - 2024-10-24 21:35:50 --> mysqli_sql_exception: Cannot add or update a child row: a foreign key constraint fails (`auditoria_capas`.`audit`, CONSTRAINT `fk_auditor` FOREIGN KEY (`fk_auditor`) REFERENCES `users` (`id_user`)) in C:\laragon\www\capas.com\system\Database\MySQLi\Connection.php:312
Stack trace:
#0 C:\laragon\www\capas.com\system\Database\MySQLi\Connection.php(312): mysqli->query('INSERT INTO `au...', 0)
#1 C:\laragon\www\capas.com\system\Database\BaseConnection.php(734): CodeIgniter\Database\MySQLi\Connection->execute('INSERT INTO `au...')
#2 C:\laragon\www\capas.com\system\Database\BaseConnection.php(648): CodeIgniter\Database\BaseConnection->simpleQuery('INSERT INTO `au...')
#3 C:\laragon\www\capas.com\system\Database\BaseBuilder.php(2340): CodeIgniter\Database\BaseConnection->query('INSERT INTO `au...', Array, false)
#4 C:\laragon\www\capas.com\system\Model.php(394): CodeIgniter\Database\BaseBuilder->insert()
#5 C:\laragon\www\capas.com\system\BaseModel.php(840): CodeIgniter\Model->doInsert(Array)
#6 C:\laragon\www\capas.com\system\Model.php(802): CodeIgniter\BaseModel->insert(Array, true)
#7 C:\laragon\www\capas.com\app\Models\AuditModel.php(34): CodeIgniter\Model->insert(Array)
#8 C:\laragon\www\capas.com\app\Controllers\AccionsController.php(242): App\Models\AuditModel->insertAudit(Array)
#9 C:\laragon\www\capas.com\system\CodeIgniter.php(933): App\Controllers\AccionsController->insertAudit()
#10 C:\laragon\www\capas.com\system\CodeIgniter.php(509): CodeIgniter\CodeIgniter->runController(Object(App\Controllers\AccionsController))
#11 C:\laragon\www\capas.com\system\CodeIgniter.php(355): CodeIgniter\CodeIgniter->handleRequest(NULL, Object(Config\Cache), false)
#12 C:\laragon\www\capas.com\system\Boot.php(325): CodeIgniter\CodeIgniter->run()
#13 C:\laragon\www\capas.com\system\Boot.php(67): CodeIgniter\Boot::runCodeIgniter(Object(CodeIgniter\CodeIgniter))
#14 C:\laragon\www\capas.com\index.php(56): CodeIgniter\Boot::bootWeb(Object(Config\Paths))
#15 {main}
CRITICAL - 2024-10-24 21:35:50 --> CodeIgniter\Database\Exceptions\DatabaseException: Cannot add or update a child row: a foreign key constraint fails (`auditoria_capas`.`audit`, CONSTRAINT `fk_auditor` FOREIGN KEY (`fk_auditor`) REFERENCES `users` (`id_user`))
[Method: POST, Route: accions/insertAudit]
in SYSTEMPATH\Database\BaseConnection.php on line 688.
 1 SYSTEMPATH\Database\BaseBuilder.php(2340): CodeIgniter\Database\BaseConnection->query('INSERT INTO `audit` (`audit_title`, `fk_machinery`, `fk_shift`, `fk_department`, `fk_auditor`, `date`, `create_at`, `update_at`) VALUES (:audit_title:, :fk_machinery:, :fk_shift:, :fk_department:, :fk_auditor:, :date:, :create_at:, :update_at:)', [...], false)
 2 SYSTEMPATH\Model.php(394): CodeIgniter\Database\BaseBuilder->insert()
 3 SYSTEMPATH\BaseModel.php(840): CodeIgniter\Model->doInsert([...])
 4 SYSTEMPATH\Model.php(802): CodeIgniter\BaseModel->insert([...], true)
 5 APPPATH\Models\AuditModel.php(34): CodeIgniter\Model->insert([...])
 6 APPPATH\Controllers\AccionsController.php(242): App\Models\AuditModel->insertAudit([...])
 7 SYSTEMPATH\CodeIgniter.php(933): App\Controllers\AccionsController->insertAudit()
 8 SYSTEMPATH\CodeIgniter.php(509): CodeIgniter\CodeIgniter->runController(Object(App\Controllers\AccionsController))
 9 SYSTEMPATH\CodeIgniter.php(355): CodeIgniter\CodeIgniter->handleRequest(null, Object(Config\Cache), false)
10 SYSTEMPATH\Boot.php(325): CodeIgniter\CodeIgniter->run()
11 SYSTEMPATH\Boot.php(67): CodeIgniter\Boot::runCodeIgniter(Object(CodeIgniter\CodeIgniter))
12 FCPATH\index.php(56): CodeIgniter\Boot::bootWeb(Object(Config\Paths))
CRITICAL - 2024-10-24 21:35:50 --> [Caused by] CodeIgniter\Database\Exceptions\DatabaseException: Cannot add or update a child row: a foreign key constraint fails (`auditoria_capas`.`audit`, CONSTRAINT `fk_auditor` FOREIGN KEY (`fk_auditor`) REFERENCES `users` (`id_user`))
in SYSTEMPATH\Database\MySQLi\Connection.php on line 317.
 1 SYSTEMPATH\Database\BaseConnection.php(734): CodeIgniter\Database\MySQLi\Connection->execute('INSERT INTO `audit` (`audit_title`, `fk_machinery`, `fk_shift`, `fk_department`, `fk_auditor`, `date`, `create_at`, `update_at`) VALUES (\'qwe\', \'undefined\', \'undefined\', \'29\', \'undefined\', \'2024-10-24\', \'2024-10-24 21:35:50\', \'2024-10-24 21:35:50\')')
 2 SYSTEMPATH\Database\BaseConnection.php(648): CodeIgniter\Database\BaseConnection->simpleQuery('INSERT INTO `audit` (`audit_title`, `fk_machinery`, `fk_shift`, `fk_department`, `fk_auditor`, `date`, `create_at`, `update_at`) VALUES (\'qwe\', \'undefined\', \'undefined\', \'29\', \'undefined\', \'2024-10-24\', \'2024-10-24 21:35:50\', \'2024-10-24 21:35:50\')')
 3 SYSTEMPATH\Database\BaseBuilder.php(2340): CodeIgniter\Database\BaseConnection->query('INSERT INTO `audit` (`audit_title`, `fk_machinery`, `fk_shift`, `fk_department`, `fk_auditor`, `date`, `create_at`, `update_at`) VALUES (:audit_title:, :fk_machinery:, :fk_shift:, :fk_department:, :fk_auditor:, :date:, :create_at:, :update_at:)', [...], false)
 4 SYSTEMPATH\Model.php(394): CodeIgniter\Database\BaseBuilder->insert()
 5 SYSTEMPATH\BaseModel.php(840): CodeIgniter\Model->doInsert([...])
 6 SYSTEMPATH\Model.php(802): CodeIgniter\BaseModel->insert([...], true)
 7 APPPATH\Models\AuditModel.php(34): CodeIgniter\Model->insert([...])
 8 APPPATH\Controllers\AccionsController.php(242): App\Models\AuditModel->insertAudit([...])
 9 SYSTEMPATH\CodeIgniter.php(933): App\Controllers\AccionsController->insertAudit()
10 SYSTEMPATH\CodeIgniter.php(509): CodeIgniter\CodeIgniter->runController(Object(App\Controllers\AccionsController))
11 SYSTEMPATH\CodeIgniter.php(355): CodeIgniter\CodeIgniter->handleRequest(null, Object(Config\Cache), false)
12 SYSTEMPATH\Boot.php(325): CodeIgniter\CodeIgniter->run()
13 SYSTEMPATH\Boot.php(67): CodeIgniter\Boot::runCodeIgniter(Object(CodeIgniter\CodeIgniter))
14 FCPATH\index.php(56): CodeIgniter\Boot::bootWeb(Object(Config\Paths))
CRITICAL - 2024-10-24 21:35:50 --> [Caused by] mysqli_sql_exception: Cannot add or update a child row: a foreign key constraint fails (`auditoria_capas`.`audit`, CONSTRAINT `fk_auditor` FOREIGN KEY (`fk_auditor`) REFERENCES `users` (`id_user`))
in SYSTEMPATH\Database\MySQLi\Connection.php on line 312.
 1 SYSTEMPATH\Database\MySQLi\Connection.php(312): mysqli->query('INSERT INTO `audit` (`audit_title`, `fk_machinery`, `fk_shift`, `fk_department`, `fk_auditor`, `date`, `create_at`, `update_at`) VALUES (\'qwe\', \'undefined\', \'undefined\', \'29\', \'undefined\', \'2024-10-24\', \'2024-10-24 21:35:50\', \'2024-10-24 21:35:50\')', 0)
 2 SYSTEMPATH\Database\BaseConnection.php(734): CodeIgniter\Database\MySQLi\Connection->execute('INSERT INTO `audit` (`audit_title`, `fk_machinery`, `fk_shift`, `fk_department`, `fk_auditor`, `date`, `create_at`, `update_at`) VALUES (\'qwe\', \'undefined\', \'undefined\', \'29\', \'undefined\', \'2024-10-24\', \'2024-10-24 21:35:50\', \'2024-10-24 21:35:50\')')
 3 SYSTEMPATH\Database\BaseConnection.php(648): CodeIgniter\Database\BaseConnection->simpleQuery('INSERT INTO `audit` (`audit_title`, `fk_machinery`, `fk_shift`, `fk_department`, `fk_auditor`, `date`, `create_at`, `update_at`) VALUES (\'qwe\', \'undefined\', \'undefined\', \'29\', \'undefined\', \'2024-10-24\', \'2024-10-24 21:35:50\', \'2024-10-24 21:35:50\')')
 4 SYSTEMPATH\Database\BaseBuilder.php(2340): CodeIgniter\Database\BaseConnection->query('INSERT INTO `audit` (`audit_title`, `fk_machinery`, `fk_shift`, `fk_department`, `fk_auditor`, `date`, `create_at`, `update_at`) VALUES (:audit_title:, :fk_machinery:, :fk_shift:, :fk_department:, :fk_auditor:, :date:, :create_at:, :update_at:)', [...], false)
 5 SYSTEMPATH\Model.php(394): CodeIgniter\Database\BaseBuilder->insert()
 6 SYSTEMPATH\BaseModel.php(840): CodeIgniter\Model->doInsert([...])
 7 SYSTEMPATH\Model.php(802): CodeIgniter\BaseModel->insert([...], true)
 8 APPPATH\Models\AuditModel.php(34): CodeIgniter\Model->insert([...])
 9 APPPATH\Controllers\AccionsController.php(242): App\Models\AuditModel->insertAudit([...])
10 SYSTEMPATH\CodeIgniter.php(933): App\Controllers\AccionsController->insertAudit()
11 SYSTEMPATH\CodeIgniter.php(509): CodeIgniter\CodeIgniter->runController(Object(App\Controllers\AccionsController))
12 SYSTEMPATH\CodeIgniter.php(355): CodeIgniter\CodeIgniter->handleRequest(null, Object(Config\Cache), false)
13 SYSTEMPATH\Boot.php(325): CodeIgniter\CodeIgniter->run()
14 SYSTEMPATH\Boot.php(67): CodeIgniter\Boot::runCodeIgniter(Object(CodeIgniter\CodeIgniter))
15 FCPATH\index.php(56): CodeIgniter\Boot::bootWeb(Object(Config\Paths))
