INFO - 2024-10-08 13:58:32 --> Session: Class initialized using 'CodeIgniter\Session\Handlers\FileHandler' driver.
INFO - 2024-10-08 14:01:38 --> Session: Class initialized using 'CodeIgniter\Session\Handlers\FileHandler' driver.
ERROR - 2024-10-08 14:21:22 --> mysqli_sql_exception: Unknown column 'shift.id_shift' in 'on clause' in C:\laragon\www\framework_ssii\system\Database\MySQLi\Connection.php:312
Stack trace:
#0 C:\laragon\www\framework_ssii\system\Database\MySQLi\Connection.php(312): mysqli->query('SELECT `categor...', 0)
#1 C:\laragon\www\framework_ssii\system\Database\BaseConnection.php(734): CodeIgniter\Database\MySQLi\Connection->execute('SELECT `categor...')
#2 C:\laragon\www\framework_ssii\system\Database\BaseConnection.php(648): CodeIgniter\Database\BaseConnection->simpleQuery('SELECT `categor...')
#3 C:\laragon\www\framework_ssii\system\Database\BaseBuilder.php(1644): CodeIgniter\Database\BaseConnection->query('SELECT `categor...', Array, false)
#4 C:\laragon\www\framework_ssii\system\Model.php(930): CodeIgniter\Database\BaseBuilder->get()
#5 C:\laragon\www\framework_ssii\app\Models\QuestionsModel.php(75): CodeIgniter\Model->__call('get', Array)
#6 C:\laragon\www\framework_ssii\app\Controllers\AccionsController.php(21): App\Models\QuestionsModel->auditForUser('18')
#7 C:\laragon\www\framework_ssii\system\CodeIgniter.php(933): App\Controllers\AccionsController->auditForUsers('18')
#8 C:\laragon\www\framework_ssii\system\CodeIgniter.php(509): CodeIgniter\CodeIgniter->runController(Object(App\Controllers\AccionsController))
#9 C:\laragon\www\framework_ssii\system\CodeIgniter.php(355): CodeIgniter\CodeIgniter->handleRequest(NULL, Object(Config\Cache), false)
#10 C:\laragon\www\framework_ssii\system\Boot.php(325): CodeIgniter\CodeIgniter->run()
#11 C:\laragon\www\framework_ssii\system\Boot.php(67): CodeIgniter\Boot::runCodeIgniter(Object(CodeIgniter\CodeIgniter))
#12 C:\laragon\www\framework_ssii\index.php(56): CodeIgniter\Boot::bootWeb(Object(Config\Paths))
#13 {main}
CRITICAL - 2024-10-08 14:21:22 --> CodeIgniter\Database\Exceptions\DatabaseException: Unknown column 'shift.id_shift' in 'on clause'
[Method: GET, Route: accions/auditForUsers/18]
in SYSTEMPATH\Database\BaseConnection.php on line 688.
 1 SYSTEMPATH\Database\BaseBuilder.php(1644): CodeIgniter\Database\BaseConnection->query('SELECT `category`.`category`, `questions`.`question`, `questions`.`create_at`, `fountain`.`fountain`, `audit`.`no_audit`, `audit`.`id_audit`, `audit`.`fk_user`, `audit`.`status`, `audit`.`id_audit`
FROM `questions`
JOIN `fountain` ON `departament`.`id_departament` = `audit`.`fk_departament`
JOIN `category` ON `category`.`id_category` = `questions`.`fk_category`
JOIN `audit` ON `shift`.`id_shift` = `audit`.`fk_shift`
JOIN `users` ON `users`.`id_user` = `audit`.`fk_user`
WHERE `audit`.`fk_user` = :audit.fk_user:
AND `audit`.`status` = :audit.`status`:', [...], false)
 2 SYSTEMPATH\Model.php(930): CodeIgniter\Database\BaseBuilder->get()
 3 APPPATH\Models\QuestionsModel.php(75): CodeIgniter\Model->__call('get', [])
 4 APPPATH\Controllers\AccionsController.php(21): App\Models\QuestionsModel->auditForUser('18')
 5 SYSTEMPATH\CodeIgniter.php(933): App\Controllers\AccionsController->auditForUsers('18')
 6 SYSTEMPATH\CodeIgniter.php(509): CodeIgniter\CodeIgniter->runController(Object(App\Controllers\AccionsController))
 7 SYSTEMPATH\CodeIgniter.php(355): CodeIgniter\CodeIgniter->handleRequest(null, Object(Config\Cache), false)
 8 SYSTEMPATH\Boot.php(325): CodeIgniter\CodeIgniter->run()
 9 SYSTEMPATH\Boot.php(67): CodeIgniter\Boot::runCodeIgniter(Object(CodeIgniter\CodeIgniter))
10 FCPATH\index.php(56): CodeIgniter\Boot::bootWeb(Object(Config\Paths))
CRITICAL - 2024-10-08 14:21:22 --> [Caused by] CodeIgniter\Database\Exceptions\DatabaseException: Unknown column 'shift.id_shift' in 'on clause'
in SYSTEMPATH\Database\MySQLi\Connection.php on line 317.
 1 SYSTEMPATH\Database\BaseConnection.php(734): CodeIgniter\Database\MySQLi\Connection->execute('SELECT `category`.`category`, `questions`.`question`, `questions`.`create_at`, `fountain`.`fountain`, `audit`.`no_audit`, `audit`.`id_audit`, `audit`.`fk_user`, `audit`.`status`, `audit`.`id_audit`
FROM `questions`
JOIN `fountain` ON `departament`.`id_departament` = `audit`.`fk_departament`
JOIN `category` ON `category`.`id_category` = `questions`.`fk_category`
JOIN `audit` ON `shift`.`id_shift` = `audit`.`fk_shift`
JOIN `users` ON `users`.`id_user` = `audit`.`fk_user`
WHERE `audit`.`fk_user` = \'18\'
AND `audit`.`status` = 1')
 2 SYSTEMPATH\Database\BaseConnection.php(648): CodeIgniter\Database\BaseConnection->simpleQuery('SELECT `category`.`category`, `questions`.`question`, `questions`.`create_at`, `fountain`.`fountain`, `audit`.`no_audit`, `audit`.`id_audit`, `audit`.`fk_user`, `audit`.`status`, `audit`.`id_audit`
FROM `questions`
JOIN `fountain` ON `departament`.`id_departament` = `audit`.`fk_departament`
JOIN `category` ON `category`.`id_category` = `questions`.`fk_category`
JOIN `audit` ON `shift`.`id_shift` = `audit`.`fk_shift`
JOIN `users` ON `users`.`id_user` = `audit`.`fk_user`
WHERE `audit`.`fk_user` = \'18\'
AND `audit`.`status` = 1')
 3 SYSTEMPATH\Database\BaseBuilder.php(1644): CodeIgniter\Database\BaseConnection->query('SELECT `category`.`category`, `questions`.`question`, `questions`.`create_at`, `fountain`.`fountain`, `audit`.`no_audit`, `audit`.`id_audit`, `audit`.`fk_user`, `audit`.`status`, `audit`.`id_audit`
FROM `questions`
JOIN `fountain` ON `departament`.`id_departament` = `audit`.`fk_departament`
JOIN `category` ON `category`.`id_category` = `questions`.`fk_category`
JOIN `audit` ON `shift`.`id_shift` = `audit`.`fk_shift`
JOIN `users` ON `users`.`id_user` = `audit`.`fk_user`
WHERE `audit`.`fk_user` = :audit.fk_user:
AND `audit`.`status` = :audit.`status`:', [...], false)
 4 SYSTEMPATH\Model.php(930): CodeIgniter\Database\BaseBuilder->get()
 5 APPPATH\Models\QuestionsModel.php(75): CodeIgniter\Model->__call('get', [])
 6 APPPATH\Controllers\AccionsController.php(21): App\Models\QuestionsModel->auditForUser('18')
 7 SYSTEMPATH\CodeIgniter.php(933): App\Controllers\AccionsController->auditForUsers('18')
 8 SYSTEMPATH\CodeIgniter.php(509): CodeIgniter\CodeIgniter->runController(Object(App\Controllers\AccionsController))
 9 SYSTEMPATH\CodeIgniter.php(355): CodeIgniter\CodeIgniter->handleRequest(null, Object(Config\Cache), false)
10 SYSTEMPATH\Boot.php(325): CodeIgniter\CodeIgniter->run()
11 SYSTEMPATH\Boot.php(67): CodeIgniter\Boot::runCodeIgniter(Object(CodeIgniter\CodeIgniter))
12 FCPATH\index.php(56): CodeIgniter\Boot::bootWeb(Object(Config\Paths))
CRITICAL - 2024-10-08 14:21:22 --> [Caused by] mysqli_sql_exception: Unknown column 'shift.id_shift' in 'on clause'
in SYSTEMPATH\Database\MySQLi\Connection.php on line 312.
 1 SYSTEMPATH\Database\MySQLi\Connection.php(312): mysqli->query('SELECT `category`.`category`, `questions`.`question`, `questions`.`create_at`, `fountain`.`fountain`, `audit`.`no_audit`, `audit`.`id_audit`, `audit`.`fk_user`, `audit`.`status`, `audit`.`id_audit`
FROM `questions`
JOIN `fountain` ON `departament`.`id_departament` = `audit`.`fk_departament`
JOIN `category` ON `category`.`id_category` = `questions`.`fk_category`
JOIN `audit` ON `shift`.`id_shift` = `audit`.`fk_shift`
JOIN `users` ON `users`.`id_user` = `audit`.`fk_user`
WHERE `audit`.`fk_user` = \'18\'
AND `audit`.`status` = 1', 0)
 2 SYSTEMPATH\Database\BaseConnection.php(734): CodeIgniter\Database\MySQLi\Connection->execute('SELECT `category`.`category`, `questions`.`question`, `questions`.`create_at`, `fountain`.`fountain`, `audit`.`no_audit`, `audit`.`id_audit`, `audit`.`fk_user`, `audit`.`status`, `audit`.`id_audit`
FROM `questions`
JOIN `fountain` ON `departament`.`id_departament` = `audit`.`fk_departament`
JOIN `category` ON `category`.`id_category` = `questions`.`fk_category`
JOIN `audit` ON `shift`.`id_shift` = `audit`.`fk_shift`
JOIN `users` ON `users`.`id_user` = `audit`.`fk_user`
WHERE `audit`.`fk_user` = \'18\'
AND `audit`.`status` = 1')
 3 SYSTEMPATH\Database\BaseConnection.php(648): CodeIgniter\Database\BaseConnection->simpleQuery('SELECT `category`.`category`, `questions`.`question`, `questions`.`create_at`, `fountain`.`fountain`, `audit`.`no_audit`, `audit`.`id_audit`, `audit`.`fk_user`, `audit`.`status`, `audit`.`id_audit`
FROM `questions`
JOIN `fountain` ON `departament`.`id_departament` = `audit`.`fk_departament`
JOIN `category` ON `category`.`id_category` = `questions`.`fk_category`
JOIN `audit` ON `shift`.`id_shift` = `audit`.`fk_shift`
JOIN `users` ON `users`.`id_user` = `audit`.`fk_user`
WHERE `audit`.`fk_user` = \'18\'
AND `audit`.`status` = 1')
 4 SYSTEMPATH\Database\BaseBuilder.php(1644): CodeIgniter\Database\BaseConnection->query('SELECT `category`.`category`, `questions`.`question`, `questions`.`create_at`, `fountain`.`fountain`, `audit`.`no_audit`, `audit`.`id_audit`, `audit`.`fk_user`, `audit`.`status`, `audit`.`id_audit`
FROM `questions`
JOIN `fountain` ON `departament`.`id_departament` = `audit`.`fk_departament`
JOIN `category` ON `category`.`id_category` = `questions`.`fk_category`
JOIN `audit` ON `shift`.`id_shift` = `audit`.`fk_shift`
JOIN `users` ON `users`.`id_user` = `audit`.`fk_user`
WHERE `audit`.`fk_user` = :audit.fk_user:
AND `audit`.`status` = :audit.`status`:', [...], false)
 5 SYSTEMPATH\Model.php(930): CodeIgniter\Database\BaseBuilder->get()
 6 APPPATH\Models\QuestionsModel.php(75): CodeIgniter\Model->__call('get', [])
 7 APPPATH\Controllers\AccionsController.php(21): App\Models\QuestionsModel->auditForUser('18')
 8 SYSTEMPATH\CodeIgniter.php(933): App\Controllers\AccionsController->auditForUsers('18')
 9 SYSTEMPATH\CodeIgniter.php(509): CodeIgniter\CodeIgniter->runController(Object(App\Controllers\AccionsController))
10 SYSTEMPATH\CodeIgniter.php(355): CodeIgniter\CodeIgniter->handleRequest(null, Object(Config\Cache), false)
11 SYSTEMPATH\Boot.php(325): CodeIgniter\CodeIgniter->run()
12 SYSTEMPATH\Boot.php(67): CodeIgniter\Boot::runCodeIgniter(Object(CodeIgniter\CodeIgniter))
13 FCPATH\index.php(56): CodeIgniter\Boot::bootWeb(Object(Config\Paths))
ERROR - 2024-10-08 14:21:23 --> mysqli_sql_exception: Unknown column 'shift.id_shift' in 'on clause' in C:\laragon\www\framework_ssii\system\Database\MySQLi\Connection.php:312
Stack trace:
#0 C:\laragon\www\framework_ssii\system\Database\MySQLi\Connection.php(312): mysqli->query('SELECT `categor...', 0)
#1 C:\laragon\www\framework_ssii\system\Database\BaseConnection.php(734): CodeIgniter\Database\MySQLi\Connection->execute('SELECT `categor...')
#2 C:\laragon\www\framework_ssii\system\Database\BaseConnection.php(648): CodeIgniter\Database\BaseConnection->simpleQuery('SELECT `categor...')
#3 C:\laragon\www\framework_ssii\system\Database\BaseBuilder.php(1644): CodeIgniter\Database\BaseConnection->query('SELECT `categor...', Array, false)
#4 C:\laragon\www\framework_ssii\system\Model.php(930): CodeIgniter\Database\BaseBuilder->get()
#5 C:\laragon\www\framework_ssii\app\Models\QuestionsModel.php(75): CodeIgniter\Model->__call('get', Array)
#6 C:\laragon\www\framework_ssii\app\Controllers\AccionsController.php(21): App\Models\QuestionsModel->auditForUser('18')
#7 C:\laragon\www\framework_ssii\system\CodeIgniter.php(933): App\Controllers\AccionsController->auditForUsers('18')
#8 C:\laragon\www\framework_ssii\system\CodeIgniter.php(509): CodeIgniter\CodeIgniter->runController(Object(App\Controllers\AccionsController))
#9 C:\laragon\www\framework_ssii\system\CodeIgniter.php(355): CodeIgniter\CodeIgniter->handleRequest(NULL, Object(Config\Cache), false)
#10 C:\laragon\www\framework_ssii\system\Boot.php(325): CodeIgniter\CodeIgniter->run()
#11 C:\laragon\www\framework_ssii\system\Boot.php(67): CodeIgniter\Boot::runCodeIgniter(Object(CodeIgniter\CodeIgniter))
#12 C:\laragon\www\framework_ssii\index.php(56): CodeIgniter\Boot::bootWeb(Object(Config\Paths))
#13 {main}
CRITICAL - 2024-10-08 14:21:23 --> CodeIgniter\Database\Exceptions\DatabaseException: Unknown column 'shift.id_shift' in 'on clause'
[Method: GET, Route: accions/auditForUsers/18]
in SYSTEMPATH\Database\BaseConnection.php on line 688.
 1 SYSTEMPATH\Database\BaseBuilder.php(1644): CodeIgniter\Database\BaseConnection->query('SELECT `category`.`category`, `questions`.`question`, `questions`.`create_at`, `fountain`.`fountain`, `audit`.`no_audit`, `audit`.`id_audit`, `audit`.`fk_user`, `audit`.`status`, `audit`.`id_audit`
FROM `questions`
JOIN `fountain` ON `departament`.`id_departament` = `audit`.`fk_departament`
JOIN `category` ON `category`.`id_category` = `questions`.`fk_category`
JOIN `audit` ON `shift`.`id_shift` = `audit`.`fk_shift`
JOIN `users` ON `users`.`id_user` = `audit`.`fk_user`
WHERE `audit`.`fk_user` = :audit.fk_user:
AND `audit`.`status` = :audit.`status`:', [...], false)
 2 SYSTEMPATH\Model.php(930): CodeIgniter\Database\BaseBuilder->get()
 3 APPPATH\Models\QuestionsModel.php(75): CodeIgniter\Model->__call('get', [])
 4 APPPATH\Controllers\AccionsController.php(21): App\Models\QuestionsModel->auditForUser('18')
 5 SYSTEMPATH\CodeIgniter.php(933): App\Controllers\AccionsController->auditForUsers('18')
 6 SYSTEMPATH\CodeIgniter.php(509): CodeIgniter\CodeIgniter->runController(Object(App\Controllers\AccionsController))
 7 SYSTEMPATH\CodeIgniter.php(355): CodeIgniter\CodeIgniter->handleRequest(null, Object(Config\Cache), false)
 8 SYSTEMPATH\Boot.php(325): CodeIgniter\CodeIgniter->run()
 9 SYSTEMPATH\Boot.php(67): CodeIgniter\Boot::runCodeIgniter(Object(CodeIgniter\CodeIgniter))
10 FCPATH\index.php(56): CodeIgniter\Boot::bootWeb(Object(Config\Paths))
CRITICAL - 2024-10-08 14:21:23 --> [Caused by] CodeIgniter\Database\Exceptions\DatabaseException: Unknown column 'shift.id_shift' in 'on clause'
in SYSTEMPATH\Database\MySQLi\Connection.php on line 317.
 1 SYSTEMPATH\Database\BaseConnection.php(734): CodeIgniter\Database\MySQLi\Connection->execute('SELECT `category`.`category`, `questions`.`question`, `questions`.`create_at`, `fountain`.`fountain`, `audit`.`no_audit`, `audit`.`id_audit`, `audit`.`fk_user`, `audit`.`status`, `audit`.`id_audit`
FROM `questions`
JOIN `fountain` ON `departament`.`id_departament` = `audit`.`fk_departament`
JOIN `category` ON `category`.`id_category` = `questions`.`fk_category`
JOIN `audit` ON `shift`.`id_shift` = `audit`.`fk_shift`
JOIN `users` ON `users`.`id_user` = `audit`.`fk_user`
WHERE `audit`.`fk_user` = \'18\'
AND `audit`.`status` = 1')
 2 SYSTEMPATH\Database\BaseConnection.php(648): CodeIgniter\Database\BaseConnection->simpleQuery('SELECT `category`.`category`, `questions`.`question`, `questions`.`create_at`, `fountain`.`fountain`, `audit`.`no_audit`, `audit`.`id_audit`, `audit`.`fk_user`, `audit`.`status`, `audit`.`id_audit`
FROM `questions`
JOIN `fountain` ON `departament`.`id_departament` = `audit`.`fk_departament`
JOIN `category` ON `category`.`id_category` = `questions`.`fk_category`
JOIN `audit` ON `shift`.`id_shift` = `audit`.`fk_shift`
JOIN `users` ON `users`.`id_user` = `audit`.`fk_user`
WHERE `audit`.`fk_user` = \'18\'
AND `audit`.`status` = 1')
 3 SYSTEMPATH\Database\BaseBuilder.php(1644): CodeIgniter\Database\BaseConnection->query('SELECT `category`.`category`, `questions`.`question`, `questions`.`create_at`, `fountain`.`fountain`, `audit`.`no_audit`, `audit`.`id_audit`, `audit`.`fk_user`, `audit`.`status`, `audit`.`id_audit`
FROM `questions`
JOIN `fountain` ON `departament`.`id_departament` = `audit`.`fk_departament`
JOIN `category` ON `category`.`id_category` = `questions`.`fk_category`
JOIN `audit` ON `shift`.`id_shift` = `audit`.`fk_shift`
JOIN `users` ON `users`.`id_user` = `audit`.`fk_user`
WHERE `audit`.`fk_user` = :audit.fk_user:
AND `audit`.`status` = :audit.`status`:', [...], false)
 4 SYSTEMPATH\Model.php(930): CodeIgniter\Database\BaseBuilder->get()
 5 APPPATH\Models\QuestionsModel.php(75): CodeIgniter\Model->__call('get', [])
 6 APPPATH\Controllers\AccionsController.php(21): App\Models\QuestionsModel->auditForUser('18')
 7 SYSTEMPATH\CodeIgniter.php(933): App\Controllers\AccionsController->auditForUsers('18')
 8 SYSTEMPATH\CodeIgniter.php(509): CodeIgniter\CodeIgniter->runController(Object(App\Controllers\AccionsController))
 9 SYSTEMPATH\CodeIgniter.php(355): CodeIgniter\CodeIgniter->handleRequest(null, Object(Config\Cache), false)
10 SYSTEMPATH\Boot.php(325): CodeIgniter\CodeIgniter->run()
11 SYSTEMPATH\Boot.php(67): CodeIgniter\Boot::runCodeIgniter(Object(CodeIgniter\CodeIgniter))
12 FCPATH\index.php(56): CodeIgniter\Boot::bootWeb(Object(Config\Paths))
CRITICAL - 2024-10-08 14:21:23 --> [Caused by] mysqli_sql_exception: Unknown column 'shift.id_shift' in 'on clause'
in SYSTEMPATH\Database\MySQLi\Connection.php on line 312.
 1 SYSTEMPATH\Database\MySQLi\Connection.php(312): mysqli->query('SELECT `category`.`category`, `questions`.`question`, `questions`.`create_at`, `fountain`.`fountain`, `audit`.`no_audit`, `audit`.`id_audit`, `audit`.`fk_user`, `audit`.`status`, `audit`.`id_audit`
FROM `questions`
JOIN `fountain` ON `departament`.`id_departament` = `audit`.`fk_departament`
JOIN `category` ON `category`.`id_category` = `questions`.`fk_category`
JOIN `audit` ON `shift`.`id_shift` = `audit`.`fk_shift`
JOIN `users` ON `users`.`id_user` = `audit`.`fk_user`
WHERE `audit`.`fk_user` = \'18\'
AND `audit`.`status` = 1', 0)
 2 SYSTEMPATH\Database\BaseConnection.php(734): CodeIgniter\Database\MySQLi\Connection->execute('SELECT `category`.`category`, `questions`.`question`, `questions`.`create_at`, `fountain`.`fountain`, `audit`.`no_audit`, `audit`.`id_audit`, `audit`.`fk_user`, `audit`.`status`, `audit`.`id_audit`
FROM `questions`
JOIN `fountain` ON `departament`.`id_departament` = `audit`.`fk_departament`
JOIN `category` ON `category`.`id_category` = `questions`.`fk_category`
JOIN `audit` ON `shift`.`id_shift` = `audit`.`fk_shift`
JOIN `users` ON `users`.`id_user` = `audit`.`fk_user`
WHERE `audit`.`fk_user` = \'18\'
AND `audit`.`status` = 1')
 3 SYSTEMPATH\Database\BaseConnection.php(648): CodeIgniter\Database\BaseConnection->simpleQuery('SELECT `category`.`category`, `questions`.`question`, `questions`.`create_at`, `fountain`.`fountain`, `audit`.`no_audit`, `audit`.`id_audit`, `audit`.`fk_user`, `audit`.`status`, `audit`.`id_audit`
FROM `questions`
JOIN `fountain` ON `departament`.`id_departament` = `audit`.`fk_departament`
JOIN `category` ON `category`.`id_category` = `questions`.`fk_category`
JOIN `audit` ON `shift`.`id_shift` = `audit`.`fk_shift`
JOIN `users` ON `users`.`id_user` = `audit`.`fk_user`
WHERE `audit`.`fk_user` = \'18\'
AND `audit`.`status` = 1')
 4 SYSTEMPATH\Database\BaseBuilder.php(1644): CodeIgniter\Database\BaseConnection->query('SELECT `category`.`category`, `questions`.`question`, `questions`.`create_at`, `fountain`.`fountain`, `audit`.`no_audit`, `audit`.`id_audit`, `audit`.`fk_user`, `audit`.`status`, `audit`.`id_audit`
FROM `questions`
JOIN `fountain` ON `departament`.`id_departament` = `audit`.`fk_departament`
JOIN `category` ON `category`.`id_category` = `questions`.`fk_category`
JOIN `audit` ON `shift`.`id_shift` = `audit`.`fk_shift`
JOIN `users` ON `users`.`id_user` = `audit`.`fk_user`
WHERE `audit`.`fk_user` = :audit.fk_user:
AND `audit`.`status` = :audit.`status`:', [...], false)
 5 SYSTEMPATH\Model.php(930): CodeIgniter\Database\BaseBuilder->get()
 6 APPPATH\Models\QuestionsModel.php(75): CodeIgniter\Model->__call('get', [])
 7 APPPATH\Controllers\AccionsController.php(21): App\Models\QuestionsModel->auditForUser('18')
 8 SYSTEMPATH\CodeIgniter.php(933): App\Controllers\AccionsController->auditForUsers('18')
 9 SYSTEMPATH\CodeIgniter.php(509): CodeIgniter\CodeIgniter->runController(Object(App\Controllers\AccionsController))
10 SYSTEMPATH\CodeIgniter.php(355): CodeIgniter\CodeIgniter->handleRequest(null, Object(Config\Cache), false)
11 SYSTEMPATH\Boot.php(325): CodeIgniter\CodeIgniter->run()
12 SYSTEMPATH\Boot.php(67): CodeIgniter\Boot::runCodeIgniter(Object(CodeIgniter\CodeIgniter))
13 FCPATH\index.php(56): CodeIgniter\Boot::bootWeb(Object(Config\Paths))
ERROR - 2024-10-08 14:23:02 --> mysqli_sql_exception: Unknown column 'departament.id_departament' in 'on clause' in C:\laragon\www\framework_ssii\system\Database\MySQLi\Connection.php:312
Stack trace:
#0 C:\laragon\www\framework_ssii\system\Database\MySQLi\Connection.php(312): mysqli->query('SELECT `categor...', 0)
#1 C:\laragon\www\framework_ssii\system\Database\BaseConnection.php(734): CodeIgniter\Database\MySQLi\Connection->execute('SELECT `categor...')
#2 C:\laragon\www\framework_ssii\system\Database\BaseConnection.php(648): CodeIgniter\Database\BaseConnection->simpleQuery('SELECT `categor...')
#3 C:\laragon\www\framework_ssii\system\Database\BaseBuilder.php(1644): CodeIgniter\Database\BaseConnection->query('SELECT `categor...', Array, false)
#4 C:\laragon\www\framework_ssii\system\Model.php(930): CodeIgniter\Database\BaseBuilder->get()
#5 C:\laragon\www\framework_ssii\app\Models\QuestionsModel.php(75): CodeIgniter\Model->__call('get', Array)
#6 C:\laragon\www\framework_ssii\app\Controllers\AccionsController.php(21): App\Models\QuestionsModel->auditForUser('18')
#7 C:\laragon\www\framework_ssii\system\CodeIgniter.php(933): App\Controllers\AccionsController->auditForUsers('18')
#8 C:\laragon\www\framework_ssii\system\CodeIgniter.php(509): CodeIgniter\CodeIgniter->runController(Object(App\Controllers\AccionsController))
#9 C:\laragon\www\framework_ssii\system\CodeIgniter.php(355): CodeIgniter\CodeIgniter->handleRequest(NULL, Object(Config\Cache), false)
#10 C:\laragon\www\framework_ssii\system\Boot.php(325): CodeIgniter\CodeIgniter->run()
#11 C:\laragon\www\framework_ssii\system\Boot.php(67): CodeIgniter\Boot::runCodeIgniter(Object(CodeIgniter\CodeIgniter))
#12 C:\laragon\www\framework_ssii\index.php(56): CodeIgniter\Boot::bootWeb(Object(Config\Paths))
#13 {main}
CRITICAL - 2024-10-08 14:23:02 --> CodeIgniter\Database\Exceptions\DatabaseException: Unknown column 'departament.id_departament' in 'on clause'
[Method: GET, Route: accions/auditForUsers/18]
in SYSTEMPATH\Database\BaseConnection.php on line 688.
 1 SYSTEMPATH\Database\BaseBuilder.php(1644): CodeIgniter\Database\BaseConnection->query('SELECT `category`.`category`, `questions`.`question`, `questions`.`create_at`, `fountain`.`fountain`, `audit`.`no_audit`, `audit`.`id_audit`, `audit`.`fk_user`, `audit`.`status`, `audit`.`id_audit`
FROM `questions`
JOIN `fountain` ON `departament`.`id_departament` = `audit`.`fk_departament`
JOIN `category` ON `category`.`id_category` = `questions`.`fk_category`
JOIN `audit` ON `questions`.`fk_audit` = `audit`.`id_audit`
JOIN `users` ON `users`.`id_user` = `audit`.`fk_user`
WHERE `audit`.`fk_user` = :audit.fk_user:
AND `audit`.`status` = :audit.`status`:', [...], false)
 2 SYSTEMPATH\Model.php(930): CodeIgniter\Database\BaseBuilder->get()
 3 APPPATH\Models\QuestionsModel.php(75): CodeIgniter\Model->__call('get', [])
 4 APPPATH\Controllers\AccionsController.php(21): App\Models\QuestionsModel->auditForUser('18')
 5 SYSTEMPATH\CodeIgniter.php(933): App\Controllers\AccionsController->auditForUsers('18')
 6 SYSTEMPATH\CodeIgniter.php(509): CodeIgniter\CodeIgniter->runController(Object(App\Controllers\AccionsController))
 7 SYSTEMPATH\CodeIgniter.php(355): CodeIgniter\CodeIgniter->handleRequest(null, Object(Config\Cache), false)
 8 SYSTEMPATH\Boot.php(325): CodeIgniter\CodeIgniter->run()
 9 SYSTEMPATH\Boot.php(67): CodeIgniter\Boot::runCodeIgniter(Object(CodeIgniter\CodeIgniter))
10 FCPATH\index.php(56): CodeIgniter\Boot::bootWeb(Object(Config\Paths))
CRITICAL - 2024-10-08 14:23:02 --> [Caused by] CodeIgniter\Database\Exceptions\DatabaseException: Unknown column 'departament.id_departament' in 'on clause'
in SYSTEMPATH\Database\MySQLi\Connection.php on line 317.
 1 SYSTEMPATH\Database\BaseConnection.php(734): CodeIgniter\Database\MySQLi\Connection->execute('SELECT `category`.`category`, `questions`.`question`, `questions`.`create_at`, `fountain`.`fountain`, `audit`.`no_audit`, `audit`.`id_audit`, `audit`.`fk_user`, `audit`.`status`, `audit`.`id_audit`
FROM `questions`
JOIN `fountain` ON `departament`.`id_departament` = `audit`.`fk_departament`
JOIN `category` ON `category`.`id_category` = `questions`.`fk_category`
JOIN `audit` ON `questions`.`fk_audit` = `audit`.`id_audit`
JOIN `users` ON `users`.`id_user` = `audit`.`fk_user`
WHERE `audit`.`fk_user` = \'18\'
AND `audit`.`status` = 1')
 2 SYSTEMPATH\Database\BaseConnection.php(648): CodeIgniter\Database\BaseConnection->simpleQuery('SELECT `category`.`category`, `questions`.`question`, `questions`.`create_at`, `fountain`.`fountain`, `audit`.`no_audit`, `audit`.`id_audit`, `audit`.`fk_user`, `audit`.`status`, `audit`.`id_audit`
FROM `questions`
JOIN `fountain` ON `departament`.`id_departament` = `audit`.`fk_departament`
JOIN `category` ON `category`.`id_category` = `questions`.`fk_category`
JOIN `audit` ON `questions`.`fk_audit` = `audit`.`id_audit`
JOIN `users` ON `users`.`id_user` = `audit`.`fk_user`
WHERE `audit`.`fk_user` = \'18\'
AND `audit`.`status` = 1')
 3 SYSTEMPATH\Database\BaseBuilder.php(1644): CodeIgniter\Database\BaseConnection->query('SELECT `category`.`category`, `questions`.`question`, `questions`.`create_at`, `fountain`.`fountain`, `audit`.`no_audit`, `audit`.`id_audit`, `audit`.`fk_user`, `audit`.`status`, `audit`.`id_audit`
FROM `questions`
JOIN `fountain` ON `departament`.`id_departament` = `audit`.`fk_departament`
JOIN `category` ON `category`.`id_category` = `questions`.`fk_category`
JOIN `audit` ON `questions`.`fk_audit` = `audit`.`id_audit`
JOIN `users` ON `users`.`id_user` = `audit`.`fk_user`
WHERE `audit`.`fk_user` = :audit.fk_user:
AND `audit`.`status` = :audit.`status`:', [...], false)
 4 SYSTEMPATH\Model.php(930): CodeIgniter\Database\BaseBuilder->get()
 5 APPPATH\Models\QuestionsModel.php(75): CodeIgniter\Model->__call('get', [])
 6 APPPATH\Controllers\AccionsController.php(21): App\Models\QuestionsModel->auditForUser('18')
 7 SYSTEMPATH\CodeIgniter.php(933): App\Controllers\AccionsController->auditForUsers('18')
 8 SYSTEMPATH\CodeIgniter.php(509): CodeIgniter\CodeIgniter->runController(Object(App\Controllers\AccionsController))
 9 SYSTEMPATH\CodeIgniter.php(355): CodeIgniter\CodeIgniter->handleRequest(null, Object(Config\Cache), false)
10 SYSTEMPATH\Boot.php(325): CodeIgniter\CodeIgniter->run()
11 SYSTEMPATH\Boot.php(67): CodeIgniter\Boot::runCodeIgniter(Object(CodeIgniter\CodeIgniter))
12 FCPATH\index.php(56): CodeIgniter\Boot::bootWeb(Object(Config\Paths))
CRITICAL - 2024-10-08 14:23:02 --> [Caused by] mysqli_sql_exception: Unknown column 'departament.id_departament' in 'on clause'
in SYSTEMPATH\Database\MySQLi\Connection.php on line 312.
 1 SYSTEMPATH\Database\MySQLi\Connection.php(312): mysqli->query('SELECT `category`.`category`, `questions`.`question`, `questions`.`create_at`, `fountain`.`fountain`, `audit`.`no_audit`, `audit`.`id_audit`, `audit`.`fk_user`, `audit`.`status`, `audit`.`id_audit`
FROM `questions`
JOIN `fountain` ON `departament`.`id_departament` = `audit`.`fk_departament`
JOIN `category` ON `category`.`id_category` = `questions`.`fk_category`
JOIN `audit` ON `questions`.`fk_audit` = `audit`.`id_audit`
JOIN `users` ON `users`.`id_user` = `audit`.`fk_user`
WHERE `audit`.`fk_user` = \'18\'
AND `audit`.`status` = 1', 0)
 2 SYSTEMPATH\Database\BaseConnection.php(734): CodeIgniter\Database\MySQLi\Connection->execute('SELECT `category`.`category`, `questions`.`question`, `questions`.`create_at`, `fountain`.`fountain`, `audit`.`no_audit`, `audit`.`id_audit`, `audit`.`fk_user`, `audit`.`status`, `audit`.`id_audit`
FROM `questions`
JOIN `fountain` ON `departament`.`id_departament` = `audit`.`fk_departament`
JOIN `category` ON `category`.`id_category` = `questions`.`fk_category`
JOIN `audit` ON `questions`.`fk_audit` = `audit`.`id_audit`
JOIN `users` ON `users`.`id_user` = `audit`.`fk_user`
WHERE `audit`.`fk_user` = \'18\'
AND `audit`.`status` = 1')
 3 SYSTEMPATH\Database\BaseConnection.php(648): CodeIgniter\Database\BaseConnection->simpleQuery('SELECT `category`.`category`, `questions`.`question`, `questions`.`create_at`, `fountain`.`fountain`, `audit`.`no_audit`, `audit`.`id_audit`, `audit`.`fk_user`, `audit`.`status`, `audit`.`id_audit`
FROM `questions`
JOIN `fountain` ON `departament`.`id_departament` = `audit`.`fk_departament`
JOIN `category` ON `category`.`id_category` = `questions`.`fk_category`
JOIN `audit` ON `questions`.`fk_audit` = `audit`.`id_audit`
JOIN `users` ON `users`.`id_user` = `audit`.`fk_user`
WHERE `audit`.`fk_user` = \'18\'
AND `audit`.`status` = 1')
 4 SYSTEMPATH\Database\BaseBuilder.php(1644): CodeIgniter\Database\BaseConnection->query('SELECT `category`.`category`, `questions`.`question`, `questions`.`create_at`, `fountain`.`fountain`, `audit`.`no_audit`, `audit`.`id_audit`, `audit`.`fk_user`, `audit`.`status`, `audit`.`id_audit`
FROM `questions`
JOIN `fountain` ON `departament`.`id_departament` = `audit`.`fk_departament`
JOIN `category` ON `category`.`id_category` = `questions`.`fk_category`
JOIN `audit` ON `questions`.`fk_audit` = `audit`.`id_audit`
JOIN `users` ON `users`.`id_user` = `audit`.`fk_user`
WHERE `audit`.`fk_user` = :audit.fk_user:
AND `audit`.`status` = :audit.`status`:', [...], false)
 5 SYSTEMPATH\Model.php(930): CodeIgniter\Database\BaseBuilder->get()
 6 APPPATH\Models\QuestionsModel.php(75): CodeIgniter\Model->__call('get', [])
 7 APPPATH\Controllers\AccionsController.php(21): App\Models\QuestionsModel->auditForUser('18')
 8 SYSTEMPATH\CodeIgniter.php(933): App\Controllers\AccionsController->auditForUsers('18')
 9 SYSTEMPATH\CodeIgniter.php(509): CodeIgniter\CodeIgniter->runController(Object(App\Controllers\AccionsController))
10 SYSTEMPATH\CodeIgniter.php(355): CodeIgniter\CodeIgniter->handleRequest(null, Object(Config\Cache), false)
11 SYSTEMPATH\Boot.php(325): CodeIgniter\CodeIgniter->run()
12 SYSTEMPATH\Boot.php(67): CodeIgniter\Boot::runCodeIgniter(Object(CodeIgniter\CodeIgniter))
13 FCPATH\index.php(56): CodeIgniter\Boot::bootWeb(Object(Config\Paths))
INFO - 2024-10-08 15:43:57 --> Session: Class initialized using 'CodeIgniter\Session\Handlers\FileHandler' driver.
INFO - 2024-10-08 16:12:01 --> Session: Class initialized using 'CodeIgniter\Session\Handlers\FileHandler' driver.
INFO - 2024-10-08 16:12:07 --> Session: Class initialized using 'CodeIgniter\Session\Handlers\FileHandler' driver.
INFO - 2024-10-08 16:19:59 --> Session: Class initialized using 'CodeIgniter\Session\Handlers\FileHandler' driver.
CRITICAL - 2024-10-08 17:18:27 --> CodeIgniter\View\Exceptions\ViewException: Invalid file: "user/audit_user.php"
[Method: GET, Route: user/Assignedaudit]
in SYSTEMPATH\Exceptions\FrameworkException.php on line 41.
 1 SYSTEMPATH\View\View.php(222): CodeIgniter\Exceptions\FrameworkException::forInvalidFile('user/audit_user.php')
 2 SYSTEMPATH\Common.php(1169): CodeIgniter\View\View->render('user/audit_user', [], true)
 3 APPPATH\Controllers\UserController.php(38): view('user/audit_user')
 4 SYSTEMPATH\CodeIgniter.php(933): App\Controllers\UserController->Assignedaudit()
 5 SYSTEMPATH\CodeIgniter.php(509): CodeIgniter\CodeIgniter->runController(Object(App\Controllers\UserController))
 6 SYSTEMPATH\CodeIgniter.php(355): CodeIgniter\CodeIgniter->handleRequest(null, Object(Config\Cache), false)
 7 SYSTEMPATH\Boot.php(325): CodeIgniter\CodeIgniter->run()
 8 SYSTEMPATH\Boot.php(67): CodeIgniter\Boot::runCodeIgniter(Object(CodeIgniter\CodeIgniter))
 9 FCPATH\index.php(56): CodeIgniter\Boot::bootWeb(Object(Config\Paths))
CRITICAL - 2024-10-08 17:19:00 --> CodeIgniter\View\Exceptions\ViewException: Invalid file: "user/audit_user.php"
[Method: GET, Route: user/Assignedaudit]
in SYSTEMPATH\Exceptions\FrameworkException.php on line 41.
 1 SYSTEMPATH\View\View.php(222): CodeIgniter\Exceptions\FrameworkException::forInvalidFile('user/audit_user.php')
 2 SYSTEMPATH\Common.php(1169): CodeIgniter\View\View->render('user/audit_user', [], true)
 3 APPPATH\Controllers\UserController.php(38): view('user/audit_user')
 4 SYSTEMPATH\CodeIgniter.php(933): App\Controllers\UserController->Assignedaudit()
 5 SYSTEMPATH\CodeIgniter.php(509): CodeIgniter\CodeIgniter->runController(Object(App\Controllers\UserController))
 6 SYSTEMPATH\CodeIgniter.php(355): CodeIgniter\CodeIgniter->handleRequest(null, Object(Config\Cache), false)
 7 SYSTEMPATH\Boot.php(325): CodeIgniter\CodeIgniter->run()
 8 SYSTEMPATH\Boot.php(67): CodeIgniter\Boot::runCodeIgniter(Object(CodeIgniter\CodeIgniter))
 9 FCPATH\index.php(56): CodeIgniter\Boot::bootWeb(Object(Config\Paths))
CRITICAL - 2024-10-08 17:19:16 --> CodeIgniter\View\Exceptions\ViewException: Invalid file: "user/audit_user.php"
[Method: GET, Route: user/Assignedaudit]
in SYSTEMPATH\Exceptions\FrameworkException.php on line 41.
 1 SYSTEMPATH\View\View.php(222): CodeIgniter\Exceptions\FrameworkException::forInvalidFile('user/audit_user.php')
 2 SYSTEMPATH\Common.php(1169): CodeIgniter\View\View->render('user/audit_user', [], true)
 3 APPPATH\Controllers\UserController.php(37): view('user/audit_user')
 4 SYSTEMPATH\CodeIgniter.php(933): App\Controllers\UserController->Assignedaudit()
 5 SYSTEMPATH\CodeIgniter.php(509): CodeIgniter\CodeIgniter->runController(Object(App\Controllers\UserController))
 6 SYSTEMPATH\CodeIgniter.php(355): CodeIgniter\CodeIgniter->handleRequest(null, Object(Config\Cache), false)
 7 SYSTEMPATH\Boot.php(325): CodeIgniter\CodeIgniter->run()
 8 SYSTEMPATH\Boot.php(67): CodeIgniter\Boot::runCodeIgniter(Object(CodeIgniter\CodeIgniter))
 9 FCPATH\index.php(56): CodeIgniter\Boot::bootWeb(Object(Config\Paths))
CRITICAL - 2024-10-08 17:19:32 --> CodeIgniter\View\Exceptions\ViewException: Invalid file: "user/audit_user.php"
[Method: GET, Route: user/Assignedaudit]
in SYSTEMPATH\Exceptions\FrameworkException.php on line 41.
 1 SYSTEMPATH\View\View.php(222): CodeIgniter\Exceptions\FrameworkException::forInvalidFile('user/audit_user.php')
 2 SYSTEMPATH\Common.php(1169): CodeIgniter\View\View->render('user/audit_user', [], true)
 3 APPPATH\Controllers\UserController.php(38): view('user/audit_user')
 4 SYSTEMPATH\CodeIgniter.php(933): App\Controllers\UserController->Assignedaudit()
 5 SYSTEMPATH\CodeIgniter.php(509): CodeIgniter\CodeIgniter->runController(Object(App\Controllers\UserController))
 6 SYSTEMPATH\CodeIgniter.php(355): CodeIgniter\CodeIgniter->handleRequest(null, Object(Config\Cache), false)
 7 SYSTEMPATH\Boot.php(325): CodeIgniter\CodeIgniter->run()
 8 SYSTEMPATH\Boot.php(67): CodeIgniter\Boot::runCodeIgniter(Object(CodeIgniter\CodeIgniter))
 9 FCPATH\index.php(56): CodeIgniter\Boot::bootWeb(Object(Config\Paths))
CRITICAL - 2024-10-08 17:19:36 --> CodeIgniter\View\Exceptions\ViewException: Invalid file: "user/audit_user.php"
[Method: GET, Route: user/Assignedaudit]
in SYSTEMPATH\Exceptions\FrameworkException.php on line 41.
 1 SYSTEMPATH\View\View.php(222): CodeIgniter\Exceptions\FrameworkException::forInvalidFile('user/audit_user.php')
 2 SYSTEMPATH\Common.php(1169): CodeIgniter\View\View->render('user/audit_user', [], true)
 3 APPPATH\Controllers\UserController.php(34): view('user/audit_user')
 4 SYSTEMPATH\CodeIgniter.php(933): App\Controllers\UserController->Assignedaudit()
 5 SYSTEMPATH\CodeIgniter.php(509): CodeIgniter\CodeIgniter->runController(Object(App\Controllers\UserController))
 6 SYSTEMPATH\CodeIgniter.php(355): CodeIgniter\CodeIgniter->handleRequest(null, Object(Config\Cache), false)
 7 SYSTEMPATH\Boot.php(325): CodeIgniter\CodeIgniter->run()
 8 SYSTEMPATH\Boot.php(67): CodeIgniter\Boot::runCodeIgniter(Object(CodeIgniter\CodeIgniter))
 9 FCPATH\index.php(56): CodeIgniter\Boot::bootWeb(Object(Config\Paths))
CRITICAL - 2024-10-08 17:19:39 --> CodeIgniter\View\Exceptions\ViewException: Invalid file: "user/audit_user.php"
[Method: GET, Route: user/Assignedaudit]
in SYSTEMPATH\Exceptions\FrameworkException.php on line 41.
 1 SYSTEMPATH\View\View.php(222): CodeIgniter\Exceptions\FrameworkException::forInvalidFile('user/audit_user.php')
 2 SYSTEMPATH\Common.php(1169): CodeIgniter\View\View->render('user/audit_user', [], true)
 3 APPPATH\Controllers\UserController.php(34): view('user/audit_user')
 4 SYSTEMPATH\CodeIgniter.php(933): App\Controllers\UserController->Assignedaudit()
 5 SYSTEMPATH\CodeIgniter.php(509): CodeIgniter\CodeIgniter->runController(Object(App\Controllers\UserController))
 6 SYSTEMPATH\CodeIgniter.php(355): CodeIgniter\CodeIgniter->handleRequest(null, Object(Config\Cache), false)
 7 SYSTEMPATH\Boot.php(325): CodeIgniter\CodeIgniter->run()
 8 SYSTEMPATH\Boot.php(67): CodeIgniter\Boot::runCodeIgniter(Object(CodeIgniter\CodeIgniter))
 9 FCPATH\index.php(56): CodeIgniter\Boot::bootWeb(Object(Config\Paths))
INFO - 2024-10-08 17:23:35 --> Session: Class initialized using 'CodeIgniter\Session\Handlers\FileHandler' driver.
INFO - 2024-10-08 17:23:40 --> Session: Class initialized using 'CodeIgniter\Session\Handlers\FileHandler' driver.
INFO - 2024-10-08 17:23:54 --> Session: Class initialized using 'CodeIgniter\Session\Handlers\FileHandler' driver.
INFO - 2024-10-08 17:27:03 --> Session: Class initialized using 'CodeIgniter\Session\Handlers\FileHandler' driver.
INFO - 2024-10-08 17:36:11 --> Session: Class initialized using 'CodeIgniter\Session\Handlers\FileHandler' driver.
CRITICAL - 2024-10-08 17:36:23 --> ErrorException: require_once(../framework_ssii/app/Views/users/templates/ShowAudit/headerTemplate.php): Failed to open stream: No such file or directory
[Method: GET, Route: user/showAudit]
in APPPATH\Views\user\show_audit.php on line 3.
 1 APPPATH\Views\user\show_audit.php(3): CodeIgniter\Debug\Exceptions->errorHandler(2, 'require_once(../framework_ssii/app/Views/users/templates/ShowAudit/headerTemplate.php): Failed to open stream: No such file or directory', 'C:\\laragon\\www\\framework_ssii\\app\\Views\\user\\show_audit.php', 3)
 2 APPPATH\Views\user\show_audit.php(3): require_once()
 3 SYSTEMPATH\View\View.php(234): include('C:\\laragon\\www\\framework_ssii\\app\\Views\\user\\show_audit.php')
 4 SYSTEMPATH\View\View.php(237): CodeIgniter\View\View->CodeIgniter\View\{closure}()
 5 SYSTEMPATH\Common.php(1169): CodeIgniter\View\View->render('user/show_audit', [], true)
 6 APPPATH\Controllers\UserController.php(32): view('user/show_audit')
 7 SYSTEMPATH\CodeIgniter.php(933): App\Controllers\UserController->showAudit()
 8 SYSTEMPATH\CodeIgniter.php(509): CodeIgniter\CodeIgniter->runController(Object(App\Controllers\UserController))
 9 SYSTEMPATH\CodeIgniter.php(355): CodeIgniter\CodeIgniter->handleRequest(null, Object(Config\Cache), false)
10 SYSTEMPATH\Boot.php(325): CodeIgniter\CodeIgniter->run()
11 SYSTEMPATH\Boot.php(67): CodeIgniter\Boot::runCodeIgniter(Object(CodeIgniter\CodeIgniter))
12 FCPATH\index.php(56): CodeIgniter\Boot::bootWeb(Object(Config\Paths))
CRITICAL - 2024-10-08 17:37:59 --> ErrorException: require_once(../framework_ssii/app/Views/user/templates/ShowAudit/headerTemplate.php): Failed to open stream: No such file or directory
[Method: GET, Route: user/showAudit]
in APPPATH\Views\user\show_audit.php on line 3.
 1 APPPATH\Views\user\show_audit.php(3): CodeIgniter\Debug\Exceptions->errorHandler(2, 'require_once(../framework_ssii/app/Views/user/templates/ShowAudit/headerTemplate.php): Failed to open stream: No such file or directory', 'C:\\laragon\\www\\framework_ssii\\app\\Views\\user\\show_audit.php', 3)
 2 APPPATH\Views\user\show_audit.php(3): require_once()
 3 SYSTEMPATH\View\View.php(234): include('C:\\laragon\\www\\framework_ssii\\app\\Views\\user\\show_audit.php')
 4 SYSTEMPATH\View\View.php(237): CodeIgniter\View\View->CodeIgniter\View\{closure}()
 5 SYSTEMPATH\Common.php(1169): CodeIgniter\View\View->render('user/show_audit', [], true)
 6 APPPATH\Controllers\UserController.php(32): view('user/show_audit')
 7 SYSTEMPATH\CodeIgniter.php(933): App\Controllers\UserController->showAudit()
 8 SYSTEMPATH\CodeIgniter.php(509): CodeIgniter\CodeIgniter->runController(Object(App\Controllers\UserController))
 9 SYSTEMPATH\CodeIgniter.php(355): CodeIgniter\CodeIgniter->handleRequest(null, Object(Config\Cache), false)
10 SYSTEMPATH\Boot.php(325): CodeIgniter\CodeIgniter->run()
11 SYSTEMPATH\Boot.php(67): CodeIgniter\Boot::runCodeIgniter(Object(CodeIgniter\CodeIgniter))
12 FCPATH\index.php(56): CodeIgniter\Boot::bootWeb(Object(Config\Paths))
INFO - 2024-10-08 17:54:50 --> Session: Class initialized using 'CodeIgniter\Session\Handlers\FileHandler' driver.
INFO - 2024-10-08 17:55:13 --> Session: Class initialized using 'CodeIgniter\Session\Handlers\FileHandler' driver.
INFO - 2024-10-08 17:56:16 --> Session: Class initialized using 'CodeIgniter\Session\Handlers\FileHandler' driver.
INFO - 2024-10-08 17:56:21 --> Session: Class initialized using 'CodeIgniter\Session\Handlers\FileHandler' driver.
INFO - 2024-10-08 17:57:16 --> Session: Class initialized using 'CodeIgniter\Session\Handlers\FileHandler' driver.
INFO - 2024-10-08 17:57:50 --> Session: Class initialized using 'CodeIgniter\Session\Handlers\FileHandler' driver.
INFO - 2024-10-08 17:57:53 --> Session: Class initialized using 'CodeIgniter\Session\Handlers\FileHandler' driver.
INFO - 2024-10-08 17:57:55 --> Session: Class initialized using 'CodeIgniter\Session\Handlers\FileHandler' driver.
INFO - 2024-10-08 17:59:39 --> Session: Class initialized using 'CodeIgniter\Session\Handlers\FileHandler' driver.
INFO - 2024-10-08 17:59:40 --> Session: Class initialized using 'CodeIgniter\Session\Handlers\FileHandler' driver.
INFO - 2024-10-08 17:59:41 --> Session: Class initialized using 'CodeIgniter\Session\Handlers\FileHandler' driver.
INFO - 2024-10-08 17:59:47 --> Session: Class initialized using 'CodeIgniter\Session\Handlers\FileHandler' driver.
INFO - 2024-10-08 17:59:50 --> Session: Class initialized using 'CodeIgniter\Session\Handlers\FileHandler' driver.
INFO - 2024-10-08 17:59:54 --> Session: Class initialized using 'CodeIgniter\Session\Handlers\FileHandler' driver.
INFO - 2024-10-08 17:59:56 --> Session: Class initialized using 'CodeIgniter\Session\Handlers\FileHandler' driver.
INFO - 2024-10-08 17:59:58 --> Session: Class initialized using 'CodeIgniter\Session\Handlers\FileHandler' driver.
INFO - 2024-10-08 18:00:22 --> Session: Class initialized using 'CodeIgniter\Session\Handlers\FileHandler' driver.
INFO - 2024-10-08 18:02:17 --> Session: Class initialized using 'CodeIgniter\Session\Handlers\FileHandler' driver.
INFO - 2024-10-08 18:04:30 --> Session: Class initialized using 'CodeIgniter\Session\Handlers\FileHandler' driver.
INFO - 2024-10-08 18:04:33 --> Session: Class initialized using 'CodeIgniter\Session\Handlers\FileHandler' driver.
INFO - 2024-10-08 18:04:35 --> Session: Class initialized using 'CodeIgniter\Session\Handlers\FileHandler' driver.
INFO - 2024-10-08 18:04:57 --> Session: Class initialized using 'CodeIgniter\Session\Handlers\FileHandler' driver.
INFO - 2024-10-08 18:05:02 --> Session: Class initialized using 'CodeIgniter\Session\Handlers\FileHandler' driver.
INFO - 2024-10-08 18:05:09 --> Session: Class initialized using 'CodeIgniter\Session\Handlers\FileHandler' driver.
CRITICAL - 2024-10-08 18:09:35 --> ErrorException: require_once(../framework_ssii/app/Views/user/templates/AuditDetails/selectionLeft.php): Failed to open stream: No such file or directory
[Method: GET, Route: user/showAudit]
in APPPATH\Views\user\show_audit.php on line 7.
 1 APPPATH\Views\user\show_audit.php(7): CodeIgniter\Debug\Exceptions->errorHandler(2, 'require_once(../framework_ssii/app/Views/user/templates/AuditDetails/selectionLeft.php): Failed to open stream: No such file or directory', 'C:\\laragon\\www\\framework_ssii\\app\\Views\\user\\show_audit.php', 7)
 2 APPPATH\Views\user\show_audit.php(7): require_once()
 3 SYSTEMPATH\View\View.php(234): include('C:\\laragon\\www\\framework_ssii\\app\\Views\\user\\show_audit.php')
 4 SYSTEMPATH\View\View.php(237): CodeIgniter\View\View->CodeIgniter\View\{closure}()
 5 SYSTEMPATH\Common.php(1169): CodeIgniter\View\View->render('user/show_audit', [], true)
 6 APPPATH\Controllers\UserController.php(32): view('user/show_audit')
 7 SYSTEMPATH\CodeIgniter.php(933): App\Controllers\UserController->showAudit()
 8 SYSTEMPATH\CodeIgniter.php(509): CodeIgniter\CodeIgniter->runController(Object(App\Controllers\UserController))
 9 SYSTEMPATH\CodeIgniter.php(355): CodeIgniter\CodeIgniter->handleRequest(null, Object(Config\Cache), false)
10 SYSTEMPATH\Boot.php(325): CodeIgniter\CodeIgniter->run()
11 SYSTEMPATH\Boot.php(67): CodeIgniter\Boot::runCodeIgniter(Object(CodeIgniter\CodeIgniter))
12 FCPATH\index.php(56): CodeIgniter\Boot::bootWeb(Object(Config\Paths))
INFO - 2024-10-08 18:10:47 --> Session: Class initialized using 'CodeIgniter\Session\Handlers\FileHandler' driver.
INFO - 2024-10-08 18:11:43 --> Session: Class initialized using 'CodeIgniter\Session\Handlers\FileHandler' driver.
INFO - 2024-10-08 18:13:16 --> Session: Class initialized using 'CodeIgniter\Session\Handlers\FileHandler' driver.
INFO - 2024-10-08 18:14:20 --> Session: Class initialized using 'CodeIgniter\Session\Handlers\FileHandler' driver.
INFO - 2024-10-08 18:16:46 --> Session: Class initialized using 'CodeIgniter\Session\Handlers\FileHandler' driver.
INFO - 2024-10-08 18:16:50 --> Session: Class initialized using 'CodeIgniter\Session\Handlers\FileHandler' driver.
INFO - 2024-10-08 18:18:04 --> Session: Class initialized using 'CodeIgniter\Session\Handlers\FileHandler' driver.
INFO - 2024-10-08 18:18:07 --> Session: Class initialized using 'CodeIgniter\Session\Handlers\FileHandler' driver.
