INFO - 2024-10-19 18:25:30 --> Session: Class initialized using 'CodeIgniter\Session\Handlers\FileHandler' driver.
ERROR - 2024-10-19 18:25:30 --> mysqli_sql_exception: Table 'auditoria_capas.users' doesn't exist in D:\laragon\www\capas.com\system\Database\MySQLi\Connection.php:312
Stack trace:
#0 D:\laragon\www\capas.com\system\Database\MySQLi\Connection.php(312): mysqli->query('SELECT `id_user...', 0)
#1 D:\laragon\www\capas.com\system\Database\BaseConnection.php(734): CodeIgniter\Database\MySQLi\Connection->execute('SELECT `id_user...')
#2 D:\laragon\www\capas.com\system\Database\BaseConnection.php(648): CodeIgniter\Database\BaseConnection->simpleQuery('SELECT `id_user...')
#3 D:\laragon\www\capas.com\system\Database\BaseBuilder.php(1644): CodeIgniter\Database\BaseConnection->query('SELECT `id_user...', Array, false)
#4 D:\laragon\www\capas.com\app\Models\AuthModel.php(30): CodeIgniter\Database\BaseBuilder->get()
#5 D:\laragon\www\capas.com\app\Controllers\AuthController.php(43): App\Models\AuthModel->authenticate('orlandoramosper...', 'hola')
#6 D:\laragon\www\capas.com\system\CodeIgniter.php(933): App\Controllers\AuthController->login()
#7 D:\laragon\www\capas.com\system\CodeIgniter.php(509): CodeIgniter\CodeIgniter->runController(Object(App\Controllers\AuthController))
#8 D:\laragon\www\capas.com\system\CodeIgniter.php(355): CodeIgniter\CodeIgniter->handleRequest(NULL, Object(Config\Cache), false)
#9 D:\laragon\www\capas.com\system\Boot.php(325): CodeIgniter\CodeIgniter->run()
#10 D:\laragon\www\capas.com\system\Boot.php(67): CodeIgniter\Boot::runCodeIgniter(Object(CodeIgniter\CodeIgniter))
#11 D:\laragon\www\capas.com\index.php(56): CodeIgniter\Boot::bootWeb(Object(Config\Paths))
#12 {main}
CRITICAL - 2024-10-19 18:25:30 --> CodeIgniter\Database\Exceptions\DatabaseException: Table 'auditoria_capas.users' doesn't exist
[Method: POST, Route: auth/login]
in SYSTEMPATH\Database\BaseConnection.php on line 688.
 1 SYSTEMPATH\Database\BaseBuilder.php(1644): CodeIgniter\Database\BaseConnection->query('SELECT `id_user`, `email`, `name`, `firstName`, `lastName`, `status`, `password`, `privileges`
FROM `users`
WHERE `email` = :email:
AND `status` = :status:', [...], false)
 2 APPPATH\Models\AuthModel.php(30): CodeIgniter\Database\BaseBuilder->get()
 3 APPPATH\Controllers\AuthController.php(43): App\Models\AuthModel->authenticate('orlandoramosperez26@gmail.com', 'hola')
 4 SYSTEMPATH\CodeIgniter.php(933): App\Controllers\AuthController->login()
 5 SYSTEMPATH\CodeIgniter.php(509): CodeIgniter\CodeIgniter->runController(Object(App\Controllers\AuthController))
 6 SYSTEMPATH\CodeIgniter.php(355): CodeIgniter\CodeIgniter->handleRequest(null, Object(Config\Cache), false)
 7 SYSTEMPATH\Boot.php(325): CodeIgniter\CodeIgniter->run()
 8 SYSTEMPATH\Boot.php(67): CodeIgniter\Boot::runCodeIgniter(Object(CodeIgniter\CodeIgniter))
 9 FCPATH\index.php(56): CodeIgniter\Boot::bootWeb(Object(Config\Paths))
CRITICAL - 2024-10-19 18:25:30 --> [Caused by] CodeIgniter\Database\Exceptions\DatabaseException: Table 'auditoria_capas.users' doesn't exist
in SYSTEMPATH\Database\MySQLi\Connection.php on line 317.
 1 SYSTEMPATH\Database\BaseConnection.php(734): CodeIgniter\Database\MySQLi\Connection->execute('SELECT `id_user`, `email`, `name`, `firstName`, `lastName`, `status`, `password`, `privileges`
FROM `users`
WHERE `email` = \'orlandoramosperez26@gmail.com\'
AND `status` = 1')
 2 SYSTEMPATH\Database\BaseConnection.php(648): CodeIgniter\Database\BaseConnection->simpleQuery('SELECT `id_user`, `email`, `name`, `firstName`, `lastName`, `status`, `password`, `privileges`
FROM `users`
WHERE `email` = \'orlandoramosperez26@gmail.com\'
AND `status` = 1')
 3 SYSTEMPATH\Database\BaseBuilder.php(1644): CodeIgniter\Database\BaseConnection->query('SELECT `id_user`, `email`, `name`, `firstName`, `lastName`, `status`, `password`, `privileges`
FROM `users`
WHERE `email` = :email:
AND `status` = :status:', [...], false)
 4 APPPATH\Models\AuthModel.php(30): CodeIgniter\Database\BaseBuilder->get()
 5 APPPATH\Controllers\AuthController.php(43): App\Models\AuthModel->authenticate('orlandoramosperez26@gmail.com', 'hola')
 6 SYSTEMPATH\CodeIgniter.php(933): App\Controllers\AuthController->login()
 7 SYSTEMPATH\CodeIgniter.php(509): CodeIgniter\CodeIgniter->runController(Object(App\Controllers\AuthController))
 8 SYSTEMPATH\CodeIgniter.php(355): CodeIgniter\CodeIgniter->handleRequest(null, Object(Config\Cache), false)
 9 SYSTEMPATH\Boot.php(325): CodeIgniter\CodeIgniter->run()
10 SYSTEMPATH\Boot.php(67): CodeIgniter\Boot::runCodeIgniter(Object(CodeIgniter\CodeIgniter))
11 FCPATH\index.php(56): CodeIgniter\Boot::bootWeb(Object(Config\Paths))
CRITICAL - 2024-10-19 18:25:30 --> [Caused by] mysqli_sql_exception: Table 'auditoria_capas.users' doesn't exist
in SYSTEMPATH\Database\MySQLi\Connection.php on line 312.
 1 SYSTEMPATH\Database\MySQLi\Connection.php(312): mysqli->query('SELECT `id_user`, `email`, `name`, `firstName`, `lastName`, `status`, `password`, `privileges`
FROM `users`
WHERE `email` = \'orlandoramosperez26@gmail.com\'
AND `status` = 1', 0)
 2 SYSTEMPATH\Database\BaseConnection.php(734): CodeIgniter\Database\MySQLi\Connection->execute('SELECT `id_user`, `email`, `name`, `firstName`, `lastName`, `status`, `password`, `privileges`
FROM `users`
WHERE `email` = \'orlandoramosperez26@gmail.com\'
AND `status` = 1')
 3 SYSTEMPATH\Database\BaseConnection.php(648): CodeIgniter\Database\BaseConnection->simpleQuery('SELECT `id_user`, `email`, `name`, `firstName`, `lastName`, `status`, `password`, `privileges`
FROM `users`
WHERE `email` = \'orlandoramosperez26@gmail.com\'
AND `status` = 1')
 4 SYSTEMPATH\Database\BaseBuilder.php(1644): CodeIgniter\Database\BaseConnection->query('SELECT `id_user`, `email`, `name`, `firstName`, `lastName`, `status`, `password`, `privileges`
FROM `users`
WHERE `email` = :email:
AND `status` = :status:', [...], false)
 5 APPPATH\Models\AuthModel.php(30): CodeIgniter\Database\BaseBuilder->get()
 6 APPPATH\Controllers\AuthController.php(43): App\Models\AuthModel->authenticate('orlandoramosperez26@gmail.com', 'hola')
 7 SYSTEMPATH\CodeIgniter.php(933): App\Controllers\AuthController->login()
 8 SYSTEMPATH\CodeIgniter.php(509): CodeIgniter\CodeIgniter->runController(Object(App\Controllers\AuthController))
 9 SYSTEMPATH\CodeIgniter.php(355): CodeIgniter\CodeIgniter->handleRequest(null, Object(Config\Cache), false)
10 SYSTEMPATH\Boot.php(325): CodeIgniter\CodeIgniter->run()
11 SYSTEMPATH\Boot.php(67): CodeIgniter\Boot::runCodeIgniter(Object(CodeIgniter\CodeIgniter))
12 FCPATH\index.php(56): CodeIgniter\Boot::bootWeb(Object(Config\Paths))
INFO - 2024-10-19 18:25:36 --> Session: Class initialized using 'CodeIgniter\Session\Handlers\FileHandler' driver.
ERROR - 2024-10-19 18:25:36 --> mysqli_sql_exception: Table 'auditoria_capas.users' doesn't exist in D:\laragon\www\capas.com\system\Database\MySQLi\Connection.php:312
Stack trace:
#0 D:\laragon\www\capas.com\system\Database\MySQLi\Connection.php(312): mysqli->query('SELECT `id_user...', 0)
#1 D:\laragon\www\capas.com\system\Database\BaseConnection.php(734): CodeIgniter\Database\MySQLi\Connection->execute('SELECT `id_user...')
#2 D:\laragon\www\capas.com\system\Database\BaseConnection.php(648): CodeIgniter\Database\BaseConnection->simpleQuery('SELECT `id_user...')
#3 D:\laragon\www\capas.com\system\Database\BaseBuilder.php(1644): CodeIgniter\Database\BaseConnection->query('SELECT `id_user...', Array, false)
#4 D:\laragon\www\capas.com\app\Models\AuthModel.php(30): CodeIgniter\Database\BaseBuilder->get()
#5 D:\laragon\www\capas.com\app\Controllers\AuthController.php(43): App\Models\AuthModel->authenticate('orlandoramosper...', 'Ramos123')
#6 D:\laragon\www\capas.com\system\CodeIgniter.php(933): App\Controllers\AuthController->login()
#7 D:\laragon\www\capas.com\system\CodeIgniter.php(509): CodeIgniter\CodeIgniter->runController(Object(App\Controllers\AuthController))
#8 D:\laragon\www\capas.com\system\CodeIgniter.php(355): CodeIgniter\CodeIgniter->handleRequest(NULL, Object(Config\Cache), false)
#9 D:\laragon\www\capas.com\system\Boot.php(325): CodeIgniter\CodeIgniter->run()
#10 D:\laragon\www\capas.com\system\Boot.php(67): CodeIgniter\Boot::runCodeIgniter(Object(CodeIgniter\CodeIgniter))
#11 D:\laragon\www\capas.com\index.php(56): CodeIgniter\Boot::bootWeb(Object(Config\Paths))
#12 {main}
CRITICAL - 2024-10-19 18:25:36 --> CodeIgniter\Database\Exceptions\DatabaseException: Table 'auditoria_capas.users' doesn't exist
[Method: POST, Route: auth/login]
in SYSTEMPATH\Database\BaseConnection.php on line 688.
 1 SYSTEMPATH\Database\BaseBuilder.php(1644): CodeIgniter\Database\BaseConnection->query('SELECT `id_user`, `email`, `name`, `firstName`, `lastName`, `status`, `password`, `privileges`
FROM `users`
WHERE `email` = :email:
AND `status` = :status:', [...], false)
 2 APPPATH\Models\AuthModel.php(30): CodeIgniter\Database\BaseBuilder->get()
 3 APPPATH\Controllers\AuthController.php(43): App\Models\AuthModel->authenticate('orlandoramosperez26@gmail.com', 'Ramos123')
 4 SYSTEMPATH\CodeIgniter.php(933): App\Controllers\AuthController->login()
 5 SYSTEMPATH\CodeIgniter.php(509): CodeIgniter\CodeIgniter->runController(Object(App\Controllers\AuthController))
 6 SYSTEMPATH\CodeIgniter.php(355): CodeIgniter\CodeIgniter->handleRequest(null, Object(Config\Cache), false)
 7 SYSTEMPATH\Boot.php(325): CodeIgniter\CodeIgniter->run()
 8 SYSTEMPATH\Boot.php(67): CodeIgniter\Boot::runCodeIgniter(Object(CodeIgniter\CodeIgniter))
 9 FCPATH\index.php(56): CodeIgniter\Boot::bootWeb(Object(Config\Paths))
CRITICAL - 2024-10-19 18:25:36 --> [Caused by] CodeIgniter\Database\Exceptions\DatabaseException: Table 'auditoria_capas.users' doesn't exist
in SYSTEMPATH\Database\MySQLi\Connection.php on line 317.
 1 SYSTEMPATH\Database\BaseConnection.php(734): CodeIgniter\Database\MySQLi\Connection->execute('SELECT `id_user`, `email`, `name`, `firstName`, `lastName`, `status`, `password`, `privileges`
FROM `users`
WHERE `email` = \'orlandoramosperez26@gmail.com\'
AND `status` = 1')
 2 SYSTEMPATH\Database\BaseConnection.php(648): CodeIgniter\Database\BaseConnection->simpleQuery('SELECT `id_user`, `email`, `name`, `firstName`, `lastName`, `status`, `password`, `privileges`
FROM `users`
WHERE `email` = \'orlandoramosperez26@gmail.com\'
AND `status` = 1')
 3 SYSTEMPATH\Database\BaseBuilder.php(1644): CodeIgniter\Database\BaseConnection->query('SELECT `id_user`, `email`, `name`, `firstName`, `lastName`, `status`, `password`, `privileges`
FROM `users`
WHERE `email` = :email:
AND `status` = :status:', [...], false)
 4 APPPATH\Models\AuthModel.php(30): CodeIgniter\Database\BaseBuilder->get()
 5 APPPATH\Controllers\AuthController.php(43): App\Models\AuthModel->authenticate('orlandoramosperez26@gmail.com', 'Ramos123')
 6 SYSTEMPATH\CodeIgniter.php(933): App\Controllers\AuthController->login()
 7 SYSTEMPATH\CodeIgniter.php(509): CodeIgniter\CodeIgniter->runController(Object(App\Controllers\AuthController))
 8 SYSTEMPATH\CodeIgniter.php(355): CodeIgniter\CodeIgniter->handleRequest(null, Object(Config\Cache), false)
 9 SYSTEMPATH\Boot.php(325): CodeIgniter\CodeIgniter->run()
10 SYSTEMPATH\Boot.php(67): CodeIgniter\Boot::runCodeIgniter(Object(CodeIgniter\CodeIgniter))
11 FCPATH\index.php(56): CodeIgniter\Boot::bootWeb(Object(Config\Paths))
CRITICAL - 2024-10-19 18:25:36 --> [Caused by] mysqli_sql_exception: Table 'auditoria_capas.users' doesn't exist
in SYSTEMPATH\Database\MySQLi\Connection.php on line 312.
 1 SYSTEMPATH\Database\MySQLi\Connection.php(312): mysqli->query('SELECT `id_user`, `email`, `name`, `firstName`, `lastName`, `status`, `password`, `privileges`
FROM `users`
WHERE `email` = \'orlandoramosperez26@gmail.com\'
AND `status` = 1', 0)
 2 SYSTEMPATH\Database\BaseConnection.php(734): CodeIgniter\Database\MySQLi\Connection->execute('SELECT `id_user`, `email`, `name`, `firstName`, `lastName`, `status`, `password`, `privileges`
FROM `users`
WHERE `email` = \'orlandoramosperez26@gmail.com\'
AND `status` = 1')
 3 SYSTEMPATH\Database\BaseConnection.php(648): CodeIgniter\Database\BaseConnection->simpleQuery('SELECT `id_user`, `email`, `name`, `firstName`, `lastName`, `status`, `password`, `privileges`
FROM `users`
WHERE `email` = \'orlandoramosperez26@gmail.com\'
AND `status` = 1')
 4 SYSTEMPATH\Database\BaseBuilder.php(1644): CodeIgniter\Database\BaseConnection->query('SELECT `id_user`, `email`, `name`, `firstName`, `lastName`, `status`, `password`, `privileges`
FROM `users`
WHERE `email` = :email:
AND `status` = :status:', [...], false)
 5 APPPATH\Models\AuthModel.php(30): CodeIgniter\Database\BaseBuilder->get()
 6 APPPATH\Controllers\AuthController.php(43): App\Models\AuthModel->authenticate('orlandoramosperez26@gmail.com', 'Ramos123')
 7 SYSTEMPATH\CodeIgniter.php(933): App\Controllers\AuthController->login()
 8 SYSTEMPATH\CodeIgniter.php(509): CodeIgniter\CodeIgniter->runController(Object(App\Controllers\AuthController))
 9 SYSTEMPATH\CodeIgniter.php(355): CodeIgniter\CodeIgniter->handleRequest(null, Object(Config\Cache), false)
10 SYSTEMPATH\Boot.php(325): CodeIgniter\CodeIgniter->run()
11 SYSTEMPATH\Boot.php(67): CodeIgniter\Boot::runCodeIgniter(Object(CodeIgniter\CodeIgniter))
12 FCPATH\index.php(56): CodeIgniter\Boot::bootWeb(Object(Config\Paths))
