INFO - 2024-09-26 22:26:52 --> Session: Class initialized using 'CodeIgniter\Session\Handlers\FileHandler' driver.
ERROR - 2024-09-26 22:27:06 --> Email: sendWithSmtp throwed ErrorException: fsockopen(): SSL: Se ha forzado la interrupción de una conexión existente por el host remoto in C:\laragon\www\framework_ssii\system\Email\Email.php:1896
Stack trace:
#0 [internal function]: CodeIgniter\Debug\Exceptions->errorHandler(2, 'fsockopen(): SS...', 'C:\\laragon\\www\\...', 1896)
#1 C:\laragon\www\framework_ssii\system\Email\Email.php(1896): fsockopen('ssl://smtp.gmai...', 465, NULL, NULL, 5)
#2 C:\laragon\www\framework_ssii\system\Email\Email.php(1809): CodeIgniter\Email\Email->SMTPConnect()
#3 C:\laragon\www\framework_ssii\system\Email\Email.php(1694): CodeIgniter\Email\Email->sendWithSmtp()
#4 C:\laragon\www\framework_ssii\system\Email\Email.php(1589): CodeIgniter\Email\Email->spoolEmail()
#5 C:\laragon\www\framework_ssii\app\Controllers\AdminController.php(87): CodeIgniter\Email\Email->send()
#6 C:\laragon\www\framework_ssii\app\Controllers\AdminController.php(67): App\Controllers\AdminController->sendVerificationEmail('orlandoramosper...', '2140f66be5f6da6...')
#7 C:\laragon\www\framework_ssii\system\CodeIgniter.php(933): App\Controllers\AdminController->insertData()
#8 C:\laragon\www\framework_ssii\system\CodeIgniter.php(509): CodeIgniter\CodeIgniter->runController(Object(App\Controllers\AdminController))
#9 C:\laragon\www\framework_ssii\system\CodeIgniter.php(355): CodeIgniter\CodeIgniter->handleRequest(NULL, Object(Config\Cache), false)
#10 C:\laragon\www\framework_ssii\system\Boot.php(325): CodeIgniter\CodeIgniter->run()
#11 C:\laragon\www\framework_ssii\system\Boot.php(67): CodeIgniter\Boot::runCodeIgniter(Object(CodeIgniter\CodeIgniter))
#12 C:\laragon\www\framework_ssii\index.php(56): CodeIgniter\Boot::bootWeb(Object(Config\Paths))
#13 {main}
ERROR - 2024-09-26 22:27:06 --> Email: Unable to send email using SMTP. Your server might not be configured to send mail using this method.
ERROR - 2024-09-26 22:27:06 --> 
ERROR - 2024-09-26 22:27:06 --> No se pudo enviar el correo de verificación a orlandoramosperez26@gmail.com
