INFO - 2024-12-03 16:34:53 --> Correo de restablecimiento enviado a orlando.ramos@dart.biz
CRITICAL - 2024-12-03 16:39:37 --> ErrorException: Undefined variable $token
[Method: GET, Route: user/recoverPassword]
in APPPATH\Views\user\reset_password.php on line 24.
 1 APPPATH\Views\user\reset_password.php(24): CodeIgniter\Debug\Exceptions->errorHandler(2, 'Undefined variable $token', 'C:\\laragon\\www\\capas.com\\app\\Views\\user\\reset_password.php', 24)
 2 SYSTEMPATH\View\View.php(234): include('C:\\laragon\\www\\capas.com\\app\\Views\\user\\reset_password.php')
 3 SYSTEMPATH\View\View.php(237): CodeIgniter\View\View->CodeIgniter\View\{closure}()
 4 SYSTEMPATH\Common.php(1169): CodeIgniter\View\View->render('user/reset_password', [], true)
 5 APPPATH\Controllers\UserController.php(18): view('user/reset_password')
 6 SYSTEMPATH\CodeIgniter.php(933): App\Controllers\UserController->recoverPassword()
 7 SYSTEMPATH\CodeIgniter.php(509): CodeIgniter\CodeIgniter->runController(Object(App\Controllers\UserController))
 8 SYSTEMPATH\CodeIgniter.php(355): CodeIgniter\CodeIgniter->handleRequest(null, Object(Config\Cache), false)
 9 SYSTEMPATH\Boot.php(325): CodeIgniter\CodeIgniter->run()
10 SYSTEMPATH\Boot.php(67): CodeIgniter\Boot::runCodeIgniter(Object(CodeIgniter\CodeIgniter))
11 FCPATH\index.php(56): CodeIgniter\Boot::bootWeb(Object(Config\Paths))
CRITICAL - 2024-12-03 16:39:50 --> ErrorException: Undefined variable $token
[Method: GET, Route: user/recoverPassword]
in APPPATH\Views\user\reset_password.php on line 24.
 1 APPPATH\Views\user\reset_password.php(24): CodeIgniter\Debug\Exceptions->errorHandler(2, 'Undefined variable $token', 'C:\\laragon\\www\\capas.com\\app\\Views\\user\\reset_password.php', 24)
 2 SYSTEMPATH\View\View.php(234): include('C:\\laragon\\www\\capas.com\\app\\Views\\user\\reset_password.php')
 3 SYSTEMPATH\View\View.php(237): CodeIgniter\View\View->CodeIgniter\View\{closure}()
 4 SYSTEMPATH\Common.php(1169): CodeIgniter\View\View->render('user/reset_password', [], true)
 5 APPPATH\Controllers\UserController.php(18): view('user/reset_password')
 6 SYSTEMPATH\CodeIgniter.php(933): App\Controllers\UserController->recoverPassword()
 7 SYSTEMPATH\CodeIgniter.php(509): CodeIgniter\CodeIgniter->runController(Object(App\Controllers\UserController))
 8 SYSTEMPATH\CodeIgniter.php(355): CodeIgniter\CodeIgniter->handleRequest(null, Object(Config\Cache), false)
 9 SYSTEMPATH\Boot.php(325): CodeIgniter\CodeIgniter->run()
10 SYSTEMPATH\Boot.php(67): CodeIgniter\Boot::runCodeIgniter(Object(CodeIgniter\CodeIgniter))
11 FCPATH\index.php(56): CodeIgniter\Boot::bootWeb(Object(Config\Paths))
INFO - 2024-12-03 17:34:08 --> Session: Class initialized using 'CodeIgniter\Session\Handlers\FileHandler' driver.
INFO - 2024-12-03 17:34:18 --> Correo de restablecimiento enviado a orlando.ramos@dart.biz
INFO - 2024-12-03 17:54:51 --> Session: Class initialized using 'CodeIgniter\Session\Handlers\FileHandler' driver.
INFO - 2024-12-03 17:54:57 --> Correo de restablecimiento enviado a orlando.ramos@dart.biz
INFO - 2024-12-03 17:56:53 --> Session: Class initialized using 'CodeIgniter\Session\Handlers\FileHandler' driver.
INFO - 2024-12-03 17:57:02 --> Correo de restablecimiento enviado a orlando.ramos@dart.biz
INFO - 2024-12-03 18:00:28 --> Correo de restablecimiento enviado a orlando.ramos@dart.biz
INFO - 2024-12-03 18:02:43 --> Session: Class initialized using 'CodeIgniter\Session\Handlers\FileHandler' driver.
INFO - 2024-12-03 18:03:11 --> Correo de restablecimiento enviado a orlando.ramos@dart.biz
INFO - 2024-12-03 18:18:25 --> Session: Class initialized using 'CodeIgniter\Session\Handlers\FileHandler' driver.
INFO - 2024-12-03 18:19:00 --> Session: Class initialized using 'CodeIgniter\Session\Handlers\FileHandler' driver.
INFO - 2024-12-03 18:19:05 --> Correo de restablecimiento enviado a orlando.ramos@dart.biz
INFO - 2024-12-03 18:20:16 --> Correo de restablecimiento enviado a orlando.ramos@dart.biz
INFO - 2024-12-03 18:21:03 --> Session: Class initialized using 'CodeIgniter\Session\Handlers\FileHandler' driver.
INFO - 2024-12-03 18:21:13 --> Correo de restablecimiento enviado a orlando.ramos@dart.biz
INFO - 2024-12-03 18:22:12 --> Session: Class initialized using 'CodeIgniter\Session\Handlers\FileHandler' driver.
INFO - 2024-12-03 18:23:19 --> Session: Class initialized using 'CodeIgniter\Session\Handlers\FileHandler' driver.
INFO - 2024-12-03 18:23:24 --> Correo de restablecimiento enviado a orlando.ramos@dart.biz
INFO - 2024-12-03 18:26:38 --> Session: Class initialized using 'CodeIgniter\Session\Handlers\FileHandler' driver.
INFO - 2024-12-03 18:36:37 --> Session: Class initialized using 'CodeIgniter\Session\Handlers\FileHandler' driver.
INFO - 2024-12-03 18:36:38 --> Session: Class initialized using 'CodeIgniter\Session\Handlers\FileHandler' driver.
INFO - 2024-12-03 18:36:47 --> Session: Class initialized using 'CodeIgniter\Session\Handlers\FileHandler' driver.
INFO - 2024-12-03 18:38:18 --> Session: Class initialized using 'CodeIgniter\Session\Handlers\FileHandler' driver.
INFO - 2024-12-03 18:38:30 --> Correo de restablecimiento enviado a orlando.ramos@dart.biz
CRITICAL - 2024-12-03 18:38:59 --> CodeIgniter\HTTP\Exceptions\BadRequestException: The URI you submitted has disallowed characters: "<"
[Method: POST, Route: user/reset-password/%3C]
in SYSTEMPATH\Router\Router.php on line 737.
 1 SYSTEMPATH\Router\Router.php(204): CodeIgniter\Router\Router->checkDisallowedChars('user/reset-password/<')
 2 SYSTEMPATH\CodeIgniter.php(834): CodeIgniter\Router\Router->handle('user/reset-password/<')
 3 SYSTEMPATH\CodeIgniter.php(457): CodeIgniter\CodeIgniter->tryToRouteIt(Object(CodeIgniter\Router\RouteCollection))
 4 SYSTEMPATH\CodeIgniter.php(355): CodeIgniter\CodeIgniter->handleRequest(null, Object(Config\Cache), false)
 5 SYSTEMPATH\Boot.php(325): CodeIgniter\CodeIgniter->run()
 6 SYSTEMPATH\Boot.php(67): CodeIgniter\Boot::runCodeIgniter(Object(CodeIgniter\CodeIgniter))
 7 FCPATH\index.php(56): CodeIgniter\Boot::bootWeb(Object(Config\Paths))
CRITICAL - 2024-12-03 18:41:04 --> ParseError: syntax error, unexpected token ";", expecting ")"
[Method: GET, Route: user/reset-password/login]
in APPPATH\Controllers\UserController.php on line 58.
 1 SYSTEMPATH\Autoloader\Autoloader.php(296): CodeIgniter\Autoloader\Autoloader->includeFile('C:\\laragon\\www\\capas.com\\app\\Controllers\\UserController.php')
 2 SYSTEMPATH\Autoloader\Autoloader.php(272): CodeIgniter\Autoloader\Autoloader->loadInNamespace('App\\Controllers\\UserController')
 3 [internal function]: CodeIgniter\Autoloader\Autoloader->loadClass('App\\Controllers\\UserController')
 4 SYSTEMPATH\CodeIgniter.php(887): class_exists('\\App\\Controllers\\UserController', true)
 5 SYSTEMPATH\CodeIgniter.php(496): CodeIgniter\CodeIgniter->startController()
 6 SYSTEMPATH\CodeIgniter.php(355): CodeIgniter\CodeIgniter->handleRequest(null, Object(Config\Cache), false)
 7 SYSTEMPATH\Boot.php(325): CodeIgniter\CodeIgniter->run()
 8 SYSTEMPATH\Boot.php(67): CodeIgniter\Boot::runCodeIgniter(Object(CodeIgniter\CodeIgniter))
 9 FCPATH\index.php(56): CodeIgniter\Boot::bootWeb(Object(Config\Paths))
ERROR - 2024-12-03 18:48:13 --> mysqli_sql_exception: Unknown column 'token' in 'where clause' in C:\laragon\www\capas.com\system\Database\MySQLi\Connection.php:312
Stack trace:
#0 C:\laragon\www\capas.com\system\Database\MySQLi\Connection.php(312): mysqli->query('SELECT *\nFROM `...', 0)
#1 C:\laragon\www\capas.com\system\Database\BaseConnection.php(734): CodeIgniter\Database\MySQLi\Connection->execute('SELECT *\nFROM `...')
#2 C:\laragon\www\capas.com\system\Database\BaseConnection.php(648): CodeIgniter\Database\BaseConnection->simpleQuery('SELECT *\nFROM `...')
#3 C:\laragon\www\capas.com\system\Database\BaseBuilder.php(1644): CodeIgniter\Database\BaseConnection->query('SELECT *\nFROM `...', Array, false)
#4 C:\laragon\www\capas.com\system\Model.php(330): CodeIgniter\Database\BaseBuilder->get()
#5 C:\laragon\www\capas.com\system\BaseModel.php(714): CodeIgniter\Model->doFirst()
#6 C:\laragon\www\capas.com\app\Models\AuthModel.php(28): CodeIgniter\BaseModel->first()
#7 C:\laragon\www\capas.com\app\Controllers\UserController.php(62): App\Models\AuthModel->validateToken('a4141da2a9a76e7...')
#8 C:\laragon\www\capas.com\system\CodeIgniter.php(933): App\Controllers\UserController->resetPassword()
#9 C:\laragon\www\capas.com\system\CodeIgniter.php(509): CodeIgniter\CodeIgniter->runController(Object(App\Controllers\UserController))
#10 C:\laragon\www\capas.com\system\CodeIgniter.php(355): CodeIgniter\CodeIgniter->handleRequest(NULL, Object(Config\Cache), false)
#11 C:\laragon\www\capas.com\system\Boot.php(325): CodeIgniter\CodeIgniter->run()
#12 C:\laragon\www\capas.com\system\Boot.php(67): CodeIgniter\Boot::runCodeIgniter(Object(CodeIgniter\CodeIgniter))
#13 C:\laragon\www\capas.com\index.php(56): CodeIgniter\Boot::bootWeb(Object(Config\Paths))
#14 {main}
CRITICAL - 2024-12-03 18:48:13 --> CodeIgniter\Database\Exceptions\DatabaseException: Unknown column 'token' in 'where clause'
[Method: POST, Route: user/resetPassword]
in SYSTEMPATH\Database\BaseConnection.php on line 688.
 1 SYSTEMPATH\Database\BaseBuilder.php(1644): CodeIgniter\Database\BaseConnection->query('SELECT *
FROM `users`
WHERE `token` = :token:
 LIMIT 1', [...], false)
 2 SYSTEMPATH\Model.php(330): CodeIgniter\Database\BaseBuilder->get()
 3 SYSTEMPATH\BaseModel.php(714): CodeIgniter\Model->doFirst()
 4 APPPATH\Models\AuthModel.php(28): CodeIgniter\BaseModel->first()
 5 APPPATH\Controllers\UserController.php(62): App\Models\AuthModel->validateToken('a4141da2a9a76e700db4d43a399b61be40b844f7a7abedabb09e67083110acae')
 6 SYSTEMPATH\CodeIgniter.php(933): App\Controllers\UserController->resetPassword()
 7 SYSTEMPATH\CodeIgniter.php(509): CodeIgniter\CodeIgniter->runController(Object(App\Controllers\UserController))
 8 SYSTEMPATH\CodeIgniter.php(355): CodeIgniter\CodeIgniter->handleRequest(null, Object(Config\Cache), false)
 9 SYSTEMPATH\Boot.php(325): CodeIgniter\CodeIgniter->run()
10 SYSTEMPATH\Boot.php(67): CodeIgniter\Boot::runCodeIgniter(Object(CodeIgniter\CodeIgniter))
11 FCPATH\index.php(56): CodeIgniter\Boot::bootWeb(Object(Config\Paths))
CRITICAL - 2024-12-03 18:48:13 --> [Caused by] CodeIgniter\Database\Exceptions\DatabaseException: Unknown column 'token' in 'where clause'
in SYSTEMPATH\Database\MySQLi\Connection.php on line 317.
 1 SYSTEMPATH\Database\BaseConnection.php(734): CodeIgniter\Database\MySQLi\Connection->execute('SELECT *
FROM `users`
WHERE `token` = \'a4141da2a9a76e700db4d43a399b61be40b844f7a7abedabb09e67083110acae\'
 LIMIT 1')
 2 SYSTEMPATH\Database\BaseConnection.php(648): CodeIgniter\Database\BaseConnection->simpleQuery('SELECT *
FROM `users`
WHERE `token` = \'a4141da2a9a76e700db4d43a399b61be40b844f7a7abedabb09e67083110acae\'
 LIMIT 1')
 3 SYSTEMPATH\Database\BaseBuilder.php(1644): CodeIgniter\Database\BaseConnection->query('SELECT *
FROM `users`
WHERE `token` = :token:
 LIMIT 1', [...], false)
 4 SYSTEMPATH\Model.php(330): CodeIgniter\Database\BaseBuilder->get()
 5 SYSTEMPATH\BaseModel.php(714): CodeIgniter\Model->doFirst()
 6 APPPATH\Models\AuthModel.php(28): CodeIgniter\BaseModel->first()
 7 APPPATH\Controllers\UserController.php(62): App\Models\AuthModel->validateToken('a4141da2a9a76e700db4d43a399b61be40b844f7a7abedabb09e67083110acae')
 8 SYSTEMPATH\CodeIgniter.php(933): App\Controllers\UserController->resetPassword()
 9 SYSTEMPATH\CodeIgniter.php(509): CodeIgniter\CodeIgniter->runController(Object(App\Controllers\UserController))
10 SYSTEMPATH\CodeIgniter.php(355): CodeIgniter\CodeIgniter->handleRequest(null, Object(Config\Cache), false)
11 SYSTEMPATH\Boot.php(325): CodeIgniter\CodeIgniter->run()
12 SYSTEMPATH\Boot.php(67): CodeIgniter\Boot::runCodeIgniter(Object(CodeIgniter\CodeIgniter))
13 FCPATH\index.php(56): CodeIgniter\Boot::bootWeb(Object(Config\Paths))
CRITICAL - 2024-12-03 18:48:13 --> [Caused by] mysqli_sql_exception: Unknown column 'token' in 'where clause'
in SYSTEMPATH\Database\MySQLi\Connection.php on line 312.
 1 SYSTEMPATH\Database\MySQLi\Connection.php(312): mysqli->query('SELECT *
FROM `users`
WHERE `token` = \'a4141da2a9a76e700db4d43a399b61be40b844f7a7abedabb09e67083110acae\'
 LIMIT 1', 0)
 2 SYSTEMPATH\Database\BaseConnection.php(734): CodeIgniter\Database\MySQLi\Connection->execute('SELECT *
FROM `users`
WHERE `token` = \'a4141da2a9a76e700db4d43a399b61be40b844f7a7abedabb09e67083110acae\'
 LIMIT 1')
 3 SYSTEMPATH\Database\BaseConnection.php(648): CodeIgniter\Database\BaseConnection->simpleQuery('SELECT *
FROM `users`
WHERE `token` = \'a4141da2a9a76e700db4d43a399b61be40b844f7a7abedabb09e67083110acae\'
 LIMIT 1')
 4 SYSTEMPATH\Database\BaseBuilder.php(1644): CodeIgniter\Database\BaseConnection->query('SELECT *
FROM `users`
WHERE `token` = :token:
 LIMIT 1', [...], false)
 5 SYSTEMPATH\Model.php(330): CodeIgniter\Database\BaseBuilder->get()
 6 SYSTEMPATH\BaseModel.php(714): CodeIgniter\Model->doFirst()
 7 APPPATH\Models\AuthModel.php(28): CodeIgniter\BaseModel->first()
 8 APPPATH\Controllers\UserController.php(62): App\Models\AuthModel->validateToken('a4141da2a9a76e700db4d43a399b61be40b844f7a7abedabb09e67083110acae')
 9 SYSTEMPATH\CodeIgniter.php(933): App\Controllers\UserController->resetPassword()
10 SYSTEMPATH\CodeIgniter.php(509): CodeIgniter\CodeIgniter->runController(Object(App\Controllers\UserController))
11 SYSTEMPATH\CodeIgniter.php(355): CodeIgniter\CodeIgniter->handleRequest(null, Object(Config\Cache), false)
12 SYSTEMPATH\Boot.php(325): CodeIgniter\CodeIgniter->run()
13 SYSTEMPATH\Boot.php(67): CodeIgniter\Boot::runCodeIgniter(Object(CodeIgniter\CodeIgniter))
14 FCPATH\index.php(56): CodeIgniter\Boot::bootWeb(Object(Config\Paths))
INFO - 2024-12-03 18:51:38 --> Session: Class initialized using 'CodeIgniter\Session\Handlers\FileHandler' driver.
INFO - 2024-12-03 18:51:45 --> Correo de restablecimiento enviado a orlando.ramos@dart.biz
INFO - 2024-12-03 19:00:39 --> Session: Class initialized using 'CodeIgniter\Session\Handlers\FileHandler' driver.
INFO - 2024-12-03 19:00:44 --> Correo de restablecimiento enviado a orlando.ramos@dart.biz
CRITICAL - 2024-12-03 19:01:08 --> Error: Call to a member function updatePasswordByToken() on array
[Method: POST, Route: user/resetPassword]
in APPPATH\Controllers\UserController.php on line 69.
 1 SYSTEMPATH\CodeIgniter.php(933): App\Controllers\UserController->resetPassword()
 2 SYSTEMPATH\CodeIgniter.php(509): CodeIgniter\CodeIgniter->runController(Object(App\Controllers\UserController))
 3 SYSTEMPATH\CodeIgniter.php(355): CodeIgniter\CodeIgniter->handleRequest(null, Object(Config\Cache), false)
 4 SYSTEMPATH\Boot.php(325): CodeIgniter\CodeIgniter->run()
 5 SYSTEMPATH\Boot.php(67): CodeIgniter\Boot::runCodeIgniter(Object(CodeIgniter\CodeIgniter))
 6 FCPATH\index.php(56): CodeIgniter\Boot::bootWeb(Object(Config\Paths))
CRITICAL - 2024-12-03 19:01:43 --> Error: Call to a member function updatePasswordByToken() on array
[Method: POST, Route: user/resetPassword]
in APPPATH\Controllers\UserController.php on line 69.
 1 SYSTEMPATH\CodeIgniter.php(933): App\Controllers\UserController->resetPassword()
 2 SYSTEMPATH\CodeIgniter.php(509): CodeIgniter\CodeIgniter->runController(Object(App\Controllers\UserController))
 3 SYSTEMPATH\CodeIgniter.php(355): CodeIgniter\CodeIgniter->handleRequest(null, Object(Config\Cache), false)
 4 SYSTEMPATH\Boot.php(325): CodeIgniter\CodeIgniter->run()
 5 SYSTEMPATH\Boot.php(67): CodeIgniter\Boot::runCodeIgniter(Object(CodeIgniter\CodeIgniter))
 6 FCPATH\index.php(56): CodeIgniter\Boot::bootWeb(Object(Config\Paths))
CRITICAL - 2024-12-03 19:02:21 --> Error: Call to a member function updatePasswordByToken() on array
[Method: POST, Route: user/resetPassword]
in APPPATH\Controllers\UserController.php on line 69.
 1 SYSTEMPATH\CodeIgniter.php(933): App\Controllers\UserController->resetPassword()
 2 SYSTEMPATH\CodeIgniter.php(509): CodeIgniter\CodeIgniter->runController(Object(App\Controllers\UserController))
 3 SYSTEMPATH\CodeIgniter.php(355): CodeIgniter\CodeIgniter->handleRequest(null, Object(Config\Cache), false)
 4 SYSTEMPATH\Boot.php(325): CodeIgniter\CodeIgniter->run()
 5 SYSTEMPATH\Boot.php(67): CodeIgniter\Boot::runCodeIgniter(Object(CodeIgniter\CodeIgniter))
 6 FCPATH\index.php(56): CodeIgniter\Boot::bootWeb(Object(Config\Paths))
ERROR - 2024-12-03 19:04:08 --> mysqli_sql_exception: Unknown column 'token' in 'where clause' in C:\laragon\www\capas.com\system\Database\MySQLi\Connection.php:312
Stack trace:
#0 C:\laragon\www\capas.com\system\Database\MySQLi\Connection.php(312): mysqli->query('UPDATE `users` ...', 0)
#1 C:\laragon\www\capas.com\system\Database\BaseConnection.php(734): CodeIgniter\Database\MySQLi\Connection->execute('UPDATE `users` ...')
#2 C:\laragon\www\capas.com\system\Database\BaseConnection.php(648): CodeIgniter\Database\BaseConnection->simpleQuery('UPDATE `users` ...')
#3 C:\laragon\www\capas.com\system\Database\BaseBuilder.php(2516): CodeIgniter\Database\BaseConnection->query('UPDATE `users` ...', Array, false)
#4 C:\laragon\www\capas.com\system\Model.php(461): CodeIgniter\Database\BaseBuilder->update()
#5 C:\laragon\www\capas.com\system\BaseModel.php(1028): CodeIgniter\Model->doUpdate(NULL, Array)
#6 C:\laragon\www\capas.com\system\Model.php(865): CodeIgniter\BaseModel->update(NULL, Array)
#7 C:\laragon\www\capas.com\app\Models\AuthModel.php(39): CodeIgniter\Model->update()
#8 C:\laragon\www\capas.com\app\Controllers\UserController.php(69): App\Models\AuthModel->updatePasswordByToken('afa635c72e8bd47...', '$2y$10$rji7Pgil...')
#9 C:\laragon\www\capas.com\system\CodeIgniter.php(933): App\Controllers\UserController->resetPassword()
#10 C:\laragon\www\capas.com\system\CodeIgniter.php(509): CodeIgniter\CodeIgniter->runController(Object(App\Controllers\UserController))
#11 C:\laragon\www\capas.com\system\CodeIgniter.php(355): CodeIgniter\CodeIgniter->handleRequest(NULL, Object(Config\Cache), false)
#12 C:\laragon\www\capas.com\system\Boot.php(325): CodeIgniter\CodeIgniter->run()
#13 C:\laragon\www\capas.com\system\Boot.php(67): CodeIgniter\Boot::runCodeIgniter(Object(CodeIgniter\CodeIgniter))
#14 C:\laragon\www\capas.com\index.php(56): CodeIgniter\Boot::bootWeb(Object(Config\Paths))
#15 {main}
CRITICAL - 2024-12-03 19:04:09 --> CodeIgniter\Database\Exceptions\DatabaseException: Unknown column 'token' in 'where clause'
[Method: POST, Route: user/resetPassword]
in SYSTEMPATH\Database\BaseConnection.php on line 688.
 1 SYSTEMPATH\Database\BaseBuilder.php(2516): CodeIgniter\Database\BaseConnection->query('UPDATE `users` SET `password` = :password:, `updated_at` = :updated_at:
WHERE `token` = :token:', [...], false)
 2 SYSTEMPATH\Model.php(461): CodeIgniter\Database\BaseBuilder->update()
 3 SYSTEMPATH\BaseModel.php(1028): CodeIgniter\Model->doUpdate(null, [...])
 4 SYSTEMPATH\Model.php(865): CodeIgniter\BaseModel->update(null, [...])
 5 APPPATH\Models\AuthModel.php(39): CodeIgniter\Model->update()
 6 APPPATH\Controllers\UserController.php(69): App\Models\AuthModel->updatePasswordByToken('afa635c72e8bd471963af2f3db64165ddb1e4cecdce0813fb5bfb02c4182bf77', '$2y$10$rji7PgilRm7uxoWOueUbCuvR/vOzdMFxfrnK..qhA8xW/EEUA247.')
 7 SYSTEMPATH\CodeIgniter.php(933): App\Controllers\UserController->resetPassword()
 8 SYSTEMPATH\CodeIgniter.php(509): CodeIgniter\CodeIgniter->runController(Object(App\Controllers\UserController))
 9 SYSTEMPATH\CodeIgniter.php(355): CodeIgniter\CodeIgniter->handleRequest(null, Object(Config\Cache), false)
10 SYSTEMPATH\Boot.php(325): CodeIgniter\CodeIgniter->run()
11 SYSTEMPATH\Boot.php(67): CodeIgniter\Boot::runCodeIgniter(Object(CodeIgniter\CodeIgniter))
12 FCPATH\index.php(56): CodeIgniter\Boot::bootWeb(Object(Config\Paths))
CRITICAL - 2024-12-03 19:04:09 --> [Caused by] CodeIgniter\Database\Exceptions\DatabaseException: Unknown column 'token' in 'where clause'
in SYSTEMPATH\Database\MySQLi\Connection.php on line 317.
 1 SYSTEMPATH\Database\BaseConnection.php(734): CodeIgniter\Database\MySQLi\Connection->execute('UPDATE `users` SET `password` = \'$2y$10$rji7PgilRm7uxoWOueUbCuvR/vOzdMFxfrnK..qhA8xW/EEUA247.\', `updated_at` = \'2024-12-03 19:04:08\'
WHERE `token` = \'afa635c72e8bd471963af2f3db64165ddb1e4cecdce0813fb5bfb02c4182bf77\'')
 2 SYSTEMPATH\Database\BaseConnection.php(648): CodeIgniter\Database\BaseConnection->simpleQuery('UPDATE `users` SET `password` = \'$2y$10$rji7PgilRm7uxoWOueUbCuvR/vOzdMFxfrnK..qhA8xW/EEUA247.\', `updated_at` = \'2024-12-03 19:04:08\'
WHERE `token` = \'afa635c72e8bd471963af2f3db64165ddb1e4cecdce0813fb5bfb02c4182bf77\'')
 3 SYSTEMPATH\Database\BaseBuilder.php(2516): CodeIgniter\Database\BaseConnection->query('UPDATE `users` SET `password` = :password:, `updated_at` = :updated_at:
WHERE `token` = :token:', [...], false)
 4 SYSTEMPATH\Model.php(461): CodeIgniter\Database\BaseBuilder->update()
 5 SYSTEMPATH\BaseModel.php(1028): CodeIgniter\Model->doUpdate(null, [...])
 6 SYSTEMPATH\Model.php(865): CodeIgniter\BaseModel->update(null, [...])
 7 APPPATH\Models\AuthModel.php(39): CodeIgniter\Model->update()
 8 APPPATH\Controllers\UserController.php(69): App\Models\AuthModel->updatePasswordByToken('afa635c72e8bd471963af2f3db64165ddb1e4cecdce0813fb5bfb02c4182bf77', '$2y$10$rji7PgilRm7uxoWOueUbCuvR/vOzdMFxfrnK..qhA8xW/EEUA247.')
 9 SYSTEMPATH\CodeIgniter.php(933): App\Controllers\UserController->resetPassword()
10 SYSTEMPATH\CodeIgniter.php(509): CodeIgniter\CodeIgniter->runController(Object(App\Controllers\UserController))
11 SYSTEMPATH\CodeIgniter.php(355): CodeIgniter\CodeIgniter->handleRequest(null, Object(Config\Cache), false)
12 SYSTEMPATH\Boot.php(325): CodeIgniter\CodeIgniter->run()
13 SYSTEMPATH\Boot.php(67): CodeIgniter\Boot::runCodeIgniter(Object(CodeIgniter\CodeIgniter))
14 FCPATH\index.php(56): CodeIgniter\Boot::bootWeb(Object(Config\Paths))
CRITICAL - 2024-12-03 19:04:09 --> [Caused by] mysqli_sql_exception: Unknown column 'token' in 'where clause'
in SYSTEMPATH\Database\MySQLi\Connection.php on line 312.
 1 SYSTEMPATH\Database\MySQLi\Connection.php(312): mysqli->query('UPDATE `users` SET `password` = \'$2y$10$rji7PgilRm7uxoWOueUbCuvR/vOzdMFxfrnK..qhA8xW/EEUA247.\', `updated_at` = \'2024-12-03 19:04:08\'
WHERE `token` = \'afa635c72e8bd471963af2f3db64165ddb1e4cecdce0813fb5bfb02c4182bf77\'', 0)
 2 SYSTEMPATH\Database\BaseConnection.php(734): CodeIgniter\Database\MySQLi\Connection->execute('UPDATE `users` SET `password` = \'$2y$10$rji7PgilRm7uxoWOueUbCuvR/vOzdMFxfrnK..qhA8xW/EEUA247.\', `updated_at` = \'2024-12-03 19:04:08\'
WHERE `token` = \'afa635c72e8bd471963af2f3db64165ddb1e4cecdce0813fb5bfb02c4182bf77\'')
 3 SYSTEMPATH\Database\BaseConnection.php(648): CodeIgniter\Database\BaseConnection->simpleQuery('UPDATE `users` SET `password` = \'$2y$10$rji7PgilRm7uxoWOueUbCuvR/vOzdMFxfrnK..qhA8xW/EEUA247.\', `updated_at` = \'2024-12-03 19:04:08\'
WHERE `token` = \'afa635c72e8bd471963af2f3db64165ddb1e4cecdce0813fb5bfb02c4182bf77\'')
 4 SYSTEMPATH\Database\BaseBuilder.php(2516): CodeIgniter\Database\BaseConnection->query('UPDATE `users` SET `password` = :password:, `updated_at` = :updated_at:
WHERE `token` = :token:', [...], false)
 5 SYSTEMPATH\Model.php(461): CodeIgniter\Database\BaseBuilder->update()
 6 SYSTEMPATH\BaseModel.php(1028): CodeIgniter\Model->doUpdate(null, [...])
 7 SYSTEMPATH\Model.php(865): CodeIgniter\BaseModel->update(null, [...])
 8 APPPATH\Models\AuthModel.php(39): CodeIgniter\Model->update()
 9 APPPATH\Controllers\UserController.php(69): App\Models\AuthModel->updatePasswordByToken('afa635c72e8bd471963af2f3db64165ddb1e4cecdce0813fb5bfb02c4182bf77', '$2y$10$rji7PgilRm7uxoWOueUbCuvR/vOzdMFxfrnK..qhA8xW/EEUA247.')
10 SYSTEMPATH\CodeIgniter.php(933): App\Controllers\UserController->resetPassword()
11 SYSTEMPATH\CodeIgniter.php(509): CodeIgniter\CodeIgniter->runController(Object(App\Controllers\UserController))
12 SYSTEMPATH\CodeIgniter.php(355): CodeIgniter\CodeIgniter->handleRequest(null, Object(Config\Cache), false)
13 SYSTEMPATH\Boot.php(325): CodeIgniter\CodeIgniter->run()
14 SYSTEMPATH\Boot.php(67): CodeIgniter\Boot::runCodeIgniter(Object(CodeIgniter\CodeIgniter))
15 FCPATH\index.php(56): CodeIgniter\Boot::bootWeb(Object(Config\Paths))
INFO - 2024-12-03 19:04:53 --> Session: Class initialized using 'CodeIgniter\Session\Handlers\FileHandler' driver.
INFO - 2024-12-03 19:04:58 --> Session: Class initialized using 'CodeIgniter\Session\Handlers\FileHandler' driver.
INFO - 2024-12-03 19:05:05 --> Session: Class initialized using 'CodeIgniter\Session\Handlers\FileHandler' driver.
INFO - 2024-12-03 19:05:15 --> Correo de restablecimiento enviado a orlando.ramos@dart.biz
INFO - 2024-12-03 19:06:28 --> Session: Class initialized using 'CodeIgniter\Session\Handlers\FileHandler' driver.
INFO - 2024-12-03 19:06:35 --> Session: Class initialized using 'CodeIgniter\Session\Handlers\FileHandler' driver.
INFO - 2024-12-03 19:06:35 --> Session: Class initialized using 'CodeIgniter\Session\Handlers\FileHandler' driver.
INFO - 2024-12-03 19:13:00 --> Session: Class initialized using 'CodeIgniter\Session\Handlers\FileHandler' driver.
INFO - 2024-12-03 19:13:04 --> Session: Class initialized using 'CodeIgniter\Session\Handlers\FileHandler' driver.
INFO - 2024-12-03 19:13:36 --> Correo de restablecimiento enviado a orlando.ramos@dart.biz
INFO - 2024-12-03 19:15:50 --> Correo de restablecimiento enviado a orlando.ramos@dart.biz
INFO - 2024-12-03 19:17:41 --> Correo de restablecimiento enviado a orlando.ramos@dart.biz
INFO - 2024-12-03 19:17:41 --> Session: Class initialized using 'CodeIgniter\Session\Handlers\FileHandler' driver.
INFO - 2024-12-03 19:17:47 --> Correo de restablecimiento enviado a orlando.ramos@dart.biz
INFO - 2024-12-03 19:22:48 --> Session: Class initialized using 'CodeIgniter\Session\Handlers\FileHandler' driver.
INFO - 2024-12-03 19:24:16 --> Session: Class initialized using 'CodeIgniter\Session\Handlers\FileHandler' driver.
INFO - 2024-12-03 19:28:09 --> Session: Class initialized using 'CodeIgniter\Session\Handlers\FileHandler' driver.
INFO - 2024-12-03 22:32:55 --> Correo de restablecimiento enviado a orlando.ramos@dart.biz
