CRITICAL - 2024-10-14 14:14:21 --> ErrorException: require_once(../framework_ssii/app/Views/admin/templates/HomeTemplate/headerTemplate.php): Failed to open stream: No such file or directory
[Method: GET, Route: admin/home]
in APPPATH\Views\admin\home.php on line 3.
 1 APPPATH\Views\admin\home.php(3): CodeIgniter\Debug\Exceptions->errorHandler(2, 'require_once(../framework_ssii/app/Views/admin/templates/HomeTemplate/headerTemplate.php): Failed to open stream: No such file or directory', 'C:\\laragon\\www\\capas.com\\app\\Views\\admin\\home.php', 3)
 2 APPPATH\Views\admin\home.php(3): require_once()
 3 SYSTEMPATH\View\View.php(234): include('C:\\laragon\\www\\capas.com\\app\\Views\\admin\\home.php')
 4 SYSTEMPATH\View\View.php(237): CodeIgniter\View\View->CodeIgniter\View\{closure}()
 5 SYSTEMPATH\Common.php(1169): CodeIgniter\View\View->render('admin/home', [], true)
 6 APPPATH\Controllers\AdminController.php(40): view('admin/home')
 7 SYSTEMPATH\CodeIgniter.php(933): App\Controllers\AdminController->home()
 8 SYSTEMPATH\CodeIgniter.php(509): CodeIgniter\CodeIgniter->runController(Object(App\Controllers\AdminController))
 9 SYSTEMPATH\CodeIgniter.php(355): CodeIgniter\CodeIgniter->handleRequest(null, Object(Config\Cache), false)
10 SYSTEMPATH\Boot.php(325): CodeIgniter\CodeIgniter->run()
11 SYSTEMPATH\Boot.php(67): CodeIgniter\Boot::runCodeIgniter(Object(CodeIgniter\CodeIgniter))
12 FCPATH\index.php(56): CodeIgniter\Boot::bootWeb(Object(Config\Paths))
CRITICAL - 2024-10-14 14:22:12 --> CodeIgniter\HTTP\Exceptions\BadRequestException: The URI you submitted has disallowed characters: "<"
[Method: GET, Route: admin/%3C]
in SYSTEMPATH\Router\Router.php on line 737.
 1 SYSTEMPATH\Router\Router.php(204): CodeIgniter\Router\Router->checkDisallowedChars('admin/<')
 2 SYSTEMPATH\CodeIgniter.php(834): CodeIgniter\Router\Router->handle('admin/<')
 3 SYSTEMPATH\CodeIgniter.php(457): CodeIgniter\CodeIgniter->tryToRouteIt(Object(CodeIgniter\Router\RouteCollection))
 4 SYSTEMPATH\CodeIgniter.php(355): CodeIgniter\CodeIgniter->handleRequest(null, Object(Config\Cache), false)
 5 SYSTEMPATH\Boot.php(325): CodeIgniter\CodeIgniter->run()
 6 SYSTEMPATH\Boot.php(67): CodeIgniter\Boot::runCodeIgniter(Object(CodeIgniter\CodeIgniter))
 7 FCPATH\index.php(56): CodeIgniter\Boot::bootWeb(Object(Config\Paths))
CRITICAL - 2024-10-14 14:24:27 --> ErrorException: require_once(../framework_ssii/app/Views/accions/templates/AddAuditTemplate/headerTemplate.php): Failed to open stream: No such file or directory
[Method: GET, Route: accions/addaudit]
in APPPATH\Views\accions\add_audit.php on line 3.
 1 APPPATH\Views\accions\add_audit.php(3): CodeIgniter\Debug\Exceptions->errorHandler(2, 'require_once(../framework_ssii/app/Views/accions/templates/AddAuditTemplate/headerTemplate.php): Failed to open stream: No such file or directory', 'C:\\laragon\\www\\capas.com\\app\\Views\\accions\\add_audit.php', 3)
 2 APPPATH\Views\accions\add_audit.php(3): require_once()
 3 SYSTEMPATH\View\View.php(234): include('C:\\laragon\\www\\capas.com\\app\\Views\\accions\\add_audit.php')
 4 SYSTEMPATH\View\View.php(237): CodeIgniter\View\View->CodeIgniter\View\{closure}()
 5 SYSTEMPATH\Common.php(1169): CodeIgniter\View\View->render('accions/add_audit', [], true)
 6 APPPATH\Controllers\AccionsController.php(162): view('accions/add_audit')
 7 SYSTEMPATH\CodeIgniter.php(933): App\Controllers\AccionsController->addaudit()
 8 SYSTEMPATH\CodeIgniter.php(509): CodeIgniter\CodeIgniter->runController(Object(App\Controllers\AccionsController))
 9 SYSTEMPATH\CodeIgniter.php(355): CodeIgniter\CodeIgniter->handleRequest(null, Object(Config\Cache), false)
10 SYSTEMPATH\Boot.php(325): CodeIgniter\CodeIgniter->run()
11 SYSTEMPATH\Boot.php(67): CodeIgniter\Boot::runCodeIgniter(Object(CodeIgniter\CodeIgniter))
12 FCPATH\index.php(56): CodeIgniter\Boot::bootWeb(Object(Config\Paths))
CRITICAL - 2024-10-14 14:44:14 --> ErrorException: require_once(../framework_ssii/app/Views/accions/templates/AddAuditTemplate/headerTemplate.php): Failed to open stream: No such file or directory
[Method: GET, Route: accions/addaudit]
in APPPATH\Views\accions\add_audit.php on line 3.
 1 APPPATH\Views\accions\add_audit.php(3): CodeIgniter\Debug\Exceptions->errorHandler(2, 'require_once(../framework_ssii/app/Views/accions/templates/AddAuditTemplate/headerTemplate.php): Failed to open stream: No such file or directory', 'C:\\laragon\\www\\capas.com\\app\\Views\\accions\\add_audit.php', 3)
 2 APPPATH\Views\accions\add_audit.php(3): require_once()
 3 SYSTEMPATH\View\View.php(234): include('C:\\laragon\\www\\capas.com\\app\\Views\\accions\\add_audit.php')
 4 SYSTEMPATH\View\View.php(237): CodeIgniter\View\View->CodeIgniter\View\{closure}()
 5 SYSTEMPATH\Common.php(1169): CodeIgniter\View\View->render('accions/add_audit', [], true)
 6 APPPATH\Controllers\AccionsController.php(162): view('accions/add_audit')
 7 SYSTEMPATH\CodeIgniter.php(933): App\Controllers\AccionsController->addaudit()
 8 SYSTEMPATH\CodeIgniter.php(509): CodeIgniter\CodeIgniter->runController(Object(App\Controllers\AccionsController))
 9 SYSTEMPATH\CodeIgniter.php(355): CodeIgniter\CodeIgniter->handleRequest(null, Object(Config\Cache), false)
10 SYSTEMPATH\Boot.php(325): CodeIgniter\CodeIgniter->run()
11 SYSTEMPATH\Boot.php(67): CodeIgniter\Boot::runCodeIgniter(Object(CodeIgniter\CodeIgniter))
12 FCPATH\index.php(56): CodeIgniter\Boot::bootWeb(Object(Config\Paths))
INFO - 2024-10-14 14:45:44 --> Session: Class initialized using 'CodeIgniter\Session\Handlers\FileHandler' driver.
CRITICAL - 2024-10-14 14:45:46 --> ErrorException: require_once(../framework_ssii/app/Views/accions/templates/AddQuestionsTemplate/headerTemplate.php): Failed to open stream: No such file or directory
[Method: GET, Route: accions/addquestions]
in APPPATH\Views\accions\add_questions.php on line 3.
 1 APPPATH\Views\accions\add_questions.php(3): CodeIgniter\Debug\Exceptions->errorHandler(2, 'require_once(../framework_ssii/app/Views/accions/templates/AddQuestionsTemplate/headerTemplate.php): Failed to open stream: No such file or directory', 'C:\\laragon\\www\\capas.com\\app\\Views\\accions\\add_questions.php', 3)
 2 APPPATH\Views\accions\add_questions.php(3): require_once()
 3 SYSTEMPATH\View\View.php(234): include('C:\\laragon\\www\\capas.com\\app\\Views\\accions\\add_questions.php')
 4 SYSTEMPATH\View\View.php(237): CodeIgniter\View\View->CodeIgniter\View\{closure}()
 5 SYSTEMPATH\Common.php(1169): CodeIgniter\View\View->render('accions/add_questions', [], true)
 6 APPPATH\Controllers\AccionsController.php(158): view('accions/add_questions')
 7 SYSTEMPATH\CodeIgniter.php(933): App\Controllers\AccionsController->addquestions()
 8 SYSTEMPATH\CodeIgniter.php(509): CodeIgniter\CodeIgniter->runController(Object(App\Controllers\AccionsController))
 9 SYSTEMPATH\CodeIgniter.php(355): CodeIgniter\CodeIgniter->handleRequest(null, Object(Config\Cache), false)
10 SYSTEMPATH\Boot.php(325): CodeIgniter\CodeIgniter->run()
11 SYSTEMPATH\Boot.php(67): CodeIgniter\Boot::runCodeIgniter(Object(CodeIgniter\CodeIgniter))
12 FCPATH\index.php(56): CodeIgniter\Boot::bootWeb(Object(Config\Paths))
CRITICAL - 2024-10-14 14:46:09 --> CodeIgniter\View\Exceptions\ViewException: Invalid file: "accions/templates/AddQuestionTemplate/headerTemplate.php"
[Method: GET, Route: accions/addquestions]
in SYSTEMPATH\Exceptions\FrameworkException.php on line 41.
 1 SYSTEMPATH\View\View.php(222): CodeIgniter\Exceptions\FrameworkException::forInvalidFile('accions/templates/AddQuestionTemplate/headerTemplate.php')
 2 SYSTEMPATH\Common.php(1169): CodeIgniter\View\View->render('accions/templates/AddQuestionTemplate/headerTemplate', [], true)
 3 APPPATH\Views\accions\add_questions.php(1): view('accions/templates/AddQuestionTemplate/headerTemplate')
 4 SYSTEMPATH\View\View.php(234): include('C:\\laragon\\www\\capas.com\\app\\Views\\accions\\add_questions.php')
 5 SYSTEMPATH\View\View.php(237): CodeIgniter\View\View->CodeIgniter\View\{closure}()
 6 SYSTEMPATH\Common.php(1169): CodeIgniter\View\View->render('accions/add_questions', [], true)
 7 APPPATH\Controllers\AccionsController.php(158): view('accions/add_questions')
 8 SYSTEMPATH\CodeIgniter.php(933): App\Controllers\AccionsController->addquestions()
 9 SYSTEMPATH\CodeIgniter.php(509): CodeIgniter\CodeIgniter->runController(Object(App\Controllers\AccionsController))
10 SYSTEMPATH\CodeIgniter.php(355): CodeIgniter\CodeIgniter->handleRequest(null, Object(Config\Cache), false)
11 SYSTEMPATH\Boot.php(325): CodeIgniter\CodeIgniter->run()
12 SYSTEMPATH\Boot.php(67): CodeIgniter\Boot::runCodeIgniter(Object(CodeIgniter\CodeIgniter))
13 FCPATH\index.php(56): CodeIgniter\Boot::bootWeb(Object(Config\Paths))
INFO - 2024-10-14 14:47:17 --> Session: Class initialized using 'CodeIgniter\Session\Handlers\FileHandler' driver.
CRITICAL - 2024-10-14 14:49:13 --> ErrorException: require_once(../framework_ssii/app/Views/accions/templates/ShowAudit/headerTemplate.php): Failed to open stream: No such file or directory
[Method: GET, Route: accions/showaudit]
in APPPATH\Views\accions\show_audit.php on line 3.
 1 APPPATH\Views\accions\show_audit.php(3): CodeIgniter\Debug\Exceptions->errorHandler(2, 'require_once(../framework_ssii/app/Views/accions/templates/ShowAudit/headerTemplate.php): Failed to open stream: No such file or directory', 'C:\\laragon\\www\\capas.com\\app\\Views\\accions\\show_audit.php', 3)
 2 APPPATH\Views\accions\show_audit.php(3): require_once()
 3 SYSTEMPATH\View\View.php(234): include('C:\\laragon\\www\\capas.com\\app\\Views\\accions\\show_audit.php')
 4 SYSTEMPATH\View\View.php(237): CodeIgniter\View\View->CodeIgniter\View\{closure}()
 5 SYSTEMPATH\Common.php(1169): CodeIgniter\View\View->render('accions/show_audit', [], true)
 6 APPPATH\Controllers\AccionsController.php(154): view('accions/show_audit')
 7 SYSTEMPATH\CodeIgniter.php(933): App\Controllers\AccionsController->showaudit()
 8 SYSTEMPATH\CodeIgniter.php(509): CodeIgniter\CodeIgniter->runController(Object(App\Controllers\AccionsController))
 9 SYSTEMPATH\CodeIgniter.php(355): CodeIgniter\CodeIgniter->handleRequest(null, Object(Config\Cache), false)
10 SYSTEMPATH\Boot.php(325): CodeIgniter\CodeIgniter->run()
11 SYSTEMPATH\Boot.php(67): CodeIgniter\Boot::runCodeIgniter(Object(CodeIgniter\CodeIgniter))
12 FCPATH\index.php(56): CodeIgniter\Boot::bootWeb(Object(Config\Paths))
CRITICAL - 2024-10-14 21:51:49 --> CodeIgniter\View\Exceptions\ViewException: Invalid file: "accions/templates/ShowAuditTemplate/headerTemplate.php"
[Method: GET, Route: accions/showaudit]
in SYSTEMPATH\Exceptions\FrameworkException.php on line 41.
 1 SYSTEMPATH\View\View.php(222): CodeIgniter\Exceptions\FrameworkException::forInvalidFile('accions/templates/ShowAuditTemplate/headerTemplate.php')
 2 SYSTEMPATH\Common.php(1169): CodeIgniter\View\View->render('accions/templates/ShowAuditTemplate/headerTemplate', [], true)
 3 APPPATH\Views\accions\show_audit.php(1): view('accions/templates/ShowAuditTemplate/headerTemplate')
 4 SYSTEMPATH\View\View.php(234): include('C:\\laragon\\www\\capas.com\\app\\Views\\accions\\show_audit.php')
 5 SYSTEMPATH\View\View.php(237): CodeIgniter\View\View->CodeIgniter\View\{closure}()
 6 SYSTEMPATH\Common.php(1169): CodeIgniter\View\View->render('accions/show_audit', [], true)
 7 APPPATH\Controllers\AccionsController.php(154): view('accions/show_audit')
 8 SYSTEMPATH\CodeIgniter.php(933): App\Controllers\AccionsController->showaudit()
 9 SYSTEMPATH\CodeIgniter.php(509): CodeIgniter\CodeIgniter->runController(Object(App\Controllers\AccionsController))
10 SYSTEMPATH\CodeIgniter.php(355): CodeIgniter\CodeIgniter->handleRequest(null, Object(Config\Cache), false)
11 SYSTEMPATH\Boot.php(325): CodeIgniter\CodeIgniter->run()
12 SYSTEMPATH\Boot.php(67): CodeIgniter\Boot::runCodeIgniter(Object(CodeIgniter\CodeIgniter))
13 FCPATH\index.php(56): CodeIgniter\Boot::bootWeb(Object(Config\Paths))
