INFO - 2024-09-19 14:22:33 --> Session: Class initialized using 'CodeIgniter\Session\Handlers\FileHandler' driver.
CRITICAL - 2024-09-19 15:22:35 --> CodeIgniter\View\Exceptions\ViewException: Invalid file: "accions/show_audit.php"
[Method: GET, Route: accions/showAudit]
in SYSTEMPATH\Exceptions\FrameworkException.php on line 41.
 1 SYSTEMPATH\View\View.php(222): CodeIgniter\Exceptions\FrameworkException::forInvalidFile('accions/show_audit.php')
 2 SYSTEMPATH\Common.php(1169): CodeIgniter\View\View->render('accions/show_audit', [], true)
 3 APPPATH\Controllers\AccionsController.php(15): view('accions/show_audit')
 4 SYSTEMPATH\CodeIgniter.php(933): App\Controllers\AccionsController->showAudit()
 5 SYSTEMPATH\CodeIgniter.php(509): CodeIgniter\CodeIgniter->runController(Object(App\Controllers\AccionsController))
 6 SYSTEMPATH\CodeIgniter.php(355): CodeIgniter\CodeIgniter->handleRequest(null, Object(Config\Cache), false)
 7 SYSTEMPATH\Boot.php(325): CodeIgniter\CodeIgniter->run()
 8 SYSTEMPATH\Boot.php(67): CodeIgniter\Boot::runCodeIgniter(Object(CodeIgniter\CodeIgniter))
 9 FCPATH\index.php(56): CodeIgniter\Boot::bootWeb(Object(Config\Paths))
ERROR - 2024-09-19 19:31:37 --> mysqli_sql_exception: Cannot add or update a child row: a foreign key constraint fails (`auditoria_capas`.`users`, CONSTRAINT `FK_users_area` FOREIGN KEY (`fk_area`) REFERENCES `area` (`id_area`)) in C:\laragon\www\framework_ssii\system\Database\MySQLi\Connection.php:312
Stack trace:
#0 C:\laragon\www\framework_ssii\system\Database\MySQLi\Connection.php(312): mysqli->query('INSERT INTO `us...', 0)
#1 C:\laragon\www\framework_ssii\system\Database\BaseConnection.php(734): CodeIgniter\Database\MySQLi\Connection->execute('INSERT INTO `us...')
#2 C:\laragon\www\framework_ssii\system\Database\BaseConnection.php(648): CodeIgniter\Database\BaseConnection->simpleQuery('INSERT INTO `us...')
#3 C:\laragon\www\framework_ssii\system\Database\BaseBuilder.php(2340): CodeIgniter\Database\BaseConnection->query('INSERT INTO `us...', Array, false)
#4 C:\laragon\www\framework_ssii\system\Model.php(394): CodeIgniter\Database\BaseBuilder->insert()
#5 C:\laragon\www\framework_ssii\system\BaseModel.php(840): CodeIgniter\Model->doInsert(Array)
#6 C:\laragon\www\framework_ssii\system\Model.php(802): CodeIgniter\BaseModel->insert(Array, true)
#7 C:\laragon\www\framework_ssii\app\Models\AdminModel.php(27): CodeIgniter\Model->insert(Array)
#8 C:\laragon\www\framework_ssii\app\Controllers\AdminController.php(50): App\Models\AdminModel->insertUser(Array)
#9 C:\laragon\www\framework_ssii\system\CodeIgniter.php(933): App\Controllers\AdminController->insertData()
#10 C:\laragon\www\framework_ssii\system\CodeIgniter.php(509): CodeIgniter\CodeIgniter->runController(Object(App\Controllers\AdminController))
#11 C:\laragon\www\framework_ssii\system\CodeIgniter.php(355): CodeIgniter\CodeIgniter->handleRequest(NULL, Object(Config\Cache), false)
#12 C:\laragon\www\framework_ssii\system\Boot.php(325): CodeIgniter\CodeIgniter->run()
#13 C:\laragon\www\framework_ssii\system\Boot.php(67): CodeIgniter\Boot::runCodeIgniter(Object(CodeIgniter\CodeIgniter))
#14 C:\laragon\www\framework_ssii\index.php(56): CodeIgniter\Boot::bootWeb(Object(Config\Paths))
#15 {main}
ERROR - 2024-09-19 19:31:37 --> mysqli_sql_exception: Cannot add or update a child row: a foreign key constraint fails (`auditoria_capas`.`users`, CONSTRAINT `FK_users_area` FOREIGN KEY (`fk_area`) REFERENCES `area` (`id_area`)) in C:\laragon\www\framework_ssii\system\Database\MySQLi\Connection.php:312
Stack trace:
#0 C:\laragon\www\framework_ssii\system\Database\MySQLi\Connection.php(312): mysqli->query('INSERT INTO `us...', 0)
#1 C:\laragon\www\framework_ssii\system\Database\BaseConnection.php(734): CodeIgniter\Database\MySQLi\Connection->execute('INSERT INTO `us...')
#2 C:\laragon\www\framework_ssii\system\Database\BaseConnection.php(648): CodeIgniter\Database\BaseConnection->simpleQuery('INSERT INTO `us...')
#3 C:\laragon\www\framework_ssii\system\Database\BaseBuilder.php(2340): CodeIgniter\Database\BaseConnection->query('INSERT INTO `us...', Array, false)
#4 C:\laragon\www\framework_ssii\system\Model.php(394): CodeIgniter\Database\BaseBuilder->insert()
#5 C:\laragon\www\framework_ssii\system\BaseModel.php(840): CodeIgniter\Model->doInsert(Array)
#6 C:\laragon\www\framework_ssii\system\Model.php(802): CodeIgniter\BaseModel->insert(Array, true)
#7 C:\laragon\www\framework_ssii\app\Models\AdminModel.php(27): CodeIgniter\Model->insert(Array)
#8 C:\laragon\www\framework_ssii\app\Controllers\AdminController.php(50): App\Models\AdminModel->insertUser(Array)
#9 C:\laragon\www\framework_ssii\system\CodeIgniter.php(933): App\Controllers\AdminController->insertData()
#10 C:\laragon\www\framework_ssii\system\CodeIgniter.php(509): CodeIgniter\CodeIgniter->runController(Object(App\Controllers\AdminController))
#11 C:\laragon\www\framework_ssii\system\CodeIgniter.php(355): CodeIgniter\CodeIgniter->handleRequest(NULL, Object(Config\Cache), false)
#12 C:\laragon\www\framework_ssii\system\Boot.php(325): CodeIgniter\CodeIgniter->run()
#13 C:\laragon\www\framework_ssii\system\Boot.php(67): CodeIgniter\Boot::runCodeIgniter(Object(CodeIgniter\CodeIgniter))
#14 C:\laragon\www\framework_ssii\index.php(56): CodeIgniter\Boot::bootWeb(Object(Config\Paths))
#15 {main}
ERROR - 2024-09-19 19:31:37 --> mysqli_sql_exception: Cannot add or update a child row: a foreign key constraint fails (`auditoria_capas`.`users`, CONSTRAINT `FK_users_area` FOREIGN KEY (`fk_area`) REFERENCES `area` (`id_area`)) in C:\laragon\www\framework_ssii\system\Database\MySQLi\Connection.php:312
Stack trace:
#0 C:\laragon\www\framework_ssii\system\Database\MySQLi\Connection.php(312): mysqli->query('INSERT INTO `us...', 0)
#1 C:\laragon\www\framework_ssii\system\Database\BaseConnection.php(734): CodeIgniter\Database\MySQLi\Connection->execute('INSERT INTO `us...')
#2 C:\laragon\www\framework_ssii\system\Database\BaseConnection.php(648): CodeIgniter\Database\BaseConnection->simpleQuery('INSERT INTO `us...')
#3 C:\laragon\www\framework_ssii\system\Database\BaseBuilder.php(2340): CodeIgniter\Database\BaseConnection->query('INSERT INTO `us...', Array, false)
#4 C:\laragon\www\framework_ssii\system\Model.php(394): CodeIgniter\Database\BaseBuilder->insert()
#5 C:\laragon\www\framework_ssii\system\BaseModel.php(840): CodeIgniter\Model->doInsert(Array)
#6 C:\laragon\www\framework_ssii\system\Model.php(802): CodeIgniter\BaseModel->insert(Array, true)
#7 C:\laragon\www\framework_ssii\app\Models\AdminModel.php(27): CodeIgniter\Model->insert(Array)
#8 C:\laragon\www\framework_ssii\app\Controllers\AdminController.php(50): App\Models\AdminModel->insertUser(Array)
#9 C:\laragon\www\framework_ssii\system\CodeIgniter.php(933): App\Controllers\AdminController->insertData()
#10 C:\laragon\www\framework_ssii\system\CodeIgniter.php(509): CodeIgniter\CodeIgniter->runController(Object(App\Controllers\AdminController))
#11 C:\laragon\www\framework_ssii\system\CodeIgniter.php(355): CodeIgniter\CodeIgniter->handleRequest(NULL, Object(Config\Cache), false)
#12 C:\laragon\www\framework_ssii\system\Boot.php(325): CodeIgniter\CodeIgniter->run()
#13 C:\laragon\www\framework_ssii\system\Boot.php(67): CodeIgniter\Boot::runCodeIgniter(Object(CodeIgniter\CodeIgniter))
#14 C:\laragon\www\framework_ssii\index.php(56): CodeIgniter\Boot::bootWeb(Object(Config\Paths))
#15 {main}
ERROR - 2024-09-19 19:31:37 --> mysqli_sql_exception: Cannot add or update a child row: a foreign key constraint fails (`auditoria_capas`.`users`, CONSTRAINT `FK_users_area` FOREIGN KEY (`fk_area`) REFERENCES `area` (`id_area`)) in C:\laragon\www\framework_ssii\system\Database\MySQLi\Connection.php:312
Stack trace:
#0 C:\laragon\www\framework_ssii\system\Database\MySQLi\Connection.php(312): mysqli->query('INSERT INTO `us...', 0)
#1 C:\laragon\www\framework_ssii\system\Database\BaseConnection.php(734): CodeIgniter\Database\MySQLi\Connection->execute('INSERT INTO `us...')
#2 C:\laragon\www\framework_ssii\system\Database\BaseConnection.php(648): CodeIgniter\Database\BaseConnection->simpleQuery('INSERT INTO `us...')
#3 C:\laragon\www\framework_ssii\system\Database\BaseBuilder.php(2340): CodeIgniter\Database\BaseConnection->query('INSERT INTO `us...', Array, false)
#4 C:\laragon\www\framework_ssii\system\Model.php(394): CodeIgniter\Database\BaseBuilder->insert()
#5 C:\laragon\www\framework_ssii\system\BaseModel.php(840): CodeIgniter\Model->doInsert(Array)
#6 C:\laragon\www\framework_ssii\system\Model.php(802): CodeIgniter\BaseModel->insert(Array, true)
#7 C:\laragon\www\framework_ssii\app\Models\AdminModel.php(27): CodeIgniter\Model->insert(Array)
#8 C:\laragon\www\framework_ssii\app\Controllers\AdminController.php(50): App\Models\AdminModel->insertUser(Array)
#9 C:\laragon\www\framework_ssii\system\CodeIgniter.php(933): App\Controllers\AdminController->insertData()
#10 C:\laragon\www\framework_ssii\system\CodeIgniter.php(509): CodeIgniter\CodeIgniter->runController(Object(App\Controllers\AdminController))
#11 C:\laragon\www\framework_ssii\system\CodeIgniter.php(355): CodeIgniter\CodeIgniter->handleRequest(NULL, Object(Config\Cache), false)
#12 C:\laragon\www\framework_ssii\system\Boot.php(325): CodeIgniter\CodeIgniter->run()
#13 C:\laragon\www\framework_ssii\system\Boot.php(67): CodeIgniter\Boot::runCodeIgniter(Object(CodeIgniter\CodeIgniter))
#14 C:\laragon\www\framework_ssii\index.php(56): CodeIgniter\Boot::bootWeb(Object(Config\Paths))
#15 {main}
ERROR - 2024-09-19 19:31:37 --> mysqli_sql_exception: Cannot add or update a child row: a foreign key constraint fails (`auditoria_capas`.`users`, CONSTRAINT `FK_users_area` FOREIGN KEY (`fk_area`) REFERENCES `area` (`id_area`)) in C:\laragon\www\framework_ssii\system\Database\MySQLi\Connection.php:312
Stack trace:
#0 C:\laragon\www\framework_ssii\system\Database\MySQLi\Connection.php(312): mysqli->query('INSERT INTO `us...', 0)
#1 C:\laragon\www\framework_ssii\system\Database\BaseConnection.php(734): CodeIgniter\Database\MySQLi\Connection->execute('INSERT INTO `us...')
#2 C:\laragon\www\framework_ssii\system\Database\BaseConnection.php(648): CodeIgniter\Database\BaseConnection->simpleQuery('INSERT INTO `us...')
#3 C:\laragon\www\framework_ssii\system\Database\BaseBuilder.php(2340): CodeIgniter\Database\BaseConnection->query('INSERT INTO `us...', Array, false)
#4 C:\laragon\www\framework_ssii\system\Model.php(394): CodeIgniter\Database\BaseBuilder->insert()
#5 C:\laragon\www\framework_ssii\system\BaseModel.php(840): CodeIgniter\Model->doInsert(Array)
#6 C:\laragon\www\framework_ssii\system\Model.php(802): CodeIgniter\BaseModel->insert(Array, true)
#7 C:\laragon\www\framework_ssii\app\Models\AdminModel.php(27): CodeIgniter\Model->insert(Array)
#8 C:\laragon\www\framework_ssii\app\Controllers\AdminController.php(50): App\Models\AdminModel->insertUser(Array)
#9 C:\laragon\www\framework_ssii\system\CodeIgniter.php(933): App\Controllers\AdminController->insertData()
#10 C:\laragon\www\framework_ssii\system\CodeIgniter.php(509): CodeIgniter\CodeIgniter->runController(Object(App\Controllers\AdminController))
#11 C:\laragon\www\framework_ssii\system\CodeIgniter.php(355): CodeIgniter\CodeIgniter->handleRequest(NULL, Object(Config\Cache), false)
#12 C:\laragon\www\framework_ssii\system\Boot.php(325): CodeIgniter\CodeIgniter->run()
#13 C:\laragon\www\framework_ssii\system\Boot.php(67): CodeIgniter\Boot::runCodeIgniter(Object(CodeIgniter\CodeIgniter))
#14 C:\laragon\www\framework_ssii\index.php(56): CodeIgniter\Boot::bootWeb(Object(Config\Paths))
#15 {main}
CRITICAL - 2024-09-19 19:31:37 --> CodeIgniter\Database\Exceptions\DatabaseException: Cannot add or update a child row: a foreign key constraint fails (`auditoria_capas`.`users`, CONSTRAINT `FK_users_area` FOREIGN KEY (`fk_area`) REFERENCES `area` (`id_area`))
[Method: POST, Route: admin/insertData]
in SYSTEMPATH\Database\BaseConnection.php on line 688.
 1 SYSTEMPATH\Database\BaseBuilder.php(2340): CodeIgniter\Database\BaseConnection->query('INSERT INTO `users` (`email`, `name`, `firstName`, `lastName`, `password`, `fk_area`, `created_at`, `updated_at`) VALUES (:email:, :name:, :firstName:, :lastName:, :password:, :fk_area:, :created_at:, :updated_at:)', [...], false)
 2 SYSTEMPATH\Model.php(394): CodeIgniter\Database\BaseBuilder->insert()
 3 SYSTEMPATH\BaseModel.php(840): CodeIgniter\Model->doInsert([...])
 4 SYSTEMPATH\Model.php(802): CodeIgniter\BaseModel->insert([...], true)
 5 APPPATH\Models\AdminModel.php(27): CodeIgniter\Model->insert([...])
 6 APPPATH\Controllers\AdminController.php(50): App\Models\AdminModel->insertUser([...])
 7 SYSTEMPATH\CodeIgniter.php(933): App\Controllers\AdminController->insertData()
 8 SYSTEMPATH\CodeIgniter.php(509): CodeIgniter\CodeIgniter->runController(Object(App\Controllers\AdminController))
 9 SYSTEMPATH\CodeIgniter.php(355): CodeIgniter\CodeIgniter->handleRequest(null, Object(Config\Cache), false)
10 SYSTEMPATH\Boot.php(325): CodeIgniter\CodeIgniter->run()
11 SYSTEMPATH\Boot.php(67): CodeIgniter\Boot::runCodeIgniter(Object(CodeIgniter\CodeIgniter))
12 FCPATH\index.php(56): CodeIgniter\Boot::bootWeb(Object(Config\Paths))
CRITICAL - 2024-09-19 19:31:37 --> CodeIgniter\Database\Exceptions\DatabaseException: Cannot add or update a child row: a foreign key constraint fails (`auditoria_capas`.`users`, CONSTRAINT `FK_users_area` FOREIGN KEY (`fk_area`) REFERENCES `area` (`id_area`))
[Method: POST, Route: admin/insertData]
in SYSTEMPATH\Database\BaseConnection.php on line 688.
 1 SYSTEMPATH\Database\BaseBuilder.php(2340): CodeIgniter\Database\BaseConnection->query('INSERT INTO `users` (`email`, `name`, `firstName`, `lastName`, `password`, `fk_area`, `created_at`, `updated_at`) VALUES (:email:, :name:, :firstName:, :lastName:, :password:, :fk_area:, :created_at:, :updated_at:)', [...], false)
 2 SYSTEMPATH\Model.php(394): CodeIgniter\Database\BaseBuilder->insert()
 3 SYSTEMPATH\BaseModel.php(840): CodeIgniter\Model->doInsert([...])
 4 SYSTEMPATH\Model.php(802): CodeIgniter\BaseModel->insert([...], true)
 5 APPPATH\Models\AdminModel.php(27): CodeIgniter\Model->insert([...])
 6 APPPATH\Controllers\AdminController.php(50): App\Models\AdminModel->insertUser([...])
 7 SYSTEMPATH\CodeIgniter.php(933): App\Controllers\AdminController->insertData()
 8 SYSTEMPATH\CodeIgniter.php(509): CodeIgniter\CodeIgniter->runController(Object(App\Controllers\AdminController))
 9 SYSTEMPATH\CodeIgniter.php(355): CodeIgniter\CodeIgniter->handleRequest(null, Object(Config\Cache), false)
10 SYSTEMPATH\Boot.php(325): CodeIgniter\CodeIgniter->run()
11 SYSTEMPATH\Boot.php(67): CodeIgniter\Boot::runCodeIgniter(Object(CodeIgniter\CodeIgniter))
12 FCPATH\index.php(56): CodeIgniter\Boot::bootWeb(Object(Config\Paths))
CRITICAL - 2024-09-19 19:31:37 --> CodeIgniter\Database\Exceptions\DatabaseException: Cannot add or update a child row: a foreign key constraint fails (`auditoria_capas`.`users`, CONSTRAINT `FK_users_area` FOREIGN KEY (`fk_area`) REFERENCES `area` (`id_area`))
[Method: POST, Route: admin/insertData]
in SYSTEMPATH\Database\BaseConnection.php on line 688.
 1 SYSTEMPATH\Database\BaseBuilder.php(2340): CodeIgniter\Database\BaseConnection->query('INSERT INTO `users` (`email`, `name`, `firstName`, `lastName`, `password`, `fk_area`, `created_at`, `updated_at`) VALUES (:email:, :name:, :firstName:, :lastName:, :password:, :fk_area:, :created_at:, :updated_at:)', [...], false)
 2 SYSTEMPATH\Model.php(394): CodeIgniter\Database\BaseBuilder->insert()
 3 SYSTEMPATH\BaseModel.php(840): CodeIgniter\Model->doInsert([...])
 4 SYSTEMPATH\Model.php(802): CodeIgniter\BaseModel->insert([...], true)
 5 APPPATH\Models\AdminModel.php(27): CodeIgniter\Model->insert([...])
 6 APPPATH\Controllers\AdminController.php(50): App\Models\AdminModel->insertUser([...])
 7 SYSTEMPATH\CodeIgniter.php(933): App\Controllers\AdminController->insertData()
 8 SYSTEMPATH\CodeIgniter.php(509): CodeIgniter\CodeIgniter->runController(Object(App\Controllers\AdminController))
 9 SYSTEMPATH\CodeIgniter.php(355): CodeIgniter\CodeIgniter->handleRequest(null, Object(Config\Cache), false)
10 SYSTEMPATH\Boot.php(325): CodeIgniter\CodeIgniter->run()
11 SYSTEMPATH\Boot.php(67): CodeIgniter\Boot::runCodeIgniter(Object(CodeIgniter\CodeIgniter))
12 FCPATH\index.php(56): CodeIgniter\Boot::bootWeb(Object(Config\Paths))
CRITICAL - 2024-09-19 19:31:37 --> CodeIgniter\Database\Exceptions\DatabaseException: Cannot add or update a child row: a foreign key constraint fails (`auditoria_capas`.`users`, CONSTRAINT `FK_users_area` FOREIGN KEY (`fk_area`) REFERENCES `area` (`id_area`))
[Method: POST, Route: admin/insertData]
in SYSTEMPATH\Database\BaseConnection.php on line 688.
 1 SYSTEMPATH\Database\BaseBuilder.php(2340): CodeIgniter\Database\BaseConnection->query('INSERT INTO `users` (`email`, `name`, `firstName`, `lastName`, `password`, `fk_area`, `created_at`, `updated_at`) VALUES (:email:, :name:, :firstName:, :lastName:, :password:, :fk_area:, :created_at:, :updated_at:)', [...], false)
 2 SYSTEMPATH\Model.php(394): CodeIgniter\Database\BaseBuilder->insert()
 3 SYSTEMPATH\BaseModel.php(840): CodeIgniter\Model->doInsert([...])
 4 SYSTEMPATH\Model.php(802): CodeIgniter\BaseModel->insert([...], true)
 5 APPPATH\Models\AdminModel.php(27): CodeIgniter\Model->insert([...])
 6 APPPATH\Controllers\AdminController.php(50): App\Models\AdminModel->insertUser([...])
 7 SYSTEMPATH\CodeIgniter.php(933): App\Controllers\AdminController->insertData()
 8 SYSTEMPATH\CodeIgniter.php(509): CodeIgniter\CodeIgniter->runController(Object(App\Controllers\AdminController))
 9 SYSTEMPATH\CodeIgniter.php(355): CodeIgniter\CodeIgniter->handleRequest(null, Object(Config\Cache), false)
10 SYSTEMPATH\Boot.php(325): CodeIgniter\CodeIgniter->run()
11 SYSTEMPATH\Boot.php(67): CodeIgniter\Boot::runCodeIgniter(Object(CodeIgniter\CodeIgniter))
12 FCPATH\index.php(56): CodeIgniter\Boot::bootWeb(Object(Config\Paths))
CRITICAL - 2024-09-19 19:31:37 --> CodeIgniter\Database\Exceptions\DatabaseException: Cannot add or update a child row: a foreign key constraint fails (`auditoria_capas`.`users`, CONSTRAINT `FK_users_area` FOREIGN KEY (`fk_area`) REFERENCES `area` (`id_area`))
[Method: POST, Route: admin/insertData]
in SYSTEMPATH\Database\BaseConnection.php on line 688.
 1 SYSTEMPATH\Database\BaseBuilder.php(2340): CodeIgniter\Database\BaseConnection->query('INSERT INTO `users` (`email`, `name`, `firstName`, `lastName`, `password`, `fk_area`, `created_at`, `updated_at`) VALUES (:email:, :name:, :firstName:, :lastName:, :password:, :fk_area:, :created_at:, :updated_at:)', [...], false)
 2 SYSTEMPATH\Model.php(394): CodeIgniter\Database\BaseBuilder->insert()
 3 SYSTEMPATH\BaseModel.php(840): CodeIgniter\Model->doInsert([...])
 4 SYSTEMPATH\Model.php(802): CodeIgniter\BaseModel->insert([...], true)
 5 APPPATH\Models\AdminModel.php(27): CodeIgniter\Model->insert([...])
 6 APPPATH\Controllers\AdminController.php(50): App\Models\AdminModel->insertUser([...])
 7 SYSTEMPATH\CodeIgniter.php(933): App\Controllers\AdminController->insertData()
 8 SYSTEMPATH\CodeIgniter.php(509): CodeIgniter\CodeIgniter->runController(Object(App\Controllers\AdminController))
 9 SYSTEMPATH\CodeIgniter.php(355): CodeIgniter\CodeIgniter->handleRequest(null, Object(Config\Cache), false)
10 SYSTEMPATH\Boot.php(325): CodeIgniter\CodeIgniter->run()
11 SYSTEMPATH\Boot.php(67): CodeIgniter\Boot::runCodeIgniter(Object(CodeIgniter\CodeIgniter))
12 FCPATH\index.php(56): CodeIgniter\Boot::bootWeb(Object(Config\Paths))
CRITICAL - 2024-09-19 19:31:37 --> [Caused by] CodeIgniter\Database\Exceptions\DatabaseException: Cannot add or update a child row: a foreign key constraint fails (`auditoria_capas`.`users`, CONSTRAINT `FK_users_area` FOREIGN KEY (`fk_area`) REFERENCES `area` (`id_area`))
in SYSTEMPATH\Database\MySQLi\Connection.php on line 317.
 1 SYSTEMPATH\Database\BaseConnection.php(734): CodeIgniter\Database\MySQLi\Connection->execute('INSERT INTO `users` (`email`, `name`, `firstName`, `lastName`, `password`, `fk_area`, `created_at`, `updated_at`) VALUES (\'\', \'\', \'\', \'\', \'$2y$10$WpegAX.TjIzfQlY6t8O0kuncfAmCClhQ7Zgvay.adqy4uX/sx42ye\', \'Open this select menu\', \'2024-09-19 19:31:37\', \'2024-09-19 19:31:37\')')
 2 SYSTEMPATH\Database\BaseConnection.php(648): CodeIgniter\Database\BaseConnection->simpleQuery('INSERT INTO `users` (`email`, `name`, `firstName`, `lastName`, `password`, `fk_area`, `created_at`, `updated_at`) VALUES (\'\', \'\', \'\', \'\', \'$2y$10$WpegAX.TjIzfQlY6t8O0kuncfAmCClhQ7Zgvay.adqy4uX/sx42ye\', \'Open this select menu\', \'2024-09-19 19:31:37\', \'2024-09-19 19:31:37\')')
 3 SYSTEMPATH\Database\BaseBuilder.php(2340): CodeIgniter\Database\BaseConnection->query('INSERT INTO `users` (`email`, `name`, `firstName`, `lastName`, `password`, `fk_area`, `created_at`, `updated_at`) VALUES (:email:, :name:, :firstName:, :lastName:, :password:, :fk_area:, :created_at:, :updated_at:)', [...], false)
 4 SYSTEMPATH\Model.php(394): CodeIgniter\Database\BaseBuilder->insert()
 5 SYSTEMPATH\BaseModel.php(840): CodeIgniter\Model->doInsert([...])
 6 SYSTEMPATH\Model.php(802): CodeIgniter\BaseModel->insert([...], true)
 7 APPPATH\Models\AdminModel.php(27): CodeIgniter\Model->insert([...])
 8 APPPATH\Controllers\AdminController.php(50): App\Models\AdminModel->insertUser([...])
 9 SYSTEMPATH\CodeIgniter.php(933): App\Controllers\AdminController->insertData()
10 SYSTEMPATH\CodeIgniter.php(509): CodeIgniter\CodeIgniter->runController(Object(App\Controllers\AdminController))
11 SYSTEMPATH\CodeIgniter.php(355): CodeIgniter\CodeIgniter->handleRequest(null, Object(Config\Cache), false)
12 SYSTEMPATH\Boot.php(325): CodeIgniter\CodeIgniter->run()
13 SYSTEMPATH\Boot.php(67): CodeIgniter\Boot::runCodeIgniter(Object(CodeIgniter\CodeIgniter))
14 FCPATH\index.php(56): CodeIgniter\Boot::bootWeb(Object(Config\Paths))
CRITICAL - 2024-09-19 19:31:37 --> [Caused by] CodeIgniter\Database\Exceptions\DatabaseException: Cannot add or update a child row: a foreign key constraint fails (`auditoria_capas`.`users`, CONSTRAINT `FK_users_area` FOREIGN KEY (`fk_area`) REFERENCES `area` (`id_area`))
in SYSTEMPATH\Database\MySQLi\Connection.php on line 317.
 1 SYSTEMPATH\Database\BaseConnection.php(734): CodeIgniter\Database\MySQLi\Connection->execute('INSERT INTO `users` (`email`, `name`, `firstName`, `lastName`, `password`, `fk_area`, `created_at`, `updated_at`) VALUES (\'\', \'\', \'\', \'\', \'$2y$10$jSMcphe7f.FbgDjjqC3w7eSSscyXY2sq79lBzK6lOiV.Mtcy2jRsy\', \'Open this select menu\', \'2024-09-19 19:31:37\', \'2024-09-19 19:31:37\')')
 2 SYSTEMPATH\Database\BaseConnection.php(648): CodeIgniter\Database\BaseConnection->simpleQuery('INSERT INTO `users` (`email`, `name`, `firstName`, `lastName`, `password`, `fk_area`, `created_at`, `updated_at`) VALUES (\'\', \'\', \'\', \'\', \'$2y$10$jSMcphe7f.FbgDjjqC3w7eSSscyXY2sq79lBzK6lOiV.Mtcy2jRsy\', \'Open this select menu\', \'2024-09-19 19:31:37\', \'2024-09-19 19:31:37\')')
 3 SYSTEMPATH\Database\BaseBuilder.php(2340): CodeIgniter\Database\BaseConnection->query('INSERT INTO `users` (`email`, `name`, `firstName`, `lastName`, `password`, `fk_area`, `created_at`, `updated_at`) VALUES (:email:, :name:, :firstName:, :lastName:, :password:, :fk_area:, :created_at:, :updated_at:)', [...], false)
 4 SYSTEMPATH\Model.php(394): CodeIgniter\Database\BaseBuilder->insert()
 5 SYSTEMPATH\BaseModel.php(840): CodeIgniter\Model->doInsert([...])
 6 SYSTEMPATH\Model.php(802): CodeIgniter\BaseModel->insert([...], true)
 7 APPPATH\Models\AdminModel.php(27): CodeIgniter\Model->insert([...])
 8 APPPATH\Controllers\AdminController.php(50): App\Models\AdminModel->insertUser([...])
 9 SYSTEMPATH\CodeIgniter.php(933): App\Controllers\AdminController->insertData()
10 SYSTEMPATH\CodeIgniter.php(509): CodeIgniter\CodeIgniter->runController(Object(App\Controllers\AdminController))
11 SYSTEMPATH\CodeIgniter.php(355): CodeIgniter\CodeIgniter->handleRequest(null, Object(Config\Cache), false)
12 SYSTEMPATH\Boot.php(325): CodeIgniter\CodeIgniter->run()
13 SYSTEMPATH\Boot.php(67): CodeIgniter\Boot::runCodeIgniter(Object(CodeIgniter\CodeIgniter))
14 FCPATH\index.php(56): CodeIgniter\Boot::bootWeb(Object(Config\Paths))
CRITICAL - 2024-09-19 19:31:37 --> [Caused by] CodeIgniter\Database\Exceptions\DatabaseException: Cannot add or update a child row: a foreign key constraint fails (`auditoria_capas`.`users`, CONSTRAINT `FK_users_area` FOREIGN KEY (`fk_area`) REFERENCES `area` (`id_area`))
in SYSTEMPATH\Database\MySQLi\Connection.php on line 317.
 1 SYSTEMPATH\Database\BaseConnection.php(734): CodeIgniter\Database\MySQLi\Connection->execute('INSERT INTO `users` (`email`, `name`, `firstName`, `lastName`, `password`, `fk_area`, `created_at`, `updated_at`) VALUES (\'\', \'\', \'\', \'\', \'$2y$10$7dnd83qvQd446jpPmoYNL.bOKFeqx2h.ytIJRWoRxNk3W4bGuPKpO\', \'Open this select menu\', \'2024-09-19 19:31:37\', \'2024-09-19 19:31:37\')')
 2 SYSTEMPATH\Database\BaseConnection.php(648): CodeIgniter\Database\BaseConnection->simpleQuery('INSERT INTO `users` (`email`, `name`, `firstName`, `lastName`, `password`, `fk_area`, `created_at`, `updated_at`) VALUES (\'\', \'\', \'\', \'\', \'$2y$10$7dnd83qvQd446jpPmoYNL.bOKFeqx2h.ytIJRWoRxNk3W4bGuPKpO\', \'Open this select menu\', \'2024-09-19 19:31:37\', \'2024-09-19 19:31:37\')')
 3 SYSTEMPATH\Database\BaseBuilder.php(2340): CodeIgniter\Database\BaseConnection->query('INSERT INTO `users` (`email`, `name`, `firstName`, `lastName`, `password`, `fk_area`, `created_at`, `updated_at`) VALUES (:email:, :name:, :firstName:, :lastName:, :password:, :fk_area:, :created_at:, :updated_at:)', [...], false)
 4 SYSTEMPATH\Model.php(394): CodeIgniter\Database\BaseBuilder->insert()
 5 SYSTEMPATH\BaseModel.php(840): CodeIgniter\Model->doInsert([...])
 6 SYSTEMPATH\Model.php(802): CodeIgniter\BaseModel->insert([...], true)
 7 APPPATH\Models\AdminModel.php(27): CodeIgniter\Model->insert([...])
 8 APPPATH\Controllers\AdminController.php(50): App\Models\AdminModel->insertUser([...])
 9 SYSTEMPATH\CodeIgniter.php(933): App\Controllers\AdminController->insertData()
10 SYSTEMPATH\CodeIgniter.php(509): CodeIgniter\CodeIgniter->runController(Object(App\Controllers\AdminController))
11 SYSTEMPATH\CodeIgniter.php(355): CodeIgniter\CodeIgniter->handleRequest(null, Object(Config\Cache), false)
12 SYSTEMPATH\Boot.php(325): CodeIgniter\CodeIgniter->run()
13 SYSTEMPATH\Boot.php(67): CodeIgniter\Boot::runCodeIgniter(Object(CodeIgniter\CodeIgniter))
14 FCPATH\index.php(56): CodeIgniter\Boot::bootWeb(Object(Config\Paths))
CRITICAL - 2024-09-19 19:31:37 --> [Caused by] CodeIgniter\Database\Exceptions\DatabaseException: Cannot add or update a child row: a foreign key constraint fails (`auditoria_capas`.`users`, CONSTRAINT `FK_users_area` FOREIGN KEY (`fk_area`) REFERENCES `area` (`id_area`))
in SYSTEMPATH\Database\MySQLi\Connection.php on line 317.
 1 SYSTEMPATH\Database\BaseConnection.php(734): CodeIgniter\Database\MySQLi\Connection->execute('INSERT INTO `users` (`email`, `name`, `firstName`, `lastName`, `password`, `fk_area`, `created_at`, `updated_at`) VALUES (\'\', \'\', \'\', \'\', \'$2y$10$qUukXjBa3rWEE46ECZdu2exyaNPFP3CDQOVTFxbJkVLfunjhODFZi\', \'Open this select menu\', \'2024-09-19 19:31:37\', \'2024-09-19 19:31:37\')')
 2 SYSTEMPATH\Database\BaseConnection.php(648): CodeIgniter\Database\BaseConnection->simpleQuery('INSERT INTO `users` (`email`, `name`, `firstName`, `lastName`, `password`, `fk_area`, `created_at`, `updated_at`) VALUES (\'\', \'\', \'\', \'\', \'$2y$10$qUukXjBa3rWEE46ECZdu2exyaNPFP3CDQOVTFxbJkVLfunjhODFZi\', \'Open this select menu\', \'2024-09-19 19:31:37\', \'2024-09-19 19:31:37\')')
 3 SYSTEMPATH\Database\BaseBuilder.php(2340): CodeIgniter\Database\BaseConnection->query('INSERT INTO `users` (`email`, `name`, `firstName`, `lastName`, `password`, `fk_area`, `created_at`, `updated_at`) VALUES (:email:, :name:, :firstName:, :lastName:, :password:, :fk_area:, :created_at:, :updated_at:)', [...], false)
 4 SYSTEMPATH\Model.php(394): CodeIgniter\Database\BaseBuilder->insert()
 5 SYSTEMPATH\BaseModel.php(840): CodeIgniter\Model->doInsert([...])
 6 SYSTEMPATH\Model.php(802): CodeIgniter\BaseModel->insert([...], true)
 7 APPPATH\Models\AdminModel.php(27): CodeIgniter\Model->insert([...])
 8 APPPATH\Controllers\AdminController.php(50): App\Models\AdminModel->insertUser([...])
 9 SYSTEMPATH\CodeIgniter.php(933): App\Controllers\AdminController->insertData()
10 SYSTEMPATH\CodeIgniter.php(509): CodeIgniter\CodeIgniter->runController(Object(App\Controllers\AdminController))
11 SYSTEMPATH\CodeIgniter.php(355): CodeIgniter\CodeIgniter->handleRequest(null, Object(Config\Cache), false)
12 SYSTEMPATH\Boot.php(325): CodeIgniter\CodeIgniter->run()
13 SYSTEMPATH\Boot.php(67): CodeIgniter\Boot::runCodeIgniter(Object(CodeIgniter\CodeIgniter))
14 FCPATH\index.php(56): CodeIgniter\Boot::bootWeb(Object(Config\Paths))
CRITICAL - 2024-09-19 19:31:37 --> [Caused by] CodeIgniter\Database\Exceptions\DatabaseException: Cannot add or update a child row: a foreign key constraint fails (`auditoria_capas`.`users`, CONSTRAINT `FK_users_area` FOREIGN KEY (`fk_area`) REFERENCES `area` (`id_area`))
in SYSTEMPATH\Database\MySQLi\Connection.php on line 317.
 1 SYSTEMPATH\Database\BaseConnection.php(734): CodeIgniter\Database\MySQLi\Connection->execute('INSERT INTO `users` (`email`, `name`, `firstName`, `lastName`, `password`, `fk_area`, `created_at`, `updated_at`) VALUES (\'\', \'\', \'\', \'\', \'$2y$10$2D0ng11PEeHAzXIEU83tveWZHACwUn56P4qQ3hu01GITQ895PTnPG\', \'Open this select menu\', \'2024-09-19 19:31:37\', \'2024-09-19 19:31:37\')')
 2 SYSTEMPATH\Database\BaseConnection.php(648): CodeIgniter\Database\BaseConnection->simpleQuery('INSERT INTO `users` (`email`, `name`, `firstName`, `lastName`, `password`, `fk_area`, `created_at`, `updated_at`) VALUES (\'\', \'\', \'\', \'\', \'$2y$10$2D0ng11PEeHAzXIEU83tveWZHACwUn56P4qQ3hu01GITQ895PTnPG\', \'Open this select menu\', \'2024-09-19 19:31:37\', \'2024-09-19 19:31:37\')')
 3 SYSTEMPATH\Database\BaseBuilder.php(2340): CodeIgniter\Database\BaseConnection->query('INSERT INTO `users` (`email`, `name`, `firstName`, `lastName`, `password`, `fk_area`, `created_at`, `updated_at`) VALUES (:email:, :name:, :firstName:, :lastName:, :password:, :fk_area:, :created_at:, :updated_at:)', [...], false)
 4 SYSTEMPATH\Model.php(394): CodeIgniter\Database\BaseBuilder->insert()
 5 SYSTEMPATH\BaseModel.php(840): CodeIgniter\Model->doInsert([...])
 6 SYSTEMPATH\Model.php(802): CodeIgniter\BaseModel->insert([...], true)
 7 APPPATH\Models\AdminModel.php(27): CodeIgniter\Model->insert([...])
 8 APPPATH\Controllers\AdminController.php(50): App\Models\AdminModel->insertUser([...])
 9 SYSTEMPATH\CodeIgniter.php(933): App\Controllers\AdminController->insertData()
10 SYSTEMPATH\CodeIgniter.php(509): CodeIgniter\CodeIgniter->runController(Object(App\Controllers\AdminController))
11 SYSTEMPATH\CodeIgniter.php(355): CodeIgniter\CodeIgniter->handleRequest(null, Object(Config\Cache), false)
12 SYSTEMPATH\Boot.php(325): CodeIgniter\CodeIgniter->run()
13 SYSTEMPATH\Boot.php(67): CodeIgniter\Boot::runCodeIgniter(Object(CodeIgniter\CodeIgniter))
14 FCPATH\index.php(56): CodeIgniter\Boot::bootWeb(Object(Config\Paths))
CRITICAL - 2024-09-19 19:31:37 --> [Caused by] mysqli_sql_exception: Cannot add or update a child row: a foreign key constraint fails (`auditoria_capas`.`users`, CONSTRAINT `FK_users_area` FOREIGN KEY (`fk_area`) REFERENCES `area` (`id_area`))
in SYSTEMPATH\Database\MySQLi\Connection.php on line 312.
 1 SYSTEMPATH\Database\MySQLi\Connection.php(312): mysqli->query('INSERT INTO `users` (`email`, `name`, `firstName`, `lastName`, `password`, `fk_area`, `created_at`, `updated_at`) VALUES (\'\', \'\', \'\', \'\', \'$2y$10$WpegAX.TjIzfQlY6t8O0kuncfAmCClhQ7Zgvay.adqy4uX/sx42ye\', \'Open this select menu\', \'2024-09-19 19:31:37\', \'2024-09-19 19:31:37\')', 0)
 2 SYSTEMPATH\Database\BaseConnection.php(734): CodeIgniter\Database\MySQLi\Connection->execute('INSERT INTO `users` (`email`, `name`, `firstName`, `lastName`, `password`, `fk_area`, `created_at`, `updated_at`) VALUES (\'\', \'\', \'\', \'\', \'$2y$10$WpegAX.TjIzfQlY6t8O0kuncfAmCClhQ7Zgvay.adqy4uX/sx42ye\', \'Open this select menu\', \'2024-09-19 19:31:37\', \'2024-09-19 19:31:37\')')
 3 SYSTEMPATH\Database\BaseConnection.php(648): CodeIgniter\Database\BaseConnection->simpleQuery('INSERT INTO `users` (`email`, `name`, `firstName`, `lastName`, `password`, `fk_area`, `created_at`, `updated_at`) VALUES (\'\', \'\', \'\', \'\', \'$2y$10$WpegAX.TjIzfQlY6t8O0kuncfAmCClhQ7Zgvay.adqy4uX/sx42ye\', \'Open this select menu\', \'2024-09-19 19:31:37\', \'2024-09-19 19:31:37\')')
 4 SYSTEMPATH\Database\BaseBuilder.php(2340): CodeIgniter\Database\BaseConnection->query('INSERT INTO `users` (`email`, `name`, `firstName`, `lastName`, `password`, `fk_area`, `created_at`, `updated_at`) VALUES (:email:, :name:, :firstName:, :lastName:, :password:, :fk_area:, :created_at:, :updated_at:)', [...], false)
 5 SYSTEMPATH\Model.php(394): CodeIgniter\Database\BaseBuilder->insert()
 6 SYSTEMPATH\BaseModel.php(840): CodeIgniter\Model->doInsert([...])
 7 SYSTEMPATH\Model.php(802): CodeIgniter\BaseModel->insert([...], true)
 8 APPPATH\Models\AdminModel.php(27): CodeIgniter\Model->insert([...])
 9 APPPATH\Controllers\AdminController.php(50): App\Models\AdminModel->insertUser([...])
10 SYSTEMPATH\CodeIgniter.php(933): App\Controllers\AdminController->insertData()
11 SYSTEMPATH\CodeIgniter.php(509): CodeIgniter\CodeIgniter->runController(Object(App\Controllers\AdminController))
12 SYSTEMPATH\CodeIgniter.php(355): CodeIgniter\CodeIgniter->handleRequest(null, Object(Config\Cache), false)
13 SYSTEMPATH\Boot.php(325): CodeIgniter\CodeIgniter->run()
14 SYSTEMPATH\Boot.php(67): CodeIgniter\Boot::runCodeIgniter(Object(CodeIgniter\CodeIgniter))
15 FCPATH\index.php(56): CodeIgniter\Boot::bootWeb(Object(Config\Paths))
CRITICAL - 2024-09-19 19:31:37 --> [Caused by] mysqli_sql_exception: Cannot add or update a child row: a foreign key constraint fails (`auditoria_capas`.`users`, CONSTRAINT `FK_users_area` FOREIGN KEY (`fk_area`) REFERENCES `area` (`id_area`))
in SYSTEMPATH\Database\MySQLi\Connection.php on line 312.
 1 SYSTEMPATH\Database\MySQLi\Connection.php(312): mysqli->query('INSERT INTO `users` (`email`, `name`, `firstName`, `lastName`, `password`, `fk_area`, `created_at`, `updated_at`) VALUES (\'\', \'\', \'\', \'\', \'$2y$10$jSMcphe7f.FbgDjjqC3w7eSSscyXY2sq79lBzK6lOiV.Mtcy2jRsy\', \'Open this select menu\', \'2024-09-19 19:31:37\', \'2024-09-19 19:31:37\')', 0)
 2 SYSTEMPATH\Database\BaseConnection.php(734): CodeIgniter\Database\MySQLi\Connection->execute('INSERT INTO `users` (`email`, `name`, `firstName`, `lastName`, `password`, `fk_area`, `created_at`, `updated_at`) VALUES (\'\', \'\', \'\', \'\', \'$2y$10$jSMcphe7f.FbgDjjqC3w7eSSscyXY2sq79lBzK6lOiV.Mtcy2jRsy\', \'Open this select menu\', \'2024-09-19 19:31:37\', \'2024-09-19 19:31:37\')')
 3 SYSTEMPATH\Database\BaseConnection.php(648): CodeIgniter\Database\BaseConnection->simpleQuery('INSERT INTO `users` (`email`, `name`, `firstName`, `lastName`, `password`, `fk_area`, `created_at`, `updated_at`) VALUES (\'\', \'\', \'\', \'\', \'$2y$10$jSMcphe7f.FbgDjjqC3w7eSSscyXY2sq79lBzK6lOiV.Mtcy2jRsy\', \'Open this select menu\', \'2024-09-19 19:31:37\', \'2024-09-19 19:31:37\')')
 4 SYSTEMPATH\Database\BaseBuilder.php(2340): CodeIgniter\Database\BaseConnection->query('INSERT INTO `users` (`email`, `name`, `firstName`, `lastName`, `password`, `fk_area`, `created_at`, `updated_at`) VALUES (:email:, :name:, :firstName:, :lastName:, :password:, :fk_area:, :created_at:, :updated_at:)', [...], false)
 5 SYSTEMPATH\Model.php(394): CodeIgniter\Database\BaseBuilder->insert()
 6 SYSTEMPATH\BaseModel.php(840): CodeIgniter\Model->doInsert([...])
 7 SYSTEMPATH\Model.php(802): CodeIgniter\BaseModel->insert([...], true)
 8 APPPATH\Models\AdminModel.php(27): CodeIgniter\Model->insert([...])
 9 APPPATH\Controllers\AdminController.php(50): App\Models\AdminModel->insertUser([...])
10 SYSTEMPATH\CodeIgniter.php(933): App\Controllers\AdminController->insertData()
11 SYSTEMPATH\CodeIgniter.php(509): CodeIgniter\CodeIgniter->runController(Object(App\Controllers\AdminController))
12 SYSTEMPATH\CodeIgniter.php(355): CodeIgniter\CodeIgniter->handleRequest(null, Object(Config\Cache), false)
13 SYSTEMPATH\Boot.php(325): CodeIgniter\CodeIgniter->run()
14 SYSTEMPATH\Boot.php(67): CodeIgniter\Boot::runCodeIgniter(Object(CodeIgniter\CodeIgniter))
15 FCPATH\index.php(56): CodeIgniter\Boot::bootWeb(Object(Config\Paths))
CRITICAL - 2024-09-19 19:31:37 --> [Caused by] mysqli_sql_exception: Cannot add or update a child row: a foreign key constraint fails (`auditoria_capas`.`users`, CONSTRAINT `FK_users_area` FOREIGN KEY (`fk_area`) REFERENCES `area` (`id_area`))
in SYSTEMPATH\Database\MySQLi\Connection.php on line 312.
 1 SYSTEMPATH\Database\MySQLi\Connection.php(312): mysqli->query('INSERT INTO `users` (`email`, `name`, `firstName`, `lastName`, `password`, `fk_area`, `created_at`, `updated_at`) VALUES (\'\', \'\', \'\', \'\', \'$2y$10$7dnd83qvQd446jpPmoYNL.bOKFeqx2h.ytIJRWoRxNk3W4bGuPKpO\', \'Open this select menu\', \'2024-09-19 19:31:37\', \'2024-09-19 19:31:37\')', 0)
 2 SYSTEMPATH\Database\BaseConnection.php(734): CodeIgniter\Database\MySQLi\Connection->execute('INSERT INTO `users` (`email`, `name`, `firstName`, `lastName`, `password`, `fk_area`, `created_at`, `updated_at`) VALUES (\'\', \'\', \'\', \'\', \'$2y$10$7dnd83qvQd446jpPmoYNL.bOKFeqx2h.ytIJRWoRxNk3W4bGuPKpO\', \'Open this select menu\', \'2024-09-19 19:31:37\', \'2024-09-19 19:31:37\')')
 3 SYSTEMPATH\Database\BaseConnection.php(648): CodeIgniter\Database\BaseConnection->simpleQuery('INSERT INTO `users` (`email`, `name`, `firstName`, `lastName`, `password`, `fk_area`, `created_at`, `updated_at`) VALUES (\'\', \'\', \'\', \'\', \'$2y$10$7dnd83qvQd446jpPmoYNL.bOKFeqx2h.ytIJRWoRxNk3W4bGuPKpO\', \'Open this select menu\', \'2024-09-19 19:31:37\', \'2024-09-19 19:31:37\')')
 4 SYSTEMPATH\Database\BaseBuilder.php(2340): CodeIgniter\Database\BaseConnection->query('INSERT INTO `users` (`email`, `name`, `firstName`, `lastName`, `password`, `fk_area`, `created_at`, `updated_at`) VALUES (:email:, :name:, :firstName:, :lastName:, :password:, :fk_area:, :created_at:, :updated_at:)', [...], false)
 5 SYSTEMPATH\Model.php(394): CodeIgniter\Database\BaseBuilder->insert()
 6 SYSTEMPATH\BaseModel.php(840): CodeIgniter\Model->doInsert([...])
 7 SYSTEMPATH\Model.php(802): CodeIgniter\BaseModel->insert([...], true)
 8 APPPATH\Models\AdminModel.php(27): CodeIgniter\Model->insert([...])
 9 APPPATH\Controllers\AdminController.php(50): App\Models\AdminModel->insertUser([...])
10 SYSTEMPATH\CodeIgniter.php(933): App\Controllers\AdminController->insertData()
11 SYSTEMPATH\CodeIgniter.php(509): CodeIgniter\CodeIgniter->runController(Object(App\Controllers\AdminController))
12 SYSTEMPATH\CodeIgniter.php(355): CodeIgniter\CodeIgniter->handleRequest(null, Object(Config\Cache), false)
13 SYSTEMPATH\Boot.php(325): CodeIgniter\CodeIgniter->run()
14 SYSTEMPATH\Boot.php(67): CodeIgniter\Boot::runCodeIgniter(Object(CodeIgniter\CodeIgniter))
15 FCPATH\index.php(56): CodeIgniter\Boot::bootWeb(Object(Config\Paths))
CRITICAL - 2024-09-19 19:31:37 --> [Caused by] mysqli_sql_exception: Cannot add or update a child row: a foreign key constraint fails (`auditoria_capas`.`users`, CONSTRAINT `FK_users_area` FOREIGN KEY (`fk_area`) REFERENCES `area` (`id_area`))
in SYSTEMPATH\Database\MySQLi\Connection.php on line 312.
 1 SYSTEMPATH\Database\MySQLi\Connection.php(312): mysqli->query('INSERT INTO `users` (`email`, `name`, `firstName`, `lastName`, `password`, `fk_area`, `created_at`, `updated_at`) VALUES (\'\', \'\', \'\', \'\', \'$2y$10$qUukXjBa3rWEE46ECZdu2exyaNPFP3CDQOVTFxbJkVLfunjhODFZi\', \'Open this select menu\', \'2024-09-19 19:31:37\', \'2024-09-19 19:31:37\')', 0)
 2 SYSTEMPATH\Database\BaseConnection.php(734): CodeIgniter\Database\MySQLi\Connection->execute('INSERT INTO `users` (`email`, `name`, `firstName`, `lastName`, `password`, `fk_area`, `created_at`, `updated_at`) VALUES (\'\', \'\', \'\', \'\', \'$2y$10$qUukXjBa3rWEE46ECZdu2exyaNPFP3CDQOVTFxbJkVLfunjhODFZi\', \'Open this select menu\', \'2024-09-19 19:31:37\', \'2024-09-19 19:31:37\')')
 3 SYSTEMPATH\Database\BaseConnection.php(648): CodeIgniter\Database\BaseConnection->simpleQuery('INSERT INTO `users` (`email`, `name`, `firstName`, `lastName`, `password`, `fk_area`, `created_at`, `updated_at`) VALUES (\'\', \'\', \'\', \'\', \'$2y$10$qUukXjBa3rWEE46ECZdu2exyaNPFP3CDQOVTFxbJkVLfunjhODFZi\', \'Open this select menu\', \'2024-09-19 19:31:37\', \'2024-09-19 19:31:37\')')
 4 SYSTEMPATH\Database\BaseBuilder.php(2340): CodeIgniter\Database\BaseConnection->query('INSERT INTO `users` (`email`, `name`, `firstName`, `lastName`, `password`, `fk_area`, `created_at`, `updated_at`) VALUES (:email:, :name:, :firstName:, :lastName:, :password:, :fk_area:, :created_at:, :updated_at:)', [...], false)
 5 SYSTEMPATH\Model.php(394): CodeIgniter\Database\BaseBuilder->insert()
 6 SYSTEMPATH\BaseModel.php(840): CodeIgniter\Model->doInsert([...])
 7 SYSTEMPATH\Model.php(802): CodeIgniter\BaseModel->insert([...], true)
 8 APPPATH\Models\AdminModel.php(27): CodeIgniter\Model->insert([...])
 9 APPPATH\Controllers\AdminController.php(50): App\Models\AdminModel->insertUser([...])
10 SYSTEMPATH\CodeIgniter.php(933): App\Controllers\AdminController->insertData()
11 SYSTEMPATH\CodeIgniter.php(509): CodeIgniter\CodeIgniter->runController(Object(App\Controllers\AdminController))
12 SYSTEMPATH\CodeIgniter.php(355): CodeIgniter\CodeIgniter->handleRequest(null, Object(Config\Cache), false)
13 SYSTEMPATH\Boot.php(325): CodeIgniter\CodeIgniter->run()
14 SYSTEMPATH\Boot.php(67): CodeIgniter\Boot::runCodeIgniter(Object(CodeIgniter\CodeIgniter))
15 FCPATH\index.php(56): CodeIgniter\Boot::bootWeb(Object(Config\Paths))
CRITICAL - 2024-09-19 19:31:37 --> [Caused by] mysqli_sql_exception: Cannot add or update a child row: a foreign key constraint fails (`auditoria_capas`.`users`, CONSTRAINT `FK_users_area` FOREIGN KEY (`fk_area`) REFERENCES `area` (`id_area`))
in SYSTEMPATH\Database\MySQLi\Connection.php on line 312.
 1 SYSTEMPATH\Database\MySQLi\Connection.php(312): mysqli->query('INSERT INTO `users` (`email`, `name`, `firstName`, `lastName`, `password`, `fk_area`, `created_at`, `updated_at`) VALUES (\'\', \'\', \'\', \'\', \'$2y$10$2D0ng11PEeHAzXIEU83tveWZHACwUn56P4qQ3hu01GITQ895PTnPG\', \'Open this select menu\', \'2024-09-19 19:31:37\', \'2024-09-19 19:31:37\')', 0)
 2 SYSTEMPATH\Database\BaseConnection.php(734): CodeIgniter\Database\MySQLi\Connection->execute('INSERT INTO `users` (`email`, `name`, `firstName`, `lastName`, `password`, `fk_area`, `created_at`, `updated_at`) VALUES (\'\', \'\', \'\', \'\', \'$2y$10$2D0ng11PEeHAzXIEU83tveWZHACwUn56P4qQ3hu01GITQ895PTnPG\', \'Open this select menu\', \'2024-09-19 19:31:37\', \'2024-09-19 19:31:37\')')
 3 SYSTEMPATH\Database\BaseConnection.php(648): CodeIgniter\Database\BaseConnection->simpleQuery('INSERT INTO `users` (`email`, `name`, `firstName`, `lastName`, `password`, `fk_area`, `created_at`, `updated_at`) VALUES (\'\', \'\', \'\', \'\', \'$2y$10$2D0ng11PEeHAzXIEU83tveWZHACwUn56P4qQ3hu01GITQ895PTnPG\', \'Open this select menu\', \'2024-09-19 19:31:37\', \'2024-09-19 19:31:37\')')
 4 SYSTEMPATH\Database\BaseBuilder.php(2340): CodeIgniter\Database\BaseConnection->query('INSERT INTO `users` (`email`, `name`, `firstName`, `lastName`, `password`, `fk_area`, `created_at`, `updated_at`) VALUES (:email:, :name:, :firstName:, :lastName:, :password:, :fk_area:, :created_at:, :updated_at:)', [...], false)
 5 SYSTEMPATH\Model.php(394): CodeIgniter\Database\BaseBuilder->insert()
 6 SYSTEMPATH\BaseModel.php(840): CodeIgniter\Model->doInsert([...])
 7 SYSTEMPATH\Model.php(802): CodeIgniter\BaseModel->insert([...], true)
 8 APPPATH\Models\AdminModel.php(27): CodeIgniter\Model->insert([...])
 9 APPPATH\Controllers\AdminController.php(50): App\Models\AdminModel->insertUser([...])
10 SYSTEMPATH\CodeIgniter.php(933): App\Controllers\AdminController->insertData()
11 SYSTEMPATH\CodeIgniter.php(509): CodeIgniter\CodeIgniter->runController(Object(App\Controllers\AdminController))
12 SYSTEMPATH\CodeIgniter.php(355): CodeIgniter\CodeIgniter->handleRequest(null, Object(Config\Cache), false)
13 SYSTEMPATH\Boot.php(325): CodeIgniter\CodeIgniter->run()
14 SYSTEMPATH\Boot.php(67): CodeIgniter\Boot::runCodeIgniter(Object(CodeIgniter\CodeIgniter))
15 FCPATH\index.php(56): CodeIgniter\Boot::bootWeb(Object(Config\Paths))
ERROR - 2024-09-19 19:32:55 --> mysqli_sql_exception: Cannot add or update a child row: a foreign key constraint fails (`auditoria_capas`.`users`, CONSTRAINT `FK_users_area` FOREIGN KEY (`fk_area`) REFERENCES `area` (`id_area`)) in C:\laragon\www\framework_ssii\system\Database\MySQLi\Connection.php:312
Stack trace:
#0 C:\laragon\www\framework_ssii\system\Database\MySQLi\Connection.php(312): mysqli->query('INSERT INTO `us...', 0)
#1 C:\laragon\www\framework_ssii\system\Database\BaseConnection.php(734): CodeIgniter\Database\MySQLi\Connection->execute('INSERT INTO `us...')
#2 C:\laragon\www\framework_ssii\system\Database\BaseConnection.php(648): CodeIgniter\Database\BaseConnection->simpleQuery('INSERT INTO `us...')
#3 C:\laragon\www\framework_ssii\system\Database\BaseBuilder.php(2340): CodeIgniter\Database\BaseConnection->query('INSERT INTO `us...', Array, false)
#4 C:\laragon\www\framework_ssii\system\Model.php(394): CodeIgniter\Database\BaseBuilder->insert()
#5 C:\laragon\www\framework_ssii\system\BaseModel.php(840): CodeIgniter\Model->doInsert(Array)
#6 C:\laragon\www\framework_ssii\system\Model.php(802): CodeIgniter\BaseModel->insert(Array, true)
#7 C:\laragon\www\framework_ssii\app\Models\AdminModel.php(27): CodeIgniter\Model->insert(Array)
#8 C:\laragon\www\framework_ssii\app\Controllers\AdminController.php(50): App\Models\AdminModel->insertUser(Array)
#9 C:\laragon\www\framework_ssii\system\CodeIgniter.php(933): App\Controllers\AdminController->insertData()
#10 C:\laragon\www\framework_ssii\system\CodeIgniter.php(509): CodeIgniter\CodeIgniter->runController(Object(App\Controllers\AdminController))
#11 C:\laragon\www\framework_ssii\system\CodeIgniter.php(355): CodeIgniter\CodeIgniter->handleRequest(NULL, Object(Config\Cache), false)
#12 C:\laragon\www\framework_ssii\system\Boot.php(325): CodeIgniter\CodeIgniter->run()
#13 C:\laragon\www\framework_ssii\system\Boot.php(67): CodeIgniter\Boot::runCodeIgniter(Object(CodeIgniter\CodeIgniter))
#14 C:\laragon\www\framework_ssii\index.php(56): CodeIgniter\Boot::bootWeb(Object(Config\Paths))
#15 {main}
CRITICAL - 2024-09-19 19:32:55 --> CodeIgniter\Database\Exceptions\DatabaseException: Cannot add or update a child row: a foreign key constraint fails (`auditoria_capas`.`users`, CONSTRAINT `FK_users_area` FOREIGN KEY (`fk_area`) REFERENCES `area` (`id_area`))
[Method: POST, Route: admin/insertData]
in SYSTEMPATH\Database\BaseConnection.php on line 688.
 1 SYSTEMPATH\Database\BaseBuilder.php(2340): CodeIgniter\Database\BaseConnection->query('INSERT INTO `users` (`email`, `name`, `firstName`, `lastName`, `password`, `fk_area`, `created_at`, `updated_at`) VALUES (:email:, :name:, :firstName:, :lastName:, :password:, :fk_area:, :created_at:, :updated_at:)', [...], false)
 2 SYSTEMPATH\Model.php(394): CodeIgniter\Database\BaseBuilder->insert()
 3 SYSTEMPATH\BaseModel.php(840): CodeIgniter\Model->doInsert([...])
 4 SYSTEMPATH\Model.php(802): CodeIgniter\BaseModel->insert([...], true)
 5 APPPATH\Models\AdminModel.php(27): CodeIgniter\Model->insert([...])
 6 APPPATH\Controllers\AdminController.php(50): App\Models\AdminModel->insertUser([...])
 7 SYSTEMPATH\CodeIgniter.php(933): App\Controllers\AdminController->insertData()
 8 SYSTEMPATH\CodeIgniter.php(509): CodeIgniter\CodeIgniter->runController(Object(App\Controllers\AdminController))
 9 SYSTEMPATH\CodeIgniter.php(355): CodeIgniter\CodeIgniter->handleRequest(null, Object(Config\Cache), false)
10 SYSTEMPATH\Boot.php(325): CodeIgniter\CodeIgniter->run()
11 SYSTEMPATH\Boot.php(67): CodeIgniter\Boot::runCodeIgniter(Object(CodeIgniter\CodeIgniter))
12 FCPATH\index.php(56): CodeIgniter\Boot::bootWeb(Object(Config\Paths))
CRITICAL - 2024-09-19 19:32:55 --> [Caused by] CodeIgniter\Database\Exceptions\DatabaseException: Cannot add or update a child row: a foreign key constraint fails (`auditoria_capas`.`users`, CONSTRAINT `FK_users_area` FOREIGN KEY (`fk_area`) REFERENCES `area` (`id_area`))
in SYSTEMPATH\Database\MySQLi\Connection.php on line 317.
 1 SYSTEMPATH\Database\BaseConnection.php(734): CodeIgniter\Database\MySQLi\Connection->execute('INSERT INTO `users` (`email`, `name`, `firstName`, `lastName`, `password`, `fk_area`, `created_at`, `updated_at`) VALUES (\'\', \'\', \'\', \'\', \'$2y$10$hJsB8X.pmQBn0gtZ2CVVvemvtmryGXyukCV8ZpnHKxXQ2EWL4uY0O\', \'Open this select menu\', \'2024-09-19 19:32:55\', \'2024-09-19 19:32:55\')')
 2 SYSTEMPATH\Database\BaseConnection.php(648): CodeIgniter\Database\BaseConnection->simpleQuery('INSERT INTO `users` (`email`, `name`, `firstName`, `lastName`, `password`, `fk_area`, `created_at`, `updated_at`) VALUES (\'\', \'\', \'\', \'\', \'$2y$10$hJsB8X.pmQBn0gtZ2CVVvemvtmryGXyukCV8ZpnHKxXQ2EWL4uY0O\', \'Open this select menu\', \'2024-09-19 19:32:55\', \'2024-09-19 19:32:55\')')
 3 SYSTEMPATH\Database\BaseBuilder.php(2340): CodeIgniter\Database\BaseConnection->query('INSERT INTO `users` (`email`, `name`, `firstName`, `lastName`, `password`, `fk_area`, `created_at`, `updated_at`) VALUES (:email:, :name:, :firstName:, :lastName:, :password:, :fk_area:, :created_at:, :updated_at:)', [...], false)
 4 SYSTEMPATH\Model.php(394): CodeIgniter\Database\BaseBuilder->insert()
 5 SYSTEMPATH\BaseModel.php(840): CodeIgniter\Model->doInsert([...])
 6 SYSTEMPATH\Model.php(802): CodeIgniter\BaseModel->insert([...], true)
 7 APPPATH\Models\AdminModel.php(27): CodeIgniter\Model->insert([...])
 8 APPPATH\Controllers\AdminController.php(50): App\Models\AdminModel->insertUser([...])
 9 SYSTEMPATH\CodeIgniter.php(933): App\Controllers\AdminController->insertData()
10 SYSTEMPATH\CodeIgniter.php(509): CodeIgniter\CodeIgniter->runController(Object(App\Controllers\AdminController))
11 SYSTEMPATH\CodeIgniter.php(355): CodeIgniter\CodeIgniter->handleRequest(null, Object(Config\Cache), false)
12 SYSTEMPATH\Boot.php(325): CodeIgniter\CodeIgniter->run()
13 SYSTEMPATH\Boot.php(67): CodeIgniter\Boot::runCodeIgniter(Object(CodeIgniter\CodeIgniter))
14 FCPATH\index.php(56): CodeIgniter\Boot::bootWeb(Object(Config\Paths))
CRITICAL - 2024-09-19 19:32:55 --> [Caused by] mysqli_sql_exception: Cannot add or update a child row: a foreign key constraint fails (`auditoria_capas`.`users`, CONSTRAINT `FK_users_area` FOREIGN KEY (`fk_area`) REFERENCES `area` (`id_area`))
in SYSTEMPATH\Database\MySQLi\Connection.php on line 312.
 1 SYSTEMPATH\Database\MySQLi\Connection.php(312): mysqli->query('INSERT INTO `users` (`email`, `name`, `firstName`, `lastName`, `password`, `fk_area`, `created_at`, `updated_at`) VALUES (\'\', \'\', \'\', \'\', \'$2y$10$hJsB8X.pmQBn0gtZ2CVVvemvtmryGXyukCV8ZpnHKxXQ2EWL4uY0O\', \'Open this select menu\', \'2024-09-19 19:32:55\', \'2024-09-19 19:32:55\')', 0)
 2 SYSTEMPATH\Database\BaseConnection.php(734): CodeIgniter\Database\MySQLi\Connection->execute('INSERT INTO `users` (`email`, `name`, `firstName`, `lastName`, `password`, `fk_area`, `created_at`, `updated_at`) VALUES (\'\', \'\', \'\', \'\', \'$2y$10$hJsB8X.pmQBn0gtZ2CVVvemvtmryGXyukCV8ZpnHKxXQ2EWL4uY0O\', \'Open this select menu\', \'2024-09-19 19:32:55\', \'2024-09-19 19:32:55\')')
 3 SYSTEMPATH\Database\BaseConnection.php(648): CodeIgniter\Database\BaseConnection->simpleQuery('INSERT INTO `users` (`email`, `name`, `firstName`, `lastName`, `password`, `fk_area`, `created_at`, `updated_at`) VALUES (\'\', \'\', \'\', \'\', \'$2y$10$hJsB8X.pmQBn0gtZ2CVVvemvtmryGXyukCV8ZpnHKxXQ2EWL4uY0O\', \'Open this select menu\', \'2024-09-19 19:32:55\', \'2024-09-19 19:32:55\')')
 4 SYSTEMPATH\Database\BaseBuilder.php(2340): CodeIgniter\Database\BaseConnection->query('INSERT INTO `users` (`email`, `name`, `firstName`, `lastName`, `password`, `fk_area`, `created_at`, `updated_at`) VALUES (:email:, :name:, :firstName:, :lastName:, :password:, :fk_area:, :created_at:, :updated_at:)', [...], false)
 5 SYSTEMPATH\Model.php(394): CodeIgniter\Database\BaseBuilder->insert()
 6 SYSTEMPATH\BaseModel.php(840): CodeIgniter\Model->doInsert([...])
 7 SYSTEMPATH\Model.php(802): CodeIgniter\BaseModel->insert([...], true)
 8 APPPATH\Models\AdminModel.php(27): CodeIgniter\Model->insert([...])
 9 APPPATH\Controllers\AdminController.php(50): App\Models\AdminModel->insertUser([...])
10 SYSTEMPATH\CodeIgniter.php(933): App\Controllers\AdminController->insertData()
11 SYSTEMPATH\CodeIgniter.php(509): CodeIgniter\CodeIgniter->runController(Object(App\Controllers\AdminController))
12 SYSTEMPATH\CodeIgniter.php(355): CodeIgniter\CodeIgniter->handleRequest(null, Object(Config\Cache), false)
13 SYSTEMPATH\Boot.php(325): CodeIgniter\CodeIgniter->run()
14 SYSTEMPATH\Boot.php(67): CodeIgniter\Boot::runCodeIgniter(Object(CodeIgniter\CodeIgniter))
15 FCPATH\index.php(56): CodeIgniter\Boot::bootWeb(Object(Config\Paths))
ERROR - 2024-09-19 20:18:29 --> mysqli_sql_exception: Cannot add or update a child row: a foreign key constraint fails (`auditoria_capas`.`audit`, CONSTRAINT `FK_audit_machinery` FOREIGN KEY (`fk_machinery`) REFERENCES `machinery` (`id_machinery`)) in C:\laragon\www\framework_ssii\system\Database\MySQLi\Connection.php:312
Stack trace:
#0 C:\laragon\www\framework_ssii\system\Database\MySQLi\Connection.php(312): mysqli->query('INSERT INTO `au...', 0)
#1 C:\laragon\www\framework_ssii\system\Database\BaseConnection.php(734): CodeIgniter\Database\MySQLi\Connection->execute('INSERT INTO `au...')
#2 C:\laragon\www\framework_ssii\system\Database\BaseConnection.php(648): CodeIgniter\Database\BaseConnection->simpleQuery('INSERT INTO `au...')
#3 C:\laragon\www\framework_ssii\system\Database\BaseBuilder.php(2340): CodeIgniter\Database\BaseConnection->query('INSERT INTO `au...', Array, false)
#4 C:\laragon\www\framework_ssii\system\Model.php(394): CodeIgniter\Database\BaseBuilder->insert()
#5 C:\laragon\www\framework_ssii\system\BaseModel.php(840): CodeIgniter\Model->doInsert(Array)
#6 C:\laragon\www\framework_ssii\system\Model.php(802): CodeIgniter\BaseModel->insert(Array, true)
#7 C:\laragon\www\framework_ssii\app\Models\AuditModel.php(24): CodeIgniter\Model->insert(Array)
#8 C:\laragon\www\framework_ssii\app\Controllers\AccionsController.php(78): App\Models\AuditModel->insertAudit(Array)
#9 C:\laragon\www\framework_ssii\system\CodeIgniter.php(933): App\Controllers\AccionsController->insertAudit()
#10 C:\laragon\www\framework_ssii\system\CodeIgniter.php(509): CodeIgniter\CodeIgniter->runController(Object(App\Controllers\AccionsController))
#11 C:\laragon\www\framework_ssii\system\CodeIgniter.php(355): CodeIgniter\CodeIgniter->handleRequest(NULL, Object(Config\Cache), false)
#12 C:\laragon\www\framework_ssii\system\Boot.php(325): CodeIgniter\CodeIgniter->run()
#13 C:\laragon\www\framework_ssii\system\Boot.php(67): CodeIgniter\Boot::runCodeIgniter(Object(CodeIgniter\CodeIgniter))
#14 C:\laragon\www\framework_ssii\index.php(56): CodeIgniter\Boot::bootWeb(Object(Config\Paths))
#15 {main}
CRITICAL - 2024-09-19 20:18:29 --> CodeIgniter\Database\Exceptions\DatabaseException: Cannot add or update a child row: a foreign key constraint fails (`auditoria_capas`.`audit`, CONSTRAINT `FK_audit_machinery` FOREIGN KEY (`fk_machinery`) REFERENCES `machinery` (`id_machinery`))
[Method: POST, Route: accions/insertAudit]
in SYSTEMPATH\Database\BaseConnection.php on line 688.
 1 SYSTEMPATH\Database\BaseBuilder.php(2340): CodeIgniter\Database\BaseConnection->query('INSERT INTO `audit` (`no_audit`, `fk_machinery`, `fk_shift`, `date`, `fk_departament`, `auditor`, `create_at`, `update_at`) VALUES (:no_audit:, :fk_machinery:, :fk_shift:, :date:, :fk_departament:, :auditor:, :create_at:, :update_at:)', [...], false)
 2 SYSTEMPATH\Model.php(394): CodeIgniter\Database\BaseBuilder->insert()
 3 SYSTEMPATH\BaseModel.php(840): CodeIgniter\Model->doInsert([...])
 4 SYSTEMPATH\Model.php(802): CodeIgniter\BaseModel->insert([...], true)
 5 APPPATH\Models\AuditModel.php(24): CodeIgniter\Model->insert([...])
 6 APPPATH\Controllers\AccionsController.php(78): App\Models\AuditModel->insertAudit([...])
 7 SYSTEMPATH\CodeIgniter.php(933): App\Controllers\AccionsController->insertAudit()
 8 SYSTEMPATH\CodeIgniter.php(509): CodeIgniter\CodeIgniter->runController(Object(App\Controllers\AccionsController))
 9 SYSTEMPATH\CodeIgniter.php(355): CodeIgniter\CodeIgniter->handleRequest(null, Object(Config\Cache), false)
10 SYSTEMPATH\Boot.php(325): CodeIgniter\CodeIgniter->run()
11 SYSTEMPATH\Boot.php(67): CodeIgniter\Boot::runCodeIgniter(Object(CodeIgniter\CodeIgniter))
12 FCPATH\index.php(56): CodeIgniter\Boot::bootWeb(Object(Config\Paths))
CRITICAL - 2024-09-19 20:18:29 --> [Caused by] CodeIgniter\Database\Exceptions\DatabaseException: Cannot add or update a child row: a foreign key constraint fails (`auditoria_capas`.`audit`, CONSTRAINT `FK_audit_machinery` FOREIGN KEY (`fk_machinery`) REFERENCES `machinery` (`id_machinery`))
in SYSTEMPATH\Database\MySQLi\Connection.php on line 317.
 1 SYSTEMPATH\Database\BaseConnection.php(734): CodeIgniter\Database\MySQLi\Connection->execute('INSERT INTO `audit` (`no_audit`, `fk_machinery`, `fk_shift`, `date`, `fk_departament`, `auditor`, `create_at`, `update_at`) VALUES (\'\', \'Open this select menu\', \'Open this select menu\', \'\', \'Open this select menu\', \'Hugo Roldn Suares\', \'2024-09-19 20:18:29\', \'2024-09-19 20:18:29\')')
 2 SYSTEMPATH\Database\BaseConnection.php(648): CodeIgniter\Database\BaseConnection->simpleQuery('INSERT INTO `audit` (`no_audit`, `fk_machinery`, `fk_shift`, `date`, `fk_departament`, `auditor`, `create_at`, `update_at`) VALUES (\'\', \'Open this select menu\', \'Open this select menu\', \'\', \'Open this select menu\', \'Hugo Roldn Suares\', \'2024-09-19 20:18:29\', \'2024-09-19 20:18:29\')')
 3 SYSTEMPATH\Database\BaseBuilder.php(2340): CodeIgniter\Database\BaseConnection->query('INSERT INTO `audit` (`no_audit`, `fk_machinery`, `fk_shift`, `date`, `fk_departament`, `auditor`, `create_at`, `update_at`) VALUES (:no_audit:, :fk_machinery:, :fk_shift:, :date:, :fk_departament:, :auditor:, :create_at:, :update_at:)', [...], false)
 4 SYSTEMPATH\Model.php(394): CodeIgniter\Database\BaseBuilder->insert()
 5 SYSTEMPATH\BaseModel.php(840): CodeIgniter\Model->doInsert([...])
 6 SYSTEMPATH\Model.php(802): CodeIgniter\BaseModel->insert([...], true)
 7 APPPATH\Models\AuditModel.php(24): CodeIgniter\Model->insert([...])
 8 APPPATH\Controllers\AccionsController.php(78): App\Models\AuditModel->insertAudit([...])
 9 SYSTEMPATH\CodeIgniter.php(933): App\Controllers\AccionsController->insertAudit()
10 SYSTEMPATH\CodeIgniter.php(509): CodeIgniter\CodeIgniter->runController(Object(App\Controllers\AccionsController))
11 SYSTEMPATH\CodeIgniter.php(355): CodeIgniter\CodeIgniter->handleRequest(null, Object(Config\Cache), false)
12 SYSTEMPATH\Boot.php(325): CodeIgniter\CodeIgniter->run()
13 SYSTEMPATH\Boot.php(67): CodeIgniter\Boot::runCodeIgniter(Object(CodeIgniter\CodeIgniter))
14 FCPATH\index.php(56): CodeIgniter\Boot::bootWeb(Object(Config\Paths))
CRITICAL - 2024-09-19 20:18:29 --> [Caused by] mysqli_sql_exception: Cannot add or update a child row: a foreign key constraint fails (`auditoria_capas`.`audit`, CONSTRAINT `FK_audit_machinery` FOREIGN KEY (`fk_machinery`) REFERENCES `machinery` (`id_machinery`))
in SYSTEMPATH\Database\MySQLi\Connection.php on line 312.
 1 SYSTEMPATH\Database\MySQLi\Connection.php(312): mysqli->query('INSERT INTO `audit` (`no_audit`, `fk_machinery`, `fk_shift`, `date`, `fk_departament`, `auditor`, `create_at`, `update_at`) VALUES (\'\', \'Open this select menu\', \'Open this select menu\', \'\', \'Open this select menu\', \'Hugo Roldn Suares\', \'2024-09-19 20:18:29\', \'2024-09-19 20:18:29\')', 0)
 2 SYSTEMPATH\Database\BaseConnection.php(734): CodeIgniter\Database\MySQLi\Connection->execute('INSERT INTO `audit` (`no_audit`, `fk_machinery`, `fk_shift`, `date`, `fk_departament`, `auditor`, `create_at`, `update_at`) VALUES (\'\', \'Open this select menu\', \'Open this select menu\', \'\', \'Open this select menu\', \'Hugo Roldn Suares\', \'2024-09-19 20:18:29\', \'2024-09-19 20:18:29\')')
 3 SYSTEMPATH\Database\BaseConnection.php(648): CodeIgniter\Database\BaseConnection->simpleQuery('INSERT INTO `audit` (`no_audit`, `fk_machinery`, `fk_shift`, `date`, `fk_departament`, `auditor`, `create_at`, `update_at`) VALUES (\'\', \'Open this select menu\', \'Open this select menu\', \'\', \'Open this select menu\', \'Hugo Roldn Suares\', \'2024-09-19 20:18:29\', \'2024-09-19 20:18:29\')')
 4 SYSTEMPATH\Database\BaseBuilder.php(2340): CodeIgniter\Database\BaseConnection->query('INSERT INTO `audit` (`no_audit`, `fk_machinery`, `fk_shift`, `date`, `fk_departament`, `auditor`, `create_at`, `update_at`) VALUES (:no_audit:, :fk_machinery:, :fk_shift:, :date:, :fk_departament:, :auditor:, :create_at:, :update_at:)', [...], false)
 5 SYSTEMPATH\Model.php(394): CodeIgniter\Database\BaseBuilder->insert()
 6 SYSTEMPATH\BaseModel.php(840): CodeIgniter\Model->doInsert([...])
 7 SYSTEMPATH\Model.php(802): CodeIgniter\BaseModel->insert([...], true)
 8 APPPATH\Models\AuditModel.php(24): CodeIgniter\Model->insert([...])
 9 APPPATH\Controllers\AccionsController.php(78): App\Models\AuditModel->insertAudit([...])
10 SYSTEMPATH\CodeIgniter.php(933): App\Controllers\AccionsController->insertAudit()
11 SYSTEMPATH\CodeIgniter.php(509): CodeIgniter\CodeIgniter->runController(Object(App\Controllers\AccionsController))
12 SYSTEMPATH\CodeIgniter.php(355): CodeIgniter\CodeIgniter->handleRequest(null, Object(Config\Cache), false)
13 SYSTEMPATH\Boot.php(325): CodeIgniter\CodeIgniter->run()
14 SYSTEMPATH\Boot.php(67): CodeIgniter\Boot::runCodeIgniter(Object(CodeIgniter\CodeIgniter))
15 FCPATH\index.php(56): CodeIgniter\Boot::bootWeb(Object(Config\Paths))
ERROR - 2024-09-19 20:18:31 --> mysqli_sql_exception: Cannot add or update a child row: a foreign key constraint fails (`auditoria_capas`.`audit`, CONSTRAINT `FK_audit_machinery` FOREIGN KEY (`fk_machinery`) REFERENCES `machinery` (`id_machinery`)) in C:\laragon\www\framework_ssii\system\Database\MySQLi\Connection.php:312
Stack trace:
#0 C:\laragon\www\framework_ssii\system\Database\MySQLi\Connection.php(312): mysqli->query('INSERT INTO `au...', 0)
#1 C:\laragon\www\framework_ssii\system\Database\BaseConnection.php(734): CodeIgniter\Database\MySQLi\Connection->execute('INSERT INTO `au...')
#2 C:\laragon\www\framework_ssii\system\Database\BaseConnection.php(648): CodeIgniter\Database\BaseConnection->simpleQuery('INSERT INTO `au...')
#3 C:\laragon\www\framework_ssii\system\Database\BaseBuilder.php(2340): CodeIgniter\Database\BaseConnection->query('INSERT INTO `au...', Array, false)
#4 C:\laragon\www\framework_ssii\system\Model.php(394): CodeIgniter\Database\BaseBuilder->insert()
#5 C:\laragon\www\framework_ssii\system\BaseModel.php(840): CodeIgniter\Model->doInsert(Array)
#6 C:\laragon\www\framework_ssii\system\Model.php(802): CodeIgniter\BaseModel->insert(Array, true)
#7 C:\laragon\www\framework_ssii\app\Models\AuditModel.php(24): CodeIgniter\Model->insert(Array)
#8 C:\laragon\www\framework_ssii\app\Controllers\AccionsController.php(78): App\Models\AuditModel->insertAudit(Array)
#9 C:\laragon\www\framework_ssii\system\CodeIgniter.php(933): App\Controllers\AccionsController->insertAudit()
#10 C:\laragon\www\framework_ssii\system\CodeIgniter.php(509): CodeIgniter\CodeIgniter->runController(Object(App\Controllers\AccionsController))
#11 C:\laragon\www\framework_ssii\system\CodeIgniter.php(355): CodeIgniter\CodeIgniter->handleRequest(NULL, Object(Config\Cache), false)
#12 C:\laragon\www\framework_ssii\system\Boot.php(325): CodeIgniter\CodeIgniter->run()
#13 C:\laragon\www\framework_ssii\system\Boot.php(67): CodeIgniter\Boot::runCodeIgniter(Object(CodeIgniter\CodeIgniter))
#14 C:\laragon\www\framework_ssii\index.php(56): CodeIgniter\Boot::bootWeb(Object(Config\Paths))
#15 {main}
CRITICAL - 2024-09-19 20:18:31 --> CodeIgniter\Database\Exceptions\DatabaseException: Cannot add or update a child row: a foreign key constraint fails (`auditoria_capas`.`audit`, CONSTRAINT `FK_audit_machinery` FOREIGN KEY (`fk_machinery`) REFERENCES `machinery` (`id_machinery`))
[Method: POST, Route: accions/insertAudit]
in SYSTEMPATH\Database\BaseConnection.php on line 688.
 1 SYSTEMPATH\Database\BaseBuilder.php(2340): CodeIgniter\Database\BaseConnection->query('INSERT INTO `audit` (`no_audit`, `fk_machinery`, `fk_shift`, `date`, `fk_departament`, `auditor`, `create_at`, `update_at`) VALUES (:no_audit:, :fk_machinery:, :fk_shift:, :date:, :fk_departament:, :auditor:, :create_at:, :update_at:)', [...], false)
 2 SYSTEMPATH\Model.php(394): CodeIgniter\Database\BaseBuilder->insert()
 3 SYSTEMPATH\BaseModel.php(840): CodeIgniter\Model->doInsert([...])
 4 SYSTEMPATH\Model.php(802): CodeIgniter\BaseModel->insert([...], true)
 5 APPPATH\Models\AuditModel.php(24): CodeIgniter\Model->insert([...])
 6 APPPATH\Controllers\AccionsController.php(78): App\Models\AuditModel->insertAudit([...])
 7 SYSTEMPATH\CodeIgniter.php(933): App\Controllers\AccionsController->insertAudit()
 8 SYSTEMPATH\CodeIgniter.php(509): CodeIgniter\CodeIgniter->runController(Object(App\Controllers\AccionsController))
 9 SYSTEMPATH\CodeIgniter.php(355): CodeIgniter\CodeIgniter->handleRequest(null, Object(Config\Cache), false)
10 SYSTEMPATH\Boot.php(325): CodeIgniter\CodeIgniter->run()
11 SYSTEMPATH\Boot.php(67): CodeIgniter\Boot::runCodeIgniter(Object(CodeIgniter\CodeIgniter))
12 FCPATH\index.php(56): CodeIgniter\Boot::bootWeb(Object(Config\Paths))
CRITICAL - 2024-09-19 20:18:31 --> [Caused by] CodeIgniter\Database\Exceptions\DatabaseException: Cannot add or update a child row: a foreign key constraint fails (`auditoria_capas`.`audit`, CONSTRAINT `FK_audit_machinery` FOREIGN KEY (`fk_machinery`) REFERENCES `machinery` (`id_machinery`))
in SYSTEMPATH\Database\MySQLi\Connection.php on line 317.
 1 SYSTEMPATH\Database\BaseConnection.php(734): CodeIgniter\Database\MySQLi\Connection->execute('INSERT INTO `audit` (`no_audit`, `fk_machinery`, `fk_shift`, `date`, `fk_departament`, `auditor`, `create_at`, `update_at`) VALUES (\'\', \'Open this select menu\', \'Open this select menu\', \'\', \'Open this select menu\', \'Hugo Roldn Suares\', \'2024-09-19 20:18:31\', \'2024-09-19 20:18:31\')')
 2 SYSTEMPATH\Database\BaseConnection.php(648): CodeIgniter\Database\BaseConnection->simpleQuery('INSERT INTO `audit` (`no_audit`, `fk_machinery`, `fk_shift`, `date`, `fk_departament`, `auditor`, `create_at`, `update_at`) VALUES (\'\', \'Open this select menu\', \'Open this select menu\', \'\', \'Open this select menu\', \'Hugo Roldn Suares\', \'2024-09-19 20:18:31\', \'2024-09-19 20:18:31\')')
 3 SYSTEMPATH\Database\BaseBuilder.php(2340): CodeIgniter\Database\BaseConnection->query('INSERT INTO `audit` (`no_audit`, `fk_machinery`, `fk_shift`, `date`, `fk_departament`, `auditor`, `create_at`, `update_at`) VALUES (:no_audit:, :fk_machinery:, :fk_shift:, :date:, :fk_departament:, :auditor:, :create_at:, :update_at:)', [...], false)
 4 SYSTEMPATH\Model.php(394): CodeIgniter\Database\BaseBuilder->insert()
 5 SYSTEMPATH\BaseModel.php(840): CodeIgniter\Model->doInsert([...])
 6 SYSTEMPATH\Model.php(802): CodeIgniter\BaseModel->insert([...], true)
 7 APPPATH\Models\AuditModel.php(24): CodeIgniter\Model->insert([...])
 8 APPPATH\Controllers\AccionsController.php(78): App\Models\AuditModel->insertAudit([...])
 9 SYSTEMPATH\CodeIgniter.php(933): App\Controllers\AccionsController->insertAudit()
10 SYSTEMPATH\CodeIgniter.php(509): CodeIgniter\CodeIgniter->runController(Object(App\Controllers\AccionsController))
11 SYSTEMPATH\CodeIgniter.php(355): CodeIgniter\CodeIgniter->handleRequest(null, Object(Config\Cache), false)
12 SYSTEMPATH\Boot.php(325): CodeIgniter\CodeIgniter->run()
13 SYSTEMPATH\Boot.php(67): CodeIgniter\Boot::runCodeIgniter(Object(CodeIgniter\CodeIgniter))
14 FCPATH\index.php(56): CodeIgniter\Boot::bootWeb(Object(Config\Paths))
CRITICAL - 2024-09-19 20:18:31 --> [Caused by] mysqli_sql_exception: Cannot add or update a child row: a foreign key constraint fails (`auditoria_capas`.`audit`, CONSTRAINT `FK_audit_machinery` FOREIGN KEY (`fk_machinery`) REFERENCES `machinery` (`id_machinery`))
in SYSTEMPATH\Database\MySQLi\Connection.php on line 312.
 1 SYSTEMPATH\Database\MySQLi\Connection.php(312): mysqli->query('INSERT INTO `audit` (`no_audit`, `fk_machinery`, `fk_shift`, `date`, `fk_departament`, `auditor`, `create_at`, `update_at`) VALUES (\'\', \'Open this select menu\', \'Open this select menu\', \'\', \'Open this select menu\', \'Hugo Roldn Suares\', \'2024-09-19 20:18:31\', \'2024-09-19 20:18:31\')', 0)
 2 SYSTEMPATH\Database\BaseConnection.php(734): CodeIgniter\Database\MySQLi\Connection->execute('INSERT INTO `audit` (`no_audit`, `fk_machinery`, `fk_shift`, `date`, `fk_departament`, `auditor`, `create_at`, `update_at`) VALUES (\'\', \'Open this select menu\', \'Open this select menu\', \'\', \'Open this select menu\', \'Hugo Roldn Suares\', \'2024-09-19 20:18:31\', \'2024-09-19 20:18:31\')')
 3 SYSTEMPATH\Database\BaseConnection.php(648): CodeIgniter\Database\BaseConnection->simpleQuery('INSERT INTO `audit` (`no_audit`, `fk_machinery`, `fk_shift`, `date`, `fk_departament`, `auditor`, `create_at`, `update_at`) VALUES (\'\', \'Open this select menu\', \'Open this select menu\', \'\', \'Open this select menu\', \'Hugo Roldn Suares\', \'2024-09-19 20:18:31\', \'2024-09-19 20:18:31\')')
 4 SYSTEMPATH\Database\BaseBuilder.php(2340): CodeIgniter\Database\BaseConnection->query('INSERT INTO `audit` (`no_audit`, `fk_machinery`, `fk_shift`, `date`, `fk_departament`, `auditor`, `create_at`, `update_at`) VALUES (:no_audit:, :fk_machinery:, :fk_shift:, :date:, :fk_departament:, :auditor:, :create_at:, :update_at:)', [...], false)
 5 SYSTEMPATH\Model.php(394): CodeIgniter\Database\BaseBuilder->insert()
 6 SYSTEMPATH\BaseModel.php(840): CodeIgniter\Model->doInsert([...])
 7 SYSTEMPATH\Model.php(802): CodeIgniter\BaseModel->insert([...], true)
 8 APPPATH\Models\AuditModel.php(24): CodeIgniter\Model->insert([...])
 9 APPPATH\Controllers\AccionsController.php(78): App\Models\AuditModel->insertAudit([...])
10 SYSTEMPATH\CodeIgniter.php(933): App\Controllers\AccionsController->insertAudit()
11 SYSTEMPATH\CodeIgniter.php(509): CodeIgniter\CodeIgniter->runController(Object(App\Controllers\AccionsController))
12 SYSTEMPATH\CodeIgniter.php(355): CodeIgniter\CodeIgniter->handleRequest(null, Object(Config\Cache), false)
13 SYSTEMPATH\Boot.php(325): CodeIgniter\CodeIgniter->run()
14 SYSTEMPATH\Boot.php(67): CodeIgniter\Boot::runCodeIgniter(Object(CodeIgniter\CodeIgniter))
15 FCPATH\index.php(56): CodeIgniter\Boot::bootWeb(Object(Config\Paths))
