INFO - 2024-09-13 16:23:15 --> Session: Class initialized using 'CodeIgniter\Session\Handlers\FileHandler' driver.
WARNING - 2024-09-13 16:26:56 --> [DEPRECATED] password_hash(): Passing null to parameter #1 ($password) of type string is deprecated in APPPATH\Controllers\AdminController.php on line 46.
 1 APPPATH\Controllers\AdminController.php(46): password_hash(Object(SensitiveParameterValue), '2y')
 2 SYSTEMPATH\CodeIgniter.php(933): App\Controllers\AdminController->insertData()
 3 SYSTEMPATH\CodeIgniter.php(509): CodeIgniter\CodeIgniter->runController(Object(App\Controllers\AdminController))
 4 SYSTEMPATH\CodeIgniter.php(355): CodeIgniter\CodeIgniter->handleRequest(null, Object(Config\Cache), false)
 5 SYSTEMPATH\Boot.php(325): CodeIgniter\CodeIgniter->run()
 6 SYSTEMPATH\Boot.php(67): CodeIgniter\Boot::runCodeIgniter(Object(CodeIgniter\CodeIgniter))
 7 FCPATH\index.php(56): CodeIgniter\Boot::bootWeb(Object(Config\Paths))
ERROR - 2024-09-13 16:26:56 --> mysqli_sql_exception: Column 'email' cannot be null in C:\laragon\www\framework_ssii\system\Database\MySQLi\Connection.php:312
Stack trace:
#0 C:\laragon\www\framework_ssii\system\Database\MySQLi\Connection.php(312): mysqli->query('INSERT INTO `us...', 0)
#1 C:\laragon\www\framework_ssii\system\Database\BaseConnection.php(734): CodeIgniter\Database\MySQLi\Connection->execute('INSERT INTO `us...')
#2 C:\laragon\www\framework_ssii\system\Database\BaseConnection.php(648): CodeIgniter\Database\BaseConnection->simpleQuery('INSERT INTO `us...')
#3 C:\laragon\www\framework_ssii\system\Database\BaseBuilder.php(2340): CodeIgniter\Database\BaseConnection->query('INSERT INTO `us...', Array, false)
#4 C:\laragon\www\framework_ssii\system\Model.php(394): CodeIgniter\Database\BaseBuilder->insert()
#5 C:\laragon\www\framework_ssii\system\BaseModel.php(840): CodeIgniter\Model->doInsert(Array)
#6 C:\laragon\www\framework_ssii\system\Model.php(802): CodeIgniter\BaseModel->insert(Array, true)
#7 C:\laragon\www\framework_ssii\app\Models\AdminModel.php(27): CodeIgniter\Model->insert(Array)
#8 C:\laragon\www\framework_ssii\app\Controllers\AdminController.php(50): App\Models\AdminModel->insertUser(Array)
#9 C:\laragon\www\framework_ssii\system\CodeIgniter.php(933): App\Controllers\AdminController->insertData()
#10 C:\laragon\www\framework_ssii\system\CodeIgniter.php(509): CodeIgniter\CodeIgniter->runController(Object(App\Controllers\AdminController))
#11 C:\laragon\www\framework_ssii\system\CodeIgniter.php(355): CodeIgniter\CodeIgniter->handleRequest(NULL, Object(Config\Cache), false)
#12 C:\laragon\www\framework_ssii\system\Boot.php(325): CodeIgniter\CodeIgniter->run()
#13 C:\laragon\www\framework_ssii\system\Boot.php(67): CodeIgniter\Boot::runCodeIgniter(Object(CodeIgniter\CodeIgniter))
#14 C:\laragon\www\framework_ssii\index.php(56): CodeIgniter\Boot::bootWeb(Object(Config\Paths))
#15 {main}
CRITICAL - 2024-09-13 16:26:56 --> CodeIgniter\Database\Exceptions\DatabaseException: Column 'email' cannot be null
[Method: POST, Route: admin/insertData]
in SYSTEMPATH\Database\BaseConnection.php on line 688.
 1 SYSTEMPATH\Database\BaseBuilder.php(2340): CodeIgniter\Database\BaseConnection->query('INSERT INTO `users` (`email`, `name`, `firstName`, `lastName`, `password`, `fk_area`, `created_at`, `updated_at`) VALUES (:email:, :name:, :firstName:, :lastName:, :password:, :fk_area:, :created_at:, :updated_at:)', [...], false)
 2 SYSTEMPATH\Model.php(394): CodeIgniter\Database\BaseBuilder->insert()
 3 SYSTEMPATH\BaseModel.php(840): CodeIgniter\Model->doInsert([...])
 4 SYSTEMPATH\Model.php(802): CodeIgniter\BaseModel->insert([...], true)
 5 APPPATH\Models\AdminModel.php(27): CodeIgniter\Model->insert([...])
 6 APPPATH\Controllers\AdminController.php(50): App\Models\AdminModel->insertUser([...])
 7 SYSTEMPATH\CodeIgniter.php(933): App\Controllers\AdminController->insertData()
 8 SYSTEMPATH\CodeIgniter.php(509): CodeIgniter\CodeIgniter->runController(Object(App\Controllers\AdminController))
 9 SYSTEMPATH\CodeIgniter.php(355): CodeIgniter\CodeIgniter->handleRequest(null, Object(Config\Cache), false)
10 SYSTEMPATH\Boot.php(325): CodeIgniter\CodeIgniter->run()
11 SYSTEMPATH\Boot.php(67): CodeIgniter\Boot::runCodeIgniter(Object(CodeIgniter\CodeIgniter))
12 FCPATH\index.php(56): CodeIgniter\Boot::bootWeb(Object(Config\Paths))
CRITICAL - 2024-09-13 16:26:56 --> [Caused by] CodeIgniter\Database\Exceptions\DatabaseException: Column 'email' cannot be null
in SYSTEMPATH\Database\MySQLi\Connection.php on line 317.
 1 SYSTEMPATH\Database\BaseConnection.php(734): CodeIgniter\Database\MySQLi\Connection->execute('INSERT INTO `users` (`email`, `name`, `firstName`, `lastName`, `password`, `fk_area`, `created_at`, `updated_at`) VALUES (NULL, NULL, NULL, NULL, \'$2y$10$Mm4aNE79u5vlkJ2WgXw3S.e7BdhDwJiy80YiGTH5YEsPIQFnUS.dW\', NULL, \'2024-09-13 16:26:56\', \'2024-09-13 16:26:56\')')
 2 SYSTEMPATH\Database\BaseConnection.php(648): CodeIgniter\Database\BaseConnection->simpleQuery('INSERT INTO `users` (`email`, `name`, `firstName`, `lastName`, `password`, `fk_area`, `created_at`, `updated_at`) VALUES (NULL, NULL, NULL, NULL, \'$2y$10$Mm4aNE79u5vlkJ2WgXw3S.e7BdhDwJiy80YiGTH5YEsPIQFnUS.dW\', NULL, \'2024-09-13 16:26:56\', \'2024-09-13 16:26:56\')')
 3 SYSTEMPATH\Database\BaseBuilder.php(2340): CodeIgniter\Database\BaseConnection->query('INSERT INTO `users` (`email`, `name`, `firstName`, `lastName`, `password`, `fk_area`, `created_at`, `updated_at`) VALUES (:email:, :name:, :firstName:, :lastName:, :password:, :fk_area:, :created_at:, :updated_at:)', [...], false)
 4 SYSTEMPATH\Model.php(394): CodeIgniter\Database\BaseBuilder->insert()
 5 SYSTEMPATH\BaseModel.php(840): CodeIgniter\Model->doInsert([...])
 6 SYSTEMPATH\Model.php(802): CodeIgniter\BaseModel->insert([...], true)
 7 APPPATH\Models\AdminModel.php(27): CodeIgniter\Model->insert([...])
 8 APPPATH\Controllers\AdminController.php(50): App\Models\AdminModel->insertUser([...])
 9 SYSTEMPATH\CodeIgniter.php(933): App\Controllers\AdminController->insertData()
10 SYSTEMPATH\CodeIgniter.php(509): CodeIgniter\CodeIgniter->runController(Object(App\Controllers\AdminController))
11 SYSTEMPATH\CodeIgniter.php(355): CodeIgniter\CodeIgniter->handleRequest(null, Object(Config\Cache), false)
12 SYSTEMPATH\Boot.php(325): CodeIgniter\CodeIgniter->run()
13 SYSTEMPATH\Boot.php(67): CodeIgniter\Boot::runCodeIgniter(Object(CodeIgniter\CodeIgniter))
14 FCPATH\index.php(56): CodeIgniter\Boot::bootWeb(Object(Config\Paths))
CRITICAL - 2024-09-13 16:26:56 --> [Caused by] mysqli_sql_exception: Column 'email' cannot be null
in SYSTEMPATH\Database\MySQLi\Connection.php on line 312.
 1 SYSTEMPATH\Database\MySQLi\Connection.php(312): mysqli->query('INSERT INTO `users` (`email`, `name`, `firstName`, `lastName`, `password`, `fk_area`, `created_at`, `updated_at`) VALUES (NULL, NULL, NULL, NULL, \'$2y$10$Mm4aNE79u5vlkJ2WgXw3S.e7BdhDwJiy80YiGTH5YEsPIQFnUS.dW\', NULL, \'2024-09-13 16:26:56\', \'2024-09-13 16:26:56\')', 0)
 2 SYSTEMPATH\Database\BaseConnection.php(734): CodeIgniter\Database\MySQLi\Connection->execute('INSERT INTO `users` (`email`, `name`, `firstName`, `lastName`, `password`, `fk_area`, `created_at`, `updated_at`) VALUES (NULL, NULL, NULL, NULL, \'$2y$10$Mm4aNE79u5vlkJ2WgXw3S.e7BdhDwJiy80YiGTH5YEsPIQFnUS.dW\', NULL, \'2024-09-13 16:26:56\', \'2024-09-13 16:26:56\')')
 3 SYSTEMPATH\Database\BaseConnection.php(648): CodeIgniter\Database\BaseConnection->simpleQuery('INSERT INTO `users` (`email`, `name`, `firstName`, `lastName`, `password`, `fk_area`, `created_at`, `updated_at`) VALUES (NULL, NULL, NULL, NULL, \'$2y$10$Mm4aNE79u5vlkJ2WgXw3S.e7BdhDwJiy80YiGTH5YEsPIQFnUS.dW\', NULL, \'2024-09-13 16:26:56\', \'2024-09-13 16:26:56\')')
 4 SYSTEMPATH\Database\BaseBuilder.php(2340): CodeIgniter\Database\BaseConnection->query('INSERT INTO `users` (`email`, `name`, `firstName`, `lastName`, `password`, `fk_area`, `created_at`, `updated_at`) VALUES (:email:, :name:, :firstName:, :lastName:, :password:, :fk_area:, :created_at:, :updated_at:)', [...], false)
 5 SYSTEMPATH\Model.php(394): CodeIgniter\Database\BaseBuilder->insert()
 6 SYSTEMPATH\BaseModel.php(840): CodeIgniter\Model->doInsert([...])
 7 SYSTEMPATH\Model.php(802): CodeIgniter\BaseModel->insert([...], true)
 8 APPPATH\Models\AdminModel.php(27): CodeIgniter\Model->insert([...])
 9 APPPATH\Controllers\AdminController.php(50): App\Models\AdminModel->insertUser([...])
10 SYSTEMPATH\CodeIgniter.php(933): App\Controllers\AdminController->insertData()
11 SYSTEMPATH\CodeIgniter.php(509): CodeIgniter\CodeIgniter->runController(Object(App\Controllers\AdminController))
12 SYSTEMPATH\CodeIgniter.php(355): CodeIgniter\CodeIgniter->handleRequest(null, Object(Config\Cache), false)
13 SYSTEMPATH\Boot.php(325): CodeIgniter\CodeIgniter->run()
14 SYSTEMPATH\Boot.php(67): CodeIgniter\Boot::runCodeIgniter(Object(CodeIgniter\CodeIgniter))
15 FCPATH\index.php(56): CodeIgniter\Boot::bootWeb(Object(Config\Paths))
WARNING - 2024-09-13 16:27:07 --> [DEPRECATED] password_hash(): Passing null to parameter #1 ($password) of type string is deprecated in APPPATH\Controllers\AdminController.php on line 46.
 1 APPPATH\Controllers\AdminController.php(46): password_hash(Object(SensitiveParameterValue), '2y')
 2 SYSTEMPATH\CodeIgniter.php(933): App\Controllers\AdminController->insertData()
 3 SYSTEMPATH\CodeIgniter.php(509): CodeIgniter\CodeIgniter->runController(Object(App\Controllers\AdminController))
 4 SYSTEMPATH\CodeIgniter.php(355): CodeIgniter\CodeIgniter->handleRequest(null, Object(Config\Cache), false)
 5 SYSTEMPATH\Boot.php(325): CodeIgniter\CodeIgniter->run()
 6 SYSTEMPATH\Boot.php(67): CodeIgniter\Boot::runCodeIgniter(Object(CodeIgniter\CodeIgniter))
 7 FCPATH\index.php(56): CodeIgniter\Boot::bootWeb(Object(Config\Paths))
ERROR - 2024-09-13 16:27:07 --> mysqli_sql_exception: Column 'email' cannot be null in C:\laragon\www\framework_ssii\system\Database\MySQLi\Connection.php:312
Stack trace:
#0 C:\laragon\www\framework_ssii\system\Database\MySQLi\Connection.php(312): mysqli->query('INSERT INTO `us...', 0)
#1 C:\laragon\www\framework_ssii\system\Database\BaseConnection.php(734): CodeIgniter\Database\MySQLi\Connection->execute('INSERT INTO `us...')
#2 C:\laragon\www\framework_ssii\system\Database\BaseConnection.php(648): CodeIgniter\Database\BaseConnection->simpleQuery('INSERT INTO `us...')
#3 C:\laragon\www\framework_ssii\system\Database\BaseBuilder.php(2340): CodeIgniter\Database\BaseConnection->query('INSERT INTO `us...', Array, false)
#4 C:\laragon\www\framework_ssii\system\Model.php(394): CodeIgniter\Database\BaseBuilder->insert()
#5 C:\laragon\www\framework_ssii\system\BaseModel.php(840): CodeIgniter\Model->doInsert(Array)
#6 C:\laragon\www\framework_ssii\system\Model.php(802): CodeIgniter\BaseModel->insert(Array, true)
#7 C:\laragon\www\framework_ssii\app\Models\AdminModel.php(27): CodeIgniter\Model->insert(Array)
#8 C:\laragon\www\framework_ssii\app\Controllers\AdminController.php(50): App\Models\AdminModel->insertUser(Array)
#9 C:\laragon\www\framework_ssii\system\CodeIgniter.php(933): App\Controllers\AdminController->insertData()
#10 C:\laragon\www\framework_ssii\system\CodeIgniter.php(509): CodeIgniter\CodeIgniter->runController(Object(App\Controllers\AdminController))
#11 C:\laragon\www\framework_ssii\system\CodeIgniter.php(355): CodeIgniter\CodeIgniter->handleRequest(NULL, Object(Config\Cache), false)
#12 C:\laragon\www\framework_ssii\system\Boot.php(325): CodeIgniter\CodeIgniter->run()
#13 C:\laragon\www\framework_ssii\system\Boot.php(67): CodeIgniter\Boot::runCodeIgniter(Object(CodeIgniter\CodeIgniter))
#14 C:\laragon\www\framework_ssii\index.php(56): CodeIgniter\Boot::bootWeb(Object(Config\Paths))
#15 {main}
CRITICAL - 2024-09-13 16:27:07 --> CodeIgniter\Database\Exceptions\DatabaseException: Column 'email' cannot be null
[Method: POST, Route: admin/insertData]
in SYSTEMPATH\Database\BaseConnection.php on line 688.
 1 SYSTEMPATH\Database\BaseBuilder.php(2340): CodeIgniter\Database\BaseConnection->query('INSERT INTO `users` (`email`, `name`, `firstName`, `lastName`, `password`, `fk_area`, `created_at`, `updated_at`) VALUES (:email:, :name:, :firstName:, :lastName:, :password:, :fk_area:, :created_at:, :updated_at:)', [...], false)
 2 SYSTEMPATH\Model.php(394): CodeIgniter\Database\BaseBuilder->insert()
 3 SYSTEMPATH\BaseModel.php(840): CodeIgniter\Model->doInsert([...])
 4 SYSTEMPATH\Model.php(802): CodeIgniter\BaseModel->insert([...], true)
 5 APPPATH\Models\AdminModel.php(27): CodeIgniter\Model->insert([...])
 6 APPPATH\Controllers\AdminController.php(50): App\Models\AdminModel->insertUser([...])
 7 SYSTEMPATH\CodeIgniter.php(933): App\Controllers\AdminController->insertData()
 8 SYSTEMPATH\CodeIgniter.php(509): CodeIgniter\CodeIgniter->runController(Object(App\Controllers\AdminController))
 9 SYSTEMPATH\CodeIgniter.php(355): CodeIgniter\CodeIgniter->handleRequest(null, Object(Config\Cache), false)
10 SYSTEMPATH\Boot.php(325): CodeIgniter\CodeIgniter->run()
11 SYSTEMPATH\Boot.php(67): CodeIgniter\Boot::runCodeIgniter(Object(CodeIgniter\CodeIgniter))
12 FCPATH\index.php(56): CodeIgniter\Boot::bootWeb(Object(Config\Paths))
CRITICAL - 2024-09-13 16:27:07 --> [Caused by] CodeIgniter\Database\Exceptions\DatabaseException: Column 'email' cannot be null
in SYSTEMPATH\Database\MySQLi\Connection.php on line 317.
 1 SYSTEMPATH\Database\BaseConnection.php(734): CodeIgniter\Database\MySQLi\Connection->execute('INSERT INTO `users` (`email`, `name`, `firstName`, `lastName`, `password`, `fk_area`, `created_at`, `updated_at`) VALUES (NULL, NULL, NULL, NULL, \'$2y$10$XgRbaxJ8tvLPFgVv7N4jO.LqRbNKkUg5.7Psg5er7uzs1IHW1FnAu\', NULL, \'2024-09-13 16:27:07\', \'2024-09-13 16:27:07\')')
 2 SYSTEMPATH\Database\BaseConnection.php(648): CodeIgniter\Database\BaseConnection->simpleQuery('INSERT INTO `users` (`email`, `name`, `firstName`, `lastName`, `password`, `fk_area`, `created_at`, `updated_at`) VALUES (NULL, NULL, NULL, NULL, \'$2y$10$XgRbaxJ8tvLPFgVv7N4jO.LqRbNKkUg5.7Psg5er7uzs1IHW1FnAu\', NULL, \'2024-09-13 16:27:07\', \'2024-09-13 16:27:07\')')
 3 SYSTEMPATH\Database\BaseBuilder.php(2340): CodeIgniter\Database\BaseConnection->query('INSERT INTO `users` (`email`, `name`, `firstName`, `lastName`, `password`, `fk_area`, `created_at`, `updated_at`) VALUES (:email:, :name:, :firstName:, :lastName:, :password:, :fk_area:, :created_at:, :updated_at:)', [...], false)
 4 SYSTEMPATH\Model.php(394): CodeIgniter\Database\BaseBuilder->insert()
 5 SYSTEMPATH\BaseModel.php(840): CodeIgniter\Model->doInsert([...])
 6 SYSTEMPATH\Model.php(802): CodeIgniter\BaseModel->insert([...], true)
 7 APPPATH\Models\AdminModel.php(27): CodeIgniter\Model->insert([...])
 8 APPPATH\Controllers\AdminController.php(50): App\Models\AdminModel->insertUser([...])
 9 SYSTEMPATH\CodeIgniter.php(933): App\Controllers\AdminController->insertData()
10 SYSTEMPATH\CodeIgniter.php(509): CodeIgniter\CodeIgniter->runController(Object(App\Controllers\AdminController))
11 SYSTEMPATH\CodeIgniter.php(355): CodeIgniter\CodeIgniter->handleRequest(null, Object(Config\Cache), false)
12 SYSTEMPATH\Boot.php(325): CodeIgniter\CodeIgniter->run()
13 SYSTEMPATH\Boot.php(67): CodeIgniter\Boot::runCodeIgniter(Object(CodeIgniter\CodeIgniter))
14 FCPATH\index.php(56): CodeIgniter\Boot::bootWeb(Object(Config\Paths))
CRITICAL - 2024-09-13 16:27:07 --> [Caused by] mysqli_sql_exception: Column 'email' cannot be null
in SYSTEMPATH\Database\MySQLi\Connection.php on line 312.
 1 SYSTEMPATH\Database\MySQLi\Connection.php(312): mysqli->query('INSERT INTO `users` (`email`, `name`, `firstName`, `lastName`, `password`, `fk_area`, `created_at`, `updated_at`) VALUES (NULL, NULL, NULL, NULL, \'$2y$10$XgRbaxJ8tvLPFgVv7N4jO.LqRbNKkUg5.7Psg5er7uzs1IHW1FnAu\', NULL, \'2024-09-13 16:27:07\', \'2024-09-13 16:27:07\')', 0)
 2 SYSTEMPATH\Database\BaseConnection.php(734): CodeIgniter\Database\MySQLi\Connection->execute('INSERT INTO `users` (`email`, `name`, `firstName`, `lastName`, `password`, `fk_area`, `created_at`, `updated_at`) VALUES (NULL, NULL, NULL, NULL, \'$2y$10$XgRbaxJ8tvLPFgVv7N4jO.LqRbNKkUg5.7Psg5er7uzs1IHW1FnAu\', NULL, \'2024-09-13 16:27:07\', \'2024-09-13 16:27:07\')')
 3 SYSTEMPATH\Database\BaseConnection.php(648): CodeIgniter\Database\BaseConnection->simpleQuery('INSERT INTO `users` (`email`, `name`, `firstName`, `lastName`, `password`, `fk_area`, `created_at`, `updated_at`) VALUES (NULL, NULL, NULL, NULL, \'$2y$10$XgRbaxJ8tvLPFgVv7N4jO.LqRbNKkUg5.7Psg5er7uzs1IHW1FnAu\', NULL, \'2024-09-13 16:27:07\', \'2024-09-13 16:27:07\')')
 4 SYSTEMPATH\Database\BaseBuilder.php(2340): CodeIgniter\Database\BaseConnection->query('INSERT INTO `users` (`email`, `name`, `firstName`, `lastName`, `password`, `fk_area`, `created_at`, `updated_at`) VALUES (:email:, :name:, :firstName:, :lastName:, :password:, :fk_area:, :created_at:, :updated_at:)', [...], false)
 5 SYSTEMPATH\Model.php(394): CodeIgniter\Database\BaseBuilder->insert()
 6 SYSTEMPATH\BaseModel.php(840): CodeIgniter\Model->doInsert([...])
 7 SYSTEMPATH\Model.php(802): CodeIgniter\BaseModel->insert([...], true)
 8 APPPATH\Models\AdminModel.php(27): CodeIgniter\Model->insert([...])
 9 APPPATH\Controllers\AdminController.php(50): App\Models\AdminModel->insertUser([...])
10 SYSTEMPATH\CodeIgniter.php(933): App\Controllers\AdminController->insertData()
11 SYSTEMPATH\CodeIgniter.php(509): CodeIgniter\CodeIgniter->runController(Object(App\Controllers\AdminController))
12 SYSTEMPATH\CodeIgniter.php(355): CodeIgniter\CodeIgniter->handleRequest(null, Object(Config\Cache), false)
13 SYSTEMPATH\Boot.php(325): CodeIgniter\CodeIgniter->run()
14 SYSTEMPATH\Boot.php(67): CodeIgniter\Boot::runCodeIgniter(Object(CodeIgniter\CodeIgniter))
15 FCPATH\index.php(56): CodeIgniter\Boot::bootWeb(Object(Config\Paths))
WARNING - 2024-09-13 16:27:22 --> [DEPRECATED] password_hash(): Passing null to parameter #1 ($password) of type string is deprecated in APPPATH\Controllers\AdminController.php on line 46.
 1 APPPATH\Controllers\AdminController.php(46): password_hash(Object(SensitiveParameterValue), '2y')
 2 SYSTEMPATH\CodeIgniter.php(933): App\Controllers\AdminController->insertData()
 3 SYSTEMPATH\CodeIgniter.php(509): CodeIgniter\CodeIgniter->runController(Object(App\Controllers\AdminController))
 4 SYSTEMPATH\CodeIgniter.php(355): CodeIgniter\CodeIgniter->handleRequest(null, Object(Config\Cache), false)
 5 SYSTEMPATH\Boot.php(325): CodeIgniter\CodeIgniter->run()
 6 SYSTEMPATH\Boot.php(67): CodeIgniter\Boot::runCodeIgniter(Object(CodeIgniter\CodeIgniter))
 7 FCPATH\index.php(56): CodeIgniter\Boot::bootWeb(Object(Config\Paths))
ERROR - 2024-09-13 16:27:22 --> mysqli_sql_exception: Column 'email' cannot be null in C:\laragon\www\framework_ssii\system\Database\MySQLi\Connection.php:312
Stack trace:
#0 C:\laragon\www\framework_ssii\system\Database\MySQLi\Connection.php(312): mysqli->query('INSERT INTO `us...', 0)
#1 C:\laragon\www\framework_ssii\system\Database\BaseConnection.php(734): CodeIgniter\Database\MySQLi\Connection->execute('INSERT INTO `us...')
#2 C:\laragon\www\framework_ssii\system\Database\BaseConnection.php(648): CodeIgniter\Database\BaseConnection->simpleQuery('INSERT INTO `us...')
#3 C:\laragon\www\framework_ssii\system\Database\BaseBuilder.php(2340): CodeIgniter\Database\BaseConnection->query('INSERT INTO `us...', Array, false)
#4 C:\laragon\www\framework_ssii\system\Model.php(394): CodeIgniter\Database\BaseBuilder->insert()
#5 C:\laragon\www\framework_ssii\system\BaseModel.php(840): CodeIgniter\Model->doInsert(Array)
#6 C:\laragon\www\framework_ssii\system\Model.php(802): CodeIgniter\BaseModel->insert(Array, true)
#7 C:\laragon\www\framework_ssii\app\Models\AdminModel.php(27): CodeIgniter\Model->insert(Array)
#8 C:\laragon\www\framework_ssii\app\Controllers\AdminController.php(50): App\Models\AdminModel->insertUser(Array)
#9 C:\laragon\www\framework_ssii\system\CodeIgniter.php(933): App\Controllers\AdminController->insertData()
#10 C:\laragon\www\framework_ssii\system\CodeIgniter.php(509): CodeIgniter\CodeIgniter->runController(Object(App\Controllers\AdminController))
#11 C:\laragon\www\framework_ssii\system\CodeIgniter.php(355): CodeIgniter\CodeIgniter->handleRequest(NULL, Object(Config\Cache), false)
#12 C:\laragon\www\framework_ssii\system\Boot.php(325): CodeIgniter\CodeIgniter->run()
#13 C:\laragon\www\framework_ssii\system\Boot.php(67): CodeIgniter\Boot::runCodeIgniter(Object(CodeIgniter\CodeIgniter))
#14 C:\laragon\www\framework_ssii\index.php(56): CodeIgniter\Boot::bootWeb(Object(Config\Paths))
#15 {main}
CRITICAL - 2024-09-13 16:27:22 --> CodeIgniter\Database\Exceptions\DatabaseException: Column 'email' cannot be null
[Method: POST, Route: admin/insertData]
in SYSTEMPATH\Database\BaseConnection.php on line 688.
 1 SYSTEMPATH\Database\BaseBuilder.php(2340): CodeIgniter\Database\BaseConnection->query('INSERT INTO `users` (`email`, `name`, `firstName`, `lastName`, `password`, `fk_area`, `created_at`, `updated_at`) VALUES (:email:, :name:, :firstName:, :lastName:, :password:, :fk_area:, :created_at:, :updated_at:)', [...], false)
 2 SYSTEMPATH\Model.php(394): CodeIgniter\Database\BaseBuilder->insert()
 3 SYSTEMPATH\BaseModel.php(840): CodeIgniter\Model->doInsert([...])
 4 SYSTEMPATH\Model.php(802): CodeIgniter\BaseModel->insert([...], true)
 5 APPPATH\Models\AdminModel.php(27): CodeIgniter\Model->insert([...])
 6 APPPATH\Controllers\AdminController.php(50): App\Models\AdminModel->insertUser([...])
 7 SYSTEMPATH\CodeIgniter.php(933): App\Controllers\AdminController->insertData()
 8 SYSTEMPATH\CodeIgniter.php(509): CodeIgniter\CodeIgniter->runController(Object(App\Controllers\AdminController))
 9 SYSTEMPATH\CodeIgniter.php(355): CodeIgniter\CodeIgniter->handleRequest(null, Object(Config\Cache), false)
10 SYSTEMPATH\Boot.php(325): CodeIgniter\CodeIgniter->run()
11 SYSTEMPATH\Boot.php(67): CodeIgniter\Boot::runCodeIgniter(Object(CodeIgniter\CodeIgniter))
12 FCPATH\index.php(56): CodeIgniter\Boot::bootWeb(Object(Config\Paths))
CRITICAL - 2024-09-13 16:27:22 --> [Caused by] CodeIgniter\Database\Exceptions\DatabaseException: Column 'email' cannot be null
in SYSTEMPATH\Database\MySQLi\Connection.php on line 317.
 1 SYSTEMPATH\Database\BaseConnection.php(734): CodeIgniter\Database\MySQLi\Connection->execute('INSERT INTO `users` (`email`, `name`, `firstName`, `lastName`, `password`, `fk_area`, `created_at`, `updated_at`) VALUES (NULL, NULL, NULL, NULL, \'$2y$10$J7buVYyu.fv6rsGifpgxqOaKcHyzg0J/t8tRTGtZgFEMnAwfNBooC\', NULL, \'2024-09-13 16:27:22\', \'2024-09-13 16:27:22\')')
 2 SYSTEMPATH\Database\BaseConnection.php(648): CodeIgniter\Database\BaseConnection->simpleQuery('INSERT INTO `users` (`email`, `name`, `firstName`, `lastName`, `password`, `fk_area`, `created_at`, `updated_at`) VALUES (NULL, NULL, NULL, NULL, \'$2y$10$J7buVYyu.fv6rsGifpgxqOaKcHyzg0J/t8tRTGtZgFEMnAwfNBooC\', NULL, \'2024-09-13 16:27:22\', \'2024-09-13 16:27:22\')')
 3 SYSTEMPATH\Database\BaseBuilder.php(2340): CodeIgniter\Database\BaseConnection->query('INSERT INTO `users` (`email`, `name`, `firstName`, `lastName`, `password`, `fk_area`, `created_at`, `updated_at`) VALUES (:email:, :name:, :firstName:, :lastName:, :password:, :fk_area:, :created_at:, :updated_at:)', [...], false)
 4 SYSTEMPATH\Model.php(394): CodeIgniter\Database\BaseBuilder->insert()
 5 SYSTEMPATH\BaseModel.php(840): CodeIgniter\Model->doInsert([...])
 6 SYSTEMPATH\Model.php(802): CodeIgniter\BaseModel->insert([...], true)
 7 APPPATH\Models\AdminModel.php(27): CodeIgniter\Model->insert([...])
 8 APPPATH\Controllers\AdminController.php(50): App\Models\AdminModel->insertUser([...])
 9 SYSTEMPATH\CodeIgniter.php(933): App\Controllers\AdminController->insertData()
10 SYSTEMPATH\CodeIgniter.php(509): CodeIgniter\CodeIgniter->runController(Object(App\Controllers\AdminController))
11 SYSTEMPATH\CodeIgniter.php(355): CodeIgniter\CodeIgniter->handleRequest(null, Object(Config\Cache), false)
12 SYSTEMPATH\Boot.php(325): CodeIgniter\CodeIgniter->run()
13 SYSTEMPATH\Boot.php(67): CodeIgniter\Boot::runCodeIgniter(Object(CodeIgniter\CodeIgniter))
14 FCPATH\index.php(56): CodeIgniter\Boot::bootWeb(Object(Config\Paths))
CRITICAL - 2024-09-13 16:27:22 --> [Caused by] mysqli_sql_exception: Column 'email' cannot be null
in SYSTEMPATH\Database\MySQLi\Connection.php on line 312.
 1 SYSTEMPATH\Database\MySQLi\Connection.php(312): mysqli->query('INSERT INTO `users` (`email`, `name`, `firstName`, `lastName`, `password`, `fk_area`, `created_at`, `updated_at`) VALUES (NULL, NULL, NULL, NULL, \'$2y$10$J7buVYyu.fv6rsGifpgxqOaKcHyzg0J/t8tRTGtZgFEMnAwfNBooC\', NULL, \'2024-09-13 16:27:22\', \'2024-09-13 16:27:22\')', 0)
 2 SYSTEMPATH\Database\BaseConnection.php(734): CodeIgniter\Database\MySQLi\Connection->execute('INSERT INTO `users` (`email`, `name`, `firstName`, `lastName`, `password`, `fk_area`, `created_at`, `updated_at`) VALUES (NULL, NULL, NULL, NULL, \'$2y$10$J7buVYyu.fv6rsGifpgxqOaKcHyzg0J/t8tRTGtZgFEMnAwfNBooC\', NULL, \'2024-09-13 16:27:22\', \'2024-09-13 16:27:22\')')
 3 SYSTEMPATH\Database\BaseConnection.php(648): CodeIgniter\Database\BaseConnection->simpleQuery('INSERT INTO `users` (`email`, `name`, `firstName`, `lastName`, `password`, `fk_area`, `created_at`, `updated_at`) VALUES (NULL, NULL, NULL, NULL, \'$2y$10$J7buVYyu.fv6rsGifpgxqOaKcHyzg0J/t8tRTGtZgFEMnAwfNBooC\', NULL, \'2024-09-13 16:27:22\', \'2024-09-13 16:27:22\')')
 4 SYSTEMPATH\Database\BaseBuilder.php(2340): CodeIgniter\Database\BaseConnection->query('INSERT INTO `users` (`email`, `name`, `firstName`, `lastName`, `password`, `fk_area`, `created_at`, `updated_at`) VALUES (:email:, :name:, :firstName:, :lastName:, :password:, :fk_area:, :created_at:, :updated_at:)', [...], false)
 5 SYSTEMPATH\Model.php(394): CodeIgniter\Database\BaseBuilder->insert()
 6 SYSTEMPATH\BaseModel.php(840): CodeIgniter\Model->doInsert([...])
 7 SYSTEMPATH\Model.php(802): CodeIgniter\BaseModel->insert([...], true)
 8 APPPATH\Models\AdminModel.php(27): CodeIgniter\Model->insert([...])
 9 APPPATH\Controllers\AdminController.php(50): App\Models\AdminModel->insertUser([...])
10 SYSTEMPATH\CodeIgniter.php(933): App\Controllers\AdminController->insertData()
11 SYSTEMPATH\CodeIgniter.php(509): CodeIgniter\CodeIgniter->runController(Object(App\Controllers\AdminController))
12 SYSTEMPATH\CodeIgniter.php(355): CodeIgniter\CodeIgniter->handleRequest(null, Object(Config\Cache), false)
13 SYSTEMPATH\Boot.php(325): CodeIgniter\CodeIgniter->run()
14 SYSTEMPATH\Boot.php(67): CodeIgniter\Boot::runCodeIgniter(Object(CodeIgniter\CodeIgniter))
15 FCPATH\index.php(56): CodeIgniter\Boot::bootWeb(Object(Config\Paths))
CRITICAL - 2024-09-13 16:28:06 --> ErrorException: Undefined variable $area
[Method: GET, Route: accions/addQuestions]
in APPPATH\Views\accions\templates\AddQuestionsTemplate\bodyTemplate.php on line 41.
 1 APPPATH\Views\accions\templates\AddQuestionsTemplate\bodyTemplate.php(41): CodeIgniter\Debug\Exceptions->errorHandler(2, 'Undefined variable $area', 'C:\\laragon\\www\\framework_ssii\\app\\Views\\accions\\templates\\AddQuestionsTemplate\\bodyTemplate.php', 41)
 2 APPPATH\Views\accions\add_questions.php(11): require_once('C:\\laragon\\www\\framework_ssii\\app\\Views\\accions\\templates\\AddQuestionsTemplate\\bodyTemplate.php')
 3 SYSTEMPATH\View\View.php(234): include('C:\\laragon\\www\\framework_ssii\\app\\Views\\accions\\add_questions.php')
 4 SYSTEMPATH\View\View.php(237): CodeIgniter\View\View->CodeIgniter\View\{closure}()
 5 SYSTEMPATH\Common.php(1169): CodeIgniter\View\View->render('accions/add_questions', [], true)
 6 APPPATH\Controllers\AccionsController.php(8): view('accions/add_questions')
 7 SYSTEMPATH\CodeIgniter.php(933): App\Controllers\AccionsController->addQuestions()
 8 SYSTEMPATH\CodeIgniter.php(509): CodeIgniter\CodeIgniter->runController(Object(App\Controllers\AccionsController))
 9 SYSTEMPATH\CodeIgniter.php(355): CodeIgniter\CodeIgniter->handleRequest(null, Object(Config\Cache), false)
10 SYSTEMPATH\Boot.php(325): CodeIgniter\CodeIgniter->run()
11 SYSTEMPATH\Boot.php(67): CodeIgniter\Boot::runCodeIgniter(Object(CodeIgniter\CodeIgniter))
12 FCPATH\index.php(56): CodeIgniter\Boot::bootWeb(Object(Config\Paths))
CRITICAL - 2024-09-13 16:28:30 --> ErrorException: Undefined variable $area
[Method: GET, Route: accions/addQuestions]
in APPPATH\Views\accions\templates\AddQuestionsTemplate\bodyTemplate.php on line 41.
 1 APPPATH\Views\accions\templates\AddQuestionsTemplate\bodyTemplate.php(41): CodeIgniter\Debug\Exceptions->errorHandler(2, 'Undefined variable $area', 'C:\\laragon\\www\\framework_ssii\\app\\Views\\accions\\templates\\AddQuestionsTemplate\\bodyTemplate.php', 41)
 2 APPPATH\Views\accions\add_questions.php(11): require_once('C:\\laragon\\www\\framework_ssii\\app\\Views\\accions\\templates\\AddQuestionsTemplate\\bodyTemplate.php')
 3 SYSTEMPATH\View\View.php(234): include('C:\\laragon\\www\\framework_ssii\\app\\Views\\accions\\add_questions.php')
 4 SYSTEMPATH\View\View.php(237): CodeIgniter\View\View->CodeIgniter\View\{closure}()
 5 SYSTEMPATH\Common.php(1169): CodeIgniter\View\View->render('accions/add_questions', [], true)
 6 APPPATH\Controllers\AccionsController.php(8): view('accions/add_questions')
 7 SYSTEMPATH\CodeIgniter.php(933): App\Controllers\AccionsController->addQuestions()
 8 SYSTEMPATH\CodeIgniter.php(509): CodeIgniter\CodeIgniter->runController(Object(App\Controllers\AccionsController))
 9 SYSTEMPATH\CodeIgniter.php(355): CodeIgniter\CodeIgniter->handleRequest(null, Object(Config\Cache), false)
10 SYSTEMPATH\Boot.php(325): CodeIgniter\CodeIgniter->run()
11 SYSTEMPATH\Boot.php(67): CodeIgniter\Boot::runCodeIgniter(Object(CodeIgniter\CodeIgniter))
12 FCPATH\index.php(56): CodeIgniter\Boot::bootWeb(Object(Config\Paths))
