INFO - 2024-09-27 18:40:28 --> Session: Class initialized using 'CodeIgniter\Session\Handlers\FileHandler' driver.
INFO - 2024-09-27 18:44:50 --> Session: Class initialized using 'CodeIgniter\Session\Handlers\FileHandler' driver.
INFO - 2024-09-27 18:45:04 --> Session: Class initialized using 'CodeIgniter\Session\Handlers\FileHandler' driver.
INFO - 2024-09-27 19:15:13 --> Session: Class initialized using 'CodeIgniter\Session\Handlers\FileHandler' driver.
INFO - 2024-09-27 19:33:41 --> Session: Class initialized using 'CodeIgniter\Session\Handlers\FileHandler' driver.
INFO - 2024-09-27 19:37:29 --> Session: Class initialized using 'CodeIgniter\Session\Handlers\FileHandler' driver.
INFO - 2024-09-27 19:37:58 --> Session: Class initialized using 'CodeIgniter\Session\Handlers\FileHandler' driver.
INFO - 2024-09-27 19:38:40 --> Session: Class initialized using 'CodeIgniter\Session\Handlers\FileHandler' driver.
INFO - 2024-09-27 19:39:09 --> Session: Class initialized using 'CodeIgniter\Session\Handlers\FileHandler' driver.
INFO - 2024-09-27 19:39:11 --> Session: Class initialized using 'CodeIgniter\Session\Handlers\FileHandler' driver.
INFO - 2024-09-27 19:41:26 --> Session: Class initialized using 'CodeIgniter\Session\Handlers\FileHandler' driver.
INFO - 2024-09-27 19:41:27 --> Session: Class initialized using 'CodeIgniter\Session\Handlers\FileHandler' driver.
CRITICAL - 2024-09-27 19:42:13 --> CodeIgniter\View\Exceptions\ViewException: Invalid file: "accions/show_questions.php"
[Method: GET, Route: accions/showquestions]
in SYSTEMPATH\Exceptions\FrameworkException.php on line 41.
 1 SYSTEMPATH\View\View.php(222): CodeIgniter\Exceptions\FrameworkException::forInvalidFile('accions/show_questions.php')
 2 SYSTEMPATH\Common.php(1169): CodeIgniter\View\View->render('accions/show_questions', [], true)
 3 APPPATH\Controllers\AccionsController.php(86): view('accions/show_questions')
 4 SYSTEMPATH\CodeIgniter.php(933): App\Controllers\AccionsController->showquestions()
 5 SYSTEMPATH\CodeIgniter.php(509): CodeIgniter\CodeIgniter->runController(Object(App\Controllers\AccionsController))
 6 SYSTEMPATH\CodeIgniter.php(355): CodeIgniter\CodeIgniter->handleRequest(null, Object(Config\Cache), false)
 7 SYSTEMPATH\Boot.php(325): CodeIgniter\CodeIgniter->run()
 8 SYSTEMPATH\Boot.php(67): CodeIgniter\Boot::runCodeIgniter(Object(CodeIgniter\CodeIgniter))
 9 FCPATH\index.php(56): CodeIgniter\Boot::bootWeb(Object(Config\Paths))
CRITICAL - 2024-09-27 19:42:46 --> CodeIgniter\View\Exceptions\ViewException: Invalid file: "show_questions.php"
[Method: GET, Route: accions/showquestions]
in SYSTEMPATH\Exceptions\FrameworkException.php on line 41.
 1 SYSTEMPATH\View\View.php(222): CodeIgniter\Exceptions\FrameworkException::forInvalidFile('show_questions.php')
 2 SYSTEMPATH\Common.php(1169): CodeIgniter\View\View->render('show_questions', [], true)
 3 APPPATH\Controllers\AccionsController.php(86): view('show_questions')
 4 SYSTEMPATH\CodeIgniter.php(933): App\Controllers\AccionsController->showquestions()
 5 SYSTEMPATH\CodeIgniter.php(509): CodeIgniter\CodeIgniter->runController(Object(App\Controllers\AccionsController))
 6 SYSTEMPATH\CodeIgniter.php(355): CodeIgniter\CodeIgniter->handleRequest(null, Object(Config\Cache), false)
 7 SYSTEMPATH\Boot.php(325): CodeIgniter\CodeIgniter->run()
 8 SYSTEMPATH\Boot.php(67): CodeIgniter\Boot::runCodeIgniter(Object(CodeIgniter\CodeIgniter))
 9 FCPATH\index.php(56): CodeIgniter\Boot::bootWeb(Object(Config\Paths))
INFO - 2024-09-27 19:43:36 --> Session: Class initialized using 'CodeIgniter\Session\Handlers\FileHandler' driver.
INFO - 2024-09-27 19:48:45 --> Session: Class initialized using 'CodeIgniter\Session\Handlers\FileHandler' driver.
INFO - 2024-09-27 19:48:59 --> Session: Class initialized using 'CodeIgniter\Session\Handlers\FileHandler' driver.
INFO - 2024-09-27 19:49:11 --> Session: Class initialized using 'CodeIgniter\Session\Handlers\FileHandler' driver.
INFO - 2024-09-27 19:49:31 --> Session: Class initialized using 'CodeIgniter\Session\Handlers\FileHandler' driver.
INFO - 2024-09-27 19:51:34 --> Session: Class initialized using 'CodeIgniter\Session\Handlers\FileHandler' driver.
ERROR - 2024-09-27 19:51:35 --> mysqli_sql_exception: Column 'no_audit' cannot be null in C:\laragon\www\framework_ssii\system\Database\MySQLi\Connection.php:312
Stack trace:
#0 C:\laragon\www\framework_ssii\system\Database\MySQLi\Connection.php(312): mysqli->query('INSERT INTO `au...', 0)
#1 C:\laragon\www\framework_ssii\system\Database\BaseConnection.php(734): CodeIgniter\Database\MySQLi\Connection->execute('INSERT INTO `au...')
#2 C:\laragon\www\framework_ssii\system\Database\BaseConnection.php(648): CodeIgniter\Database\BaseConnection->simpleQuery('INSERT INTO `au...')
#3 C:\laragon\www\framework_ssii\system\Database\BaseBuilder.php(2340): CodeIgniter\Database\BaseConnection->query('INSERT INTO `au...', Array, false)
#4 C:\laragon\www\framework_ssii\system\Model.php(394): CodeIgniter\Database\BaseBuilder->insert()
#5 C:\laragon\www\framework_ssii\system\BaseModel.php(840): CodeIgniter\Model->doInsert(Array)
#6 C:\laragon\www\framework_ssii\system\Model.php(802): CodeIgniter\BaseModel->insert(Array, true)
#7 C:\laragon\www\framework_ssii\app\Models\AuditModel.php(24): CodeIgniter\Model->insert(Array)
#8 C:\laragon\www\framework_ssii\app\Controllers\AccionsController.php(144): App\Models\AuditModel->insertAudit(Array)
#9 C:\laragon\www\framework_ssii\system\CodeIgniter.php(933): App\Controllers\AccionsController->insertAudit()
#10 C:\laragon\www\framework_ssii\system\CodeIgniter.php(509): CodeIgniter\CodeIgniter->runController(Object(App\Controllers\AccionsController))
#11 C:\laragon\www\framework_ssii\system\CodeIgniter.php(355): CodeIgniter\CodeIgniter->handleRequest(NULL, Object(Config\Cache), false)
#12 C:\laragon\www\framework_ssii\system\Boot.php(325): CodeIgniter\CodeIgniter->run()
#13 C:\laragon\www\framework_ssii\system\Boot.php(67): CodeIgniter\Boot::runCodeIgniter(Object(CodeIgniter\CodeIgniter))
#14 C:\laragon\www\framework_ssii\index.php(56): CodeIgniter\Boot::bootWeb(Object(Config\Paths))
#15 {main}
CRITICAL - 2024-09-27 19:51:36 --> CodeIgniter\Database\Exceptions\DatabaseException: Column 'no_audit' cannot be null
[Method: POST, Route: accions/insertAudit]
in SYSTEMPATH\Database\BaseConnection.php on line 688.
 1 SYSTEMPATH\Database\BaseBuilder.php(2340): CodeIgniter\Database\BaseConnection->query('INSERT INTO `audit` (`no_audit`, `fk_machinery`, `fk_shift`, `date`, `fk_departament`, `auditor`, `create_at`, `update_at`) VALUES (:no_audit:, :fk_machinery:, :fk_shift:, :date:, :fk_departament:, :auditor:, :create_at:, :update_at:)', [...], false)
 2 SYSTEMPATH\Model.php(394): CodeIgniter\Database\BaseBuilder->insert()
 3 SYSTEMPATH\BaseModel.php(840): CodeIgniter\Model->doInsert([...])
 4 SYSTEMPATH\Model.php(802): CodeIgniter\BaseModel->insert([...], true)
 5 APPPATH\Models\AuditModel.php(24): CodeIgniter\Model->insert([...])
 6 APPPATH\Controllers\AccionsController.php(144): App\Models\AuditModel->insertAudit([...])
 7 SYSTEMPATH\CodeIgniter.php(933): App\Controllers\AccionsController->insertAudit()
 8 SYSTEMPATH\CodeIgniter.php(509): CodeIgniter\CodeIgniter->runController(Object(App\Controllers\AccionsController))
 9 SYSTEMPATH\CodeIgniter.php(355): CodeIgniter\CodeIgniter->handleRequest(null, Object(Config\Cache), false)
10 SYSTEMPATH\Boot.php(325): CodeIgniter\CodeIgniter->run()
11 SYSTEMPATH\Boot.php(67): CodeIgniter\Boot::runCodeIgniter(Object(CodeIgniter\CodeIgniter))
12 FCPATH\index.php(56): CodeIgniter\Boot::bootWeb(Object(Config\Paths))
CRITICAL - 2024-09-27 19:51:36 --> [Caused by] CodeIgniter\Database\Exceptions\DatabaseException: Column 'no_audit' cannot be null
in SYSTEMPATH\Database\MySQLi\Connection.php on line 317.
 1 SYSTEMPATH\Database\BaseConnection.php(734): CodeIgniter\Database\MySQLi\Connection->execute('INSERT INTO `audit` (`no_audit`, `fk_machinery`, `fk_shift`, `date`, `fk_departament`, `auditor`, `create_at`, `update_at`) VALUES (NULL, NULL, NULL, NULL, NULL, NULL, \'2024-09-27 19:51:35\', \'2024-09-27 19:51:35\')')
 2 SYSTEMPATH\Database\BaseConnection.php(648): CodeIgniter\Database\BaseConnection->simpleQuery('INSERT INTO `audit` (`no_audit`, `fk_machinery`, `fk_shift`, `date`, `fk_departament`, `auditor`, `create_at`, `update_at`) VALUES (NULL, NULL, NULL, NULL, NULL, NULL, \'2024-09-27 19:51:35\', \'2024-09-27 19:51:35\')')
 3 SYSTEMPATH\Database\BaseBuilder.php(2340): CodeIgniter\Database\BaseConnection->query('INSERT INTO `audit` (`no_audit`, `fk_machinery`, `fk_shift`, `date`, `fk_departament`, `auditor`, `create_at`, `update_at`) VALUES (:no_audit:, :fk_machinery:, :fk_shift:, :date:, :fk_departament:, :auditor:, :create_at:, :update_at:)', [...], false)
 4 SYSTEMPATH\Model.php(394): CodeIgniter\Database\BaseBuilder->insert()
 5 SYSTEMPATH\BaseModel.php(840): CodeIgniter\Model->doInsert([...])
 6 SYSTEMPATH\Model.php(802): CodeIgniter\BaseModel->insert([...], true)
 7 APPPATH\Models\AuditModel.php(24): CodeIgniter\Model->insert([...])
 8 APPPATH\Controllers\AccionsController.php(144): App\Models\AuditModel->insertAudit([...])
 9 SYSTEMPATH\CodeIgniter.php(933): App\Controllers\AccionsController->insertAudit()
10 SYSTEMPATH\CodeIgniter.php(509): CodeIgniter\CodeIgniter->runController(Object(App\Controllers\AccionsController))
11 SYSTEMPATH\CodeIgniter.php(355): CodeIgniter\CodeIgniter->handleRequest(null, Object(Config\Cache), false)
12 SYSTEMPATH\Boot.php(325): CodeIgniter\CodeIgniter->run()
13 SYSTEMPATH\Boot.php(67): CodeIgniter\Boot::runCodeIgniter(Object(CodeIgniter\CodeIgniter))
14 FCPATH\index.php(56): CodeIgniter\Boot::bootWeb(Object(Config\Paths))
CRITICAL - 2024-09-27 19:51:36 --> [Caused by] mysqli_sql_exception: Column 'no_audit' cannot be null
in SYSTEMPATH\Database\MySQLi\Connection.php on line 312.
 1 SYSTEMPATH\Database\MySQLi\Connection.php(312): mysqli->query('INSERT INTO `audit` (`no_audit`, `fk_machinery`, `fk_shift`, `date`, `fk_departament`, `auditor`, `create_at`, `update_at`) VALUES (NULL, NULL, NULL, NULL, NULL, NULL, \'2024-09-27 19:51:35\', \'2024-09-27 19:51:35\')', 0)
 2 SYSTEMPATH\Database\BaseConnection.php(734): CodeIgniter\Database\MySQLi\Connection->execute('INSERT INTO `audit` (`no_audit`, `fk_machinery`, `fk_shift`, `date`, `fk_departament`, `auditor`, `create_at`, `update_at`) VALUES (NULL, NULL, NULL, NULL, NULL, NULL, \'2024-09-27 19:51:35\', \'2024-09-27 19:51:35\')')
 3 SYSTEMPATH\Database\BaseConnection.php(648): CodeIgniter\Database\BaseConnection->simpleQuery('INSERT INTO `audit` (`no_audit`, `fk_machinery`, `fk_shift`, `date`, `fk_departament`, `auditor`, `create_at`, `update_at`) VALUES (NULL, NULL, NULL, NULL, NULL, NULL, \'2024-09-27 19:51:35\', \'2024-09-27 19:51:35\')')
 4 SYSTEMPATH\Database\BaseBuilder.php(2340): CodeIgniter\Database\BaseConnection->query('INSERT INTO `audit` (`no_audit`, `fk_machinery`, `fk_shift`, `date`, `fk_departament`, `auditor`, `create_at`, `update_at`) VALUES (:no_audit:, :fk_machinery:, :fk_shift:, :date:, :fk_departament:, :auditor:, :create_at:, :update_at:)', [...], false)
 5 SYSTEMPATH\Model.php(394): CodeIgniter\Database\BaseBuilder->insert()
 6 SYSTEMPATH\BaseModel.php(840): CodeIgniter\Model->doInsert([...])
 7 SYSTEMPATH\Model.php(802): CodeIgniter\BaseModel->insert([...], true)
 8 APPPATH\Models\AuditModel.php(24): CodeIgniter\Model->insert([...])
 9 APPPATH\Controllers\AccionsController.php(144): App\Models\AuditModel->insertAudit([...])
10 SYSTEMPATH\CodeIgniter.php(933): App\Controllers\AccionsController->insertAudit()
11 SYSTEMPATH\CodeIgniter.php(509): CodeIgniter\CodeIgniter->runController(Object(App\Controllers\AccionsController))
12 SYSTEMPATH\CodeIgniter.php(355): CodeIgniter\CodeIgniter->handleRequest(null, Object(Config\Cache), false)
13 SYSTEMPATH\Boot.php(325): CodeIgniter\CodeIgniter->run()
14 SYSTEMPATH\Boot.php(67): CodeIgniter\Boot::runCodeIgniter(Object(CodeIgniter\CodeIgniter))
15 FCPATH\index.php(56): CodeIgniter\Boot::bootWeb(Object(Config\Paths))
INFO - 2024-09-27 19:51:38 --> Session: Class initialized using 'CodeIgniter\Session\Handlers\FileHandler' driver.
INFO - 2024-09-27 19:52:01 --> Session: Class initialized using 'CodeIgniter\Session\Handlers\FileHandler' driver.
INFO - 2024-09-27 19:52:08 --> Session: Class initialized using 'CodeIgniter\Session\Handlers\FileHandler' driver.
INFO - 2024-09-27 19:52:20 --> Session: Class initialized using 'CodeIgniter\Session\Handlers\FileHandler' driver.
INFO - 2024-09-27 19:53:07 --> Session: Class initialized using 'CodeIgniter\Session\Handlers\FileHandler' driver.
INFO - 2024-09-27 19:59:00 --> Session: Class initialized using 'CodeIgniter\Session\Handlers\FileHandler' driver.
ERROR - 2024-09-27 19:59:03 --> mysqli_sql_exception: Column 'no_audit' cannot be null in C:\laragon\www\framework_ssii\system\Database\MySQLi\Connection.php:312
Stack trace:
#0 C:\laragon\www\framework_ssii\system\Database\MySQLi\Connection.php(312): mysqli->query('INSERT INTO `au...', 0)
#1 C:\laragon\www\framework_ssii\system\Database\BaseConnection.php(734): CodeIgniter\Database\MySQLi\Connection->execute('INSERT INTO `au...')
#2 C:\laragon\www\framework_ssii\system\Database\BaseConnection.php(648): CodeIgniter\Database\BaseConnection->simpleQuery('INSERT INTO `au...')
#3 C:\laragon\www\framework_ssii\system\Database\BaseBuilder.php(2340): CodeIgniter\Database\BaseConnection->query('INSERT INTO `au...', Array, false)
#4 C:\laragon\www\framework_ssii\system\Model.php(394): CodeIgniter\Database\BaseBuilder->insert()
#5 C:\laragon\www\framework_ssii\system\BaseModel.php(840): CodeIgniter\Model->doInsert(Array)
#6 C:\laragon\www\framework_ssii\system\Model.php(802): CodeIgniter\BaseModel->insert(Array, true)
#7 C:\laragon\www\framework_ssii\app\Models\AuditModel.php(24): CodeIgniter\Model->insert(Array)
#8 C:\laragon\www\framework_ssii\app\Controllers\AccionsController.php(144): App\Models\AuditModel->insertAudit(Array)
#9 C:\laragon\www\framework_ssii\system\CodeIgniter.php(933): App\Controllers\AccionsController->insertAudit()
#10 C:\laragon\www\framework_ssii\system\CodeIgniter.php(509): CodeIgniter\CodeIgniter->runController(Object(App\Controllers\AccionsController))
#11 C:\laragon\www\framework_ssii\system\CodeIgniter.php(355): CodeIgniter\CodeIgniter->handleRequest(NULL, Object(Config\Cache), false)
#12 C:\laragon\www\framework_ssii\system\Boot.php(325): CodeIgniter\CodeIgniter->run()
#13 C:\laragon\www\framework_ssii\system\Boot.php(67): CodeIgniter\Boot::runCodeIgniter(Object(CodeIgniter\CodeIgniter))
#14 C:\laragon\www\framework_ssii\index.php(56): CodeIgniter\Boot::bootWeb(Object(Config\Paths))
#15 {main}
CRITICAL - 2024-09-27 19:59:03 --> CodeIgniter\Database\Exceptions\DatabaseException: Column 'no_audit' cannot be null
[Method: POST, Route: accions/insertAudit]
in SYSTEMPATH\Database\BaseConnection.php on line 688.
 1 SYSTEMPATH\Database\BaseBuilder.php(2340): CodeIgniter\Database\BaseConnection->query('INSERT INTO `audit` (`no_audit`, `fk_machinery`, `fk_shift`, `date`, `fk_departament`, `auditor`, `create_at`, `update_at`) VALUES (:no_audit:, :fk_machinery:, :fk_shift:, :date:, :fk_departament:, :auditor:, :create_at:, :update_at:)', [...], false)
 2 SYSTEMPATH\Model.php(394): CodeIgniter\Database\BaseBuilder->insert()
 3 SYSTEMPATH\BaseModel.php(840): CodeIgniter\Model->doInsert([...])
 4 SYSTEMPATH\Model.php(802): CodeIgniter\BaseModel->insert([...], true)
 5 APPPATH\Models\AuditModel.php(24): CodeIgniter\Model->insert([...])
 6 APPPATH\Controllers\AccionsController.php(144): App\Models\AuditModel->insertAudit([...])
 7 SYSTEMPATH\CodeIgniter.php(933): App\Controllers\AccionsController->insertAudit()
 8 SYSTEMPATH\CodeIgniter.php(509): CodeIgniter\CodeIgniter->runController(Object(App\Controllers\AccionsController))
 9 SYSTEMPATH\CodeIgniter.php(355): CodeIgniter\CodeIgniter->handleRequest(null, Object(Config\Cache), false)
10 SYSTEMPATH\Boot.php(325): CodeIgniter\CodeIgniter->run()
11 SYSTEMPATH\Boot.php(67): CodeIgniter\Boot::runCodeIgniter(Object(CodeIgniter\CodeIgniter))
12 FCPATH\index.php(56): CodeIgniter\Boot::bootWeb(Object(Config\Paths))
CRITICAL - 2024-09-27 19:59:03 --> [Caused by] CodeIgniter\Database\Exceptions\DatabaseException: Column 'no_audit' cannot be null
in SYSTEMPATH\Database\MySQLi\Connection.php on line 317.
 1 SYSTEMPATH\Database\BaseConnection.php(734): CodeIgniter\Database\MySQLi\Connection->execute('INSERT INTO `audit` (`no_audit`, `fk_machinery`, `fk_shift`, `date`, `fk_departament`, `auditor`, `create_at`, `update_at`) VALUES (NULL, NULL, NULL, NULL, NULL, NULL, \'2024-09-27 19:59:03\', \'2024-09-27 19:59:03\')')
 2 SYSTEMPATH\Database\BaseConnection.php(648): CodeIgniter\Database\BaseConnection->simpleQuery('INSERT INTO `audit` (`no_audit`, `fk_machinery`, `fk_shift`, `date`, `fk_departament`, `auditor`, `create_at`, `update_at`) VALUES (NULL, NULL, NULL, NULL, NULL, NULL, \'2024-09-27 19:59:03\', \'2024-09-27 19:59:03\')')
 3 SYSTEMPATH\Database\BaseBuilder.php(2340): CodeIgniter\Database\BaseConnection->query('INSERT INTO `audit` (`no_audit`, `fk_machinery`, `fk_shift`, `date`, `fk_departament`, `auditor`, `create_at`, `update_at`) VALUES (:no_audit:, :fk_machinery:, :fk_shift:, :date:, :fk_departament:, :auditor:, :create_at:, :update_at:)', [...], false)
 4 SYSTEMPATH\Model.php(394): CodeIgniter\Database\BaseBuilder->insert()
 5 SYSTEMPATH\BaseModel.php(840): CodeIgniter\Model->doInsert([...])
 6 SYSTEMPATH\Model.php(802): CodeIgniter\BaseModel->insert([...], true)
 7 APPPATH\Models\AuditModel.php(24): CodeIgniter\Model->insert([...])
 8 APPPATH\Controllers\AccionsController.php(144): App\Models\AuditModel->insertAudit([...])
 9 SYSTEMPATH\CodeIgniter.php(933): App\Controllers\AccionsController->insertAudit()
10 SYSTEMPATH\CodeIgniter.php(509): CodeIgniter\CodeIgniter->runController(Object(App\Controllers\AccionsController))
11 SYSTEMPATH\CodeIgniter.php(355): CodeIgniter\CodeIgniter->handleRequest(null, Object(Config\Cache), false)
12 SYSTEMPATH\Boot.php(325): CodeIgniter\CodeIgniter->run()
13 SYSTEMPATH\Boot.php(67): CodeIgniter\Boot::runCodeIgniter(Object(CodeIgniter\CodeIgniter))
14 FCPATH\index.php(56): CodeIgniter\Boot::bootWeb(Object(Config\Paths))
CRITICAL - 2024-09-27 19:59:03 --> [Caused by] mysqli_sql_exception: Column 'no_audit' cannot be null
in SYSTEMPATH\Database\MySQLi\Connection.php on line 312.
 1 SYSTEMPATH\Database\MySQLi\Connection.php(312): mysqli->query('INSERT INTO `audit` (`no_audit`, `fk_machinery`, `fk_shift`, `date`, `fk_departament`, `auditor`, `create_at`, `update_at`) VALUES (NULL, NULL, NULL, NULL, NULL, NULL, \'2024-09-27 19:59:03\', \'2024-09-27 19:59:03\')', 0)
 2 SYSTEMPATH\Database\BaseConnection.php(734): CodeIgniter\Database\MySQLi\Connection->execute('INSERT INTO `audit` (`no_audit`, `fk_machinery`, `fk_shift`, `date`, `fk_departament`, `auditor`, `create_at`, `update_at`) VALUES (NULL, NULL, NULL, NULL, NULL, NULL, \'2024-09-27 19:59:03\', \'2024-09-27 19:59:03\')')
 3 SYSTEMPATH\Database\BaseConnection.php(648): CodeIgniter\Database\BaseConnection->simpleQuery('INSERT INTO `audit` (`no_audit`, `fk_machinery`, `fk_shift`, `date`, `fk_departament`, `auditor`, `create_at`, `update_at`) VALUES (NULL, NULL, NULL, NULL, NULL, NULL, \'2024-09-27 19:59:03\', \'2024-09-27 19:59:03\')')
 4 SYSTEMPATH\Database\BaseBuilder.php(2340): CodeIgniter\Database\BaseConnection->query('INSERT INTO `audit` (`no_audit`, `fk_machinery`, `fk_shift`, `date`, `fk_departament`, `auditor`, `create_at`, `update_at`) VALUES (:no_audit:, :fk_machinery:, :fk_shift:, :date:, :fk_departament:, :auditor:, :create_at:, :update_at:)', [...], false)
 5 SYSTEMPATH\Model.php(394): CodeIgniter\Database\BaseBuilder->insert()
 6 SYSTEMPATH\BaseModel.php(840): CodeIgniter\Model->doInsert([...])
 7 SYSTEMPATH\Model.php(802): CodeIgniter\BaseModel->insert([...], true)
 8 APPPATH\Models\AuditModel.php(24): CodeIgniter\Model->insert([...])
 9 APPPATH\Controllers\AccionsController.php(144): App\Models\AuditModel->insertAudit([...])
10 SYSTEMPATH\CodeIgniter.php(933): App\Controllers\AccionsController->insertAudit()
11 SYSTEMPATH\CodeIgniter.php(509): CodeIgniter\CodeIgniter->runController(Object(App\Controllers\AccionsController))
12 SYSTEMPATH\CodeIgniter.php(355): CodeIgniter\CodeIgniter->handleRequest(null, Object(Config\Cache), false)
13 SYSTEMPATH\Boot.php(325): CodeIgniter\CodeIgniter->run()
14 SYSTEMPATH\Boot.php(67): CodeIgniter\Boot::runCodeIgniter(Object(CodeIgniter\CodeIgniter))
15 FCPATH\index.php(56): CodeIgniter\Boot::bootWeb(Object(Config\Paths))
INFO - 2024-09-27 19:59:08 --> Session: Class initialized using 'CodeIgniter\Session\Handlers\FileHandler' driver.
INFO - 2024-09-27 20:00:04 --> Session: Class initialized using 'CodeIgniter\Session\Handlers\FileHandler' driver.
INFO - 2024-09-27 20:00:40 --> Session: Class initialized using 'CodeIgniter\Session\Handlers\FileHandler' driver.
INFO - 2024-09-27 20:01:17 --> Session: Class initialized using 'CodeIgniter\Session\Handlers\FileHandler' driver.
INFO - 2024-09-27 20:01:39 --> Session: Class initialized using 'CodeIgniter\Session\Handlers\FileHandler' driver.
INFO - 2024-09-27 20:01:59 --> Session: Class initialized using 'CodeIgniter\Session\Handlers\FileHandler' driver.
INFO - 2024-09-27 20:02:03 --> Session: Class initialized using 'CodeIgniter\Session\Handlers\FileHandler' driver.
ERROR - 2024-09-27 20:02:05 --> mysqli_sql_exception: Column 'no_audit' cannot be null in C:\laragon\www\framework_ssii\system\Database\MySQLi\Connection.php:312
Stack trace:
#0 C:\laragon\www\framework_ssii\system\Database\MySQLi\Connection.php(312): mysqli->query('INSERT INTO `au...', 0)
#1 C:\laragon\www\framework_ssii\system\Database\BaseConnection.php(734): CodeIgniter\Database\MySQLi\Connection->execute('INSERT INTO `au...')
#2 C:\laragon\www\framework_ssii\system\Database\BaseConnection.php(648): CodeIgniter\Database\BaseConnection->simpleQuery('INSERT INTO `au...')
#3 C:\laragon\www\framework_ssii\system\Database\BaseBuilder.php(2340): CodeIgniter\Database\BaseConnection->query('INSERT INTO `au...', Array, false)
#4 C:\laragon\www\framework_ssii\system\Model.php(394): CodeIgniter\Database\BaseBuilder->insert()
#5 C:\laragon\www\framework_ssii\system\BaseModel.php(840): CodeIgniter\Model->doInsert(Array)
#6 C:\laragon\www\framework_ssii\system\Model.php(802): CodeIgniter\BaseModel->insert(Array, true)
#7 C:\laragon\www\framework_ssii\app\Models\AuditModel.php(24): CodeIgniter\Model->insert(Array)
#8 C:\laragon\www\framework_ssii\app\Controllers\AccionsController.php(144): App\Models\AuditModel->insertAudit(Array)
#9 C:\laragon\www\framework_ssii\system\CodeIgniter.php(933): App\Controllers\AccionsController->insertAudit()
#10 C:\laragon\www\framework_ssii\system\CodeIgniter.php(509): CodeIgniter\CodeIgniter->runController(Object(App\Controllers\AccionsController))
#11 C:\laragon\www\framework_ssii\system\CodeIgniter.php(355): CodeIgniter\CodeIgniter->handleRequest(NULL, Object(Config\Cache), false)
#12 C:\laragon\www\framework_ssii\system\Boot.php(325): CodeIgniter\CodeIgniter->run()
#13 C:\laragon\www\framework_ssii\system\Boot.php(67): CodeIgniter\Boot::runCodeIgniter(Object(CodeIgniter\CodeIgniter))
#14 C:\laragon\www\framework_ssii\index.php(56): CodeIgniter\Boot::bootWeb(Object(Config\Paths))
#15 {main}
CRITICAL - 2024-09-27 20:02:05 --> CodeIgniter\Database\Exceptions\DatabaseException: Column 'no_audit' cannot be null
[Method: POST, Route: accions/insertAudit]
in SYSTEMPATH\Database\BaseConnection.php on line 688.
 1 SYSTEMPATH\Database\BaseBuilder.php(2340): CodeIgniter\Database\BaseConnection->query('INSERT INTO `audit` (`no_audit`, `fk_machinery`, `fk_shift`, `date`, `fk_departament`, `auditor`, `create_at`, `update_at`) VALUES (:no_audit:, :fk_machinery:, :fk_shift:, :date:, :fk_departament:, :auditor:, :create_at:, :update_at:)', [...], false)
 2 SYSTEMPATH\Model.php(394): CodeIgniter\Database\BaseBuilder->insert()
 3 SYSTEMPATH\BaseModel.php(840): CodeIgniter\Model->doInsert([...])
 4 SYSTEMPATH\Model.php(802): CodeIgniter\BaseModel->insert([...], true)
 5 APPPATH\Models\AuditModel.php(24): CodeIgniter\Model->insert([...])
 6 APPPATH\Controllers\AccionsController.php(144): App\Models\AuditModel->insertAudit([...])
 7 SYSTEMPATH\CodeIgniter.php(933): App\Controllers\AccionsController->insertAudit()
 8 SYSTEMPATH\CodeIgniter.php(509): CodeIgniter\CodeIgniter->runController(Object(App\Controllers\AccionsController))
 9 SYSTEMPATH\CodeIgniter.php(355): CodeIgniter\CodeIgniter->handleRequest(null, Object(Config\Cache), false)
10 SYSTEMPATH\Boot.php(325): CodeIgniter\CodeIgniter->run()
11 SYSTEMPATH\Boot.php(67): CodeIgniter\Boot::runCodeIgniter(Object(CodeIgniter\CodeIgniter))
12 FCPATH\index.php(56): CodeIgniter\Boot::bootWeb(Object(Config\Paths))
CRITICAL - 2024-09-27 20:02:05 --> [Caused by] CodeIgniter\Database\Exceptions\DatabaseException: Column 'no_audit' cannot be null
in SYSTEMPATH\Database\MySQLi\Connection.php on line 317.
 1 SYSTEMPATH\Database\BaseConnection.php(734): CodeIgniter\Database\MySQLi\Connection->execute('INSERT INTO `audit` (`no_audit`, `fk_machinery`, `fk_shift`, `date`, `fk_departament`, `auditor`, `create_at`, `update_at`) VALUES (NULL, NULL, NULL, NULL, NULL, NULL, \'2024-09-27 20:02:05\', \'2024-09-27 20:02:05\')')
 2 SYSTEMPATH\Database\BaseConnection.php(648): CodeIgniter\Database\BaseConnection->simpleQuery('INSERT INTO `audit` (`no_audit`, `fk_machinery`, `fk_shift`, `date`, `fk_departament`, `auditor`, `create_at`, `update_at`) VALUES (NULL, NULL, NULL, NULL, NULL, NULL, \'2024-09-27 20:02:05\', \'2024-09-27 20:02:05\')')
 3 SYSTEMPATH\Database\BaseBuilder.php(2340): CodeIgniter\Database\BaseConnection->query('INSERT INTO `audit` (`no_audit`, `fk_machinery`, `fk_shift`, `date`, `fk_departament`, `auditor`, `create_at`, `update_at`) VALUES (:no_audit:, :fk_machinery:, :fk_shift:, :date:, :fk_departament:, :auditor:, :create_at:, :update_at:)', [...], false)
 4 SYSTEMPATH\Model.php(394): CodeIgniter\Database\BaseBuilder->insert()
 5 SYSTEMPATH\BaseModel.php(840): CodeIgniter\Model->doInsert([...])
 6 SYSTEMPATH\Model.php(802): CodeIgniter\BaseModel->insert([...], true)
 7 APPPATH\Models\AuditModel.php(24): CodeIgniter\Model->insert([...])
 8 APPPATH\Controllers\AccionsController.php(144): App\Models\AuditModel->insertAudit([...])
 9 SYSTEMPATH\CodeIgniter.php(933): App\Controllers\AccionsController->insertAudit()
10 SYSTEMPATH\CodeIgniter.php(509): CodeIgniter\CodeIgniter->runController(Object(App\Controllers\AccionsController))
11 SYSTEMPATH\CodeIgniter.php(355): CodeIgniter\CodeIgniter->handleRequest(null, Object(Config\Cache), false)
12 SYSTEMPATH\Boot.php(325): CodeIgniter\CodeIgniter->run()
13 SYSTEMPATH\Boot.php(67): CodeIgniter\Boot::runCodeIgniter(Object(CodeIgniter\CodeIgniter))
14 FCPATH\index.php(56): CodeIgniter\Boot::bootWeb(Object(Config\Paths))
CRITICAL - 2024-09-27 20:02:05 --> [Caused by] mysqli_sql_exception: Column 'no_audit' cannot be null
in SYSTEMPATH\Database\MySQLi\Connection.php on line 312.
 1 SYSTEMPATH\Database\MySQLi\Connection.php(312): mysqli->query('INSERT INTO `audit` (`no_audit`, `fk_machinery`, `fk_shift`, `date`, `fk_departament`, `auditor`, `create_at`, `update_at`) VALUES (NULL, NULL, NULL, NULL, NULL, NULL, \'2024-09-27 20:02:05\', \'2024-09-27 20:02:05\')', 0)
 2 SYSTEMPATH\Database\BaseConnection.php(734): CodeIgniter\Database\MySQLi\Connection->execute('INSERT INTO `audit` (`no_audit`, `fk_machinery`, `fk_shift`, `date`, `fk_departament`, `auditor`, `create_at`, `update_at`) VALUES (NULL, NULL, NULL, NULL, NULL, NULL, \'2024-09-27 20:02:05\', \'2024-09-27 20:02:05\')')
 3 SYSTEMPATH\Database\BaseConnection.php(648): CodeIgniter\Database\BaseConnection->simpleQuery('INSERT INTO `audit` (`no_audit`, `fk_machinery`, `fk_shift`, `date`, `fk_departament`, `auditor`, `create_at`, `update_at`) VALUES (NULL, NULL, NULL, NULL, NULL, NULL, \'2024-09-27 20:02:05\', \'2024-09-27 20:02:05\')')
 4 SYSTEMPATH\Database\BaseBuilder.php(2340): CodeIgniter\Database\BaseConnection->query('INSERT INTO `audit` (`no_audit`, `fk_machinery`, `fk_shift`, `date`, `fk_departament`, `auditor`, `create_at`, `update_at`) VALUES (:no_audit:, :fk_machinery:, :fk_shift:, :date:, :fk_departament:, :auditor:, :create_at:, :update_at:)', [...], false)
 5 SYSTEMPATH\Model.php(394): CodeIgniter\Database\BaseBuilder->insert()
 6 SYSTEMPATH\BaseModel.php(840): CodeIgniter\Model->doInsert([...])
 7 SYSTEMPATH\Model.php(802): CodeIgniter\BaseModel->insert([...], true)
 8 APPPATH\Models\AuditModel.php(24): CodeIgniter\Model->insert([...])
 9 APPPATH\Controllers\AccionsController.php(144): App\Models\AuditModel->insertAudit([...])
10 SYSTEMPATH\CodeIgniter.php(933): App\Controllers\AccionsController->insertAudit()
11 SYSTEMPATH\CodeIgniter.php(509): CodeIgniter\CodeIgniter->runController(Object(App\Controllers\AccionsController))
12 SYSTEMPATH\CodeIgniter.php(355): CodeIgniter\CodeIgniter->handleRequest(null, Object(Config\Cache), false)
13 SYSTEMPATH\Boot.php(325): CodeIgniter\CodeIgniter->run()
14 SYSTEMPATH\Boot.php(67): CodeIgniter\Boot::runCodeIgniter(Object(CodeIgniter\CodeIgniter))
15 FCPATH\index.php(56): CodeIgniter\Boot::bootWeb(Object(Config\Paths))
INFO - 2024-09-27 20:02:08 --> Session: Class initialized using 'CodeIgniter\Session\Handlers\FileHandler' driver.
INFO - 2024-09-27 20:02:28 --> Session: Class initialized using 'CodeIgniter\Session\Handlers\FileHandler' driver.
INFO - 2024-09-27 20:02:39 --> Session: Class initialized using 'CodeIgniter\Session\Handlers\FileHandler' driver.
INFO - 2024-09-27 20:02:49 --> Session: Class initialized using 'CodeIgniter\Session\Handlers\FileHandler' driver.
INFO - 2024-09-27 20:03:07 --> Session: Class initialized using 'CodeIgniter\Session\Handlers\FileHandler' driver.
ERROR - 2024-09-27 20:03:33 --> mysqli_sql_exception: Column 'no_audit' cannot be null in C:\laragon\www\framework_ssii\system\Database\MySQLi\Connection.php:312
Stack trace:
#0 C:\laragon\www\framework_ssii\system\Database\MySQLi\Connection.php(312): mysqli->query('INSERT INTO `au...', 0)
#1 C:\laragon\www\framework_ssii\system\Database\BaseConnection.php(734): CodeIgniter\Database\MySQLi\Connection->execute('INSERT INTO `au...')
#2 C:\laragon\www\framework_ssii\system\Database\BaseConnection.php(648): CodeIgniter\Database\BaseConnection->simpleQuery('INSERT INTO `au...')
#3 C:\laragon\www\framework_ssii\system\Database\BaseBuilder.php(2340): CodeIgniter\Database\BaseConnection->query('INSERT INTO `au...', Array, false)
#4 C:\laragon\www\framework_ssii\system\Model.php(394): CodeIgniter\Database\BaseBuilder->insert()
#5 C:\laragon\www\framework_ssii\system\BaseModel.php(840): CodeIgniter\Model->doInsert(Array)
#6 C:\laragon\www\framework_ssii\system\Model.php(802): CodeIgniter\BaseModel->insert(Array, true)
#7 C:\laragon\www\framework_ssii\app\Models\AuditModel.php(24): CodeIgniter\Model->insert(Array)
#8 C:\laragon\www\framework_ssii\app\Controllers\AccionsController.php(144): App\Models\AuditModel->insertAudit(Array)
#9 C:\laragon\www\framework_ssii\system\CodeIgniter.php(933): App\Controllers\AccionsController->insertAudit()
#10 C:\laragon\www\framework_ssii\system\CodeIgniter.php(509): CodeIgniter\CodeIgniter->runController(Object(App\Controllers\AccionsController))
#11 C:\laragon\www\framework_ssii\system\CodeIgniter.php(355): CodeIgniter\CodeIgniter->handleRequest(NULL, Object(Config\Cache), false)
#12 C:\laragon\www\framework_ssii\system\Boot.php(325): CodeIgniter\CodeIgniter->run()
#13 C:\laragon\www\framework_ssii\system\Boot.php(67): CodeIgniter\Boot::runCodeIgniter(Object(CodeIgniter\CodeIgniter))
#14 C:\laragon\www\framework_ssii\index.php(56): CodeIgniter\Boot::bootWeb(Object(Config\Paths))
#15 {main}
CRITICAL - 2024-09-27 20:03:33 --> CodeIgniter\Database\Exceptions\DatabaseException: Column 'no_audit' cannot be null
[Method: POST, Route: accions/insertAudit]
in SYSTEMPATH\Database\BaseConnection.php on line 688.
 1 SYSTEMPATH\Database\BaseBuilder.php(2340): CodeIgniter\Database\BaseConnection->query('INSERT INTO `audit` (`no_audit`, `fk_machinery`, `fk_shift`, `date`, `fk_departament`, `auditor`, `create_at`, `update_at`) VALUES (:no_audit:, :fk_machinery:, :fk_shift:, :date:, :fk_departament:, :auditor:, :create_at:, :update_at:)', [...], false)
 2 SYSTEMPATH\Model.php(394): CodeIgniter\Database\BaseBuilder->insert()
 3 SYSTEMPATH\BaseModel.php(840): CodeIgniter\Model->doInsert([...])
 4 SYSTEMPATH\Model.php(802): CodeIgniter\BaseModel->insert([...], true)
 5 APPPATH\Models\AuditModel.php(24): CodeIgniter\Model->insert([...])
 6 APPPATH\Controllers\AccionsController.php(144): App\Models\AuditModel->insertAudit([...])
 7 SYSTEMPATH\CodeIgniter.php(933): App\Controllers\AccionsController->insertAudit()
 8 SYSTEMPATH\CodeIgniter.php(509): CodeIgniter\CodeIgniter->runController(Object(App\Controllers\AccionsController))
 9 SYSTEMPATH\CodeIgniter.php(355): CodeIgniter\CodeIgniter->handleRequest(null, Object(Config\Cache), false)
10 SYSTEMPATH\Boot.php(325): CodeIgniter\CodeIgniter->run()
11 SYSTEMPATH\Boot.php(67): CodeIgniter\Boot::runCodeIgniter(Object(CodeIgniter\CodeIgniter))
12 FCPATH\index.php(56): CodeIgniter\Boot::bootWeb(Object(Config\Paths))
CRITICAL - 2024-09-27 20:03:33 --> [Caused by] CodeIgniter\Database\Exceptions\DatabaseException: Column 'no_audit' cannot be null
in SYSTEMPATH\Database\MySQLi\Connection.php on line 317.
 1 SYSTEMPATH\Database\BaseConnection.php(734): CodeIgniter\Database\MySQLi\Connection->execute('INSERT INTO `audit` (`no_audit`, `fk_machinery`, `fk_shift`, `date`, `fk_departament`, `auditor`, `create_at`, `update_at`) VALUES (NULL, NULL, NULL, NULL, NULL, NULL, \'2024-09-27 20:03:33\', \'2024-09-27 20:03:33\')')
 2 SYSTEMPATH\Database\BaseConnection.php(648): CodeIgniter\Database\BaseConnection->simpleQuery('INSERT INTO `audit` (`no_audit`, `fk_machinery`, `fk_shift`, `date`, `fk_departament`, `auditor`, `create_at`, `update_at`) VALUES (NULL, NULL, NULL, NULL, NULL, NULL, \'2024-09-27 20:03:33\', \'2024-09-27 20:03:33\')')
 3 SYSTEMPATH\Database\BaseBuilder.php(2340): CodeIgniter\Database\BaseConnection->query('INSERT INTO `audit` (`no_audit`, `fk_machinery`, `fk_shift`, `date`, `fk_departament`, `auditor`, `create_at`, `update_at`) VALUES (:no_audit:, :fk_machinery:, :fk_shift:, :date:, :fk_departament:, :auditor:, :create_at:, :update_at:)', [...], false)
 4 SYSTEMPATH\Model.php(394): CodeIgniter\Database\BaseBuilder->insert()
 5 SYSTEMPATH\BaseModel.php(840): CodeIgniter\Model->doInsert([...])
 6 SYSTEMPATH\Model.php(802): CodeIgniter\BaseModel->insert([...], true)
 7 APPPATH\Models\AuditModel.php(24): CodeIgniter\Model->insert([...])
 8 APPPATH\Controllers\AccionsController.php(144): App\Models\AuditModel->insertAudit([...])
 9 SYSTEMPATH\CodeIgniter.php(933): App\Controllers\AccionsController->insertAudit()
10 SYSTEMPATH\CodeIgniter.php(509): CodeIgniter\CodeIgniter->runController(Object(App\Controllers\AccionsController))
11 SYSTEMPATH\CodeIgniter.php(355): CodeIgniter\CodeIgniter->handleRequest(null, Object(Config\Cache), false)
12 SYSTEMPATH\Boot.php(325): CodeIgniter\CodeIgniter->run()
13 SYSTEMPATH\Boot.php(67): CodeIgniter\Boot::runCodeIgniter(Object(CodeIgniter\CodeIgniter))
14 FCPATH\index.php(56): CodeIgniter\Boot::bootWeb(Object(Config\Paths))
CRITICAL - 2024-09-27 20:03:33 --> [Caused by] mysqli_sql_exception: Column 'no_audit' cannot be null
in SYSTEMPATH\Database\MySQLi\Connection.php on line 312.
 1 SYSTEMPATH\Database\MySQLi\Connection.php(312): mysqli->query('INSERT INTO `audit` (`no_audit`, `fk_machinery`, `fk_shift`, `date`, `fk_departament`, `auditor`, `create_at`, `update_at`) VALUES (NULL, NULL, NULL, NULL, NULL, NULL, \'2024-09-27 20:03:33\', \'2024-09-27 20:03:33\')', 0)
 2 SYSTEMPATH\Database\BaseConnection.php(734): CodeIgniter\Database\MySQLi\Connection->execute('INSERT INTO `audit` (`no_audit`, `fk_machinery`, `fk_shift`, `date`, `fk_departament`, `auditor`, `create_at`, `update_at`) VALUES (NULL, NULL, NULL, NULL, NULL, NULL, \'2024-09-27 20:03:33\', \'2024-09-27 20:03:33\')')
 3 SYSTEMPATH\Database\BaseConnection.php(648): CodeIgniter\Database\BaseConnection->simpleQuery('INSERT INTO `audit` (`no_audit`, `fk_machinery`, `fk_shift`, `date`, `fk_departament`, `auditor`, `create_at`, `update_at`) VALUES (NULL, NULL, NULL, NULL, NULL, NULL, \'2024-09-27 20:03:33\', \'2024-09-27 20:03:33\')')
 4 SYSTEMPATH\Database\BaseBuilder.php(2340): CodeIgniter\Database\BaseConnection->query('INSERT INTO `audit` (`no_audit`, `fk_machinery`, `fk_shift`, `date`, `fk_departament`, `auditor`, `create_at`, `update_at`) VALUES (:no_audit:, :fk_machinery:, :fk_shift:, :date:, :fk_departament:, :auditor:, :create_at:, :update_at:)', [...], false)
 5 SYSTEMPATH\Model.php(394): CodeIgniter\Database\BaseBuilder->insert()
 6 SYSTEMPATH\BaseModel.php(840): CodeIgniter\Model->doInsert([...])
 7 SYSTEMPATH\Model.php(802): CodeIgniter\BaseModel->insert([...], true)
 8 APPPATH\Models\AuditModel.php(24): CodeIgniter\Model->insert([...])
 9 APPPATH\Controllers\AccionsController.php(144): App\Models\AuditModel->insertAudit([...])
10 SYSTEMPATH\CodeIgniter.php(933): App\Controllers\AccionsController->insertAudit()
11 SYSTEMPATH\CodeIgniter.php(509): CodeIgniter\CodeIgniter->runController(Object(App\Controllers\AccionsController))
12 SYSTEMPATH\CodeIgniter.php(355): CodeIgniter\CodeIgniter->handleRequest(null, Object(Config\Cache), false)
13 SYSTEMPATH\Boot.php(325): CodeIgniter\CodeIgniter->run()
14 SYSTEMPATH\Boot.php(67): CodeIgniter\Boot::runCodeIgniter(Object(CodeIgniter\CodeIgniter))
15 FCPATH\index.php(56): CodeIgniter\Boot::bootWeb(Object(Config\Paths))
INFO - 2024-09-27 20:03:34 --> Session: Class initialized using 'CodeIgniter\Session\Handlers\FileHandler' driver.
INFO - 2024-09-27 20:03:41 --> Session: Class initialized using 'CodeIgniter\Session\Handlers\FileHandler' driver.
INFO - 2024-09-27 20:04:21 --> Session: Class initialized using 'CodeIgniter\Session\Handlers\FileHandler' driver.
ERROR - 2024-09-27 20:04:22 --> mysqli_sql_exception: Column 'no_audit' cannot be null in C:\laragon\www\framework_ssii\system\Database\MySQLi\Connection.php:312
Stack trace:
#0 C:\laragon\www\framework_ssii\system\Database\MySQLi\Connection.php(312): mysqli->query('INSERT INTO `au...', 0)
#1 C:\laragon\www\framework_ssii\system\Database\BaseConnection.php(734): CodeIgniter\Database\MySQLi\Connection->execute('INSERT INTO `au...')
#2 C:\laragon\www\framework_ssii\system\Database\BaseConnection.php(648): CodeIgniter\Database\BaseConnection->simpleQuery('INSERT INTO `au...')
#3 C:\laragon\www\framework_ssii\system\Database\BaseBuilder.php(2340): CodeIgniter\Database\BaseConnection->query('INSERT INTO `au...', Array, false)
#4 C:\laragon\www\framework_ssii\system\Model.php(394): CodeIgniter\Database\BaseBuilder->insert()
#5 C:\laragon\www\framework_ssii\system\BaseModel.php(840): CodeIgniter\Model->doInsert(Array)
#6 C:\laragon\www\framework_ssii\system\Model.php(802): CodeIgniter\BaseModel->insert(Array, true)
#7 C:\laragon\www\framework_ssii\app\Models\AuditModel.php(24): CodeIgniter\Model->insert(Array)
#8 C:\laragon\www\framework_ssii\app\Controllers\AccionsController.php(144): App\Models\AuditModel->insertAudit(Array)
#9 C:\laragon\www\framework_ssii\system\CodeIgniter.php(933): App\Controllers\AccionsController->insertAudit()
#10 C:\laragon\www\framework_ssii\system\CodeIgniter.php(509): CodeIgniter\CodeIgniter->runController(Object(App\Controllers\AccionsController))
#11 C:\laragon\www\framework_ssii\system\CodeIgniter.php(355): CodeIgniter\CodeIgniter->handleRequest(NULL, Object(Config\Cache), false)
#12 C:\laragon\www\framework_ssii\system\Boot.php(325): CodeIgniter\CodeIgniter->run()
#13 C:\laragon\www\framework_ssii\system\Boot.php(67): CodeIgniter\Boot::runCodeIgniter(Object(CodeIgniter\CodeIgniter))
#14 C:\laragon\www\framework_ssii\index.php(56): CodeIgniter\Boot::bootWeb(Object(Config\Paths))
#15 {main}
CRITICAL - 2024-09-27 20:04:22 --> CodeIgniter\Database\Exceptions\DatabaseException: Column 'no_audit' cannot be null
[Method: POST, Route: accions/insertAudit]
in SYSTEMPATH\Database\BaseConnection.php on line 688.
 1 SYSTEMPATH\Database\BaseBuilder.php(2340): CodeIgniter\Database\BaseConnection->query('INSERT INTO `audit` (`no_audit`, `fk_machinery`, `fk_shift`, `date`, `fk_departament`, `auditor`, `create_at`, `update_at`) VALUES (:no_audit:, :fk_machinery:, :fk_shift:, :date:, :fk_departament:, :auditor:, :create_at:, :update_at:)', [...], false)
 2 SYSTEMPATH\Model.php(394): CodeIgniter\Database\BaseBuilder->insert()
 3 SYSTEMPATH\BaseModel.php(840): CodeIgniter\Model->doInsert([...])
 4 SYSTEMPATH\Model.php(802): CodeIgniter\BaseModel->insert([...], true)
 5 APPPATH\Models\AuditModel.php(24): CodeIgniter\Model->insert([...])
 6 APPPATH\Controllers\AccionsController.php(144): App\Models\AuditModel->insertAudit([...])
 7 SYSTEMPATH\CodeIgniter.php(933): App\Controllers\AccionsController->insertAudit()
 8 SYSTEMPATH\CodeIgniter.php(509): CodeIgniter\CodeIgniter->runController(Object(App\Controllers\AccionsController))
 9 SYSTEMPATH\CodeIgniter.php(355): CodeIgniter\CodeIgniter->handleRequest(null, Object(Config\Cache), false)
10 SYSTEMPATH\Boot.php(325): CodeIgniter\CodeIgniter->run()
11 SYSTEMPATH\Boot.php(67): CodeIgniter\Boot::runCodeIgniter(Object(CodeIgniter\CodeIgniter))
12 FCPATH\index.php(56): CodeIgniter\Boot::bootWeb(Object(Config\Paths))
CRITICAL - 2024-09-27 20:04:22 --> [Caused by] CodeIgniter\Database\Exceptions\DatabaseException: Column 'no_audit' cannot be null
in SYSTEMPATH\Database\MySQLi\Connection.php on line 317.
 1 SYSTEMPATH\Database\BaseConnection.php(734): CodeIgniter\Database\MySQLi\Connection->execute('INSERT INTO `audit` (`no_audit`, `fk_machinery`, `fk_shift`, `date`, `fk_departament`, `auditor`, `create_at`, `update_at`) VALUES (NULL, NULL, NULL, NULL, NULL, NULL, \'2024-09-27 20:04:22\', \'2024-09-27 20:04:22\')')
 2 SYSTEMPATH\Database\BaseConnection.php(648): CodeIgniter\Database\BaseConnection->simpleQuery('INSERT INTO `audit` (`no_audit`, `fk_machinery`, `fk_shift`, `date`, `fk_departament`, `auditor`, `create_at`, `update_at`) VALUES (NULL, NULL, NULL, NULL, NULL, NULL, \'2024-09-27 20:04:22\', \'2024-09-27 20:04:22\')')
 3 SYSTEMPATH\Database\BaseBuilder.php(2340): CodeIgniter\Database\BaseConnection->query('INSERT INTO `audit` (`no_audit`, `fk_machinery`, `fk_shift`, `date`, `fk_departament`, `auditor`, `create_at`, `update_at`) VALUES (:no_audit:, :fk_machinery:, :fk_shift:, :date:, :fk_departament:, :auditor:, :create_at:, :update_at:)', [...], false)
 4 SYSTEMPATH\Model.php(394): CodeIgniter\Database\BaseBuilder->insert()
 5 SYSTEMPATH\BaseModel.php(840): CodeIgniter\Model->doInsert([...])
 6 SYSTEMPATH\Model.php(802): CodeIgniter\BaseModel->insert([...], true)
 7 APPPATH\Models\AuditModel.php(24): CodeIgniter\Model->insert([...])
 8 APPPATH\Controllers\AccionsController.php(144): App\Models\AuditModel->insertAudit([...])
 9 SYSTEMPATH\CodeIgniter.php(933): App\Controllers\AccionsController->insertAudit()
10 SYSTEMPATH\CodeIgniter.php(509): CodeIgniter\CodeIgniter->runController(Object(App\Controllers\AccionsController))
11 SYSTEMPATH\CodeIgniter.php(355): CodeIgniter\CodeIgniter->handleRequest(null, Object(Config\Cache), false)
12 SYSTEMPATH\Boot.php(325): CodeIgniter\CodeIgniter->run()
13 SYSTEMPATH\Boot.php(67): CodeIgniter\Boot::runCodeIgniter(Object(CodeIgniter\CodeIgniter))
14 FCPATH\index.php(56): CodeIgniter\Boot::bootWeb(Object(Config\Paths))
CRITICAL - 2024-09-27 20:04:22 --> [Caused by] mysqli_sql_exception: Column 'no_audit' cannot be null
in SYSTEMPATH\Database\MySQLi\Connection.php on line 312.
 1 SYSTEMPATH\Database\MySQLi\Connection.php(312): mysqli->query('INSERT INTO `audit` (`no_audit`, `fk_machinery`, `fk_shift`, `date`, `fk_departament`, `auditor`, `create_at`, `update_at`) VALUES (NULL, NULL, NULL, NULL, NULL, NULL, \'2024-09-27 20:04:22\', \'2024-09-27 20:04:22\')', 0)
 2 SYSTEMPATH\Database\BaseConnection.php(734): CodeIgniter\Database\MySQLi\Connection->execute('INSERT INTO `audit` (`no_audit`, `fk_machinery`, `fk_shift`, `date`, `fk_departament`, `auditor`, `create_at`, `update_at`) VALUES (NULL, NULL, NULL, NULL, NULL, NULL, \'2024-09-27 20:04:22\', \'2024-09-27 20:04:22\')')
 3 SYSTEMPATH\Database\BaseConnection.php(648): CodeIgniter\Database\BaseConnection->simpleQuery('INSERT INTO `audit` (`no_audit`, `fk_machinery`, `fk_shift`, `date`, `fk_departament`, `auditor`, `create_at`, `update_at`) VALUES (NULL, NULL, NULL, NULL, NULL, NULL, \'2024-09-27 20:04:22\', \'2024-09-27 20:04:22\')')
 4 SYSTEMPATH\Database\BaseBuilder.php(2340): CodeIgniter\Database\BaseConnection->query('INSERT INTO `audit` (`no_audit`, `fk_machinery`, `fk_shift`, `date`, `fk_departament`, `auditor`, `create_at`, `update_at`) VALUES (:no_audit:, :fk_machinery:, :fk_shift:, :date:, :fk_departament:, :auditor:, :create_at:, :update_at:)', [...], false)
 5 SYSTEMPATH\Model.php(394): CodeIgniter\Database\BaseBuilder->insert()
 6 SYSTEMPATH\BaseModel.php(840): CodeIgniter\Model->doInsert([...])
 7 SYSTEMPATH\Model.php(802): CodeIgniter\BaseModel->insert([...], true)
 8 APPPATH\Models\AuditModel.php(24): CodeIgniter\Model->insert([...])
 9 APPPATH\Controllers\AccionsController.php(144): App\Models\AuditModel->insertAudit([...])
10 SYSTEMPATH\CodeIgniter.php(933): App\Controllers\AccionsController->insertAudit()
11 SYSTEMPATH\CodeIgniter.php(509): CodeIgniter\CodeIgniter->runController(Object(App\Controllers\AccionsController))
12 SYSTEMPATH\CodeIgniter.php(355): CodeIgniter\CodeIgniter->handleRequest(null, Object(Config\Cache), false)
13 SYSTEMPATH\Boot.php(325): CodeIgniter\CodeIgniter->run()
14 SYSTEMPATH\Boot.php(67): CodeIgniter\Boot::runCodeIgniter(Object(CodeIgniter\CodeIgniter))
15 FCPATH\index.php(56): CodeIgniter\Boot::bootWeb(Object(Config\Paths))
INFO - 2024-09-27 20:04:23 --> Session: Class initialized using 'CodeIgniter\Session\Handlers\FileHandler' driver.
INFO - 2024-09-27 20:04:51 --> Session: Class initialized using 'CodeIgniter\Session\Handlers\FileHandler' driver.
INFO - 2024-09-27 20:05:19 --> Session: Class initialized using 'CodeIgniter\Session\Handlers\FileHandler' driver.
INFO - 2024-09-27 20:05:28 --> Session: Class initialized using 'CodeIgniter\Session\Handlers\FileHandler' driver.
INFO - 2024-09-27 20:05:50 --> Session: Class initialized using 'CodeIgniter\Session\Handlers\FileHandler' driver.
INFO - 2024-09-27 20:05:52 --> Session: Class initialized using 'CodeIgniter\Session\Handlers\FileHandler' driver.
INFO - 2024-09-27 20:06:37 --> Session: Class initialized using 'CodeIgniter\Session\Handlers\FileHandler' driver.
INFO - 2024-09-27 20:06:39 --> Session: Class initialized using 'CodeIgniter\Session\Handlers\FileHandler' driver.
INFO - 2024-09-27 20:06:45 --> Session: Class initialized using 'CodeIgniter\Session\Handlers\FileHandler' driver.
INFO - 2024-09-27 20:06:57 --> Session: Class initialized using 'CodeIgniter\Session\Handlers\FileHandler' driver.
INFO - 2024-09-27 20:07:10 --> Session: Class initialized using 'CodeIgniter\Session\Handlers\FileHandler' driver.
INFO - 2024-09-27 20:07:34 --> Session: Class initialized using 'CodeIgniter\Session\Handlers\FileHandler' driver.
INFO - 2024-09-27 20:07:41 --> Session: Class initialized using 'CodeIgniter\Session\Handlers\FileHandler' driver.
INFO - 2024-09-27 20:07:48 --> Session: Class initialized using 'CodeIgniter\Session\Handlers\FileHandler' driver.
INFO - 2024-09-27 20:07:59 --> Session: Class initialized using 'CodeIgniter\Session\Handlers\FileHandler' driver.
INFO - 2024-09-27 20:08:08 --> Session: Class initialized using 'CodeIgniter\Session\Handlers\FileHandler' driver.
INFO - 2024-09-27 20:08:15 --> Session: Class initialized using 'CodeIgniter\Session\Handlers\FileHandler' driver.
INFO - 2024-09-27 20:09:08 --> Session: Class initialized using 'CodeIgniter\Session\Handlers\FileHandler' driver.
INFO - 2024-09-27 20:09:12 --> Session: Class initialized using 'CodeIgniter\Session\Handlers\FileHandler' driver.
INFO - 2024-09-27 20:22:47 --> Session: Class initialized using 'CodeIgniter\Session\Handlers\FileHandler' driver.
INFO - 2024-09-27 21:40:46 --> Session: Class initialized using 'CodeIgniter\Session\Handlers\FileHandler' driver.
INFO - 2024-09-27 21:41:03 --> Session: Class initialized using 'CodeIgniter\Session\Handlers\FileHandler' driver.
INFO - 2024-09-27 21:41:26 --> Session: Class initialized using 'CodeIgniter\Session\Handlers\FileHandler' driver.
INFO - 2024-09-27 21:44:50 --> Session: Class initialized using 'CodeIgniter\Session\Handlers\FileHandler' driver.
INFO - 2024-09-27 21:46:29 --> Session: Class initialized using 'CodeIgniter\Session\Handlers\FileHandler' driver.
INFO - 2024-09-27 21:46:44 --> Session: Class initialized using 'CodeIgniter\Session\Handlers\FileHandler' driver.
CRITICAL - 2024-09-27 21:46:44 --> Error: Call to a member function setJSON() on null
[Method: GET, Route: accions/showQuestion]
in APPPATH\Models\QuestionsModel.php on line 43.
 1 APPPATH\Controllers\AccionsController.php(20): App\Models\QuestionsModel->showAllQuestions()
 2 SYSTEMPATH\CodeIgniter.php(933): App\Controllers\AccionsController->showQuestion()
 3 SYSTEMPATH\CodeIgniter.php(509): CodeIgniter\CodeIgniter->runController(Object(App\Controllers\AccionsController))
 4 SYSTEMPATH\CodeIgniter.php(355): CodeIgniter\CodeIgniter->handleRequest(null, Object(Config\Cache), false)
 5 SYSTEMPATH\Boot.php(325): CodeIgniter\CodeIgniter->run()
 6 SYSTEMPATH\Boot.php(67): CodeIgniter\Boot::runCodeIgniter(Object(CodeIgniter\CodeIgniter))
 7 FCPATH\index.php(56): CodeIgniter\Boot::bootWeb(Object(Config\Paths))
CRITICAL - 2024-09-27 21:46:46 --> Error: Call to a member function setJSON() on null
[Method: GET, Route: accions/showQuestion]
in APPPATH\Models\QuestionsModel.php on line 43.
 1 APPPATH\Controllers\AccionsController.php(20): App\Models\QuestionsModel->showAllQuestions()
 2 SYSTEMPATH\CodeIgniter.php(933): App\Controllers\AccionsController->showQuestion()
 3 SYSTEMPATH\CodeIgniter.php(509): CodeIgniter\CodeIgniter->runController(Object(App\Controllers\AccionsController))
 4 SYSTEMPATH\CodeIgniter.php(355): CodeIgniter\CodeIgniter->handleRequest(null, Object(Config\Cache), false)
 5 SYSTEMPATH\Boot.php(325): CodeIgniter\CodeIgniter->run()
 6 SYSTEMPATH\Boot.php(67): CodeIgniter\Boot::runCodeIgniter(Object(CodeIgniter\CodeIgniter))
 7 FCPATH\index.php(56): CodeIgniter\Boot::bootWeb(Object(Config\Paths))
INFO - 2024-09-27 21:47:29 --> Session: Class initialized using 'CodeIgniter\Session\Handlers\FileHandler' driver.
INFO - 2024-09-27 21:48:28 --> Session: Class initialized using 'CodeIgniter\Session\Handlers\FileHandler' driver.
INFO - 2024-09-27 21:48:36 --> Session: Class initialized using 'CodeIgniter\Session\Handlers\FileHandler' driver.
INFO - 2024-09-27 21:49:38 --> Session: Class initialized using 'CodeIgniter\Session\Handlers\FileHandler' driver.
INFO - 2024-09-27 21:50:37 --> Session: Class initialized using 'CodeIgniter\Session\Handlers\FileHandler' driver.
INFO - 2024-09-27 21:51:50 --> Session: Class initialized using 'CodeIgniter\Session\Handlers\FileHandler' driver.
INFO - 2024-09-27 21:51:55 --> Session: Class initialized using 'CodeIgniter\Session\Handlers\FileHandler' driver.
INFO - 2024-09-27 21:53:14 --> Session: Class initialized using 'CodeIgniter\Session\Handlers\FileHandler' driver.
INFO - 2024-09-27 21:56:00 --> Session: Class initialized using 'CodeIgniter\Session\Handlers\FileHandler' driver.
INFO - 2024-09-27 21:56:34 --> Session: Class initialized using 'CodeIgniter\Session\Handlers\FileHandler' driver.
INFO - 2024-09-27 21:56:42 --> Session: Class initialized using 'CodeIgniter\Session\Handlers\FileHandler' driver.
INFO - 2024-09-27 21:58:01 --> Session: Class initialized using 'CodeIgniter\Session\Handlers\FileHandler' driver.
INFO - 2024-09-27 22:00:37 --> Session: Class initialized using 'CodeIgniter\Session\Handlers\FileHandler' driver.
CRITICAL - 2024-09-27 22:00:37 --> BadMethodCallException: Call to undefined method App\Models\QuestionsModel::showAllQuestions
[Method: GET, Route: accions/showQuestion]
in SYSTEMPATH\Model.php on line 932.
 1 APPPATH\Controllers\AccionsController.php(21): CodeIgniter\Model->__call('showAllQuestions', [])
 2 SYSTEMPATH\CodeIgniter.php(933): App\Controllers\AccionsController->showQuestion()
 3 SYSTEMPATH\CodeIgniter.php(509): CodeIgniter\CodeIgniter->runController(Object(App\Controllers\AccionsController))
 4 SYSTEMPATH\CodeIgniter.php(355): CodeIgniter\CodeIgniter->handleRequest(null, Object(Config\Cache), false)
 5 SYSTEMPATH\Boot.php(325): CodeIgniter\CodeIgniter->run()
 6 SYSTEMPATH\Boot.php(67): CodeIgniter\Boot::runCodeIgniter(Object(CodeIgniter\CodeIgniter))
 7 FCPATH\index.php(56): CodeIgniter\Boot::bootWeb(Object(Config\Paths))
INFO - 2024-09-27 22:02:33 --> Session: Class initialized using 'CodeIgniter\Session\Handlers\FileHandler' driver.
CRITICAL - 2024-09-27 22:02:33 --> BadMethodCallException: Call to undefined method App\Models\QuestionsModel::showAllQuestions
[Method: GET, Route: accions/showQuestion]
in SYSTEMPATH\Model.php on line 932.
 1 APPPATH\Controllers\AccionsController.php(21): CodeIgniter\Model->__call('showAllQuestions', [])
 2 SYSTEMPATH\CodeIgniter.php(933): App\Controllers\AccionsController->showQuestion()
 3 SYSTEMPATH\CodeIgniter.php(509): CodeIgniter\CodeIgniter->runController(Object(App\Controllers\AccionsController))
 4 SYSTEMPATH\CodeIgniter.php(355): CodeIgniter\CodeIgniter->handleRequest(null, Object(Config\Cache), false)
 5 SYSTEMPATH\Boot.php(325): CodeIgniter\CodeIgniter->run()
 6 SYSTEMPATH\Boot.php(67): CodeIgniter\Boot::runCodeIgniter(Object(CodeIgniter\CodeIgniter))
 7 FCPATH\index.php(56): CodeIgniter\Boot::bootWeb(Object(Config\Paths))
INFO - 2024-09-27 22:05:29 --> Session: Class initialized using 'CodeIgniter\Session\Handlers\FileHandler' driver.
INFO - 2024-09-27 22:07:38 --> Session: Class initialized using 'CodeIgniter\Session\Handlers\FileHandler' driver.
INFO - 2024-09-27 22:08:16 --> Session: Class initialized using 'CodeIgniter\Session\Handlers\FileHandler' driver.
INFO - 2024-09-27 22:09:21 --> Session: Class initialized using 'CodeIgniter\Session\Handlers\FileHandler' driver.
CRITICAL - 2024-09-27 22:09:21 --> BadMethodCallException: Call to undefined method App\Models\QuestionsModel::showAllQuestions
[Method: GET, Route: accions/showQuestion]
in SYSTEMPATH\Model.php on line 932.
 1 APPPATH\Controllers\AccionsController.php(21): CodeIgniter\Model->__call('showAllQuestions', [])
 2 SYSTEMPATH\CodeIgniter.php(933): App\Controllers\AccionsController->showQuestion()
 3 SYSTEMPATH\CodeIgniter.php(509): CodeIgniter\CodeIgniter->runController(Object(App\Controllers\AccionsController))
 4 SYSTEMPATH\CodeIgniter.php(355): CodeIgniter\CodeIgniter->handleRequest(null, Object(Config\Cache), false)
 5 SYSTEMPATH\Boot.php(325): CodeIgniter\CodeIgniter->run()
 6 SYSTEMPATH\Boot.php(67): CodeIgniter\Boot::runCodeIgniter(Object(CodeIgniter\CodeIgniter))
 7 FCPATH\index.php(56): CodeIgniter\Boot::bootWeb(Object(Config\Paths))
CRITICAL - 2024-09-27 22:09:27 --> BadMethodCallException: Call to undefined method App\Models\QuestionsModel::showAllQuestions
[Method: GET, Route: accions/showQuestion]
in SYSTEMPATH\Model.php on line 932.
 1 APPPATH\Controllers\AccionsController.php(21): CodeIgniter\Model->__call('showAllQuestions', [])
 2 SYSTEMPATH\CodeIgniter.php(933): App\Controllers\AccionsController->showQuestion()
 3 SYSTEMPATH\CodeIgniter.php(509): CodeIgniter\CodeIgniter->runController(Object(App\Controllers\AccionsController))
 4 SYSTEMPATH\CodeIgniter.php(355): CodeIgniter\CodeIgniter->handleRequest(null, Object(Config\Cache), false)
 5 SYSTEMPATH\Boot.php(325): CodeIgniter\CodeIgniter->run()
 6 SYSTEMPATH\Boot.php(67): CodeIgniter\Boot::runCodeIgniter(Object(CodeIgniter\CodeIgniter))
 7 FCPATH\index.php(56): CodeIgniter\Boot::bootWeb(Object(Config\Paths))
INFO - 2024-09-27 22:09:58 --> Session: Class initialized using 'CodeIgniter\Session\Handlers\FileHandler' driver.
CRITICAL - 2024-09-27 22:09:58 --> Error: Call to a member function setJSON() on null
[Method: GET, Route: accions/showQuestion]
in APPPATH\Models\QuestionsModel.php on line 35.
 1 APPPATH\Controllers\AccionsController.php(21): App\Models\QuestionsModel->showQuestions()
 2 SYSTEMPATH\CodeIgniter.php(933): App\Controllers\AccionsController->showQuestion()
 3 SYSTEMPATH\CodeIgniter.php(509): CodeIgniter\CodeIgniter->runController(Object(App\Controllers\AccionsController))
 4 SYSTEMPATH\CodeIgniter.php(355): CodeIgniter\CodeIgniter->handleRequest(null, Object(Config\Cache), false)
 5 SYSTEMPATH\Boot.php(325): CodeIgniter\CodeIgniter->run()
 6 SYSTEMPATH\Boot.php(67): CodeIgniter\Boot::runCodeIgniter(Object(CodeIgniter\CodeIgniter))
 7 FCPATH\index.php(56): CodeIgniter\Boot::bootWeb(Object(Config\Paths))
CRITICAL - 2024-09-27 22:10:03 --> Error: Call to a member function setJSON() on null
[Method: GET, Route: accions/showQuestion]
in APPPATH\Models\QuestionsModel.php on line 35.
 1 APPPATH\Controllers\AccionsController.php(21): App\Models\QuestionsModel->showQuestions()
 2 SYSTEMPATH\CodeIgniter.php(933): App\Controllers\AccionsController->showQuestion()
 3 SYSTEMPATH\CodeIgniter.php(509): CodeIgniter\CodeIgniter->runController(Object(App\Controllers\AccionsController))
 4 SYSTEMPATH\CodeIgniter.php(355): CodeIgniter\CodeIgniter->handleRequest(null, Object(Config\Cache), false)
 5 SYSTEMPATH\Boot.php(325): CodeIgniter\CodeIgniter->run()
 6 SYSTEMPATH\Boot.php(67): CodeIgniter\Boot::runCodeIgniter(Object(CodeIgniter\CodeIgniter))
 7 FCPATH\index.php(56): CodeIgniter\Boot::bootWeb(Object(Config\Paths))
INFO - 2024-09-27 22:10:26 --> Session: Class initialized using 'CodeIgniter\Session\Handlers\FileHandler' driver.
CRITICAL - 2024-09-27 22:10:26 --> Error: Call to a member function setJSON() on null
[Method: GET, Route: accions/showQuestion]
in APPPATH\Models\QuestionsModel.php on line 35.
 1 APPPATH\Controllers\AccionsController.php(21): App\Models\QuestionsModel->showQuestions()
 2 SYSTEMPATH\CodeIgniter.php(933): App\Controllers\AccionsController->showQuestion()
 3 SYSTEMPATH\CodeIgniter.php(509): CodeIgniter\CodeIgniter->runController(Object(App\Controllers\AccionsController))
 4 SYSTEMPATH\CodeIgniter.php(355): CodeIgniter\CodeIgniter->handleRequest(null, Object(Config\Cache), false)
 5 SYSTEMPATH\Boot.php(325): CodeIgniter\CodeIgniter->run()
 6 SYSTEMPATH\Boot.php(67): CodeIgniter\Boot::runCodeIgniter(Object(CodeIgniter\CodeIgniter))
 7 FCPATH\index.php(56): CodeIgniter\Boot::bootWeb(Object(Config\Paths))
CRITICAL - 2024-09-27 22:10:31 --> Error: Call to a member function setJSON() on null
[Method: GET, Route: accions/showQuestion]
in APPPATH\Models\QuestionsModel.php on line 35.
 1 APPPATH\Controllers\AccionsController.php(21): App\Models\QuestionsModel->showQuestions()
 2 SYSTEMPATH\CodeIgniter.php(933): App\Controllers\AccionsController->showQuestion()
 3 SYSTEMPATH\CodeIgniter.php(509): CodeIgniter\CodeIgniter->runController(Object(App\Controllers\AccionsController))
 4 SYSTEMPATH\CodeIgniter.php(355): CodeIgniter\CodeIgniter->handleRequest(null, Object(Config\Cache), false)
 5 SYSTEMPATH\Boot.php(325): CodeIgniter\CodeIgniter->run()
 6 SYSTEMPATH\Boot.php(67): CodeIgniter\Boot::runCodeIgniter(Object(CodeIgniter\CodeIgniter))
 7 FCPATH\index.php(56): CodeIgniter\Boot::bootWeb(Object(Config\Paths))
INFO - 2024-09-27 22:13:15 --> Session: Class initialized using 'CodeIgniter\Session\Handlers\FileHandler' driver.
INFO - 2024-09-27 22:13:32 --> Session: Class initialized using 'CodeIgniter\Session\Handlers\FileHandler' driver.
INFO - 2024-09-27 22:14:25 --> Session: Class initialized using 'CodeIgniter\Session\Handlers\FileHandler' driver.
INFO - 2024-09-27 22:16:00 --> Session: Class initialized using 'CodeIgniter\Session\Handlers\FileHandler' driver.
INFO - 2024-09-27 22:16:04 --> Session: Class initialized using 'CodeIgniter\Session\Handlers\FileHandler' driver.
INFO - 2024-09-27 22:16:36 --> Session: Class initialized using 'CodeIgniter\Session\Handlers\FileHandler' driver.
INFO - 2024-09-27 22:17:50 --> Session: Class initialized using 'CodeIgniter\Session\Handlers\FileHandler' driver.
INFO - 2024-09-27 22:18:20 --> Session: Class initialized using 'CodeIgniter\Session\Handlers\FileHandler' driver.
INFO - 2024-09-27 22:19:38 --> Session: Class initialized using 'CodeIgniter\Session\Handlers\FileHandler' driver.
INFO - 2024-09-27 22:19:46 --> Session: Class initialized using 'CodeIgniter\Session\Handlers\FileHandler' driver.
INFO - 2024-09-27 22:20:08 --> Session: Class initialized using 'CodeIgniter\Session\Handlers\FileHandler' driver.
INFO - 2024-09-27 22:20:34 --> Session: Class initialized using 'CodeIgniter\Session\Handlers\FileHandler' driver.
INFO - 2024-09-27 22:21:11 --> Session: Class initialized using 'CodeIgniter\Session\Handlers\FileHandler' driver.
INFO - 2024-09-27 22:22:25 --> Session: Class initialized using 'CodeIgniter\Session\Handlers\FileHandler' driver.
INFO - 2024-09-27 22:22:55 --> Session: Class initialized using 'CodeIgniter\Session\Handlers\FileHandler' driver.
INFO - 2024-09-27 22:23:20 --> Session: Class initialized using 'CodeIgniter\Session\Handlers\FileHandler' driver.
INFO - 2024-09-27 22:23:32 --> Session: Class initialized using 'CodeIgniter\Session\Handlers\FileHandler' driver.
INFO - 2024-09-27 22:24:37 --> Session: Class initialized using 'CodeIgniter\Session\Handlers\FileHandler' driver.
INFO - 2024-09-27 22:25:29 --> Session: Class initialized using 'CodeIgniter\Session\Handlers\FileHandler' driver.
INFO - 2024-09-27 22:25:48 --> Session: Class initialized using 'CodeIgniter\Session\Handlers\FileHandler' driver.
INFO - 2024-09-27 22:27:51 --> Session: Class initialized using 'CodeIgniter\Session\Handlers\FileHandler' driver.
INFO - 2024-09-27 22:42:38 --> Session: Class initialized using 'CodeIgniter\Session\Handlers\FileHandler' driver.
INFO - 2024-09-27 22:43:23 --> Session: Class initialized using 'CodeIgniter\Session\Handlers\FileHandler' driver.
INFO - 2024-09-27 22:43:29 --> Session: Class initialized using 'CodeIgniter\Session\Handlers\FileHandler' driver.
INFO - 2024-09-27 22:45:07 --> Session: Class initialized using 'CodeIgniter\Session\Handlers\FileHandler' driver.
