INFO - 2024-09-24 19:51:08 --> Session: Class initialized using 'CodeIgniter\Session\Handlers\FileHandler' driver.
CRITICAL - 2024-09-24 21:33:14 --> CodeIgniter\View\Exceptions\ViewException: Invalid file: "audit_details.php"
[Method: GET, Route: accions/auditDetails]
in SYSTEMPATH\Exceptions\FrameworkException.php on line 41.
 1 SYSTEMPATH\View\View.php(222): CodeIgniter\Exceptions\FrameworkException::forInvalidFile('audit_details.php')
 2 SYSTEMPATH\Common.php(1169): CodeIgniter\View\View->render('audit_details', [], true)
 3 APPPATH\Controllers\AccionsController.php(15): view('audit_details')
 4 SYSTEMPATH\CodeIgniter.php(933): App\Controllers\AccionsController->auditDetails()
 5 SYSTEMPATH\CodeIgniter.php(509): CodeIgniter\CodeIgniter->runController(Object(App\Controllers\AccionsController))
 6 SYSTEMPATH\CodeIgniter.php(355): CodeIgniter\CodeIgniter->handleRequest(null, Object(Config\Cache), false)
 7 SYSTEMPATH\Boot.php(325): CodeIgniter\CodeIgniter->run()
 8 SYSTEMPATH\Boot.php(67): CodeIgniter\Boot::runCodeIgniter(Object(CodeIgniter\CodeIgniter))
 9 FCPATH\index.php(56): CodeIgniter\Boot::bootWeb(Object(Config\Paths))
CRITICAL - 2024-09-24 21:34:30 --> CodeIgniter\View\Exceptions\ViewException: Invalid file: "audit_details.php"
[Method: GET, Route: accions/auditDetails]
in SYSTEMPATH\Exceptions\FrameworkException.php on line 41.
 1 SYSTEMPATH\View\View.php(222): CodeIgniter\Exceptions\FrameworkException::forInvalidFile('audit_details.php')
 2 SYSTEMPATH\Common.php(1169): CodeIgniter\View\View->render('audit_details', [], true)
 3 APPPATH\Controllers\AccionsController.php(15): view('audit_details')
 4 SYSTEMPATH\CodeIgniter.php(933): App\Controllers\AccionsController->auditDetails()
 5 SYSTEMPATH\CodeIgniter.php(509): CodeIgniter\CodeIgniter->runController(Object(App\Controllers\AccionsController))
 6 SYSTEMPATH\CodeIgniter.php(355): CodeIgniter\CodeIgniter->handleRequest(null, Object(Config\Cache), false)
 7 SYSTEMPATH\Boot.php(325): CodeIgniter\CodeIgniter->run()
 8 SYSTEMPATH\Boot.php(67): CodeIgniter\Boot::runCodeIgniter(Object(CodeIgniter\CodeIgniter))
 9 FCPATH\index.php(56): CodeIgniter\Boot::bootWeb(Object(Config\Paths))
