INFO - 2024-10-11 16:36:47 --> Session: Class initialized using 'CodeIgniter\Session\Handlers\FileHandler' driver.
INFO - 2024-10-11 16:36:54 --> Session: Class initialized using 'CodeIgniter\Session\Handlers\FileHandler' driver.
INFO - 2024-10-11 16:36:54 --> Session: Class initialized using 'CodeIgniter\Session\Handlers\FileHandler' driver.
INFO - 2024-10-11 17:16:56 --> Session: Class initialized using 'CodeIgniter\Session\Handlers\FileHandler' driver.
INFO - 2024-10-11 17:17:22 --> Session: Class initialized using 'CodeIgniter\Session\Handlers\FileHandler' driver.
INFO - 2024-10-11 17:24:41 --> Session: Class initialized using 'CodeIgniter\Session\Handlers\FileHandler' driver.
INFO - 2024-10-11 17:24:45 --> Session: Class initialized using 'CodeIgniter\Session\Handlers\FileHandler' driver.
INFO - 2024-10-11 17:24:46 --> Session: Class initialized using 'CodeIgniter\Session\Handlers\FileHandler' driver.
INFO - 2024-10-11 17:24:49 --> Session: Class initialized using 'CodeIgniter\Session\Handlers\FileHandler' driver.
INFO - 2024-10-11 17:24:55 --> Session: Class initialized using 'CodeIgniter\Session\Handlers\FileHandler' driver.
INFO - 2024-10-11 17:24:56 --> Session: Class initialized using 'CodeIgniter\Session\Handlers\FileHandler' driver.
INFO - 2024-10-11 17:25:30 --> Session: Class initialized using 'CodeIgniter\Session\Handlers\FileHandler' driver.
INFO - 2024-10-11 17:25:52 --> Session: Class initialized using 'CodeIgniter\Session\Handlers\FileHandler' driver.
INFO - 2024-10-11 17:25:59 --> Session: Class initialized using 'CodeIgniter\Session\Handlers\FileHandler' driver.
INFO - 2024-10-11 17:26:02 --> Session: Class initialized using 'CodeIgniter\Session\Handlers\FileHandler' driver.
INFO - 2024-10-11 17:26:06 --> Session: Class initialized using 'CodeIgniter\Session\Handlers\FileHandler' driver.
INFO - 2024-10-11 17:26:09 --> Session: Class initialized using 'CodeIgniter\Session\Handlers\FileHandler' driver.
INFO - 2024-10-11 17:26:39 --> Session: Class initialized using 'CodeIgniter\Session\Handlers\FileHandler' driver.
INFO - 2024-10-11 17:26:47 --> Session: Class initialized using 'CodeIgniter\Session\Handlers\FileHandler' driver.
INFO - 2024-10-11 17:26:48 --> Session: Class initialized using 'CodeIgniter\Session\Handlers\FileHandler' driver.
INFO - 2024-10-11 17:29:07 --> Session: Class initialized using 'CodeIgniter\Session\Handlers\FileHandler' driver.
INFO - 2024-10-11 17:29:08 --> Session: Class initialized using 'CodeIgniter\Session\Handlers\FileHandler' driver.
INFO - 2024-10-11 17:29:10 --> Session: Class initialized using 'CodeIgniter\Session\Handlers\FileHandler' driver.
INFO - 2024-10-11 17:29:38 --> Session: Class initialized using 'CodeIgniter\Session\Handlers\FileHandler' driver.
INFO - 2024-10-11 17:30:04 --> Session: Class initialized using 'CodeIgniter\Session\Handlers\FileHandler' driver.
INFO - 2024-10-11 17:30:09 --> Session: Class initialized using 'CodeIgniter\Session\Handlers\FileHandler' driver.
INFO - 2024-10-11 17:30:15 --> Session: Class initialized using 'CodeIgniter\Session\Handlers\FileHandler' driver.
INFO - 2024-10-11 17:30:27 --> Session: Class initialized using 'CodeIgniter\Session\Handlers\FileHandler' driver.
INFO - 2024-10-11 17:30:34 --> Session: Class initialized using 'CodeIgniter\Session\Handlers\FileHandler' driver.
INFO - 2024-10-11 17:30:41 --> Session: Class initialized using 'CodeIgniter\Session\Handlers\FileHandler' driver.
INFO - 2024-10-11 17:30:47 --> Session: Class initialized using 'CodeIgniter\Session\Handlers\FileHandler' driver.
INFO - 2024-10-11 17:30:56 --> Session: Class initialized using 'CodeIgniter\Session\Handlers\FileHandler' driver.
INFO - 2024-10-11 17:32:52 --> Session: Class initialized using 'CodeIgniter\Session\Handlers\FileHandler' driver.
INFO - 2024-10-11 17:33:11 --> Session: Class initialized using 'CodeIgniter\Session\Handlers\FileHandler' driver.
INFO - 2024-10-11 17:33:30 --> Session: Class initialized using 'CodeIgniter\Session\Handlers\FileHandler' driver.
INFO - 2024-10-11 17:34:09 --> Session: Class initialized using 'CodeIgniter\Session\Handlers\FileHandler' driver.
INFO - 2024-10-11 17:34:31 --> Session: Class initialized using 'CodeIgniter\Session\Handlers\FileHandler' driver.
INFO - 2024-10-11 17:34:34 --> Session: Class initialized using 'CodeIgniter\Session\Handlers\FileHandler' driver.
INFO - 2024-10-11 17:35:57 --> Session: Class initialized using 'CodeIgniter\Session\Handlers\FileHandler' driver.
INFO - 2024-10-11 17:36:20 --> Session: Class initialized using 'CodeIgniter\Session\Handlers\FileHandler' driver.
INFO - 2024-10-11 17:36:25 --> Session: Class initialized using 'CodeIgniter\Session\Handlers\FileHandler' driver.
INFO - 2024-10-11 17:36:28 --> Session: Class initialized using 'CodeIgniter\Session\Handlers\FileHandler' driver.
INFO - 2024-10-11 17:36:45 --> Session: Class initialized using 'CodeIgniter\Session\Handlers\FileHandler' driver.
INFO - 2024-10-11 17:36:57 --> Session: Class initialized using 'CodeIgniter\Session\Handlers\FileHandler' driver.
INFO - 2024-10-11 17:37:08 --> Session: Class initialized using 'CodeIgniter\Session\Handlers\FileHandler' driver.
INFO - 2024-10-11 17:37:11 --> Session: Class initialized using 'CodeIgniter\Session\Handlers\FileHandler' driver.
INFO - 2024-10-11 17:37:12 --> Session: Class initialized using 'CodeIgniter\Session\Handlers\FileHandler' driver.
INFO - 2024-10-11 17:37:14 --> Session: Class initialized using 'CodeIgniter\Session\Handlers\FileHandler' driver.
INFO - 2024-10-11 17:37:16 --> Session: Class initialized using 'CodeIgniter\Session\Handlers\FileHandler' driver.
INFO - 2024-10-11 17:37:18 --> Session: Class initialized using 'CodeIgniter\Session\Handlers\FileHandler' driver.
INFO - 2024-10-11 17:37:18 --> Session: Class initialized using 'CodeIgniter\Session\Handlers\FileHandler' driver.
INFO - 2024-10-11 17:37:22 --> Session: Class initialized using 'CodeIgniter\Session\Handlers\FileHandler' driver.
INFO - 2024-10-11 17:37:24 --> Session: Class initialized using 'CodeIgniter\Session\Handlers\FileHandler' driver.
INFO - 2024-10-11 17:37:26 --> Session: Class initialized using 'CodeIgniter\Session\Handlers\FileHandler' driver.
INFO - 2024-10-11 17:37:37 --> Session: Class initialized using 'CodeIgniter\Session\Handlers\FileHandler' driver.
INFO - 2024-10-11 17:37:39 --> Session: Class initialized using 'CodeIgniter\Session\Handlers\FileHandler' driver.
INFO - 2024-10-11 17:37:40 --> Session: Class initialized using 'CodeIgniter\Session\Handlers\FileHandler' driver.
INFO - 2024-10-11 17:38:33 --> Session: Class initialized using 'CodeIgniter\Session\Handlers\FileHandler' driver.
INFO - 2024-10-11 17:38:48 --> Session: Class initialized using 'CodeIgniter\Session\Handlers\FileHandler' driver.
INFO - 2024-10-11 17:46:07 --> Session: Class initialized using 'CodeIgniter\Session\Handlers\FileHandler' driver.
INFO - 2024-10-11 17:49:23 --> Session: Class initialized using 'CodeIgniter\Session\Handlers\FileHandler' driver.
INFO - 2024-10-11 17:49:31 --> Session: Class initialized using 'CodeIgniter\Session\Handlers\FileHandler' driver.
INFO - 2024-10-11 17:49:37 --> Session: Class initialized using 'CodeIgniter\Session\Handlers\FileHandler' driver.
INFO - 2024-10-11 17:50:16 --> Session: Class initialized using 'CodeIgniter\Session\Handlers\FileHandler' driver.
INFO - 2024-10-11 17:50:23 --> Session: Class initialized using 'CodeIgniter\Session\Handlers\FileHandler' driver.
INFO - 2024-10-11 17:56:11 --> Session: Class initialized using 'CodeIgniter\Session\Handlers\FileHandler' driver.
INFO - 2024-10-11 18:02:48 --> Session: Class initialized using 'CodeIgniter\Session\Handlers\FileHandler' driver.
CRITICAL - 2024-10-11 18:11:35 --> ParseError: syntax error, unexpected token "}", expecting ";"
[Method: GET, Route: user/Assignedaudit]
in APPPATH\Controllers\UserController.php on line 35.
 1 SYSTEMPATH\Autoloader\Autoloader.php(296): CodeIgniter\Autoloader\Autoloader->includeFile('C:\\laragon\\www\\framework_ssii\\app\\Controllers\\UserController.php')
 2 SYSTEMPATH\Autoloader\Autoloader.php(272): CodeIgniter\Autoloader\Autoloader->loadInNamespace('App\\Controllers\\UserController')
 3 [internal function]: CodeIgniter\Autoloader\Autoloader->loadClass('App\\Controllers\\UserController')
 4 SYSTEMPATH\CodeIgniter.php(887): class_exists('\\App\\Controllers\\UserController', true)
 5 SYSTEMPATH\CodeIgniter.php(496): CodeIgniter\CodeIgniter->startController()
 6 SYSTEMPATH\CodeIgniter.php(355): CodeIgniter\CodeIgniter->handleRequest(null, Object(Config\Cache), false)
 7 SYSTEMPATH\Boot.php(325): CodeIgniter\CodeIgniter->run()
 8 SYSTEMPATH\Boot.php(67): CodeIgniter\Boot::runCodeIgniter(Object(CodeIgniter\CodeIgniter))
 9 FCPATH\index.php(56): CodeIgniter\Boot::bootWeb(Object(Config\Paths))
INFO - 2024-10-11 18:14:30 --> Session: Class initialized using 'CodeIgniter\Session\Handlers\FileHandler' driver.
CRITICAL - 2024-10-11 18:16:52 --> CodeIgniter\View\Exceptions\ViewException: Invalid file: "auditDetails.php"
[Method: GET, Route: user/auditDetails/24]
in SYSTEMPATH\Exceptions\FrameworkException.php on line 41.
 1 SYSTEMPATH\View\View.php(222): CodeIgniter\Exceptions\FrameworkException::forInvalidFile('auditDetails.php')
 2 SYSTEMPATH\Common.php(1169): CodeIgniter\View\View->render('auditDetails', [], true)
 3 APPPATH\Controllers\UserController.php(23): view('auditDetails', [...])
 4 SYSTEMPATH\CodeIgniter.php(933): App\Controllers\UserController->auditDetails('24')
 5 SYSTEMPATH\CodeIgniter.php(509): CodeIgniter\CodeIgniter->runController(Object(App\Controllers\UserController))
 6 SYSTEMPATH\CodeIgniter.php(355): CodeIgniter\CodeIgniter->handleRequest(null, Object(Config\Cache), false)
 7 SYSTEMPATH\Boot.php(325): CodeIgniter\CodeIgniter->run()
 8 SYSTEMPATH\Boot.php(67): CodeIgniter\Boot::runCodeIgniter(Object(CodeIgniter\CodeIgniter))
 9 FCPATH\index.php(56): CodeIgniter\Boot::bootWeb(Object(Config\Paths))
CRITICAL - 2024-10-11 18:17:02 --> CodeIgniter\View\Exceptions\ViewException: Invalid file: "auditDetails.php"
[Method: GET, Route: user/auditDetails/24]
in SYSTEMPATH\Exceptions\FrameworkException.php on line 41.
 1 SYSTEMPATH\View\View.php(222): CodeIgniter\Exceptions\FrameworkException::forInvalidFile('auditDetails.php')
 2 SYSTEMPATH\Common.php(1169): CodeIgniter\View\View->render('auditDetails', [], true)
 3 APPPATH\Controllers\UserController.php(23): view('auditDetails', [...])
 4 SYSTEMPATH\CodeIgniter.php(933): App\Controllers\UserController->auditDetails('24')
 5 SYSTEMPATH\CodeIgniter.php(509): CodeIgniter\CodeIgniter->runController(Object(App\Controllers\UserController))
 6 SYSTEMPATH\CodeIgniter.php(355): CodeIgniter\CodeIgniter->handleRequest(null, Object(Config\Cache), false)
 7 SYSTEMPATH\Boot.php(325): CodeIgniter\CodeIgniter->run()
 8 SYSTEMPATH\Boot.php(67): CodeIgniter\Boot::runCodeIgniter(Object(CodeIgniter\CodeIgniter))
 9 FCPATH\index.php(56): CodeIgniter\Boot::bootWeb(Object(Config\Paths))
CRITICAL - 2024-10-11 18:17:33 --> CodeIgniter\View\Exceptions\ViewException: Invalid file: "auditDetails.php"
[Method: GET, Route: user/auditDetails/24]
in SYSTEMPATH\Exceptions\FrameworkException.php on line 41.
 1 SYSTEMPATH\View\View.php(222): CodeIgniter\Exceptions\FrameworkException::forInvalidFile('auditDetails.php')
 2 SYSTEMPATH\Common.php(1169): CodeIgniter\View\View->render('auditDetails', [], true)
 3 APPPATH\Controllers\UserController.php(23): view('auditDetails', [...])
 4 SYSTEMPATH\CodeIgniter.php(933): App\Controllers\UserController->auditDetails('24')
 5 SYSTEMPATH\CodeIgniter.php(509): CodeIgniter\CodeIgniter->runController(Object(App\Controllers\UserController))
 6 SYSTEMPATH\CodeIgniter.php(355): CodeIgniter\CodeIgniter->handleRequest(null, Object(Config\Cache), false)
 7 SYSTEMPATH\Boot.php(325): CodeIgniter\CodeIgniter->run()
 8 SYSTEMPATH\Boot.php(67): CodeIgniter\Boot::runCodeIgniter(Object(CodeIgniter\CodeIgniter))
 9 FCPATH\index.php(56): CodeIgniter\Boot::bootWeb(Object(Config\Paths))
INFO - 2024-10-11 18:26:03 --> Session: Class initialized using 'CodeIgniter\Session\Handlers\FileHandler' driver.
INFO - 2024-10-11 19:13:39 --> Session: Class initialized using 'CodeIgniter\Session\Handlers\FileHandler' driver.
INFO - 2024-10-11 19:14:26 --> Session: Class initialized using 'CodeIgniter\Session\Handlers\FileHandler' driver.
INFO - 2024-10-11 19:15:44 --> Session: Class initialized using 'CodeIgniter\Session\Handlers\FileHandler' driver.
INFO - 2024-10-11 19:15:50 --> Session: Class initialized using 'CodeIgniter\Session\Handlers\FileHandler' driver.
INFO - 2024-10-11 19:32:53 --> Session: Class initialized using 'CodeIgniter\Session\Handlers\FileHandler' driver.
INFO - 2024-10-11 19:32:58 --> Session: Class initialized using 'CodeIgniter\Session\Handlers\FileHandler' driver.
INFO - 2024-10-11 19:33:16 --> Session: Class initialized using 'CodeIgniter\Session\Handlers\FileHandler' driver.
INFO - 2024-10-11 19:40:57 --> Session: Class initialized using 'CodeIgniter\Session\Handlers\FileHandler' driver.
INFO - 2024-10-11 19:40:57 --> Session: Class initialized using 'CodeIgniter\Session\Handlers\FileHandler' driver.
INFO - 2024-10-11 19:41:01 --> Session: Class initialized using 'CodeIgniter\Session\Handlers\FileHandler' driver.
INFO - 2024-10-11 19:41:21 --> Session: Class initialized using 'CodeIgniter\Session\Handlers\FileHandler' driver.
INFO - 2024-10-11 19:41:48 --> Session: Class initialized using 'CodeIgniter\Session\Handlers\FileHandler' driver.
INFO - 2024-10-11 19:41:57 --> Session: Class initialized using 'CodeIgniter\Session\Handlers\FileHandler' driver.
INFO - 2024-10-11 19:42:30 --> Session: Class initialized using 'CodeIgniter\Session\Handlers\FileHandler' driver.
INFO - 2024-10-11 19:42:42 --> Session: Class initialized using 'CodeIgniter\Session\Handlers\FileHandler' driver.
INFO - 2024-10-11 19:42:46 --> Session: Class initialized using 'CodeIgniter\Session\Handlers\FileHandler' driver.
INFO - 2024-10-11 19:42:49 --> Session: Class initialized using 'CodeIgniter\Session\Handlers\FileHandler' driver.
INFO - 2024-10-11 19:43:39 --> Session: Class initialized using 'CodeIgniter\Session\Handlers\FileHandler' driver.
INFO - 2024-10-11 19:43:53 --> Session: Class initialized using 'CodeIgniter\Session\Handlers\FileHandler' driver.
INFO - 2024-10-11 19:44:08 --> Session: Class initialized using 'CodeIgniter\Session\Handlers\FileHandler' driver.
ERROR - 2024-10-11 20:02:12 --> mysqli_sql_exception: Unknown column 'questions.category' in 'field list' in C:\laragon\www\framework_ssii\system\Database\MySQLi\Connection.php:312
Stack trace:
#0 C:\laragon\www\framework_ssii\system\Database\MySQLi\Connection.php(312): mysqli->query('SELECT `audit`....', 0)
#1 C:\laragon\www\framework_ssii\system\Database\BaseConnection.php(734): CodeIgniter\Database\MySQLi\Connection->execute('SELECT `audit`....')
#2 C:\laragon\www\framework_ssii\system\Database\BaseConnection.php(648): CodeIgniter\Database\BaseConnection->simpleQuery('SELECT `audit`....')
#3 C:\laragon\www\framework_ssii\system\Database\BaseBuilder.php(1644): CodeIgniter\Database\BaseConnection->query('SELECT `audit`....', Array, false)
#4 C:\laragon\www\framework_ssii\system\Model.php(930): CodeIgniter\Database\BaseBuilder->get()
#5 C:\laragon\www\framework_ssii\app\Models\QuestionsModel.php(79): CodeIgniter\Model->__call('get', Array)
#6 C:\laragon\www\framework_ssii\app\Controllers\UserController.php(20): App\Models\QuestionsModel->auditForUser('24')
#7 C:\laragon\www\framework_ssii\system\CodeIgniter.php(933): App\Controllers\UserController->auditDetails('24')
#8 C:\laragon\www\framework_ssii\system\CodeIgniter.php(509): CodeIgniter\CodeIgniter->runController(Object(App\Controllers\UserController))
#9 C:\laragon\www\framework_ssii\system\CodeIgniter.php(355): CodeIgniter\CodeIgniter->handleRequest(NULL, Object(Config\Cache), false)
#10 C:\laragon\www\framework_ssii\system\Boot.php(325): CodeIgniter\CodeIgniter->run()
#11 C:\laragon\www\framework_ssii\system\Boot.php(67): CodeIgniter\Boot::runCodeIgniter(Object(CodeIgniter\CodeIgniter))
#12 C:\laragon\www\framework_ssii\index.php(56): CodeIgniter\Boot::bootWeb(Object(Config\Paths))
#13 {main}
CRITICAL - 2024-10-11 20:02:12 --> CodeIgniter\Database\Exceptions\DatabaseException: Unknown column 'questions.category' in 'field list'
[Method: GET, Route: user/auditDetails/24]
in SYSTEMPATH\Database\BaseConnection.php on line 688.
 1 SYSTEMPATH\Database\BaseBuilder.php(1644): CodeIgniter\Database\BaseConnection->query('SELECT `audit`.`audit_tittle`, `audit`.`auditor`, `shift`.`shift`, `machinery`.`machinery`, `departament`.`departament`, `category`.`category`, `questions`.`question`, `questions`.`create_at`, `questions`.`category`, `questions`.`fountain`, `fountain`.`fountain`, `audit`.`no_audit`, `audit`.`id_audit`, `audit`.`fk_user`, `audit`.`status`, `audit`.`id_audit`
FROM `questions`
JOIN `fountain` ON `fountain`.`id_fountain` = `questions`.`fk_fountain`
JOIN `category` ON `category`.`id_category` = `questions`.`fk_category`
JOIN `audit` ON `questions`.`fk_audit` = `audit`.`id_audit`
JOIN `users` ON `users`.`id_user` = `audit`.`fk_user`
JOIN `shift` ON `audit`.`fk_shift` = `shift`.`id_shift`
JOIN `machinery` ON `machinery`.`id_machinery` = `audit`.`fk_machinery`
JOIN `departament` ON `departament`.`id_departament` = `audit`.`fk_departament`
WHERE `audit`.`id_audit` = :audit.id_audit:
AND `audit`.`status` = :audit.status:', [...], false)
 2 SYSTEMPATH\Model.php(930): CodeIgniter\Database\BaseBuilder->get()
 3 APPPATH\Models\QuestionsModel.php(79): CodeIgniter\Model->__call('get', [])
 4 APPPATH\Controllers\UserController.php(20): App\Models\QuestionsModel->auditForUser('24')
 5 SYSTEMPATH\CodeIgniter.php(933): App\Controllers\UserController->auditDetails('24')
 6 SYSTEMPATH\CodeIgniter.php(509): CodeIgniter\CodeIgniter->runController(Object(App\Controllers\UserController))
 7 SYSTEMPATH\CodeIgniter.php(355): CodeIgniter\CodeIgniter->handleRequest(null, Object(Config\Cache), false)
 8 SYSTEMPATH\Boot.php(325): CodeIgniter\CodeIgniter->run()
 9 SYSTEMPATH\Boot.php(67): CodeIgniter\Boot::runCodeIgniter(Object(CodeIgniter\CodeIgniter))
10 FCPATH\index.php(56): CodeIgniter\Boot::bootWeb(Object(Config\Paths))
CRITICAL - 2024-10-11 20:02:12 --> [Caused by] CodeIgniter\Database\Exceptions\DatabaseException: Unknown column 'questions.category' in 'field list'
in SYSTEMPATH\Database\MySQLi\Connection.php on line 317.
 1 SYSTEMPATH\Database\BaseConnection.php(734): CodeIgniter\Database\MySQLi\Connection->execute('SELECT `audit`.`audit_tittle`, `audit`.`auditor`, `shift`.`shift`, `machinery`.`machinery`, `departament`.`departament`, `category`.`category`, `questions`.`question`, `questions`.`create_at`, `questions`.`category`, `questions`.`fountain`, `fountain`.`fountain`, `audit`.`no_audit`, `audit`.`id_audit`, `audit`.`fk_user`, `audit`.`status`, `audit`.`id_audit`
FROM `questions`
JOIN `fountain` ON `fountain`.`id_fountain` = `questions`.`fk_fountain`
JOIN `category` ON `category`.`id_category` = `questions`.`fk_category`
JOIN `audit` ON `questions`.`fk_audit` = `audit`.`id_audit`
JOIN `users` ON `users`.`id_user` = `audit`.`fk_user`
JOIN `shift` ON `audit`.`fk_shift` = `shift`.`id_shift`
JOIN `machinery` ON `machinery`.`id_machinery` = `audit`.`fk_machinery`
JOIN `departament` ON `departament`.`id_departament` = `audit`.`fk_departament`
WHERE `audit`.`id_audit` = \'24\'
AND `audit`.`status` = 1')
 2 SYSTEMPATH\Database\BaseConnection.php(648): CodeIgniter\Database\BaseConnection->simpleQuery('SELECT `audit`.`audit_tittle`, `audit`.`auditor`, `shift`.`shift`, `machinery`.`machinery`, `departament`.`departament`, `category`.`category`, `questions`.`question`, `questions`.`create_at`, `questions`.`category`, `questions`.`fountain`, `fountain`.`fountain`, `audit`.`no_audit`, `audit`.`id_audit`, `audit`.`fk_user`, `audit`.`status`, `audit`.`id_audit`
FROM `questions`
JOIN `fountain` ON `fountain`.`id_fountain` = `questions`.`fk_fountain`
JOIN `category` ON `category`.`id_category` = `questions`.`fk_category`
JOIN `audit` ON `questions`.`fk_audit` = `audit`.`id_audit`
JOIN `users` ON `users`.`id_user` = `audit`.`fk_user`
JOIN `shift` ON `audit`.`fk_shift` = `shift`.`id_shift`
JOIN `machinery` ON `machinery`.`id_machinery` = `audit`.`fk_machinery`
JOIN `departament` ON `departament`.`id_departament` = `audit`.`fk_departament`
WHERE `audit`.`id_audit` = \'24\'
AND `audit`.`status` = 1')
 3 SYSTEMPATH\Database\BaseBuilder.php(1644): CodeIgniter\Database\BaseConnection->query('SELECT `audit`.`audit_tittle`, `audit`.`auditor`, `shift`.`shift`, `machinery`.`machinery`, `departament`.`departament`, `category`.`category`, `questions`.`question`, `questions`.`create_at`, `questions`.`category`, `questions`.`fountain`, `fountain`.`fountain`, `audit`.`no_audit`, `audit`.`id_audit`, `audit`.`fk_user`, `audit`.`status`, `audit`.`id_audit`
FROM `questions`
JOIN `fountain` ON `fountain`.`id_fountain` = `questions`.`fk_fountain`
JOIN `category` ON `category`.`id_category` = `questions`.`fk_category`
JOIN `audit` ON `questions`.`fk_audit` = `audit`.`id_audit`
JOIN `users` ON `users`.`id_user` = `audit`.`fk_user`
JOIN `shift` ON `audit`.`fk_shift` = `shift`.`id_shift`
JOIN `machinery` ON `machinery`.`id_machinery` = `audit`.`fk_machinery`
JOIN `departament` ON `departament`.`id_departament` = `audit`.`fk_departament`
WHERE `audit`.`id_audit` = :audit.id_audit:
AND `audit`.`status` = :audit.status:', [...], false)
 4 SYSTEMPATH\Model.php(930): CodeIgniter\Database\BaseBuilder->get()
 5 APPPATH\Models\QuestionsModel.php(79): CodeIgniter\Model->__call('get', [])
 6 APPPATH\Controllers\UserController.php(20): App\Models\QuestionsModel->auditForUser('24')
 7 SYSTEMPATH\CodeIgniter.php(933): App\Controllers\UserController->auditDetails('24')
 8 SYSTEMPATH\CodeIgniter.php(509): CodeIgniter\CodeIgniter->runController(Object(App\Controllers\UserController))
 9 SYSTEMPATH\CodeIgniter.php(355): CodeIgniter\CodeIgniter->handleRequest(null, Object(Config\Cache), false)
10 SYSTEMPATH\Boot.php(325): CodeIgniter\CodeIgniter->run()
11 SYSTEMPATH\Boot.php(67): CodeIgniter\Boot::runCodeIgniter(Object(CodeIgniter\CodeIgniter))
12 FCPATH\index.php(56): CodeIgniter\Boot::bootWeb(Object(Config\Paths))
CRITICAL - 2024-10-11 20:02:12 --> [Caused by] mysqli_sql_exception: Unknown column 'questions.category' in 'field list'
in SYSTEMPATH\Database\MySQLi\Connection.php on line 312.
 1 SYSTEMPATH\Database\MySQLi\Connection.php(312): mysqli->query('SELECT `audit`.`audit_tittle`, `audit`.`auditor`, `shift`.`shift`, `machinery`.`machinery`, `departament`.`departament`, `category`.`category`, `questions`.`question`, `questions`.`create_at`, `questions`.`category`, `questions`.`fountain`, `fountain`.`fountain`, `audit`.`no_audit`, `audit`.`id_audit`, `audit`.`fk_user`, `audit`.`status`, `audit`.`id_audit`
FROM `questions`
JOIN `fountain` ON `fountain`.`id_fountain` = `questions`.`fk_fountain`
JOIN `category` ON `category`.`id_category` = `questions`.`fk_category`
JOIN `audit` ON `questions`.`fk_audit` = `audit`.`id_audit`
JOIN `users` ON `users`.`id_user` = `audit`.`fk_user`
JOIN `shift` ON `audit`.`fk_shift` = `shift`.`id_shift`
JOIN `machinery` ON `machinery`.`id_machinery` = `audit`.`fk_machinery`
JOIN `departament` ON `departament`.`id_departament` = `audit`.`fk_departament`
WHERE `audit`.`id_audit` = \'24\'
AND `audit`.`status` = 1', 0)
 2 SYSTEMPATH\Database\BaseConnection.php(734): CodeIgniter\Database\MySQLi\Connection->execute('SELECT `audit`.`audit_tittle`, `audit`.`auditor`, `shift`.`shift`, `machinery`.`machinery`, `departament`.`departament`, `category`.`category`, `questions`.`question`, `questions`.`create_at`, `questions`.`category`, `questions`.`fountain`, `fountain`.`fountain`, `audit`.`no_audit`, `audit`.`id_audit`, `audit`.`fk_user`, `audit`.`status`, `audit`.`id_audit`
FROM `questions`
JOIN `fountain` ON `fountain`.`id_fountain` = `questions`.`fk_fountain`
JOIN `category` ON `category`.`id_category` = `questions`.`fk_category`
JOIN `audit` ON `questions`.`fk_audit` = `audit`.`id_audit`
JOIN `users` ON `users`.`id_user` = `audit`.`fk_user`
JOIN `shift` ON `audit`.`fk_shift` = `shift`.`id_shift`
JOIN `machinery` ON `machinery`.`id_machinery` = `audit`.`fk_machinery`
JOIN `departament` ON `departament`.`id_departament` = `audit`.`fk_departament`
WHERE `audit`.`id_audit` = \'24\'
AND `audit`.`status` = 1')
 3 SYSTEMPATH\Database\BaseConnection.php(648): CodeIgniter\Database\BaseConnection->simpleQuery('SELECT `audit`.`audit_tittle`, `audit`.`auditor`, `shift`.`shift`, `machinery`.`machinery`, `departament`.`departament`, `category`.`category`, `questions`.`question`, `questions`.`create_at`, `questions`.`category`, `questions`.`fountain`, `fountain`.`fountain`, `audit`.`no_audit`, `audit`.`id_audit`, `audit`.`fk_user`, `audit`.`status`, `audit`.`id_audit`
FROM `questions`
JOIN `fountain` ON `fountain`.`id_fountain` = `questions`.`fk_fountain`
JOIN `category` ON `category`.`id_category` = `questions`.`fk_category`
JOIN `audit` ON `questions`.`fk_audit` = `audit`.`id_audit`
JOIN `users` ON `users`.`id_user` = `audit`.`fk_user`
JOIN `shift` ON `audit`.`fk_shift` = `shift`.`id_shift`
JOIN `machinery` ON `machinery`.`id_machinery` = `audit`.`fk_machinery`
JOIN `departament` ON `departament`.`id_departament` = `audit`.`fk_departament`
WHERE `audit`.`id_audit` = \'24\'
AND `audit`.`status` = 1')
 4 SYSTEMPATH\Database\BaseBuilder.php(1644): CodeIgniter\Database\BaseConnection->query('SELECT `audit`.`audit_tittle`, `audit`.`auditor`, `shift`.`shift`, `machinery`.`machinery`, `departament`.`departament`, `category`.`category`, `questions`.`question`, `questions`.`create_at`, `questions`.`category`, `questions`.`fountain`, `fountain`.`fountain`, `audit`.`no_audit`, `audit`.`id_audit`, `audit`.`fk_user`, `audit`.`status`, `audit`.`id_audit`
FROM `questions`
JOIN `fountain` ON `fountain`.`id_fountain` = `questions`.`fk_fountain`
JOIN `category` ON `category`.`id_category` = `questions`.`fk_category`
JOIN `audit` ON `questions`.`fk_audit` = `audit`.`id_audit`
JOIN `users` ON `users`.`id_user` = `audit`.`fk_user`
JOIN `shift` ON `audit`.`fk_shift` = `shift`.`id_shift`
JOIN `machinery` ON `machinery`.`id_machinery` = `audit`.`fk_machinery`
JOIN `departament` ON `departament`.`id_departament` = `audit`.`fk_departament`
WHERE `audit`.`id_audit` = :audit.id_audit:
AND `audit`.`status` = :audit.status:', [...], false)
 5 SYSTEMPATH\Model.php(930): CodeIgniter\Database\BaseBuilder->get()
 6 APPPATH\Models\QuestionsModel.php(79): CodeIgniter\Model->__call('get', [])
 7 APPPATH\Controllers\UserController.php(20): App\Models\QuestionsModel->auditForUser('24')
 8 SYSTEMPATH\CodeIgniter.php(933): App\Controllers\UserController->auditDetails('24')
 9 SYSTEMPATH\CodeIgniter.php(509): CodeIgniter\CodeIgniter->runController(Object(App\Controllers\UserController))
10 SYSTEMPATH\CodeIgniter.php(355): CodeIgniter\CodeIgniter->handleRequest(null, Object(Config\Cache), false)
11 SYSTEMPATH\Boot.php(325): CodeIgniter\CodeIgniter->run()
12 SYSTEMPATH\Boot.php(67): CodeIgniter\Boot::runCodeIgniter(Object(CodeIgniter\CodeIgniter))
13 FCPATH\index.php(56): CodeIgniter\Boot::bootWeb(Object(Config\Paths))
INFO - 2024-10-11 20:04:41 --> Session: Class initialized using 'CodeIgniter\Session\Handlers\FileHandler' driver.
INFO - 2024-10-11 20:14:41 --> Session: Class initialized using 'CodeIgniter\Session\Handlers\FileHandler' driver.
INFO - 2024-10-11 20:16:03 --> Session: Class initialized using 'CodeIgniter\Session\Handlers\FileHandler' driver.
ERROR - 2024-10-11 20:19:08 --> mysqli_sql_exception: Column 'auditor' cannot be null in C:\laragon\www\framework_ssii\system\Database\MySQLi\Connection.php:312
Stack trace:
#0 C:\laragon\www\framework_ssii\system\Database\MySQLi\Connection.php(312): mysqli->query('INSERT INTO `au...', 0)
#1 C:\laragon\www\framework_ssii\system\Database\BaseConnection.php(734): CodeIgniter\Database\MySQLi\Connection->execute('INSERT INTO `au...')
#2 C:\laragon\www\framework_ssii\system\Database\BaseConnection.php(648): CodeIgniter\Database\BaseConnection->simpleQuery('INSERT INTO `au...')
#3 C:\laragon\www\framework_ssii\system\Database\BaseBuilder.php(2340): CodeIgniter\Database\BaseConnection->query('INSERT INTO `au...', Array, false)
#4 C:\laragon\www\framework_ssii\system\Model.php(394): CodeIgniter\Database\BaseBuilder->insert()
#5 C:\laragon\www\framework_ssii\system\BaseModel.php(840): CodeIgniter\Model->doInsert(Array)
#6 C:\laragon\www\framework_ssii\system\Model.php(802): CodeIgniter\BaseModel->insert(Array, true)
#7 C:\laragon\www\framework_ssii\app\Models\AuditModel.php(31): CodeIgniter\Model->insert(Array)
#8 C:\laragon\www\framework_ssii\app\Controllers\AccionsController.php(211): App\Models\AuditModel->insertAudit(Array)
#9 C:\laragon\www\framework_ssii\system\CodeIgniter.php(933): App\Controllers\AccionsController->insertAudit()
#10 C:\laragon\www\framework_ssii\system\CodeIgniter.php(509): CodeIgniter\CodeIgniter->runController(Object(App\Controllers\AccionsController))
#11 C:\laragon\www\framework_ssii\system\CodeIgniter.php(355): CodeIgniter\CodeIgniter->handleRequest(NULL, Object(Config\Cache), false)
#12 C:\laragon\www\framework_ssii\system\Boot.php(325): CodeIgniter\CodeIgniter->run()
#13 C:\laragon\www\framework_ssii\system\Boot.php(67): CodeIgniter\Boot::runCodeIgniter(Object(CodeIgniter\CodeIgniter))
#14 C:\laragon\www\framework_ssii\index.php(56): CodeIgniter\Boot::bootWeb(Object(Config\Paths))
#15 {main}
CRITICAL - 2024-10-11 20:19:08 --> CodeIgniter\Database\Exceptions\DatabaseException: Column 'auditor' cannot be null
[Method: POST, Route: accions/insertAudit]
in SYSTEMPATH\Database\BaseConnection.php on line 688.
 1 SYSTEMPATH\Database\BaseBuilder.php(2340): CodeIgniter\Database\BaseConnection->query('INSERT INTO `audit` (`fk_machinery`, `fk_shift`, `fk_departament`, `auditor`, `date`, `fk_user`, `create_at`, `update_at`) VALUES (:fk_machinery:, :fk_shift:, :fk_departament:, :auditor:, :date:, :fk_user:, :create_at:, :update_at:)', [...], false)
 2 SYSTEMPATH\Model.php(394): CodeIgniter\Database\BaseBuilder->insert()
 3 SYSTEMPATH\BaseModel.php(840): CodeIgniter\Model->doInsert([...])
 4 SYSTEMPATH\Model.php(802): CodeIgniter\BaseModel->insert([...], true)
 5 APPPATH\Models\AuditModel.php(31): CodeIgniter\Model->insert([...])
 6 APPPATH\Controllers\AccionsController.php(211): App\Models\AuditModel->insertAudit([...])
 7 SYSTEMPATH\CodeIgniter.php(933): App\Controllers\AccionsController->insertAudit()
 8 SYSTEMPATH\CodeIgniter.php(509): CodeIgniter\CodeIgniter->runController(Object(App\Controllers\AccionsController))
 9 SYSTEMPATH\CodeIgniter.php(355): CodeIgniter\CodeIgniter->handleRequest(null, Object(Config\Cache), false)
10 SYSTEMPATH\Boot.php(325): CodeIgniter\CodeIgniter->run()
11 SYSTEMPATH\Boot.php(67): CodeIgniter\Boot::runCodeIgniter(Object(CodeIgniter\CodeIgniter))
12 FCPATH\index.php(56): CodeIgniter\Boot::bootWeb(Object(Config\Paths))
CRITICAL - 2024-10-11 20:19:08 --> [Caused by] CodeIgniter\Database\Exceptions\DatabaseException: Column 'auditor' cannot be null
in SYSTEMPATH\Database\MySQLi\Connection.php on line 317.
 1 SYSTEMPATH\Database\BaseConnection.php(734): CodeIgniter\Database\MySQLi\Connection->execute('INSERT INTO `audit` (`fk_machinery`, `fk_shift`, `fk_departament`, `auditor`, `date`, `fk_user`, `create_at`, `update_at`) VALUES (\'Open this select menu\', \'Open this select menu\', \'Open this select menu\', NULL, \'2024-10-11\', \'Open this select menu\', \'2024-10-11 20:19:08\', \'2024-10-11 20:19:08\')')
 2 SYSTEMPATH\Database\BaseConnection.php(648): CodeIgniter\Database\BaseConnection->simpleQuery('INSERT INTO `audit` (`fk_machinery`, `fk_shift`, `fk_departament`, `auditor`, `date`, `fk_user`, `create_at`, `update_at`) VALUES (\'Open this select menu\', \'Open this select menu\', \'Open this select menu\', NULL, \'2024-10-11\', \'Open this select menu\', \'2024-10-11 20:19:08\', \'2024-10-11 20:19:08\')')
 3 SYSTEMPATH\Database\BaseBuilder.php(2340): CodeIgniter\Database\BaseConnection->query('INSERT INTO `audit` (`fk_machinery`, `fk_shift`, `fk_departament`, `auditor`, `date`, `fk_user`, `create_at`, `update_at`) VALUES (:fk_machinery:, :fk_shift:, :fk_departament:, :auditor:, :date:, :fk_user:, :create_at:, :update_at:)', [...], false)
 4 SYSTEMPATH\Model.php(394): CodeIgniter\Database\BaseBuilder->insert()
 5 SYSTEMPATH\BaseModel.php(840): CodeIgniter\Model->doInsert([...])
 6 SYSTEMPATH\Model.php(802): CodeIgniter\BaseModel->insert([...], true)
 7 APPPATH\Models\AuditModel.php(31): CodeIgniter\Model->insert([...])
 8 APPPATH\Controllers\AccionsController.php(211): App\Models\AuditModel->insertAudit([...])
 9 SYSTEMPATH\CodeIgniter.php(933): App\Controllers\AccionsController->insertAudit()
10 SYSTEMPATH\CodeIgniter.php(509): CodeIgniter\CodeIgniter->runController(Object(App\Controllers\AccionsController))
11 SYSTEMPATH\CodeIgniter.php(355): CodeIgniter\CodeIgniter->handleRequest(null, Object(Config\Cache), false)
12 SYSTEMPATH\Boot.php(325): CodeIgniter\CodeIgniter->run()
13 SYSTEMPATH\Boot.php(67): CodeIgniter\Boot::runCodeIgniter(Object(CodeIgniter\CodeIgniter))
14 FCPATH\index.php(56): CodeIgniter\Boot::bootWeb(Object(Config\Paths))
CRITICAL - 2024-10-11 20:19:08 --> [Caused by] mysqli_sql_exception: Column 'auditor' cannot be null
in SYSTEMPATH\Database\MySQLi\Connection.php on line 312.
 1 SYSTEMPATH\Database\MySQLi\Connection.php(312): mysqli->query('INSERT INTO `audit` (`fk_machinery`, `fk_shift`, `fk_departament`, `auditor`, `date`, `fk_user`, `create_at`, `update_at`) VALUES (\'Open this select menu\', \'Open this select menu\', \'Open this select menu\', NULL, \'2024-10-11\', \'Open this select menu\', \'2024-10-11 20:19:08\', \'2024-10-11 20:19:08\')', 0)
 2 SYSTEMPATH\Database\BaseConnection.php(734): CodeIgniter\Database\MySQLi\Connection->execute('INSERT INTO `audit` (`fk_machinery`, `fk_shift`, `fk_departament`, `auditor`, `date`, `fk_user`, `create_at`, `update_at`) VALUES (\'Open this select menu\', \'Open this select menu\', \'Open this select menu\', NULL, \'2024-10-11\', \'Open this select menu\', \'2024-10-11 20:19:08\', \'2024-10-11 20:19:08\')')
 3 SYSTEMPATH\Database\BaseConnection.php(648): CodeIgniter\Database\BaseConnection->simpleQuery('INSERT INTO `audit` (`fk_machinery`, `fk_shift`, `fk_departament`, `auditor`, `date`, `fk_user`, `create_at`, `update_at`) VALUES (\'Open this select menu\', \'Open this select menu\', \'Open this select menu\', NULL, \'2024-10-11\', \'Open this select menu\', \'2024-10-11 20:19:08\', \'2024-10-11 20:19:08\')')
 4 SYSTEMPATH\Database\BaseBuilder.php(2340): CodeIgniter\Database\BaseConnection->query('INSERT INTO `audit` (`fk_machinery`, `fk_shift`, `fk_departament`, `auditor`, `date`, `fk_user`, `create_at`, `update_at`) VALUES (:fk_machinery:, :fk_shift:, :fk_departament:, :auditor:, :date:, :fk_user:, :create_at:, :update_at:)', [...], false)
 5 SYSTEMPATH\Model.php(394): CodeIgniter\Database\BaseBuilder->insert()
 6 SYSTEMPATH\BaseModel.php(840): CodeIgniter\Model->doInsert([...])
 7 SYSTEMPATH\Model.php(802): CodeIgniter\BaseModel->insert([...], true)
 8 APPPATH\Models\AuditModel.php(31): CodeIgniter\Model->insert([...])
 9 APPPATH\Controllers\AccionsController.php(211): App\Models\AuditModel->insertAudit([...])
10 SYSTEMPATH\CodeIgniter.php(933): App\Controllers\AccionsController->insertAudit()
11 SYSTEMPATH\CodeIgniter.php(509): CodeIgniter\CodeIgniter->runController(Object(App\Controllers\AccionsController))
12 SYSTEMPATH\CodeIgniter.php(355): CodeIgniter\CodeIgniter->handleRequest(null, Object(Config\Cache), false)
13 SYSTEMPATH\Boot.php(325): CodeIgniter\CodeIgniter->run()
14 SYSTEMPATH\Boot.php(67): CodeIgniter\Boot::runCodeIgniter(Object(CodeIgniter\CodeIgniter))
15 FCPATH\index.php(56): CodeIgniter\Boot::bootWeb(Object(Config\Paths))
INFO - 2024-10-11 20:19:43 --> Session: Class initialized using 'CodeIgniter\Session\Handlers\FileHandler' driver.
